[3.908s] Invoking command in '/home/pi/ros_embedded/src/web_server': PYTHONPATH=/home/pi/ros_embedded/build/web_server/prefix_override:/home/pi/ros_embedded/install/web_server/lib/python3.10/site-packages:${PYTHONPATH} /usr/bin/python3 setup.py egg_info --egg-base ../../build/web_server build --build-base /home/pi/ros_embedded/build/web_server/build install --record /home/pi/ros_embedded/build/web_server/install.log --single-version-externally-managed
[5.040s] running egg_info
[5.044s] writing ../../build/web_server/web_server.egg-info/PKG-INFO
[5.046s] writing dependency_links to ../../build/web_server/web_server.egg-info/dependency_links.txt
[5.048s] writing entry points to ../../build/web_server/web_server.egg-info/entry_points.txt
[5.049s] writing requirements to ../../build/web_server/web_server.egg-info/requires.txt
[5.050s] writing top-level names to ../../build/web_server/web_server.egg-info/top_level.txt
[5.057s] reading manifest file '../../build/web_server/web_server.egg-info/SOURCES.txt'
[5.061s] writing manifest file '../../build/web_server/web_server.egg-info/SOURCES.txt'
[5.062s] running build
[5.062s] running build_py
[5.063s] running install
[5.064s] /usr/lib/python3/dist-packages/setuptools/command/install.py:34: SetuptoolsDeprecationWarning: setup.py install is deprecated. Use build and pip and other standards-based tools.
[5.065s]   warnings.warn(
[5.066s] running install_lib
[5.072s] running install_data
[5.075s] running install_egg_info
[5.082s] removing '/home/pi/ros_embedded/install/web_server/lib/python3.10/site-packages/web_server-0.0.0-py3.10.egg-info' (and everything under it)
[5.084s] Copying ../../build/web_server/web_server.egg-info to /home/pi/ros_embedded/install/web_server/lib/python3.10/site-packages/web_server-0.0.0-py3.10.egg-info
[5.091s] running install_scripts
[5.186s] Installing web_server script to /home/pi/ros_embedded/install/web_server/lib/web_server
[5.189s] writing list of installed files to '/home/pi/ros_embedded/build/web_server/install.log'
[5.406s] Invoked command in '/home/pi/ros_embedded/src/web_server' returned '0': PYTHONPATH=/home/pi/ros_embedded/build/web_server/prefix_override:/home/pi/ros_embedded/install/web_server/lib/python3.10/site-packages:${PYTHONPATH} /usr/bin/python3 setup.py egg_info --egg-base ../../build/web_server build --build-base /home/pi/ros_embedded/build/web_server/build install --record /home/pi/ros_embedded/build/web_server/install.log --single-version-externally-managed
