[5.460s] Invoking command in '/home/pi/ros_embedded/src/serial_rw': PYTHONPATH=/home/pi/ros_embedded/build/serial_rw/prefix_override:/home/pi/ros_embedded/install/serial_rw/lib/python3.10/site-packages:${PYTHONPATH} /usr/bin/python3 setup.py egg_info --egg-base ../../build/serial_rw build --build-base /home/pi/ros_embedded/build/serial_rw/build install --record /home/pi/ros_embedded/build/serial_rw/install.log --single-version-externally-managed
[6.778s] running egg_info
[6.782s] writing ../../build/serial_rw/serial_rw.egg-info/PKG-INFO
[6.784s] writing dependency_links to ../../build/serial_rw/serial_rw.egg-info/dependency_links.txt
[6.785s] writing entry points to ../../build/serial_rw/serial_rw.egg-info/entry_points.txt
[6.786s] writing requirements to ../../build/serial_rw/serial_rw.egg-info/requires.txt
[6.787s] writing top-level names to ../../build/serial_rw/serial_rw.egg-info/top_level.txt
[6.797s] reading manifest file '../../build/serial_rw/serial_rw.egg-info/SOURCES.txt'
[6.802s] writing manifest file '../../build/serial_rw/serial_rw.egg-info/SOURCES.txt'
[6.803s] running build
[6.803s] running build_py
[6.806s] running install
[6.808s] /usr/lib/python3/dist-packages/setuptools/command/install.py:34: SetuptoolsDeprecationWarning: setup.py install is deprecated. Use build and pip and other standards-based tools.
[6.808s]   warnings.warn(
[6.810s] running install_lib
[6.814s] running install_data
[6.816s] running install_egg_info
[6.828s] removing '/home/pi/ros_embedded/install/serial_rw/lib/python3.10/site-packages/serial_rw-0.0.0-py3.10.egg-info' (and everything under it)
[6.831s] Copying ../../build/serial_rw/serial_rw.egg-info to /home/pi/ros_embedded/install/serial_rw/lib/python3.10/site-packages/serial_rw-0.0.0-py3.10.egg-info
[6.835s] running install_scripts
[6.939s] Installing rw script to /home/pi/ros_embedded/install/serial_rw/lib/serial_rw
[6.940s] writing list of installed files to '/home/pi/ros_embedded/build/serial_rw/install.log'
[7.186s] Invoked command in '/home/pi/ros_embedded/src/serial_rw' returned '0': PYTHONPATH=/home/pi/ros_embedded/build/serial_rw/prefix_override:/home/pi/ros_embedded/install/serial_rw/lib/python3.10/site-packages:${PYTHONPATH} /usr/bin/python3 setup.py egg_info --egg-base ../../build/serial_rw build --build-base /home/pi/ros_embedded/build/serial_rw/build install --record /home/pi/ros_embedded/build/serial_rw/install.log --single-version-externally-managed
