[5.561s] Invoking command in '/home/pi/ros_embedded/src/database': PYTHONPATH=/home/pi/ros_embedded/build/database/prefix_override:/home/pi/ros_embedded/install/database/lib/python3.10/site-packages:${PYTHONPATH} /usr/bin/python3 setup.py egg_info --egg-base ../../build/database build --build-base /home/pi/ros_embedded/build/database/build install --record /home/pi/ros_embedded/build/database/install.log --single-version-externally-managed
[7.004s] running egg_info
[7.008s] writing ../../build/database/database.egg-info/PKG-INFO
[7.009s] writing dependency_links to ../../build/database/database.egg-info/dependency_links.txt
[7.011s] writing entry points to ../../build/database/database.egg-info/entry_points.txt
[7.012s] writing requirements to ../../build/database/database.egg-info/requires.txt
[7.013s] writing top-level names to ../../build/database/database.egg-info/top_level.txt
[7.021s] reading manifest file '../../build/database/database.egg-info/SOURCES.txt'
[7.026s] writing manifest file '../../build/database/database.egg-info/SOURCES.txt'
[7.027s] running build
[7.028s] running build_py
[7.030s] copying database/database_updater.py -> /home/pi/ros_embedded/build/database/build/lib/database
[7.031s] running install
[7.032s] /usr/lib/python3/dist-packages/setuptools/command/install.py:34: SetuptoolsDeprecationWarning: setup.py install is deprecated. Use build and pip and other standards-based tools.
[7.032s]   warnings.warn(
[7.033s] running install_lib
[7.036s] copying /home/pi/ros_embedded/build/database/build/lib/database/database_updater.py -> /home/pi/ros_embedded/install/database/lib/python3.10/site-packages/database
[7.040s] byte-compiling /home/pi/ros_embedded/install/database/lib/python3.10/site-packages/database/database_updater.py to database_updater.cpython-310.pyc
[7.043s] running install_data
[7.046s] running install_egg_info
[7.054s] removing '/home/pi/ros_embedded/install/database/lib/python3.10/site-packages/database-0.0.0-py3.10.egg-info' (and everything under it)
[7.056s] Copying ../../build/database/database.egg-info to /home/pi/ros_embedded/install/database/lib/python3.10/site-packages/database-0.0.0-py3.10.egg-info
[7.064s] running install_scripts
[7.172s] Installing database_updater script to /home/pi/ros_embedded/install/database/lib/database
[7.176s] writing list of installed files to '/home/pi/ros_embedded/build/database/install.log'
[7.531s] Invoked command in '/home/pi/ros_embedded/src/database' returned '0': PYTHONPATH=/home/pi/ros_embedded/build/database/prefix_override:/home/pi/ros_embedded/install/database/lib/python3.10/site-packages:${PYTHONPATH} /usr/bin/python3 setup.py egg_info --egg-base ../../build/database build --build-base /home/pi/ros_embedded/build/database/build install --record /home/pi/ros_embedded/build/database/install.log --single-version-externally-managed
