[7.017s] Invoking command in '/home/pi/ros_embedded/src/database': PYTHONPATH=/home/pi/ros_embedded/build/database/prefix_override:/home/pi/ros_embedded/install/database/lib/python3.10/site-packages:${PYTHONPATH} /usr/bin/python3 setup.py egg_info --egg-base ../../build/database build --build-base /home/pi/ros_embedded/build/database/build install --record /home/pi/ros_embedded/build/database/install.log --single-version-externally-managed
[8.586s] running egg_info
[8.590s] writing ../../build/database/database.egg-info/PKG-INFO
[8.592s] writing dependency_links to ../../build/database/database.egg-info/dependency_links.txt
[8.593s] writing entry points to ../../build/database/database.egg-info/entry_points.txt
[8.594s] writing requirements to ../../build/database/database.egg-info/requires.txt
[8.595s] writing top-level names to ../../build/database/database.egg-info/top_level.txt
[8.607s] reading manifest file '../../build/database/database.egg-info/SOURCES.txt'
[8.612s] writing manifest file '../../build/database/database.egg-info/SOURCES.txt'
[8.612s] running build
[8.613s] running build_py
[8.615s] running install
[8.615s] /usr/lib/python3/dist-packages/setuptools/command/install.py:34: SetuptoolsDeprecationWarning: setup.py install is deprecated. Use build and pip and other standards-based tools.
[8.616s]   warnings.warn(
[8.617s] running install_lib
[8.623s] running install_data
[8.627s] running install_egg_info
[8.638s] removing '/home/pi/ros_embedded/install/database/lib/python3.10/site-packages/database-0.0.0-py3.10.egg-info' (and everything under it)
[8.638s] Copying ../../build/database/database.egg-info to /home/pi/ros_embedded/install/database/lib/python3.10/site-packages/database-0.0.0-py3.10.egg-info
[8.646s] running install_scripts
[8.762s] Installing database_updater script to /home/pi/ros_embedded/install/database/lib/database
[8.764s] writing list of installed files to '/home/pi/ros_embedded/build/database/install.log'
[9.033s] Invoked command in '/home/pi/ros_embedded/src/database' returned '0': PYTHONPATH=/home/pi/ros_embedded/build/database/prefix_override:/home/pi/ros_embedded/install/database/lib/python3.10/site-packages:${PYTHONPATH} /usr/bin/python3 setup.py egg_info --egg-base ../../build/database build --build-base /home/pi/ros_embedded/build/database/build install --record /home/pi/ros_embedded/build/database/install.log --single-version-externally-managed
