running egg_info
writing ../../build/web_server/web_server.egg-info/PKG-INFO
writing dependency_links to ../../build/web_server/web_server.egg-info/dependency_links.txt
writing entry points to ../../build/web_server/web_server.egg-info/entry_points.txt
writing requirements to ../../build/web_server/web_server.egg-info/requires.txt
writing top-level names to ../../build/web_server/web_server.egg-info/top_level.txt
reading manifest file '../../build/web_server/web_server.egg-info/SOURCES.txt'
writing manifest file '../../build/web_server/web_server.egg-info/SOURCES.txt'
running build
running build_py
running install
/usr/lib/python3/dist-packages/setuptools/command/install.py:34: SetuptoolsDeprecationWarning: setup.py install is deprecated. Use build and pip and other standards-based tools.
  warnings.warn(
running install_lib
running install_data
copying resource/web_server -> /home/pi/ros_embedded/install/web_server/share/ament_index/resource_index/packages
copying package.xml -> /home/pi/ros_embedded/install/web_server/share/web_server
running install_egg_info
Copying ../../build/web_server/web_server.egg-info to /home/pi/ros_embedded/install/web_server/lib/python3.10/site-packages/web_server-0.0.0-py3.10.egg-info
running install_scripts
Installing web script to /home/pi/ros_embedded/install/web_server/bin
writing list of installed files to '/home/pi/ros_embedded/build/web_server/install.log'
