[3.838s] Invoking command in '/home/pi/ros_embedded/src/web_server': PYTHONPATH=/home/pi/ros_embedded/build/web_server/prefix_override:/home/pi/ros_embedded/install/web_server/lib/python3.10/site-packages:${PYTHONPATH} /usr/bin/python3 setup.py egg_info --egg-base ../../build/web_server build --build-base /home/pi/ros_embedded/build/web_server/build install --record /home/pi/ros_embedded/build/web_server/install.log --single-version-externally-managed
[4.970s] running egg_info
[4.973s] writing ../../build/web_server/web_server.egg-info/PKG-INFO
[4.974s] writing dependency_links to ../../build/web_server/web_server.egg-info/dependency_links.txt
[4.975s] writing entry points to ../../build/web_server/web_server.egg-info/entry_points.txt
[4.977s] writing requirements to ../../build/web_server/web_server.egg-info/requires.txt
[4.977s] writing top-level names to ../../build/web_server/web_server.egg-info/top_level.txt
[4.986s] reading manifest file '../../build/web_server/web_server.egg-info/SOURCES.txt'
[4.989s] writing manifest file '../../build/web_server/web_server.egg-info/SOURCES.txt'
[4.990s] running build
[4.991s] running build_py
[4.992s] running install
[4.993s] /usr/lib/python3/dist-packages/setuptools/command/install.py:34: SetuptoolsDeprecationWarning: setup.py install is deprecated. Use build and pip and other standards-based tools.
[4.993s]   warnings.warn(
[4.994s] running install_lib
[5.000s] running install_data
[5.002s] copying resource/web_server -> /home/pi/ros_embedded/install/web_server/share/ament_index/resource_index/packages
[5.003s] copying package.xml -> /home/pi/ros_embedded/install/web_server/share/web_server
[5.003s] running install_egg_info
[5.010s] Copying ../../build/web_server/web_server.egg-info to /home/pi/ros_embedded/install/web_server/lib/python3.10/site-packages/web_server-0.0.0-py3.10.egg-info
[5.017s] running install_scripts
[5.105s] Installing web script to /home/pi/ros_embedded/install/web_server/bin
[5.106s] writing list of installed files to '/home/pi/ros_embedded/build/web_server/install.log'
[5.273s] Invoked command in '/home/pi/ros_embedded/src/web_server' returned '0': PYTHONPATH=/home/pi/ros_embedded/build/web_server/prefix_override:/home/pi/ros_embedded/install/web_server/lib/python3.10/site-packages:${PYTHONPATH} /usr/bin/python3 setup.py egg_info --egg-base ../../build/web_server build --build-base /home/pi/ros_embedded/build/web_server/build install --record /home/pi/ros_embedded/build/web_server/install.log --single-version-externally-managed
