[5.728s] Invoking command in '/home/pi/ros_embedded/src/serial_rw': PYTHONPATH=/home/pi/ros_embedded/build/serial_rw/prefix_override:/home/pi/ros_embedded/install/serial_rw/lib/python3.10/site-packages:${PYTHONPATH} /usr/bin/python3 setup.py egg_info --egg-base ../../build/serial_rw build --build-base /home/pi/ros_embedded/build/serial_rw/build install --record /home/pi/ros_embedded/build/serial_rw/install.log --single-version-externally-managed
[7.084s] running egg_info
[7.089s] writing ../../build/serial_rw/serial_rw.egg-info/PKG-INFO
[7.092s] writing dependency_links to ../../build/serial_rw/serial_rw.egg-info/dependency_links.txt
[7.093s] writing entry points to ../../build/serial_rw/serial_rw.egg-info/entry_points.txt
[7.094s] writing requirements to ../../build/serial_rw/serial_rw.egg-info/requires.txt
[7.095s] writing top-level names to ../../build/serial_rw/serial_rw.egg-info/top_level.txt
[7.104s] reading manifest file '../../build/serial_rw/serial_rw.egg-info/SOURCES.txt'
[7.110s] writing manifest file '../../build/serial_rw/serial_rw.egg-info/SOURCES.txt'
[7.112s] running build
[7.112s] running build_py
[7.116s] running install
[7.116s] /usr/lib/python3/dist-packages/setuptools/command/install.py:34: SetuptoolsDeprecationWarning: setup.py install is deprecated. Use build and pip and other standards-based tools.
[7.117s]   warnings.warn(
[7.118s] running install_lib
[7.122s] running install_data
[7.128s] running install_egg_info
[7.134s] removing '/home/pi/ros_embedded/install/serial_rw/lib/python3.10/site-packages/serial_rw-0.0.0-py3.10.egg-info' (and everything under it)
[7.136s] Copying ../../build/serial_rw/serial_rw.egg-info to /home/pi/ros_embedded/install/serial_rw/lib/python3.10/site-packages/serial_rw-0.0.0-py3.10.egg-info
[7.144s] running install_scripts
[7.259s] Installing rw script to /home/pi/ros_embedded/install/serial_rw/lib/serial_rw
[7.265s] writing list of installed files to '/home/pi/ros_embedded/build/serial_rw/install.log'
[7.673s] Invoked command in '/home/pi/ros_embedded/src/serial_rw' returned '0': PYTHONPATH=/home/pi/ros_embedded/build/serial_rw/prefix_override:/home/pi/ros_embedded/install/serial_rw/lib/python3.10/site-packages:${PYTHONPATH} /usr/bin/python3 setup.py egg_info --egg-base ../../build/serial_rw build --build-base /home/pi/ros_embedded/build/serial_rw/build install --record /home/pi/ros_embedded/build/serial_rw/install.log --single-version-externally-managed
