[3.821s] Invoking command in '/home/pi/ros_embedded/src/web_server': PYTHONPATH=/home/pi/ros_embedded/build/web_server/prefix_override:/home/pi/ros_embedded/install/web_server/lib/python3.10/site-packages:${PYTHONPATH} /usr/bin/python3 setup.py egg_info --egg-base ../../build/web_server build --build-base /home/pi/ros_embedded/build/web_server/build install --record /home/pi/ros_embedded/build/web_server/install.log --single-version-externally-managed
[4.963s] running egg_info
[4.967s] writing ../../build/web_server/web_server.egg-info/PKG-INFO
[4.968s] writing dependency_links to ../../build/web_server/web_server.egg-info/dependency_links.txt
[4.969s] writing entry points to ../../build/web_server/web_server.egg-info/entry_points.txt
[4.971s] writing requirements to ../../build/web_server/web_server.egg-info/requires.txt
[4.971s] writing top-level names to ../../build/web_server/web_server.egg-info/top_level.txt
[4.980s] reading manifest file '../../build/web_server/web_server.egg-info/SOURCES.txt'
[4.984s] writing manifest file '../../build/web_server/web_server.egg-info/SOURCES.txt'
[4.985s] running build
[4.985s] running build_py
[4.988s] running install
[4.988s] /usr/lib/python3/dist-packages/setuptools/command/install.py:34: SetuptoolsDeprecationWarning: setup.py install is deprecated. Use build and pip and other standards-based tools.
[4.989s]   warnings.warn(
[4.990s] running install_lib
[4.994s] running install_data
[4.997s] running install_egg_info
[5.004s] removing '/home/pi/ros_embedded/install/web_server/lib/python3.10/site-packages/web_server-0.0.0-py3.10.egg-info' (and everything under it)
[5.006s] Copying ../../build/web_server/web_server.egg-info to /home/pi/ros_embedded/install/web_server/lib/python3.10/site-packages/web_server-0.0.0-py3.10.egg-info
[5.011s] running install_scripts
[5.098s] Installing web_server script to /home/pi/ros_embedded/install/web_server/lib/web_server
[5.100s] writing list of installed files to '/home/pi/ros_embedded/build/web_server/install.log'
[5.336s] Invoked command in '/home/pi/ros_embedded/src/web_server' returned '0': PYTHONPATH=/home/pi/ros_embedded/build/web_server/prefix_override:/home/pi/ros_embedded/install/web_server/lib/python3.10/site-packages:${PYTHONPATH} /usr/bin/python3 setup.py egg_info --egg-base ../../build/web_server build --build-base /home/pi/ros_embedded/build/web_server/build install --record /home/pi/ros_embedded/build/web_server/install.log --single-version-externally-managed
