[3.902s] Invoking command in '/home/pi/ros_embedded/src/web_server': PYTHONPATH=/home/pi/ros_embedded/build/web_server/prefix_override:/home/pi/ros_embedded/install/web_server/lib/python3.10/site-packages:${PYTHONPATH} /usr/bin/python3 setup.py egg_info --egg-base ../../build/web_server build --build-base /home/pi/ros_embedded/build/web_server/build install --record /home/pi/ros_embedded/build/web_server/install.log --single-version-externally-managed
[5.043s] running egg_info
[5.047s] writing ../../build/web_server/web_server.egg-info/PKG-INFO
[5.048s] writing dependency_links to ../../build/web_server/web_server.egg-info/dependency_links.txt
[5.050s] writing entry points to ../../build/web_server/web_server.egg-info/entry_points.txt
[5.051s] writing requirements to ../../build/web_server/web_server.egg-info/requires.txt
[5.052s] writing top-level names to ../../build/web_server/web_server.egg-info/top_level.txt
[5.059s] reading manifest file '../../build/web_server/web_server.egg-info/SOURCES.txt'
[5.063s] writing manifest file '../../build/web_server/web_server.egg-info/SOURCES.txt'
[5.064s] running build
[5.064s] running build_py
[5.066s] copying web_server/web_server.py -> /home/pi/ros_embedded/build/web_server/build/lib/web_server
[5.067s] running install
[5.067s] /usr/lib/python3/dist-packages/setuptools/command/install.py:34: SetuptoolsDeprecationWarning: setup.py install is deprecated. Use build and pip and other standards-based tools.
[5.068s]   warnings.warn(
[5.068s] running install_lib
[5.072s] copying /home/pi/ros_embedded/build/web_server/build/lib/web_server/web_server.py -> /home/pi/ros_embedded/install/web_server/lib/python3.10/site-packages/web_server
[5.075s] byte-compiling /home/pi/ros_embedded/install/web_server/lib/python3.10/site-packages/web_server/web_server.py to web_server.cpython-310.pyc
[5.077s] running install_data
[5.080s] running install_egg_info
[5.087s] removing '/home/pi/ros_embedded/install/web_server/lib/python3.10/site-packages/web_server-0.0.0-py3.10.egg-info' (and everything under it)
[5.088s] Copying ../../build/web_server/web_server.egg-info to /home/pi/ros_embedded/install/web_server/lib/python3.10/site-packages/web_server-0.0.0-py3.10.egg-info
[5.095s] running install_scripts
[5.199s] writing list of installed files to '/home/pi/ros_embedded/build/web_server/install.log'
[5.404s] Invoked command in '/home/pi/ros_embedded/src/web_server' returned '0': PYTHONPATH=/home/pi/ros_embedded/build/web_server/prefix_override:/home/pi/ros_embedded/install/web_server/lib/python3.10/site-packages:${PYTHONPATH} /usr/bin/python3 setup.py egg_info --egg-base ../../build/web_server build --build-base /home/pi/ros_embedded/build/web_server/build install --record /home/pi/ros_embedded/build/web_server/install.log --single-version-externally-managed
