[4.196s] Invoking command in '/home/pi/ros_embedded/src/serial_rw': PYTHONPATH=/home/pi/ros_embedded/build/serial_rw/prefix_override:/home/pi/ros_embedded/install/serial_rw/lib/python3.10/site-packages:${PYTHONPATH} /usr/bin/python3 setup.py egg_info --egg-base ../../build/serial_rw build --build-base /home/pi/ros_embedded/build/serial_rw/build install --record /home/pi/ros_embedded/build/serial_rw/install.log --single-version-externally-managed
[5.341s] running egg_info
[5.345s] writing ../../build/serial_rw/serial_rw.egg-info/PKG-INFO
[5.349s] writing dependency_links to ../../build/serial_rw/serial_rw.egg-info/dependency_links.txt
[5.349s] writing entry points to ../../build/serial_rw/serial_rw.egg-info/entry_points.txt
[5.350s] writing requirements to ../../build/serial_rw/serial_rw.egg-info/requires.txt
[5.351s] writing top-level names to ../../build/serial_rw/serial_rw.egg-info/top_level.txt
[5.362s] reading manifest file '../../build/serial_rw/serial_rw.egg-info/SOURCES.txt'
[5.368s] writing manifest file '../../build/serial_rw/serial_rw.egg-info/SOURCES.txt'
[5.368s] running build
[5.369s] running build_py
[5.380s] copying serial_rw/serial_rw.py -> /home/pi/ros_embedded/build/serial_rw/build/lib/serial_rw
[5.383s] running install
[5.385s] /usr/lib/python3/dist-packages/setuptools/command/install.py:34: SetuptoolsDeprecationWarning: setup.py install is deprecated. Use build and pip and other standards-based tools.
[5.386s]   warnings.warn(
[5.387s] running install_lib
[5.393s] copying /home/pi/ros_embedded/build/serial_rw/build/lib/serial_rw/serial_rw.py -> /home/pi/ros_embedded/install/serial_rw/lib/python3.10/site-packages/serial_rw
[5.397s] byte-compiling /home/pi/ros_embedded/install/serial_rw/lib/python3.10/site-packages/serial_rw/serial_rw.py to serial_rw.cpython-310.pyc
[5.400s] running install_data
[5.402s] running install_egg_info
[5.409s] removing '/home/pi/ros_embedded/install/serial_rw/lib/python3.10/site-packages/serial_rw-0.0.0-py3.10.egg-info' (and everything under it)
[5.411s] Copying ../../build/serial_rw/serial_rw.egg-info to /home/pi/ros_embedded/install/serial_rw/lib/python3.10/site-packages/serial_rw-0.0.0-py3.10.egg-info
[5.418s] running install_scripts
[5.506s] Installing rw script to /home/pi/ros_embedded/install/serial_rw/lib/serial_rw
[5.507s] writing list of installed files to '/home/pi/ros_embedded/build/serial_rw/install.log'
[5.666s] Invoked command in '/home/pi/ros_embedded/src/serial_rw' returned '0': PYTHONPATH=/home/pi/ros_embedded/build/serial_rw/prefix_override:/home/pi/ros_embedded/install/serial_rw/lib/python3.10/site-packages:${PYTHONPATH} /usr/bin/python3 setup.py egg_info --egg-base ../../build/serial_rw build --build-base /home/pi/ros_embedded/build/serial_rw/build install --record /home/pi/ros_embedded/build/serial_rw/install.log --single-version-externally-managed
