[4.972s] Invoking command in '/home/pi/ros_embedded/src/serial_rw': PYTHONPATH=/home/pi/ros_embedded/build/serial_rw/prefix_override:/home/pi/ros_embedded/install/serial_rw/lib/python3.10/site-packages:${PYTHONPATH} /usr/bin/python3 setup.py egg_info --egg-base ../../build/serial_rw build --build-base /home/pi/ros_embedded/build/serial_rw/build install --record /home/pi/ros_embedded/build/serial_rw/install.log --single-version-externally-managed
[6.256s] running egg_info
[6.260s] writing ../../build/serial_rw/serial_rw.egg-info/PKG-INFO
[6.261s] writing dependency_links to ../../build/serial_rw/serial_rw.egg-info/dependency_links.txt
[6.262s] writing entry points to ../../build/serial_rw/serial_rw.egg-info/entry_points.txt
[6.263s] writing requirements to ../../build/serial_rw/serial_rw.egg-info/requires.txt
[6.263s] writing top-level names to ../../build/serial_rw/serial_rw.egg-info/top_level.txt
[6.273s] reading manifest file '../../build/serial_rw/serial_rw.egg-info/SOURCES.txt'
[6.277s] writing manifest file '../../build/serial_rw/serial_rw.egg-info/SOURCES.txt'
[6.278s] running build
[6.279s] running build_py
[6.280s] running install
[6.282s] /usr/lib/python3/dist-packages/setuptools/command/install.py:34: SetuptoolsDeprecationWarning: setup.py install is deprecated. Use build and pip and other standards-based tools.
[6.282s]   warnings.warn(
[6.283s] running install_lib
[6.289s] running install_data
[6.292s] running install_egg_info
[6.299s] removing '/home/pi/ros_embedded/install/serial_rw/lib/python3.10/site-packages/serial_rw-0.0.0-py3.10.egg-info' (and everything under it)
[6.301s] Copying ../../build/serial_rw/serial_rw.egg-info to /home/pi/ros_embedded/install/serial_rw/lib/python3.10/site-packages/serial_rw-0.0.0-py3.10.egg-info
[6.308s] running install_scripts
[6.394s] Installing rw script to /home/pi/ros_embedded/install/serial_rw/lib/serial_rw
[6.396s] writing list of installed files to '/home/pi/ros_embedded/build/serial_rw/install.log'
[6.544s] Invoked command in '/home/pi/ros_embedded/src/serial_rw' returned '0': PYTHONPATH=/home/pi/ros_embedded/build/serial_rw/prefix_override:/home/pi/ros_embedded/install/serial_rw/lib/python3.10/site-packages:${PYTHONPATH} /usr/bin/python3 setup.py egg_info --egg-base ../../build/serial_rw build --build-base /home/pi/ros_embedded/build/serial_rw/build install --record /home/pi/ros_embedded/build/serial_rw/install.log --single-version-externally-managed
