[5.500s] Invoking command in '/home/pi/ros_embedded/src/database': PYTHONPATH=/home/pi/ros_embedded/build/database/prefix_override:/home/pi/ros_embedded/install/database/lib/python3.10/site-packages:${PYTHONPATH} /usr/bin/python3 setup.py egg_info --egg-base ../../build/database build --build-base /home/pi/ros_embedded/build/database/build install --record /home/pi/ros_embedded/build/database/install.log --single-version-externally-managed
[6.875s] running egg_info
[6.880s] writing ../../build/database/database.egg-info/PKG-INFO
[6.881s] writing dependency_links to ../../build/database/database.egg-info/dependency_links.txt
[6.883s] writing entry points to ../../build/database/database.egg-info/entry_points.txt
[6.886s] writing requirements to ../../build/database/database.egg-info/requires.txt
[6.887s] writing top-level names to ../../build/database/database.egg-info/top_level.txt
[6.896s] reading manifest file '../../build/database/database.egg-info/SOURCES.txt'
[6.901s] writing manifest file '../../build/database/database.egg-info/SOURCES.txt'
[6.902s] running build
[6.903s] running build_py
[6.904s] running install
[6.905s] /usr/lib/python3/dist-packages/setuptools/command/install.py:34: SetuptoolsDeprecationWarning: setup.py install is deprecated. Use build and pip and other standards-based tools.
[6.906s]   warnings.warn(
[6.907s] running install_lib
[6.913s] running install_data
[6.919s] running install_egg_info
[6.927s] removing '/home/pi/ros_embedded/install/database/lib/python3.10/site-packages/database-0.0.0-py3.10.egg-info' (and everything under it)
[6.929s] Copying ../../build/database/database.egg-info to /home/pi/ros_embedded/install/database/lib/python3.10/site-packages/database-0.0.0-py3.10.egg-info
[6.937s] running install_scripts
[7.093s] Installing database_updater script to /home/pi/ros_embedded/install/database/lib/database
[7.097s] writing list of installed files to '/home/pi/ros_embedded/build/database/install.log'
[7.366s] Invoked command in '/home/pi/ros_embedded/src/database' returned '0': PYTHONPATH=/home/pi/ros_embedded/build/database/prefix_override:/home/pi/ros_embedded/install/database/lib/python3.10/site-packages:${PYTHONPATH} /usr/bin/python3 setup.py egg_info --egg-base ../../build/database build --build-base /home/pi/ros_embedded/build/database/build install --record /home/pi/ros_embedded/build/database/install.log --single-version-externally-managed
