[7.121s] Invoking command in '/home/pi/ros_embedded/src/database': PYTHONPATH=/home/pi/ros_embedded/build/database/prefix_override:/home/pi/ros_embedded/install/database/lib/python3.10/site-packages:${PYTHONPATH} /usr/bin/python3 setup.py egg_info --egg-base ../../build/database build --build-base /home/pi/ros_embedded/build/database/build install --record /home/pi/ros_embedded/build/database/install.log --single-version-externally-managed
[8.773s] running egg_info
[8.785s] writing ../../build/database/database.egg-info/PKG-INFO
[8.797s] writing dependency_links to ../../build/database/database.egg-info/dependency_links.txt
[8.798s] writing entry points to ../../build/database/database.egg-info/entry_points.txt
[8.803s] writing requirements to ../../build/database/database.egg-info/requires.txt
[8.804s] writing top-level names to ../../build/database/database.egg-info/top_level.txt
[8.818s] reading manifest file '../../build/database/database.egg-info/SOURCES.txt'
[8.824s] writing manifest file '../../build/database/database.egg-info/SOURCES.txt'
[8.826s] running build
[8.827s] running build_py
[8.831s] running install
[8.833s] /usr/lib/python3/dist-packages/setuptools/command/install.py:34: SetuptoolsDeprecationWarning: setup.py install is deprecated. Use build and pip and other standards-based tools.
[8.834s]   warnings.warn(
[8.836s] running install_lib
[8.843s] running install_data
[8.847s] running install_egg_info
[8.862s] removing '/home/pi/ros_embedded/install/database/lib/python3.10/site-packages/database-0.0.0-py3.10.egg-info' (and everything under it)
[8.867s] Copying ../../build/database/database.egg-info to /home/pi/ros_embedded/install/database/lib/python3.10/site-packages/database-0.0.0-py3.10.egg-info
[8.885s] running install_scripts
[9.111s] Installing database_updater script to /home/pi/ros_embedded/install/database/lib/database
[9.119s] writing list of installed files to '/home/pi/ros_embedded/build/database/install.log'
[9.420s] Invoked command in '/home/pi/ros_embedded/src/database' returned '0': PYTHONPATH=/home/pi/ros_embedded/build/database/prefix_override:/home/pi/ros_embedded/install/database/lib/python3.10/site-packages:${PYTHONPATH} /usr/bin/python3 setup.py egg_info --egg-base ../../build/database build --build-base /home/pi/ros_embedded/build/database/build install --record /home/pi/ros_embedded/build/database/install.log --single-version-externally-managed
