running egg_info
writing ../../build/database/database.egg-info/PKG-INFO
writing dependency_links to ../../build/database/database.egg-info/dependency_links.txt
writing entry points to ../../build/database/database.egg-info/entry_points.txt
writing requirements to ../../build/database/database.egg-info/requires.txt
writing top-level names to ../../build/database/database.egg-info/top_level.txt
reading manifest file '../../build/database/database.egg-info/SOURCES.txt'
writing manifest file '../../build/database/database.egg-info/SOURCES.txt'
running build
running build_py
copying database/database_updater.py -> /home/pi/ros_embedded/build/database/build/lib/database
running install
/usr/lib/python3/dist-packages/setuptools/command/install.py:34: SetuptoolsDeprecationWarning: setup.py install is deprecated. Use build and pip and other standards-based tools.
  warnings.warn(
running install_lib
copying /home/pi/ros_embedded/build/database/build/lib/database/database_updater.py -> /home/pi/ros_embedded/install/database/lib/python3.10/site-packages/database
byte-compiling /home/pi/ros_embedded/install/database/lib/python3.10/site-packages/database/database_updater.py to database_updater.cpython-310.pyc
running install_data
running install_egg_info
removing '/home/pi/ros_embedded/install/database/lib/python3.10/site-packages/database-0.0.0-py3.10.egg-info' (and everything under it)
Copying ../../build/database/database.egg-info to /home/pi/ros_embedded/install/database/lib/python3.10/site-packages/database-0.0.0-py3.10.egg-info
running install_scripts
Installing database_updater script to /home/pi/ros_embedded/install/database/lib/database
writing list of installed files to '/home/pi/ros_embedded/build/database/install.log'
