[6.982s] Invoking command in '/home/pi/ros_embedded/src/database': PYTHONPATH=/home/pi/ros_embedded/build/database/prefix_override:/home/pi/ros_embedded/install/database/lib/python3.10/site-packages:${PYTHONPATH} /usr/bin/python3 setup.py egg_info --egg-base ../../build/database build --build-base /home/pi/ros_embedded/build/database/build install --record /home/pi/ros_embedded/build/database/install.log --single-version-externally-managed
[8.533s] running egg_info
[8.537s] writing ../../build/database/database.egg-info/PKG-INFO
[8.539s] writing dependency_links to ../../build/database/database.egg-info/dependency_links.txt
[8.541s] writing entry points to ../../build/database/database.egg-info/entry_points.txt
[8.543s] writing requirements to ../../build/database/database.egg-info/requires.txt
[8.544s] writing top-level names to ../../build/database/database.egg-info/top_level.txt
[8.555s] reading manifest file '../../build/database/database.egg-info/SOURCES.txt'
[8.559s] writing manifest file '../../build/database/database.egg-info/SOURCES.txt'
[8.560s] running build
[8.561s] running build_py
[8.562s] copying database/database_updater.py -> /home/pi/ros_embedded/build/database/build/lib/database
[8.564s] running install
[8.565s] /usr/lib/python3/dist-packages/setuptools/command/install.py:34: SetuptoolsDeprecationWarning: setup.py install is deprecated. Use build and pip and other standards-based tools.
[8.566s]   warnings.warn(
[8.567s] running install_lib
[8.582s] copying /home/pi/ros_embedded/build/database/build/lib/database/database_updater.py -> /home/pi/ros_embedded/install/database/lib/python3.10/site-packages/database
[8.587s] byte-compiling /home/pi/ros_embedded/install/database/lib/python3.10/site-packages/database/database_updater.py to database_updater.cpython-310.pyc
[8.589s] running install_data
[8.591s] running install_egg_info
[8.596s] removing '/home/pi/ros_embedded/install/database/lib/python3.10/site-packages/database-0.0.0-py3.10.egg-info' (and everything under it)
[8.597s] Copying ../../build/database/database.egg-info to /home/pi/ros_embedded/install/database/lib/python3.10/site-packages/database-0.0.0-py3.10.egg-info
[8.603s] running install_scripts
[8.716s] Installing database_updater script to /home/pi/ros_embedded/install/database/lib/database
[8.718s] writing list of installed files to '/home/pi/ros_embedded/build/database/install.log'
[9.008s] Invoked command in '/home/pi/ros_embedded/src/database' returned '0': PYTHONPATH=/home/pi/ros_embedded/build/database/prefix_override:/home/pi/ros_embedded/install/database/lib/python3.10/site-packages:${PYTHONPATH} /usr/bin/python3 setup.py egg_info --egg-base ../../build/database build --build-base /home/pi/ros_embedded/build/database/build install --record /home/pi/ros_embedded/build/database/install.log --single-version-externally-managed
