[8.388s] Invoking command in '/home/pi/ros_embedded/src/database': PYTHONPATH=/home/pi/ros_embedded/build/database/prefix_override:/home/pi/ros_embedded/install/database/lib/python3.10/site-packages:${PYTHONPATH} /usr/bin/python3 setup.py egg_info --egg-base ../../build/database build --build-base /home/pi/ros_embedded/build/database/build install --record /home/pi/ros_embedded/build/database/install.log --single-version-externally-managed
[10.088s] running egg_info
[10.094s] writing ../../build/database/database.egg-info/PKG-INFO
[10.096s] writing dependency_links to ../../build/database/database.egg-info/dependency_links.txt
[10.097s] writing entry points to ../../build/database/database.egg-info/entry_points.txt
[10.099s] writing requirements to ../../build/database/database.egg-info/requires.txt
[10.100s] writing top-level names to ../../build/database/database.egg-info/top_level.txt
[10.111s] reading manifest file '../../build/database/database.egg-info/SOURCES.txt'
[10.116s] writing manifest file '../../build/database/database.egg-info/SOURCES.txt'
[10.117s] running build
[10.117s] running build_py
[10.118s] running install
[10.120s] /usr/lib/python3/dist-packages/setuptools/command/install.py:34: SetuptoolsDeprecationWarning: setup.py install is deprecated. Use build and pip and other standards-based tools.
[10.121s]   warnings.warn(
[10.122s] running install_lib
[10.140s] running install_data
[10.143s] running install_egg_info
[10.158s] removing '/home/pi/ros_embedded/install/database/lib/python3.10/site-packages/database-0.0.0-py3.10.egg-info' (and everything under it)
[10.176s] Copying ../../build/database/database.egg-info to /home/pi/ros_embedded/install/database/lib/python3.10/site-packages/database-0.0.0-py3.10.egg-info
[10.200s] running install_scripts
[10.363s] Installing database_updater script to /home/pi/ros_embedded/install/database/lib/database
[10.368s] writing list of installed files to '/home/pi/ros_embedded/build/database/install.log'
[10.629s] Invoked command in '/home/pi/ros_embedded/src/database' returned '0': PYTHONPATH=/home/pi/ros_embedded/build/database/prefix_override:/home/pi/ros_embedded/install/database/lib/python3.10/site-packages:${PYTHONPATH} /usr/bin/python3 setup.py egg_info --egg-base ../../build/database build --build-base /home/pi/ros_embedded/build/database/build install --record /home/pi/ros_embedded/build/database/install.log --single-version-externally-managed
