[7.085s] Invoking command in '/home/pi/ros_embedded/src/database': PYTHONPATH=/home/pi/ros_embedded/build/database/prefix_override:/home/pi/ros_embedded/install/database/lib/python3.10/site-packages:${PYTHONPATH} /usr/bin/python3 setup.py egg_info --egg-base ../../build/database build --build-base /home/pi/ros_embedded/build/database/build install --record /home/pi/ros_embedded/build/database/install.log --single-version-externally-managed
[8.720s] running egg_info
[8.729s] writing ../../build/database/database.egg-info/PKG-INFO
[8.734s] writing dependency_links to ../../build/database/database.egg-info/dependency_links.txt
[8.735s] writing entry points to ../../build/database/database.egg-info/entry_points.txt
[8.737s] writing requirements to ../../build/database/database.egg-info/requires.txt
[8.742s] writing top-level names to ../../build/database/database.egg-info/top_level.txt
[8.749s] reading manifest file '../../build/database/database.egg-info/SOURCES.txt'
[8.755s] writing manifest file '../../build/database/database.egg-info/SOURCES.txt'
[8.756s] running build
[8.756s] running build_py
[8.757s] running install
[8.758s] /usr/lib/python3/dist-packages/setuptools/command/install.py:34: SetuptoolsDeprecationWarning: setup.py install is deprecated. Use build and pip and other standards-based tools.
[8.759s]   warnings.warn(
[8.760s] running install_lib
[8.770s] running install_data
[8.773s] running install_egg_info
[8.783s] removing '/home/pi/ros_embedded/install/database/lib/python3.10/site-packages/database-0.0.0-py3.10.egg-info' (and everything under it)
[8.786s] Copying ../../build/database/database.egg-info to /home/pi/ros_embedded/install/database/lib/python3.10/site-packages/database-0.0.0-py3.10.egg-info
[8.796s] running install_scripts
[8.972s] Installing database_updater script to /home/pi/ros_embedded/install/database/lib/database
[8.979s] writing list of installed files to '/home/pi/ros_embedded/build/database/install.log'
[9.312s] Invoked command in '/home/pi/ros_embedded/src/database' returned '0': PYTHONPATH=/home/pi/ros_embedded/build/database/prefix_override:/home/pi/ros_embedded/install/database/lib/python3.10/site-packages:${PYTHONPATH} /usr/bin/python3 setup.py egg_info --egg-base ../../build/database build --build-base /home/pi/ros_embedded/build/database/build install --record /home/pi/ros_embedded/build/database/install.log --single-version-externally-managed
