[5.472s] Invoking command in '/home/pi/ros_embedded/src/serial_rw': PYTHONPATH=/home/pi/ros_embedded/build/serial_rw/prefix_override:/home/pi/ros_embedded/install/serial_rw/lib/python3.10/site-packages:${PYTHONPATH} /usr/bin/python3 setup.py egg_info --egg-base ../../build/serial_rw build --build-base /home/pi/ros_embedded/build/serial_rw/build install --record /home/pi/ros_embedded/build/serial_rw/install.log --single-version-externally-managed
[6.784s] running egg_info
[6.789s] writing ../../build/serial_rw/serial_rw.egg-info/PKG-INFO
[6.790s] writing dependency_links to ../../build/serial_rw/serial_rw.egg-info/dependency_links.txt
[6.792s] writing entry points to ../../build/serial_rw/serial_rw.egg-info/entry_points.txt
[6.792s] writing requirements to ../../build/serial_rw/serial_rw.egg-info/requires.txt
[6.793s] writing top-level names to ../../build/serial_rw/serial_rw.egg-info/top_level.txt
[6.803s] reading manifest file '../../build/serial_rw/serial_rw.egg-info/SOURCES.txt'
[6.807s] writing manifest file '../../build/serial_rw/serial_rw.egg-info/SOURCES.txt'
[6.808s] running build
[6.809s] running build_py
[6.811s] running install
[6.812s] /usr/lib/python3/dist-packages/setuptools/command/install.py:34: SetuptoolsDeprecationWarning: setup.py install is deprecated. Use build and pip and other standards-based tools.
[6.813s]   warnings.warn(
[6.813s] running install_lib
[6.820s] running install_data
[6.823s] running install_egg_info
[6.832s] removing '/home/pi/ros_embedded/install/serial_rw/lib/python3.10/site-packages/serial_rw-0.0.0-py3.10.egg-info' (and everything under it)
[6.834s] Copying ../../build/serial_rw/serial_rw.egg-info to /home/pi/ros_embedded/install/serial_rw/lib/python3.10/site-packages/serial_rw-0.0.0-py3.10.egg-info
[6.842s] running install_scripts
[6.949s] Installing rw script to /home/pi/ros_embedded/install/serial_rw/lib/serial_rw
[6.954s] writing list of installed files to '/home/pi/ros_embedded/build/serial_rw/install.log'
[7.345s] Invoked command in '/home/pi/ros_embedded/src/serial_rw' returned '0': PYTHONPATH=/home/pi/ros_embedded/build/serial_rw/prefix_override:/home/pi/ros_embedded/install/serial_rw/lib/python3.10/site-packages:${PYTHONPATH} /usr/bin/python3 setup.py egg_info --egg-base ../../build/serial_rw build --build-base /home/pi/ros_embedded/build/serial_rw/build install --record /home/pi/ros_embedded/build/serial_rw/install.log --single-version-externally-managed
