running egg_info
writing ../../build/soil_monitor/soil_monitor.egg-info/PKG-INFO
writing dependency_links to ../../build/soil_monitor/soil_monitor.egg-info/dependency_links.txt
writing entry points to ../../build/soil_monitor/soil_monitor.egg-info/entry_points.txt
writing requirements to ../../build/soil_monitor/soil_monitor.egg-info/requires.txt
writing top-level names to ../../build/soil_monitor/soil_monitor.egg-info/top_level.txt
reading manifest file '../../build/soil_monitor/soil_monitor.egg-info/SOURCES.txt'
writing manifest file '../../build/soil_monitor/soil_monitor.egg-info/SOURCES.txt'
running build
running build_py
/usr/lib/python3/dist-packages/setuptools/command/install.py:34: SetuptoolsDeprecationWarning: setup.py install is deprecated. Use build and pip and other standards-based tools.
  warnings.warn(
running install
running install_lib
running install_data
running install_egg_info
removing '/home/pi/ros_embedded/install/soil_monitor/lib/python3.10/site-packages/soil_monitor-0.0.0-py3.10.egg-info' (and everything under it)
Copying ../../build/soil_monitor/soil_monitor.egg-info to /home/pi/ros_embedded/install/soil_monitor/lib/python3.10/site-packages/soil_monitor-0.0.0-py3.10.egg-info
running install_scripts
Installing soil_monitor script to /home/pi/ros_embedded/install/soil_monitor/lib/soil_monitor
writing list of installed files to '/home/pi/ros_embedded/build/soil_monitor/install.log'
