[8.758s] Invoking command in '/home/pi/ros_embedded/src/soil_monitor': PYTHONPATH=/home/pi/ros_embedded/build/soil_monitor/prefix_override:/home/pi/ros_embedded/install/soil_monitor/lib/python3.10/site-packages:${PYTHONPATH} /usr/bin/python3 setup.py egg_info --egg-base ../../build/soil_monitor build --build-base /home/pi/ros_embedded/build/soil_monitor/build install --record /home/pi/ros_embedded/build/soil_monitor/install.log --single-version-externally-managed
[10.767s] running egg_info
[10.775s] writing ../../build/soil_monitor/soil_monitor.egg-info/PKG-INFO
[10.783s] writing dependency_links to ../../build/soil_monitor/soil_monitor.egg-info/dependency_links.txt
[10.786s] writing entry points to ../../build/soil_monitor/soil_monitor.egg-info/entry_points.txt
[10.794s] writing requirements to ../../build/soil_monitor/soil_monitor.egg-info/requires.txt
[10.796s] writing top-level names to ../../build/soil_monitor/soil_monitor.egg-info/top_level.txt
[10.825s] reading manifest file '../../build/soil_monitor/soil_monitor.egg-info/SOURCES.txt'
[10.867s] writing manifest file '../../build/soil_monitor/soil_monitor.egg-info/SOURCES.txt'
[10.873s] running build
[10.886s] running build_py
[10.922s] /usr/lib/python3/dist-packages/setuptools/command/install.py:34: SetuptoolsDeprecationWarning: setup.py install is deprecated. Use build and pip and other standards-based tools.
[10.922s]   warnings.warn(
[10.923s] running install
[10.923s] running install_lib
[10.949s] running install_data
[10.960s] running install_egg_info
[10.965s] removing '/home/pi/ros_embedded/install/soil_monitor/lib/python3.10/site-packages/soil_monitor-0.0.0-py3.10.egg-info' (and everything under it)
[10.969s] Copying ../../build/soil_monitor/soil_monitor.egg-info to /home/pi/ros_embedded/install/soil_monitor/lib/python3.10/site-packages/soil_monitor-0.0.0-py3.10.egg-info
[10.997s] running install_scripts
[11.149s] Installing soil_monitor script to /home/pi/ros_embedded/install/soil_monitor/lib/soil_monitor
[11.152s] writing list of installed files to '/home/pi/ros_embedded/build/soil_monitor/install.log'
[11.498s] Invoked command in '/home/pi/ros_embedded/src/soil_monitor' returned '0': PYTHONPATH=/home/pi/ros_embedded/build/soil_monitor/prefix_override:/home/pi/ros_embedded/install/soil_monitor/lib/python3.10/site-packages:${PYTHONPATH} /usr/bin/python3 setup.py egg_info --egg-base ../../build/soil_monitor build --build-base /home/pi/ros_embedded/build/soil_monitor/build install --record /home/pi/ros_embedded/build/soil_monitor/install.log --single-version-externally-managed
