[6.745s] Invoking command in '/home/pi/ros_embedded/src/database': PYTHONPATH=/home/pi/ros_embedded/build/database/prefix_override:/home/pi/ros_embedded/install/database/lib/python3.10/site-packages:${PYTHONPATH} /usr/bin/python3 setup.py egg_info --egg-base ../../build/database build --build-base /home/pi/ros_embedded/build/database/build install --record /home/pi/ros_embedded/build/database/install.log --single-version-externally-managed
[8.212s] running egg_info
[8.216s] writing ../../build/database/database.egg-info/PKG-INFO
[8.218s] writing dependency_links to ../../build/database/database.egg-info/dependency_links.txt
[8.219s] writing entry points to ../../build/database/database.egg-info/entry_points.txt
[8.221s] writing requirements to ../../build/database/database.egg-info/requires.txt
[8.222s] writing top-level names to ../../build/database/database.egg-info/top_level.txt
[8.232s] reading manifest file '../../build/database/database.egg-info/SOURCES.txt'
[8.237s] writing manifest file '../../build/database/database.egg-info/SOURCES.txt'
[8.238s] running build
[8.238s] running build_py
[8.239s] copying database/database_updater.py -> /home/pi/ros_embedded/build/database/build/lib/database
[8.240s] running install
[8.241s] /usr/lib/python3/dist-packages/setuptools/command/install.py:34: SetuptoolsDeprecationWarning: setup.py install is deprecated. Use build and pip and other standards-based tools.
[8.242s]   warnings.warn(
[8.243s] running install_lib
[8.250s] copying /home/pi/ros_embedded/build/database/build/lib/database/database_updater.py -> /home/pi/ros_embedded/install/database/lib/python3.10/site-packages/database
[8.251s] byte-compiling /home/pi/ros_embedded/install/database/lib/python3.10/site-packages/database/database_updater.py to database_updater.cpython-310.pyc
[8.255s] running install_data
[8.258s] running install_egg_info
[8.269s] removing '/home/pi/ros_embedded/install/database/lib/python3.10/site-packages/database-0.0.0-py3.10.egg-info' (and everything under it)
[8.270s] Copying ../../build/database/database.egg-info to /home/pi/ros_embedded/install/database/lib/python3.10/site-packages/database-0.0.0-py3.10.egg-info
[8.278s] running install_scripts
[8.385s] Installing database_updater script to /home/pi/ros_embedded/install/database/lib/database
[8.387s] writing list of installed files to '/home/pi/ros_embedded/build/database/install.log'
[8.644s] Invoked command in '/home/pi/ros_embedded/src/database' returned '0': PYTHONPATH=/home/pi/ros_embedded/build/database/prefix_override:/home/pi/ros_embedded/install/database/lib/python3.10/site-packages:${PYTHONPATH} /usr/bin/python3 setup.py egg_info --egg-base ../../build/database build --build-base /home/pi/ros_embedded/build/database/build install --record /home/pi/ros_embedded/build/database/install.log --single-version-externally-managed
