[7.801s] Invoking command in '/home/pi/ros_embedded/src/web_server': PYTHONPATH=/home/pi/ros_embedded/build/web_server/prefix_override:/home/pi/ros_embedded/install/web_server/lib/python3.10/site-packages:${PYTHONPATH} /usr/bin/python3 setup.py egg_info --egg-base ../../build/web_server build --build-base /home/pi/ros_embedded/build/web_server/build install --record /home/pi/ros_embedded/build/web_server/install.log --single-version-externally-managed
[10.383s] running egg_info
[10.388s] writing ../../build/web_server/web_server.egg-info/PKG-INFO
[10.391s] writing dependency_links to ../../build/web_server/web_server.egg-info/dependency_links.txt
[10.393s] writing entry points to ../../build/web_server/web_server.egg-info/entry_points.txt
[10.395s] writing requirements to ../../build/web_server/web_server.egg-info/requires.txt
[10.396s] writing top-level names to ../../build/web_server/web_server.egg-info/top_level.txt
[10.430s] reading manifest file '../../build/web_server/web_server.egg-info/SOURCES.txt'
[10.431s] writing manifest file '../../build/web_server/web_server.egg-info/SOURCES.txt'
[10.431s] running build
[10.432s] running build_py
[10.435s] running install
[10.436s] /usr/lib/python3/dist-packages/setuptools/command/install.py:34: SetuptoolsDeprecationWarning: setup.py install is deprecated. Use build and pip and other standards-based tools.
[10.436s]   warnings.warn(
[10.443s] running install_lib
[10.450s] running install_data
[10.452s] running install_egg_info
[10.465s] removing '/home/pi/ros_embedded/install/web_server/lib/python3.10/site-packages/web_server-0.0.0-py3.10.egg-info' (and everything under it)
[10.466s] Copying ../../build/web_server/web_server.egg-info to /home/pi/ros_embedded/install/web_server/lib/python3.10/site-packages/web_server-0.0.0-py3.10.egg-info
[10.476s] running install_scripts
[10.594s] Installing web_server script to /home/pi/ros_embedded/install/web_server/lib/web_server
[10.596s] writing list of installed files to '/home/pi/ros_embedded/build/web_server/install.log'
[10.853s] Invoked command in '/home/pi/ros_embedded/src/web_server' returned '0': PYTHONPATH=/home/pi/ros_embedded/build/web_server/prefix_override:/home/pi/ros_embedded/install/web_server/lib/python3.10/site-packages:${PYTHONPATH} /usr/bin/python3 setup.py egg_info --egg-base ../../build/web_server build --build-base /home/pi/ros_embedded/build/web_server/build install --record /home/pi/ros_embedded/build/web_server/install.log --single-version-externally-managed
