[5.444s] Invoking command in '/home/pi/ros_embedded/src/serial_rw': PYTHONPATH=/home/pi/ros_embedded/build/serial_rw/prefix_override:/home/pi/ros_embedded/install/serial_rw/lib/python3.10/site-packages:${PYTHONPATH} /usr/bin/python3 setup.py egg_info --egg-base ../../build/serial_rw build --build-base /home/pi/ros_embedded/build/serial_rw/build install --record /home/pi/ros_embedded/build/serial_rw/install.log --single-version-externally-managed
[6.746s] running egg_info
[6.751s] writing ../../build/serial_rw/serial_rw.egg-info/PKG-INFO
[6.752s] writing dependency_links to ../../build/serial_rw/serial_rw.egg-info/dependency_links.txt
[6.754s] writing entry points to ../../build/serial_rw/serial_rw.egg-info/entry_points.txt
[6.756s] writing requirements to ../../build/serial_rw/serial_rw.egg-info/requires.txt
[6.756s] writing top-level names to ../../build/serial_rw/serial_rw.egg-info/top_level.txt
[6.765s] reading manifest file '../../build/serial_rw/serial_rw.egg-info/SOURCES.txt'
[6.770s] writing manifest file '../../build/serial_rw/serial_rw.egg-info/SOURCES.txt'
[6.771s] running build
[6.772s] running build_py
[6.773s] copying serial_rw/serial_rw.py -> /home/pi/ros_embedded/build/serial_rw/build/lib/serial_rw
[6.774s] running install
[6.775s] /usr/lib/python3/dist-packages/setuptools/command/install.py:34: SetuptoolsDeprecationWarning: setup.py install is deprecated. Use build and pip and other standards-based tools.
[6.776s]   warnings.warn(
[6.777s] running install_lib
[6.783s] copying /home/pi/ros_embedded/build/serial_rw/build/lib/serial_rw/serial_rw.py -> /home/pi/ros_embedded/install/serial_rw/lib/python3.10/site-packages/serial_rw
[6.786s] byte-compiling /home/pi/ros_embedded/install/serial_rw/lib/python3.10/site-packages/serial_rw/serial_rw.py to serial_rw.cpython-310.pyc
[6.787s] running install_data
[6.790s] running install_egg_info
[6.798s] removing '/home/pi/ros_embedded/install/serial_rw/lib/python3.10/site-packages/serial_rw-0.0.0-py3.10.egg-info' (and everything under it)
[6.801s] Copying ../../build/serial_rw/serial_rw.egg-info to /home/pi/ros_embedded/install/serial_rw/lib/python3.10/site-packages/serial_rw-0.0.0-py3.10.egg-info
[6.807s] running install_scripts
[6.917s] Installing rw script to /home/pi/ros_embedded/install/serial_rw/lib/serial_rw
[6.920s] writing list of installed files to '/home/pi/ros_embedded/build/serial_rw/install.log'
[7.235s] Invoked command in '/home/pi/ros_embedded/src/serial_rw' returned '0': PYTHONPATH=/home/pi/ros_embedded/build/serial_rw/prefix_override:/home/pi/ros_embedded/install/serial_rw/lib/python3.10/site-packages:${PYTHONPATH} /usr/bin/python3 setup.py egg_info --egg-base ../../build/serial_rw build --build-base /home/pi/ros_embedded/build/serial_rw/build install --record /home/pi/ros_embedded/build/serial_rw/install.log --single-version-externally-managed
