[6.955s] Invoking command in '/home/pi/ros_embedded/src/serial_rw': PYTHONPATH=/home/pi/ros_embedded/build/serial_rw/prefix_override:/home/pi/ros_embedded/install/serial_rw/lib/python3.10/site-packages:${PYTHONPATH} /usr/bin/python3 setup.py egg_info --egg-base ../../build/serial_rw build --build-base /home/pi/ros_embedded/build/serial_rw/build install --record /home/pi/ros_embedded/build/serial_rw/install.log --single-version-externally-managed
[8.684s] running egg_info
[8.692s] writing ../../build/serial_rw/serial_rw.egg-info/PKG-INFO
[8.694s] writing dependency_links to ../../build/serial_rw/serial_rw.egg-info/dependency_links.txt
[8.696s] writing entry points to ../../build/serial_rw/serial_rw.egg-info/entry_points.txt
[8.699s] writing requirements to ../../build/serial_rw/serial_rw.egg-info/requires.txt
[8.699s] writing top-level names to ../../build/serial_rw/serial_rw.egg-info/top_level.txt
[8.710s] reading manifest file '../../build/serial_rw/serial_rw.egg-info/SOURCES.txt'
[8.716s] writing manifest file '../../build/serial_rw/serial_rw.egg-info/SOURCES.txt'
[8.718s] running build
[8.719s] running build_py
[8.720s] running install
[8.721s] /usr/lib/python3/dist-packages/setuptools/command/install.py:34: SetuptoolsDeprecationWarning: setup.py install is deprecated. Use build and pip and other standards-based tools.
[8.722s]   warnings.warn(
[8.722s] running install_lib
[8.729s] running install_data
[8.732s] running install_egg_info
[8.746s] removing '/home/pi/ros_embedded/install/serial_rw/lib/python3.10/site-packages/serial_rw-0.0.0-py3.10.egg-info' (and everything under it)
[8.751s] Copying ../../build/serial_rw/serial_rw.egg-info to /home/pi/ros_embedded/install/serial_rw/lib/python3.10/site-packages/serial_rw-0.0.0-py3.10.egg-info
[8.766s] running install_scripts
[8.999s] Installing rw script to /home/pi/ros_embedded/install/serial_rw/lib/serial_rw
[9.002s] writing list of installed files to '/home/pi/ros_embedded/build/serial_rw/install.log'
[9.288s] Invoked command in '/home/pi/ros_embedded/src/serial_rw' returned '0': PYTHONPATH=/home/pi/ros_embedded/build/serial_rw/prefix_override:/home/pi/ros_embedded/install/serial_rw/lib/python3.10/site-packages:${PYTHONPATH} /usr/bin/python3 setup.py egg_info --egg-base ../../build/serial_rw build --build-base /home/pi/ros_embedded/build/serial_rw/build install --record /home/pi/ros_embedded/build/serial_rw/install.log --single-version-externally-managed
