[8.248s] Invoking command in '/home/pi/ros_embedded/src/web_server': PYTHONPATH=/home/pi/ros_embedded/build/web_server/prefix_override:/home/pi/ros_embedded/install/web_server/lib/python3.10/site-packages:${PYTHONPATH} /usr/bin/python3 setup.py egg_info --egg-base ../../build/web_server build --build-base /home/pi/ros_embedded/build/web_server/build install --record /home/pi/ros_embedded/build/web_server/install.log --single-version-externally-managed
[10.764s] running egg_info
[10.779s] writing ../../build/web_server/web_server.egg-info/PKG-INFO
[10.801s] writing dependency_links to ../../build/web_server/web_server.egg-info/dependency_links.txt
[10.803s] writing entry points to ../../build/web_server/web_server.egg-info/entry_points.txt
[10.810s] writing requirements to ../../build/web_server/web_server.egg-info/requires.txt
[10.815s] writing top-level names to ../../build/web_server/web_server.egg-info/top_level.txt
[10.852s] reading manifest file '../../build/web_server/web_server.egg-info/SOURCES.txt'
[10.864s] writing manifest file '../../build/web_server/web_server.egg-info/SOURCES.txt'
[10.869s] running build
[10.876s] running build_py
[10.880s] running install
[10.881s] /usr/lib/python3/dist-packages/setuptools/command/install.py:34: SetuptoolsDeprecationWarning: setup.py install is deprecated. Use build and pip and other standards-based tools.
[10.881s]   warnings.warn(
[10.881s] running install_lib
[10.890s] running install_data
[10.890s] running install_egg_info
[10.903s] removing '/home/pi/ros_embedded/install/web_server/lib/python3.10/site-packages/web_server-0.0.0-py3.10.egg-info' (and everything under it)
[10.906s] Copying ../../build/web_server/web_server.egg-info to /home/pi/ros_embedded/install/web_server/lib/python3.10/site-packages/web_server-0.0.0-py3.10.egg-info
[10.930s] running install_scripts
[11.080s] Installing web_server script to /home/pi/ros_embedded/install/web_server/lib/web_server
[11.083s] writing list of installed files to '/home/pi/ros_embedded/build/web_server/install.log'
[11.378s] Invoked command in '/home/pi/ros_embedded/src/web_server' returned '0': PYTHONPATH=/home/pi/ros_embedded/build/web_server/prefix_override:/home/pi/ros_embedded/install/web_server/lib/python3.10/site-packages:${PYTHONPATH} /usr/bin/python3 setup.py egg_info --egg-base ../../build/web_server build --build-base /home/pi/ros_embedded/build/web_server/build install --record /home/pi/ros_embedded/build/web_server/install.log --single-version-externally-managed
