[7.048s] Invoking command in '/home/pi/ros_embedded/src/database': PYTHONPATH=/home/pi/ros_embedded/build/database/prefix_override:/home/pi/ros_embedded/install/database/lib/python3.10/site-packages:${PYTHONPATH} /usr/bin/python3 setup.py egg_info --egg-base ../../build/database build --build-base /home/pi/ros_embedded/build/database/build install --record /home/pi/ros_embedded/build/database/install.log --single-version-externally-managed
[8.617s] running egg_info
[8.622s] writing ../../build/database/database.egg-info/PKG-INFO
[8.624s] writing dependency_links to ../../build/database/database.egg-info/dependency_links.txt
[8.624s] writing entry points to ../../build/database/database.egg-info/entry_points.txt
[8.626s] writing requirements to ../../build/database/database.egg-info/requires.txt
[8.627s] writing top-level names to ../../build/database/database.egg-info/top_level.txt
[8.638s] reading manifest file '../../build/database/database.egg-info/SOURCES.txt'
[8.642s] writing manifest file '../../build/database/database.egg-info/SOURCES.txt'
[8.643s] running build
[8.644s] running build_py
[8.646s] copying database/database_updater.py -> /home/pi/ros_embedded/build/database/build/lib/database
[8.647s] /usr/lib/python3/dist-packages/setuptools/command/install.py:34: SetuptoolsDeprecationWarning: setup.py install is deprecated. Use build and pip and other standards-based tools.
[8.647s]   warnings.warn(
[8.649s] running install
[8.649s] running install_lib
[8.653s] copying /home/pi/ros_embedded/build/database/build/lib/database/database_updater.py -> /home/pi/ros_embedded/install/database/lib/python3.10/site-packages/database
[8.657s] byte-compiling /home/pi/ros_embedded/install/database/lib/python3.10/site-packages/database/database_updater.py to database_updater.cpython-310.pyc
[8.662s] running install_data
[8.665s] running install_egg_info
[8.673s] removing '/home/pi/ros_embedded/install/database/lib/python3.10/site-packages/database-0.0.0-py3.10.egg-info' (and everything under it)
[8.679s] Copying ../../build/database/database.egg-info to /home/pi/ros_embedded/install/database/lib/python3.10/site-packages/database-0.0.0-py3.10.egg-info
[8.695s] running install_scripts
[8.812s] Installing database_updater script to /home/pi/ros_embedded/install/database/lib/database
[8.819s] writing list of installed files to '/home/pi/ros_embedded/build/database/install.log'
[9.233s] Invoked command in '/home/pi/ros_embedded/src/database' returned '0': PYTHONPATH=/home/pi/ros_embedded/build/database/prefix_override:/home/pi/ros_embedded/install/database/lib/python3.10/site-packages:${PYTHONPATH} /usr/bin/python3 setup.py egg_info --egg-base ../../build/database build --build-base /home/pi/ros_embedded/build/database/build install --record /home/pi/ros_embedded/build/database/install.log --single-version-externally-managed
