[6.199s] Invoking command in '/home/pi/ros_embedded/src/database': PYTHONPATH=/home/pi/ros_embedded/build/database/prefix_override:/home/pi/ros_embedded/install/database/lib/python3.10/site-packages:${PYTHONPATH} /usr/bin/python3 setup.py egg_info --egg-base ../../build/database build --build-base /home/pi/ros_embedded/build/database/build install --record /home/pi/ros_embedded/build/database/install.log --single-version-externally-managed
[7.705s] running egg_info
[7.709s] writing ../../build/database/database.egg-info/PKG-INFO
[7.711s] writing dependency_links to ../../build/database/database.egg-info/dependency_links.txt
[7.713s] writing entry points to ../../build/database/database.egg-info/entry_points.txt
[7.714s] writing requirements to ../../build/database/database.egg-info/requires.txt
[7.715s] writing top-level names to ../../build/database/database.egg-info/top_level.txt
[7.726s] reading manifest file '../../build/database/database.egg-info/SOURCES.txt'
[7.732s] writing manifest file '../../build/database/database.egg-info/SOURCES.txt'
[7.733s] running build
[7.733s] running build_py
[7.735s] running install
[7.736s] /usr/lib/python3/dist-packages/setuptools/command/install.py:34: SetuptoolsDeprecationWarning: setup.py install is deprecated. Use build and pip and other standards-based tools.
[7.736s]   warnings.warn(
[7.738s] running install_lib
[7.744s] running install_data
[7.748s] running install_egg_info
[7.757s] removing '/home/pi/ros_embedded/install/database/lib/python3.10/site-packages/database-0.0.0-py3.10.egg-info' (and everything under it)
[7.761s] Copying ../../build/database/database.egg-info to /home/pi/ros_embedded/install/database/lib/python3.10/site-packages/database-0.0.0-py3.10.egg-info
[7.770s] running install_scripts
[7.918s] Installing database_updater script to /home/pi/ros_embedded/install/database/lib/database
[7.922s] writing list of installed files to '/home/pi/ros_embedded/build/database/install.log'
[8.253s] Invoked command in '/home/pi/ros_embedded/src/database' returned '0': PYTHONPATH=/home/pi/ros_embedded/build/database/prefix_override:/home/pi/ros_embedded/install/database/lib/python3.10/site-packages:${PYTHONPATH} /usr/bin/python3 setup.py egg_info --egg-base ../../build/database build --build-base /home/pi/ros_embedded/build/database/build install --record /home/pi/ros_embedded/build/database/install.log --single-version-externally-managed
