[5.384s] Invoking command in '/home/pi/ros_embedded/src/web_server': PYTHONPATH=/home/pi/ros_embedded/build/web_server/prefix_override:/home/pi/ros_embedded/install/web_server/lib/python3.10/site-packages:${PYTHONPATH} /usr/bin/python3 setup.py egg_info --egg-base ../../build/web_server build --build-base /home/pi/ros_embedded/build/web_server/build install --record /home/pi/ros_embedded/build/web_server/install.log --single-version-externally-managed
[6.725s] running egg_info
[6.731s] writing ../../build/web_server/web_server.egg-info/PKG-INFO
[6.733s] writing dependency_links to ../../build/web_server/web_server.egg-info/dependency_links.txt
[6.734s] writing entry points to ../../build/web_server/web_server.egg-info/entry_points.txt
[6.735s] writing requirements to ../../build/web_server/web_server.egg-info/requires.txt
[6.736s] writing top-level names to ../../build/web_server/web_server.egg-info/top_level.txt
[6.746s] reading manifest file '../../build/web_server/web_server.egg-info/SOURCES.txt'
[6.751s] writing manifest file '../../build/web_server/web_server.egg-info/SOURCES.txt'
[6.753s] running build
[6.753s] running build_py
[6.754s] copying web_server/web_server.py -> /home/pi/ros_embedded/build/web_server/build/lib/web_server
[6.755s] running install
[6.756s] /usr/lib/python3/dist-packages/setuptools/command/install.py:34: SetuptoolsDeprecationWarning: setup.py install is deprecated. Use build and pip and other standards-based tools.
[6.758s]   warnings.warn(
[6.758s] running install_lib
[6.765s] copying /home/pi/ros_embedded/build/web_server/build/lib/web_server/web_server.py -> /home/pi/ros_embedded/install/web_server/lib/python3.10/site-packages/web_server
[6.766s] byte-compiling /home/pi/ros_embedded/install/web_server/lib/python3.10/site-packages/web_server/web_server.py to web_server.cpython-310.pyc
[6.769s] running install_data
[6.772s] running install_egg_info
[6.781s] removing '/home/pi/ros_embedded/install/web_server/lib/python3.10/site-packages/web_server-0.0.0-py3.10.egg-info' (and everything under it)
[6.783s] Copying ../../build/web_server/web_server.egg-info to /home/pi/ros_embedded/install/web_server/lib/python3.10/site-packages/web_server-0.0.0-py3.10.egg-info
[6.793s] running install_scripts
[6.905s] Installing web_server script to /home/pi/ros_embedded/install/web_server/lib/web_server
[6.910s] writing list of installed files to '/home/pi/ros_embedded/build/web_server/install.log'
[7.207s] Invoked command in '/home/pi/ros_embedded/src/web_server' returned '0': PYTHONPATH=/home/pi/ros_embedded/build/web_server/prefix_override:/home/pi/ros_embedded/install/web_server/lib/python3.10/site-packages:${PYTHONPATH} /usr/bin/python3 setup.py egg_info --egg-base ../../build/web_server build --build-base /home/pi/ros_embedded/build/web_server/build install --record /home/pi/ros_embedded/build/web_server/install.log --single-version-externally-managed
