[8.323s] Invoking command in '/home/pi/ros_embedded/src/database': PYTHONPATH=/home/pi/ros_embedded/build/database/prefix_override:/home/pi/ros_embedded/install/database/lib/python3.10/site-packages:${PYTHONPATH} /usr/bin/python3 setup.py egg_info --egg-base ../../build/database build --build-base /home/pi/ros_embedded/build/database/build install --record /home/pi/ros_embedded/build/database/install.log --single-version-externally-managed
[10.573s] running egg_info
[10.592s] writing ../../build/database/database.egg-info/PKG-INFO
[10.593s] writing dependency_links to ../../build/database/database.egg-info/dependency_links.txt
[10.594s] writing entry points to ../../build/database/database.egg-info/entry_points.txt
[10.596s] writing requirements to ../../build/database/database.egg-info/requires.txt
[10.597s] writing top-level names to ../../build/database/database.egg-info/top_level.txt
[10.615s] reading manifest file '../../build/database/database.egg-info/SOURCES.txt'
[10.629s] writing manifest file '../../build/database/database.egg-info/SOURCES.txt'
[10.635s] running build
[10.638s] running build_py
[10.648s] running install
[10.650s] /usr/lib/python3/dist-packages/setuptools/command/install.py:34: SetuptoolsDeprecationWarning: setup.py install is deprecated. Use build and pip and other standards-based tools.
[10.651s]   warnings.warn(
[10.653s] running install_lib
[10.668s] running install_data
[10.676s] running install_egg_info
[10.694s] removing '/home/pi/ros_embedded/install/database/lib/python3.10/site-packages/database-0.0.0-py3.10.egg-info' (and everything under it)
[10.697s] Copying ../../build/database/database.egg-info to /home/pi/ros_embedded/install/database/lib/python3.10/site-packages/database-0.0.0-py3.10.egg-info
[10.719s] running install_scripts
[10.897s] Installing database_updater script to /home/pi/ros_embedded/install/database/lib/database
[10.901s] writing list of installed files to '/home/pi/ros_embedded/build/database/install.log'
[11.181s] Invoked command in '/home/pi/ros_embedded/src/database' returned '0': PYTHONPATH=/home/pi/ros_embedded/build/database/prefix_override:/home/pi/ros_embedded/install/database/lib/python3.10/site-packages:${PYTHONPATH} /usr/bin/python3 setup.py egg_info --egg-base ../../build/database build --build-base /home/pi/ros_embedded/build/database/build install --record /home/pi/ros_embedded/build/database/install.log --single-version-externally-managed
