[6.149s] Invoking command in '/home/pi/ros_embedded/src/web_server': PYTHONPATH=/home/pi/ros_embedded/build/web_server/prefix_override:/home/pi/ros_embedded/install/web_server/lib/python3.10/site-packages:${PYTHONPATH} /usr/bin/python3 setup.py egg_info --egg-base ../../build/web_server build --build-base /home/pi/ros_embedded/build/web_server/build install --record /home/pi/ros_embedded/build/web_server/install.log --single-version-externally-managed
[7.737s] running egg_info
[7.742s] writing ../../build/web_server/web_server.egg-info/PKG-INFO
[7.744s] writing dependency_links to ../../build/web_server/web_server.egg-info/dependency_links.txt
[7.745s] writing entry points to ../../build/web_server/web_server.egg-info/entry_points.txt
[7.747s] writing requirements to ../../build/web_server/web_server.egg-info/requires.txt
[7.748s] writing top-level names to ../../build/web_server/web_server.egg-info/top_level.txt
[7.759s] reading manifest file '../../build/web_server/web_server.egg-info/SOURCES.txt'
[7.763s] writing manifest file '../../build/web_server/web_server.egg-info/SOURCES.txt'
[7.764s] running build
[7.764s] running build_py
[7.766s] running install
[7.767s] /usr/lib/python3/dist-packages/setuptools/command/install.py:34: SetuptoolsDeprecationWarning: setup.py install is deprecated. Use build and pip and other standards-based tools.
[7.767s]   warnings.warn(
[7.768s] running install_lib
[7.775s] running install_data
[7.781s] running install_egg_info
[7.795s] removing '/home/pi/ros_embedded/install/web_server/lib/python3.10/site-packages/web_server-0.0.0-py3.10.egg-info' (and everything under it)
[7.799s] Copying ../../build/web_server/web_server.egg-info to /home/pi/ros_embedded/install/web_server/lib/python3.10/site-packages/web_server-0.0.0-py3.10.egg-info
[7.814s] running install_scripts
[8.018s] Installing web_server script to /home/pi/ros_embedded/install/web_server/lib/web_server
[8.025s] writing list of installed files to '/home/pi/ros_embedded/build/web_server/install.log'
[8.214s] Invoked command in '/home/pi/ros_embedded/src/web_server' returned '0': PYTHONPATH=/home/pi/ros_embedded/build/web_server/prefix_override:/home/pi/ros_embedded/install/web_server/lib/python3.10/site-packages:${PYTHONPATH} /usr/bin/python3 setup.py egg_info --egg-base ../../build/web_server build --build-base /home/pi/ros_embedded/build/web_server/build install --record /home/pi/ros_embedded/build/web_server/install.log --single-version-externally-managed
