[3.846s] Invoking command in '/home/pi/ros_embedded/src/web_server': PYTHONPATH=/home/pi/ros_embedded/build/web_server/prefix_override:/home/pi/ros_embedded/install/web_server/lib/python3.10/site-packages:${PYTHONPATH} /usr/bin/python3 setup.py egg_info --egg-base ../../build/web_server build --build-base /home/pi/ros_embedded/build/web_server/build install --record /home/pi/ros_embedded/build/web_server/install.log --single-version-externally-managed
[4.961s] running egg_info
[4.965s] writing ../../build/web_server/web_server.egg-info/PKG-INFO
[4.966s] writing dependency_links to ../../build/web_server/web_server.egg-info/dependency_links.txt
[4.967s] writing entry points to ../../build/web_server/web_server.egg-info/entry_points.txt
[4.968s] writing requirements to ../../build/web_server/web_server.egg-info/requires.txt
[4.968s] writing top-level names to ../../build/web_server/web_server.egg-info/top_level.txt
[4.977s] reading manifest file '../../build/web_server/web_server.egg-info/SOURCES.txt'
[4.981s] writing manifest file '../../build/web_server/web_server.egg-info/SOURCES.txt'
[4.982s] running build
[4.982s] running build_py
[4.983s] copying web_server/__init__.py -> /home/pi/ros_embedded/build/web_server/build/lib/web_server
[4.984s] copying web_server/web_server.py -> /home/pi/ros_embedded/build/web_server/build/lib/web_server
[4.985s] running install
[4.985s] /usr/lib/python3/dist-packages/setuptools/command/install.py:34: SetuptoolsDeprecationWarning: setup.py install is deprecated. Use build and pip and other standards-based tools.
[4.986s]   warnings.warn(
[4.987s] running install_lib
[4.991s] copying /home/pi/ros_embedded/build/web_server/build/lib/web_server/__init__.py -> /home/pi/ros_embedded/install/web_server/lib/python3.10/site-packages/web_server
[4.992s] copying /home/pi/ros_embedded/build/web_server/build/lib/web_server/web_server.py -> /home/pi/ros_embedded/install/web_server/lib/python3.10/site-packages/web_server
[4.994s] byte-compiling /home/pi/ros_embedded/install/web_server/lib/python3.10/site-packages/web_server/__init__.py to __init__.cpython-310.pyc
[4.995s] byte-compiling /home/pi/ros_embedded/install/web_server/lib/python3.10/site-packages/web_server/web_server.py to web_server.cpython-310.pyc
[4.997s] running install_data
[4.999s] copying resource/web_server -> /home/pi/ros_embedded/install/web_server/share/ament_index/resource_index/packages
[5.000s] copying package.xml -> /home/pi/ros_embedded/install/web_server/share/web_server
[5.001s] running install_egg_info
[5.008s] removing '/home/pi/ros_embedded/install/web_server/lib/python3.10/site-packages/web_server-0.0.0-py3.10.egg-info' (and everything under it)
[5.010s] Copying ../../build/web_server/web_server.egg-info to /home/pi/ros_embedded/install/web_server/lib/python3.10/site-packages/web_server-0.0.0-py3.10.egg-info
[5.016s] running install_scripts
[5.113s] writing list of installed files to '/home/pi/ros_embedded/build/web_server/install.log'
[5.327s] Invoked command in '/home/pi/ros_embedded/src/web_server' returned '0': PYTHONPATH=/home/pi/ros_embedded/build/web_server/prefix_override:/home/pi/ros_embedded/install/web_server/lib/python3.10/site-packages:${PYTHONPATH} /usr/bin/python3 setup.py egg_info --egg-base ../../build/web_server build --build-base /home/pi/ros_embedded/build/web_server/build install --record /home/pi/ros_embedded/build/web_server/install.log --single-version-externally-managed
