[3.937s] Invoking command in '/home/pi/ros_embedded/src/serial_rw': PYTHONPATH=/home/pi/ros_embedded/build/serial_rw/prefix_override:/home/pi/ros_embedded/install/serial_rw/lib/python3.10/site-packages:${PYTHONPATH} /usr/bin/python3 setup.py egg_info --egg-base ../../build/serial_rw build --build-base /home/pi/ros_embedded/build/serial_rw/build install --record /home/pi/ros_embedded/build/serial_rw/install.log --single-version-externally-managed
[5.085s] running egg_info
[5.088s] writing ../../build/serial_rw/serial_rw.egg-info/PKG-INFO
[5.089s] writing dependency_links to ../../build/serial_rw/serial_rw.egg-info/dependency_links.txt
[5.090s] writing entry points to ../../build/serial_rw/serial_rw.egg-info/entry_points.txt
[5.091s] writing requirements to ../../build/serial_rw/serial_rw.egg-info/requires.txt
[5.092s] writing top-level names to ../../build/serial_rw/serial_rw.egg-info/top_level.txt
[5.101s] reading manifest file '../../build/serial_rw/serial_rw.egg-info/SOURCES.txt'
[5.105s] writing manifest file '../../build/serial_rw/serial_rw.egg-info/SOURCES.txt'
[5.106s] running build
[5.106s] running build_py
[5.107s] copying serial_rw/serial_rw.py -> /home/pi/ros_embedded/build/serial_rw/build/lib/serial_rw
[5.109s] running install
[5.110s] /usr/lib/python3/dist-packages/setuptools/command/install.py:34: SetuptoolsDeprecationWarning: setup.py install is deprecated. Use build and pip and other standards-based tools.
[5.110s]   warnings.warn(
[5.111s] running install_lib
[5.115s] copying /home/pi/ros_embedded/build/serial_rw/build/lib/serial_rw/serial_rw.py -> /home/pi/ros_embedded/install/serial_rw/lib/python3.10/site-packages/serial_rw
[5.118s] byte-compiling /home/pi/ros_embedded/install/serial_rw/lib/python3.10/site-packages/serial_rw/serial_rw.py to serial_rw.cpython-310.pyc
[5.121s] running install_data
[5.123s] running install_egg_info
[5.130s] removing '/home/pi/ros_embedded/install/serial_rw/lib/python3.10/site-packages/serial_rw-0.0.0-py3.10.egg-info' (and everything under it)
[5.132s] Copying ../../build/serial_rw/serial_rw.egg-info to /home/pi/ros_embedded/install/serial_rw/lib/python3.10/site-packages/serial_rw-0.0.0-py3.10.egg-info
[5.138s] running install_scripts
[5.225s] Installing rw script to /home/pi/ros_embedded/install/serial_rw/lib/serial_rw
[5.227s] writing list of installed files to '/home/pi/ros_embedded/build/serial_rw/install.log'
[5.488s] Invoked command in '/home/pi/ros_embedded/src/serial_rw' returned '0': PYTHONPATH=/home/pi/ros_embedded/build/serial_rw/prefix_override:/home/pi/ros_embedded/install/serial_rw/lib/python3.10/site-packages:${PYTHONPATH} /usr/bin/python3 setup.py egg_info --egg-base ../../build/serial_rw build --build-base /home/pi/ros_embedded/build/serial_rw/build install --record /home/pi/ros_embedded/build/serial_rw/install.log --single-version-externally-managed
