[5.686s] Invoking command in '/home/pi/ros_embedded/src/serial_rw': PYTHONPATH=/home/pi/ros_embedded/build/serial_rw/prefix_override:/home/pi/ros_embedded/install/serial_rw/lib/python3.10/site-packages:${PYTHONPATH} /usr/bin/python3 setup.py egg_info --egg-base ../../build/serial_rw build --build-base /home/pi/ros_embedded/build/serial_rw/build install --record /home/pi/ros_embedded/build/serial_rw/install.log --single-version-externally-managed
[7.111s] running egg_info
[7.117s] writing ../../build/serial_rw/serial_rw.egg-info/PKG-INFO
[7.120s] writing dependency_links to ../../build/serial_rw/serial_rw.egg-info/dependency_links.txt
[7.123s] writing entry points to ../../build/serial_rw/serial_rw.egg-info/entry_points.txt
[7.127s] writing requirements to ../../build/serial_rw/serial_rw.egg-info/requires.txt
[7.129s] writing top-level names to ../../build/serial_rw/serial_rw.egg-info/top_level.txt
[7.139s] reading manifest file '../../build/serial_rw/serial_rw.egg-info/SOURCES.txt'
[7.145s] writing manifest file '../../build/serial_rw/serial_rw.egg-info/SOURCES.txt'
[7.145s] running build
[7.146s] running build_py
[7.147s] running install
[7.148s] /usr/lib/python3/dist-packages/setuptools/command/install.py:34: SetuptoolsDeprecationWarning: setup.py install is deprecated. Use build and pip and other standards-based tools.
[7.149s]   warnings.warn(
[7.149s] running install_lib
[7.156s] running install_data
[7.158s] running install_egg_info
[7.167s] removing '/home/pi/ros_embedded/install/serial_rw/lib/python3.10/site-packages/serial_rw-0.0.0-py3.10.egg-info' (and everything under it)
[7.174s] Copying ../../build/serial_rw/serial_rw.egg-info to /home/pi/ros_embedded/install/serial_rw/lib/python3.10/site-packages/serial_rw-0.0.0-py3.10.egg-info
[7.178s] running install_scripts
[7.286s] Installing rw script to /home/pi/ros_embedded/install/serial_rw/lib/serial_rw
[7.289s] writing list of installed files to '/home/pi/ros_embedded/build/serial_rw/install.log'
[7.514s] Invoked command in '/home/pi/ros_embedded/src/serial_rw' returned '0': PYTHONPATH=/home/pi/ros_embedded/build/serial_rw/prefix_override:/home/pi/ros_embedded/install/serial_rw/lib/python3.10/site-packages:${PYTHONPATH} /usr/bin/python3 setup.py egg_info --egg-base ../../build/serial_rw build --build-base /home/pi/ros_embedded/build/serial_rw/build install --record /home/pi/ros_embedded/build/serial_rw/install.log --single-version-externally-managed
