[7.648s] Invoking command in '/home/pi/ros_embedded/src/web_server': PYTHONPATH=/home/pi/ros_embedded/build/web_server/prefix_override:/home/pi/ros_embedded/install/web_server/lib/python3.10/site-packages:${PYTHONPATH} /usr/bin/python3 setup.py egg_info --egg-base ../../build/web_server build --build-base /home/pi/ros_embedded/build/web_server/build install --record /home/pi/ros_embedded/build/web_server/install.log --single-version-externally-managed
[9.401s] running egg_info
[9.407s] writing ../../build/web_server/web_server.egg-info/PKG-INFO
[9.409s] writing dependency_links to ../../build/web_server/web_server.egg-info/dependency_links.txt
[9.411s] writing entry points to ../../build/web_server/web_server.egg-info/entry_points.txt
[9.414s] writing requirements to ../../build/web_server/web_server.egg-info/requires.txt
[9.416s] writing top-level names to ../../build/web_server/web_server.egg-info/top_level.txt
[9.430s] reading manifest file '../../build/web_server/web_server.egg-info/SOURCES.txt'
[9.437s] writing manifest file '../../build/web_server/web_server.egg-info/SOURCES.txt'
[9.440s] running build
[9.443s] running build_py
[9.451s] running install
[9.454s] /usr/lib/python3/dist-packages/setuptools/command/install.py:34: SetuptoolsDeprecationWarning: setup.py install is deprecated. Use build and pip and other standards-based tools.
[9.455s]   warnings.warn(
[9.461s] running install_lib
[9.482s] running install_data
[9.494s] running install_egg_info
[9.530s] removing '/home/pi/ros_embedded/install/web_server/lib/python3.10/site-packages/web_server-0.0.0-py3.10.egg-info' (and everything under it)
[9.549s] Copying ../../build/web_server/web_server.egg-info to /home/pi/ros_embedded/install/web_server/lib/python3.10/site-packages/web_server-0.0.0-py3.10.egg-info
[9.559s] running install_scripts
[9.747s] Installing web_server script to /home/pi/ros_embedded/install/web_server/lib/web_server
[9.750s] writing list of installed files to '/home/pi/ros_embedded/build/web_server/install.log'
[9.998s] Invoked command in '/home/pi/ros_embedded/src/web_server' returned '0': PYTHONPATH=/home/pi/ros_embedded/build/web_server/prefix_override:/home/pi/ros_embedded/install/web_server/lib/python3.10/site-packages:${PYTHONPATH} /usr/bin/python3 setup.py egg_info --egg-base ../../build/web_server build --build-base /home/pi/ros_embedded/build/web_server/build install --record /home/pi/ros_embedded/build/web_server/install.log --single-version-externally-managed
