[8.553s] Invoking command in '/home/pi/ros_embedded/src/serial_rw': PYTHONPATH=/home/pi/ros_embedded/build/serial_rw/prefix_override:/home/pi/ros_embedded/install/serial_rw/lib/python3.10/site-packages:${PYTHONPATH} /usr/bin/python3 setup.py egg_info --egg-base ../../build/serial_rw build --build-base /home/pi/ros_embedded/build/serial_rw/build install --record /home/pi/ros_embedded/build/serial_rw/install.log --single-version-externally-managed
[10.204s] running egg_info
[10.209s] writing ../../build/serial_rw/serial_rw.egg-info/PKG-INFO
[10.210s] writing dependency_links to ../../build/serial_rw/serial_rw.egg-info/dependency_links.txt
[10.213s] writing entry points to ../../build/serial_rw/serial_rw.egg-info/entry_points.txt
[10.213s] writing requirements to ../../build/serial_rw/serial_rw.egg-info/requires.txt
[10.214s] writing top-level names to ../../build/serial_rw/serial_rw.egg-info/top_level.txt
[10.223s] reading manifest file '../../build/serial_rw/serial_rw.egg-info/SOURCES.txt'
[10.228s] writing manifest file '../../build/serial_rw/serial_rw.egg-info/SOURCES.txt'
[10.229s] running build
[10.230s] running build_py
[10.232s] copying serial_rw/serial_rw.py -> /home/pi/ros_embedded/build/serial_rw/build/lib/serial_rw
[10.233s] running install
[10.236s] /usr/lib/python3/dist-packages/setuptools/command/install.py:34: SetuptoolsDeprecationWarning: setup.py install is deprecated. Use build and pip and other standards-based tools.
[10.237s]   warnings.warn(
[10.237s] running install_lib
[10.243s] copying /home/pi/ros_embedded/build/serial_rw/build/lib/serial_rw/serial_rw.py -> /home/pi/ros_embedded/install/serial_rw/lib/python3.10/site-packages/serial_rw
[10.244s] byte-compiling /home/pi/ros_embedded/install/serial_rw/lib/python3.10/site-packages/serial_rw/serial_rw.py to serial_rw.cpython-310.pyc
[10.248s] running install_data
[10.251s] running install_egg_info
[10.260s] removing '/home/pi/ros_embedded/install/serial_rw/lib/python3.10/site-packages/serial_rw-0.0.0-py3.10.egg-info' (and everything under it)
[10.262s] Copying ../../build/serial_rw/serial_rw.egg-info to /home/pi/ros_embedded/install/serial_rw/lib/python3.10/site-packages/serial_rw-0.0.0-py3.10.egg-info
[10.271s] running install_scripts
[10.416s] Installing rw script to /home/pi/ros_embedded/install/serial_rw/lib/serial_rw
[10.420s] writing list of installed files to '/home/pi/ros_embedded/build/serial_rw/install.log'
[10.821s] Invoked command in '/home/pi/ros_embedded/src/serial_rw' returned '0': PYTHONPATH=/home/pi/ros_embedded/build/serial_rw/prefix_override:/home/pi/ros_embedded/install/serial_rw/lib/python3.10/site-packages:${PYTHONPATH} /usr/bin/python3 setup.py egg_info --egg-base ../../build/serial_rw build --build-base /home/pi/ros_embedded/build/serial_rw/build install --record /home/pi/ros_embedded/build/serial_rw/install.log --single-version-externally-managed
