[9.506s] Invoking command in '/home/pi/ros_embedded/src/serial_rw': PYTHONPATH=/home/pi/ros_embedded/build/serial_rw/prefix_override:/home/pi/ros_embedded/install/serial_rw/lib/python3.10/site-packages:${PYTHONPATH} /usr/bin/python3 setup.py egg_info --egg-base ../../build/serial_rw build --build-base /home/pi/ros_embedded/build/serial_rw/build install --record /home/pi/ros_embedded/build/serial_rw/install.log --single-version-externally-managed
[12.570s] running egg_info
[12.595s] writing ../../build/serial_rw/serial_rw.egg-info/PKG-INFO
[12.599s] writing dependency_links to ../../build/serial_rw/serial_rw.egg-info/dependency_links.txt
[12.602s] writing entry points to ../../build/serial_rw/serial_rw.egg-info/entry_points.txt
[12.605s] writing requirements to ../../build/serial_rw/serial_rw.egg-info/requires.txt
[12.607s] writing top-level names to ../../build/serial_rw/serial_rw.egg-info/top_level.txt
[12.627s] reading manifest file '../../build/serial_rw/serial_rw.egg-info/SOURCES.txt'
[12.636s] writing manifest file '../../build/serial_rw/serial_rw.egg-info/SOURCES.txt'
[12.637s] running build
[12.638s] running build_py
[12.643s] running install
[12.645s] /usr/lib/python3/dist-packages/setuptools/command/install.py:34: SetuptoolsDeprecationWarning: setup.py install is deprecated. Use build and pip and other standards-based tools.
[12.646s]   warnings.warn(
[12.649s] running install_lib
[12.659s] running install_data
[12.663s] running install_egg_info
[12.681s] removing '/home/pi/ros_embedded/install/serial_rw/lib/python3.10/site-packages/serial_rw-0.0.0-py3.10.egg-info' (and everything under it)
[12.690s] Copying ../../build/serial_rw/serial_rw.egg-info to /home/pi/ros_embedded/install/serial_rw/lib/python3.10/site-packages/serial_rw-0.0.0-py3.10.egg-info
[12.723s] running install_scripts
[12.935s] Installing rw script to /home/pi/ros_embedded/install/serial_rw/lib/serial_rw
[12.939s] writing list of installed files to '/home/pi/ros_embedded/build/serial_rw/install.log'
[13.194s] Invoked command in '/home/pi/ros_embedded/src/serial_rw' returned '0': PYTHONPATH=/home/pi/ros_embedded/build/serial_rw/prefix_override:/home/pi/ros_embedded/install/serial_rw/lib/python3.10/site-packages:${PYTHONPATH} /usr/bin/python3 setup.py egg_info --egg-base ../../build/serial_rw build --build-base /home/pi/ros_embedded/build/serial_rw/build install --record /home/pi/ros_embedded/build/serial_rw/install.log --single-version-externally-managed
