[3.958s] Invoking command in '/home/pi/ros_embedded/src/web_server': PYTHONPATH=/home/pi/ros_embedded/build/web_server/prefix_override:/home/pi/ros_embedded/install/web_server/lib/python3.10/site-packages:${PYTHONPATH} /usr/bin/python3 setup.py egg_info --egg-base ../../build/web_server build --build-base /home/pi/ros_embedded/build/web_server/build install --record /home/pi/ros_embedded/build/web_server/install.log --single-version-externally-managed
[5.096s] running egg_info
[5.100s] writing ../../build/web_server/web_server.egg-info/PKG-INFO
[5.101s] writing dependency_links to ../../build/web_server/web_server.egg-info/dependency_links.txt
[5.102s] writing entry points to ../../build/web_server/web_server.egg-info/entry_points.txt
[5.102s] writing requirements to ../../build/web_server/web_server.egg-info/requires.txt
[5.103s] writing top-level names to ../../build/web_server/web_server.egg-info/top_level.txt
[5.111s] reading manifest file '../../build/web_server/web_server.egg-info/SOURCES.txt'
[5.116s] writing manifest file '../../build/web_server/web_server.egg-info/SOURCES.txt'
[5.118s] running build
[5.119s] running build_py
[5.120s] copying web_server/web_server.py -> /home/pi/ros_embedded/build/web_server/build/lib/web_server
[5.121s] running install
[5.121s] /usr/lib/python3/dist-packages/setuptools/command/install.py:34: SetuptoolsDeprecationWarning: setup.py install is deprecated. Use build and pip and other standards-based tools.
[5.122s]   warnings.warn(
[5.122s] running install_lib
[5.124s] copying /home/pi/ros_embedded/build/web_server/build/lib/web_server/web_server.py -> /home/pi/ros_embedded/install/web_server/lib/python3.10/site-packages/web_server
[5.127s] byte-compiling /home/pi/ros_embedded/install/web_server/lib/python3.10/site-packages/web_server/web_server.py to web_server.cpython-310.pyc
[5.131s] running install_data
[5.134s] running install_egg_info
[5.140s] removing '/home/pi/ros_embedded/install/web_server/lib/python3.10/site-packages/web_server-0.0.0-py3.10.egg-info' (and everything under it)
[5.142s] Copying ../../build/web_server/web_server.egg-info to /home/pi/ros_embedded/install/web_server/lib/python3.10/site-packages/web_server-0.0.0-py3.10.egg-info
[5.149s] running install_scripts
[5.240s] Installing web_server script to /home/pi/ros_embedded/install/web_server/lib/web_server
[5.244s] writing list of installed files to '/home/pi/ros_embedded/build/web_server/install.log'
[5.483s] Invoked command in '/home/pi/ros_embedded/src/web_server' returned '0': PYTHONPATH=/home/pi/ros_embedded/build/web_server/prefix_override:/home/pi/ros_embedded/install/web_server/lib/python3.10/site-packages:${PYTHONPATH} /usr/bin/python3 setup.py egg_info --egg-base ../../build/web_server build --build-base /home/pi/ros_embedded/build/web_server/build install --record /home/pi/ros_embedded/build/web_server/install.log --single-version-externally-managed
