[1.861s] DEBUG:colcon:Command line arguments: ['/usr/bin/colcon', 'build']
[1.861s] DEBUG:colcon:Parsed command line arguments: Namespace(log_base=None, log_level=None, verb_name='build', build_base='build', install_base='install', merge_install=False, symlink_install=False, test_result_base=None, continue_on_error=False, executor='parallel', parallel_workers=4, event_handlers=None, ignore_user_meta=False, metas=['./colcon.meta'], base_paths=['.'], packages_ignore=None, packages_ignore_regex=None, paths=None, packages_up_to=None, packages_up_to_regex=None, packages_above=None, packages_above_and_dependencies=None, packages_above_depth=None, packages_select_by_dep=None, packages_skip_by_dep=None, packages_skip_up_to=None, packages_select_build_failed=False, packages_skip_build_finished=False, packages_select_test_failures=False, packages_skip_test_passed=False, packages_select=None, packages_skip=None, packages_select_regex=None, packages_skip_regex=None, packages_start=None, packages_end=None, allow_overriding=[], cmake_args=None, cmake_target=None, cmake_target_skip_unavailable=False, cmake_clean_cache=False, cmake_clean_first=False, cmake_force_configure=False, ament_cmake_args=None, catkin_cmake_args=None, catkin_skip_building_tests=False, verb_parser=<colcon_defaults.argument_parser.defaults.DefaultArgumentsDecorator object at 0xffff9eceee00>, verb_extension=<colcon_core.verb.build.BuildVerb object at 0xffff9f580f10>, main=<bound method BuildVerb.main of <colcon_core.verb.build.BuildVerb object at 0xffff9f580f10>>)
[1.995s] Level 1:colcon.colcon_core.package_discovery:discover_packages(colcon_meta) check parameters
[1.995s] Level 1:colcon.colcon_core.package_discovery:discover_packages(recursive) check parameters
[1.995s] Level 1:colcon.colcon_core.package_discovery:discover_packages(ignore) check parameters
[1.996s] Level 1:colcon.colcon_core.package_discovery:discover_packages(path) check parameters
[1.996s] Level 1:colcon.colcon_core.package_discovery:discover_packages(colcon_meta) discover
[1.996s] Level 1:colcon.colcon_core.package_discovery:discover_packages(recursive) discover
[1.996s] INFO:colcon.colcon_core.package_discovery:Crawling recursively for packages in '/home/pi/ros_embedded'
[1.996s] Level 1:colcon.colcon_core.package_identification:_identify(.) by extensions ['ignore', 'ignore_ament_install']
[1.997s] Level 1:colcon.colcon_core.package_identification:_identify(.) by extension 'ignore'
[1.997s] Level 1:colcon.colcon_core.package_identification:_identify(.) by extension 'ignore_ament_install'
[1.997s] Level 1:colcon.colcon_core.package_identification:_identify(.) by extensions ['colcon_pkg']
[1.997s] Level 1:colcon.colcon_core.package_identification:_identify(.) by extension 'colcon_pkg'
[1.997s] Level 1:colcon.colcon_core.package_identification:_identify(.) by extensions ['colcon_meta']
[1.998s] Level 1:colcon.colcon_core.package_identification:_identify(.) by extension 'colcon_meta'
[1.998s] Level 1:colcon.colcon_core.package_identification:_identify(.) by extensions ['ros']
[1.998s] Level 1:colcon.colcon_core.package_identification:_identify(.) by extension 'ros'
[2.045s] Level 1:colcon.colcon_core.package_identification:_identify(.) by extensions ['cmake', 'python']
[2.045s] Level 1:colcon.colcon_core.package_identification:_identify(.) by extension 'cmake'
[2.046s] Level 1:colcon.colcon_core.package_identification:_identify(.) by extension 'python'
[2.046s] Level 1:colcon.colcon_core.package_identification:_identify(.) by extensions ['python_setup_py']
[2.046s] Level 1:colcon.colcon_core.package_identification:_identify(.) by extension 'python_setup_py'
[2.047s] Level 1:colcon.colcon_core.package_identification:_identify(build) by extensions ['ignore', 'ignore_ament_install']
[2.047s] Level 1:colcon.colcon_core.package_identification:_identify(build) by extension 'ignore'
[2.047s] Level 1:colcon.colcon_core.package_identification:_identify(build) ignored
[2.048s] Level 1:colcon.colcon_core.package_identification:_identify(install) by extensions ['ignore', 'ignore_ament_install']
[2.048s] Level 1:colcon.colcon_core.package_identification:_identify(install) by extension 'ignore'
[2.048s] Level 1:colcon.colcon_core.package_identification:_identify(install) ignored
[2.049s] Level 1:colcon.colcon_core.package_identification:_identify(launch) by extensions ['ignore', 'ignore_ament_install']
[2.049s] Level 1:colcon.colcon_core.package_identification:_identify(launch) by extension 'ignore'
[2.049s] Level 1:colcon.colcon_core.package_identification:_identify(launch) by extension 'ignore_ament_install'
[2.049s] Level 1:colcon.colcon_core.package_identification:_identify(launch) by extensions ['colcon_pkg']
[2.049s] Level 1:colcon.colcon_core.package_identification:_identify(launch) by extension 'colcon_pkg'
[2.049s] Level 1:colcon.colcon_core.package_identification:_identify(launch) by extensions ['colcon_meta']
[2.050s] Level 1:colcon.colcon_core.package_identification:_identify(launch) by extension 'colcon_meta'
[2.050s] Level 1:colcon.colcon_core.package_identification:_identify(launch) by extensions ['ros']
[2.050s] Level 1:colcon.colcon_core.package_identification:_identify(launch) by extension 'ros'
[2.050s] Level 1:colcon.colcon_core.package_identification:_identify(launch) by extensions ['cmake', 'python']
[2.050s] Level 1:colcon.colcon_core.package_identification:_identify(launch) by extension 'cmake'
[2.051s] Level 1:colcon.colcon_core.package_identification:_identify(launch) by extension 'python'
[2.051s] Level 1:colcon.colcon_core.package_identification:_identify(launch) by extensions ['python_setup_py']
[2.051s] Level 1:colcon.colcon_core.package_identification:_identify(launch) by extension 'python_setup_py'
[2.051s] Level 1:colcon.colcon_core.package_identification:_identify(launch/__pycache__) by extensions ['ignore', 'ignore_ament_install']
[2.052s] Level 1:colcon.colcon_core.package_identification:_identify(launch/__pycache__) by extension 'ignore'
[2.052s] Level 1:colcon.colcon_core.package_identification:_identify(launch/__pycache__) by extension 'ignore_ament_install'
[2.052s] Level 1:colcon.colcon_core.package_identification:_identify(launch/__pycache__) by extensions ['colcon_pkg']
[2.052s] Level 1:colcon.colcon_core.package_identification:_identify(launch/__pycache__) by extension 'colcon_pkg'
[2.052s] Level 1:colcon.colcon_core.package_identification:_identify(launch/__pycache__) by extensions ['colcon_meta']
[2.052s] Level 1:colcon.colcon_core.package_identification:_identify(launch/__pycache__) by extension 'colcon_meta'
[2.053s] Level 1:colcon.colcon_core.package_identification:_identify(launch/__pycache__) by extensions ['ros']
[2.053s] Level 1:colcon.colcon_core.package_identification:_identify(launch/__pycache__) by extension 'ros'
[2.053s] Level 1:colcon.colcon_core.package_identification:_identify(launch/__pycache__) by extensions ['cmake', 'python']
[2.053s] Level 1:colcon.colcon_core.package_identification:_identify(launch/__pycache__) by extension 'cmake'
[2.053s] Level 1:colcon.colcon_core.package_identification:_identify(launch/__pycache__) by extension 'python'
[2.053s] Level 1:colcon.colcon_core.package_identification:_identify(launch/__pycache__) by extensions ['python_setup_py']
[2.053s] Level 1:colcon.colcon_core.package_identification:_identify(launch/__pycache__) by extension 'python_setup_py'
[2.057s] Level 1:colcon.colcon_core.package_identification:_identify(log) by extensions ['ignore', 'ignore_ament_install']
[2.057s] Level 1:colcon.colcon_core.package_identification:_identify(log) by extension 'ignore'
[2.057s] Level 1:colcon.colcon_core.package_identification:_identify(log) ignored
[2.058s] Level 1:colcon.colcon_core.package_identification:_identify(src) by extensions ['ignore', 'ignore_ament_install']
[2.058s] Level 1:colcon.colcon_core.package_identification:_identify(src) by extension 'ignore'
[2.058s] Level 1:colcon.colcon_core.package_identification:_identify(src) by extension 'ignore_ament_install'
[2.058s] Level 1:colcon.colcon_core.package_identification:_identify(src) by extensions ['colcon_pkg']
[2.058s] Level 1:colcon.colcon_core.package_identification:_identify(src) by extension 'colcon_pkg'
[2.059s] Level 1:colcon.colcon_core.package_identification:_identify(src) by extensions ['colcon_meta']
[2.059s] Level 1:colcon.colcon_core.package_identification:_identify(src) by extension 'colcon_meta'
[2.059s] Level 1:colcon.colcon_core.package_identification:_identify(src) by extensions ['ros']
[2.059s] Level 1:colcon.colcon_core.package_identification:_identify(src) by extension 'ros'
[2.059s] Level 1:colcon.colcon_core.package_identification:_identify(src) by extensions ['cmake', 'python']
[2.060s] Level 1:colcon.colcon_core.package_identification:_identify(src) by extension 'cmake'
[2.060s] Level 1:colcon.colcon_core.package_identification:_identify(src) by extension 'python'
[2.060s] Level 1:colcon.colcon_core.package_identification:_identify(src) by extensions ['python_setup_py']
[2.060s] Level 1:colcon.colcon_core.package_identification:_identify(src) by extension 'python_setup_py'
[2.060s] Level 1:colcon.colcon_core.package_identification:_identify(src/database) by extensions ['ignore', 'ignore_ament_install']
[2.061s] Level 1:colcon.colcon_core.package_identification:_identify(src/database) by extension 'ignore'
[2.061s] Level 1:colcon.colcon_core.package_identification:_identify(src/database) by extension 'ignore_ament_install'
[2.061s] Level 1:colcon.colcon_core.package_identification:_identify(src/database) by extensions ['colcon_pkg']
[2.061s] Level 1:colcon.colcon_core.package_identification:_identify(src/database) by extension 'colcon_pkg'
[2.061s] Level 1:colcon.colcon_core.package_identification:_identify(src/database) by extensions ['colcon_meta']
[2.061s] Level 1:colcon.colcon_core.package_identification:_identify(src/database) by extension 'colcon_meta'
[2.062s] Level 1:colcon.colcon_core.package_identification:_identify(src/database) by extensions ['ros']
[2.062s] Level 1:colcon.colcon_core.package_identification:_identify(src/database) by extension 'ros'
[2.070s] DEBUG:colcon.colcon_core.package_identification:Package 'src/database' with type 'ros.ament_python' and name 'database'
[2.070s] Level 1:colcon.colcon_core.package_identification:_identify(src/serial_rw) by extensions ['ignore', 'ignore_ament_install']
[2.071s] Level 1:colcon.colcon_core.package_identification:_identify(src/serial_rw) by extension 'ignore'
[2.071s] Level 1:colcon.colcon_core.package_identification:_identify(src/serial_rw) by extension 'ignore_ament_install'
[2.071s] Level 1:colcon.colcon_core.package_identification:_identify(src/serial_rw) by extensions ['colcon_pkg']
[2.071s] Level 1:colcon.colcon_core.package_identification:_identify(src/serial_rw) by extension 'colcon_pkg'
[2.071s] Level 1:colcon.colcon_core.package_identification:_identify(src/serial_rw) by extensions ['colcon_meta']
[2.071s] Level 1:colcon.colcon_core.package_identification:_identify(src/serial_rw) by extension 'colcon_meta'
[2.072s] Level 1:colcon.colcon_core.package_identification:_identify(src/serial_rw) by extensions ['ros']
[2.072s] Level 1:colcon.colcon_core.package_identification:_identify(src/serial_rw) by extension 'ros'
[2.074s] DEBUG:colcon.colcon_core.package_identification:Package 'src/serial_rw' with type 'ros.ament_python' and name 'serial_rw'
[2.075s] Level 1:colcon.colcon_core.package_identification:_identify(src/soil_monitor) by extensions ['ignore', 'ignore_ament_install']
[2.075s] Level 1:colcon.colcon_core.package_identification:_identify(src/soil_monitor) by extension 'ignore'
[2.075s] Level 1:colcon.colcon_core.package_identification:_identify(src/soil_monitor) by extension 'ignore_ament_install'
[2.076s] Level 1:colcon.colcon_core.package_identification:_identify(src/soil_monitor) by extensions ['colcon_pkg']
[2.076s] Level 1:colcon.colcon_core.package_identification:_identify(src/soil_monitor) by extension 'colcon_pkg'
[2.076s] Level 1:colcon.colcon_core.package_identification:_identify(src/soil_monitor) by extensions ['colcon_meta']
[2.076s] Level 1:colcon.colcon_core.package_identification:_identify(src/soil_monitor) by extension 'colcon_meta'
[2.077s] Level 1:colcon.colcon_core.package_identification:_identify(src/soil_monitor) by extensions ['ros']
[2.077s] Level 1:colcon.colcon_core.package_identification:_identify(src/soil_monitor) by extension 'ros'
[2.079s] DEBUG:colcon.colcon_core.package_identification:Package 'src/soil_monitor' with type 'ros.ament_python' and name 'soil_monitor'
[2.079s] Level 1:colcon.colcon_core.package_identification:_identify(src/web_server) by extensions ['ignore', 'ignore_ament_install']
[2.080s] Level 1:colcon.colcon_core.package_identification:_identify(src/web_server) by extension 'ignore'
[2.080s] Level 1:colcon.colcon_core.package_identification:_identify(src/web_server) by extension 'ignore_ament_install'
[2.080s] Level 1:colcon.colcon_core.package_identification:_identify(src/web_server) by extensions ['colcon_pkg']
[2.080s] Level 1:colcon.colcon_core.package_identification:_identify(src/web_server) by extension 'colcon_pkg'
[2.081s] Level 1:colcon.colcon_core.package_identification:_identify(src/web_server) by extensions ['colcon_meta']
[2.081s] Level 1:colcon.colcon_core.package_identification:_identify(src/web_server) by extension 'colcon_meta'
[2.081s] Level 1:colcon.colcon_core.package_identification:_identify(src/web_server) by extensions ['ros']
[2.081s] Level 1:colcon.colcon_core.package_identification:_identify(src/web_server) by extension 'ros'
[2.083s] DEBUG:colcon.colcon_core.package_identification:Package 'src/web_server' with type 'ros.ament_python' and name 'web_server'
[2.084s] Level 1:colcon.colcon_core.package_discovery:discover_packages(recursive) using defaults
[2.084s] Level 1:colcon.colcon_core.package_discovery:discover_packages(ignore) discover
[2.084s] Level 1:colcon.colcon_core.package_discovery:discover_packages(ignore) using defaults
[2.084s] Level 1:colcon.colcon_core.package_discovery:discover_packages(path) discover
[2.084s] Level 1:colcon.colcon_core.package_discovery:discover_packages(path) using defaults
[2.187s] Level 1:colcon.colcon_core.package_discovery:discover_packages(prefix_path) check parameters
[2.187s] Level 1:colcon.colcon_core.package_discovery:discover_packages(prefix_path) discover
[2.207s] DEBUG:colcon.colcon_installed_package_information.package_discovery:Found 270 installed packages in /opt/ros/humble
[2.213s] Level 1:colcon.colcon_core.package_discovery:discover_packages(prefix_path) using defaults
[2.514s] Level 5:colcon.colcon_core.verb:set package 'database' build argument 'cmake_args' from command line to 'None'
[2.514s] Level 5:colcon.colcon_core.verb:set package 'database' build argument 'cmake_target' from command line to 'None'
[2.514s] Level 5:colcon.colcon_core.verb:set package 'database' build argument 'cmake_target_skip_unavailable' from command line to 'False'
[2.514s] Level 5:colcon.colcon_core.verb:set package 'database' build argument 'cmake_clean_cache' from command line to 'False'
[2.514s] Level 5:colcon.colcon_core.verb:set package 'database' build argument 'cmake_clean_first' from command line to 'False'
[2.514s] Level 5:colcon.colcon_core.verb:set package 'database' build argument 'cmake_force_configure' from command line to 'False'
[2.515s] Level 5:colcon.colcon_core.verb:set package 'database' build argument 'ament_cmake_args' from command line to 'None'
[2.515s] Level 5:colcon.colcon_core.verb:set package 'database' build argument 'catkin_cmake_args' from command line to 'None'
[2.515s] Level 5:colcon.colcon_core.verb:set package 'database' build argument 'catkin_skip_building_tests' from command line to 'False'
[2.515s] DEBUG:colcon.colcon_core.verb:Building package 'database' with the following arguments: {'ament_cmake_args': None, 'build_base': '/home/pi/ros_embedded/build/database', 'catkin_cmake_args': None, 'catkin_skip_building_tests': False, 'cmake_args': None, 'cmake_clean_cache': False, 'cmake_clean_first': False, 'cmake_force_configure': False, 'cmake_target': None, 'cmake_target_skip_unavailable': False, 'install_base': '/home/pi/ros_embedded/install/database', 'merge_install': False, 'path': '/home/pi/ros_embedded/src/database', 'symlink_install': False, 'test_result_base': None}
[2.519s] Level 5:colcon.colcon_core.verb:set package 'serial_rw' build argument 'cmake_args' from command line to 'None'
[2.519s] Level 5:colcon.colcon_core.verb:set package 'serial_rw' build argument 'cmake_target' from command line to 'None'
[2.519s] Level 5:colcon.colcon_core.verb:set package 'serial_rw' build argument 'cmake_target_skip_unavailable' from command line to 'False'
[2.519s] Level 5:colcon.colcon_core.verb:set package 'serial_rw' build argument 'cmake_clean_cache' from command line to 'False'
[2.519s] Level 5:colcon.colcon_core.verb:set package 'serial_rw' build argument 'cmake_clean_first' from command line to 'False'
[2.519s] Level 5:colcon.colcon_core.verb:set package 'serial_rw' build argument 'cmake_force_configure' from command line to 'False'
[2.520s] Level 5:colcon.colcon_core.verb:set package 'serial_rw' build argument 'ament_cmake_args' from command line to 'None'
[2.520s] Level 5:colcon.colcon_core.verb:set package 'serial_rw' build argument 'catkin_cmake_args' from command line to 'None'
[2.520s] Level 5:colcon.colcon_core.verb:set package 'serial_rw' build argument 'catkin_skip_building_tests' from command line to 'False'
[2.520s] DEBUG:colcon.colcon_core.verb:Building package 'serial_rw' with the following arguments: {'ament_cmake_args': None, 'build_base': '/home/pi/ros_embedded/build/serial_rw', 'catkin_cmake_args': None, 'catkin_skip_building_tests': False, 'cmake_args': None, 'cmake_clean_cache': False, 'cmake_clean_first': False, 'cmake_force_configure': False, 'cmake_target': None, 'cmake_target_skip_unavailable': False, 'install_base': '/home/pi/ros_embedded/install/serial_rw', 'merge_install': False, 'path': '/home/pi/ros_embedded/src/serial_rw', 'symlink_install': False, 'test_result_base': None}
[2.524s] Level 5:colcon.colcon_core.verb:set package 'soil_monitor' build argument 'cmake_args' from command line to 'None'
[2.524s] Level 5:colcon.colcon_core.verb:set package 'soil_monitor' build argument 'cmake_target' from command line to 'None'
[2.524s] Level 5:colcon.colcon_core.verb:set package 'soil_monitor' build argument 'cmake_target_skip_unavailable' from command line to 'False'
[2.524s] Level 5:colcon.colcon_core.verb:set package 'soil_monitor' build argument 'cmake_clean_cache' from command line to 'False'
[2.524s] Level 5:colcon.colcon_core.verb:set package 'soil_monitor' build argument 'cmake_clean_first' from command line to 'False'
[2.524s] Level 5:colcon.colcon_core.verb:set package 'soil_monitor' build argument 'cmake_force_configure' from command line to 'False'
[2.524s] Level 5:colcon.colcon_core.verb:set package 'soil_monitor' build argument 'ament_cmake_args' from command line to 'None'
[2.525s] Level 5:colcon.colcon_core.verb:set package 'soil_monitor' build argument 'catkin_cmake_args' from command line to 'None'
[2.525s] Level 5:colcon.colcon_core.verb:set package 'soil_monitor' build argument 'catkin_skip_building_tests' from command line to 'False'
[2.525s] DEBUG:colcon.colcon_core.verb:Building package 'soil_monitor' with the following arguments: {'ament_cmake_args': None, 'build_base': '/home/pi/ros_embedded/build/soil_monitor', 'catkin_cmake_args': None, 'catkin_skip_building_tests': False, 'cmake_args': None, 'cmake_clean_cache': False, 'cmake_clean_first': False, 'cmake_force_configure': False, 'cmake_target': None, 'cmake_target_skip_unavailable': False, 'install_base': '/home/pi/ros_embedded/install/soil_monitor', 'merge_install': False, 'path': '/home/pi/ros_embedded/src/soil_monitor', 'symlink_install': False, 'test_result_base': None}
[2.529s] Level 5:colcon.colcon_core.verb:set package 'web_server' build argument 'cmake_args' from command line to 'None'
[2.529s] Level 5:colcon.colcon_core.verb:set package 'web_server' build argument 'cmake_target' from command line to 'None'
[2.529s] Level 5:colcon.colcon_core.verb:set package 'web_server' build argument 'cmake_target_skip_unavailable' from command line to 'False'
[2.529s] Level 5:colcon.colcon_core.verb:set package 'web_server' build argument 'cmake_clean_cache' from command line to 'False'
[2.529s] Level 5:colcon.colcon_core.verb:set package 'web_server' build argument 'cmake_clean_first' from command line to 'False'
[2.529s] Level 5:colcon.colcon_core.verb:set package 'web_server' build argument 'cmake_force_configure' from command line to 'False'
[2.529s] Level 5:colcon.colcon_core.verb:set package 'web_server' build argument 'ament_cmake_args' from command line to 'None'
[2.530s] Level 5:colcon.colcon_core.verb:set package 'web_server' build argument 'catkin_cmake_args' from command line to 'None'
[2.530s] Level 5:colcon.colcon_core.verb:set package 'web_server' build argument 'catkin_skip_building_tests' from command line to 'False'
[2.530s] DEBUG:colcon.colcon_core.verb:Building package 'web_server' with the following arguments: {'ament_cmake_args': None, 'build_base': '/home/pi/ros_embedded/build/web_server', 'catkin_cmake_args': None, 'catkin_skip_building_tests': False, 'cmake_args': None, 'cmake_clean_cache': False, 'cmake_clean_first': False, 'cmake_force_configure': False, 'cmake_target': None, 'cmake_target_skip_unavailable': False, 'install_base': '/home/pi/ros_embedded/install/web_server', 'merge_install': False, 'path': '/home/pi/ros_embedded/src/web_server', 'symlink_install': False, 'test_result_base': None}
[2.532s] INFO:colcon.colcon_core.executor:Executing jobs using 'parallel' executor
[2.544s] DEBUG:colcon.colcon_parallel_executor.executor.parallel:run_until_complete
[2.545s] INFO:colcon.colcon_ros.task.ament_python.build:Building ROS package in '/home/pi/ros_embedded/src/database' with build type 'ament_python'
[2.546s] Level 1:colcon.colcon_core.shell:create_environment_hook('database', 'ament_prefix_path')
[2.564s] INFO:colcon.colcon_core.plugin_system:Skipping extension 'colcon_core.shell.bat': Not used on non-Windows systems
[2.565s] INFO:colcon.colcon_core.shell:Creating environment hook '/home/pi/ros_embedded/install/database/share/database/hook/ament_prefix_path.ps1'
[2.567s] INFO:colcon.colcon_core.shell:Creating environment descriptor '/home/pi/ros_embedded/install/database/share/database/hook/ament_prefix_path.dsv'
[2.569s] INFO:colcon.colcon_core.shell:Creating environment hook '/home/pi/ros_embedded/install/database/share/database/hook/ament_prefix_path.sh'
[2.578s] INFO:colcon.colcon_core.shell:Skip shell extension 'powershell' for command environment: Not usable outside of PowerShell
[2.579s] DEBUG:colcon.colcon_core.shell:Skip shell extension 'dsv' for command environment
[2.597s] INFO:colcon.colcon_ros.task.ament_python.build:Building ROS package in '/home/pi/ros_embedded/src/serial_rw' with build type 'ament_python'
[2.597s] Level 1:colcon.colcon_core.shell:create_environment_hook('serial_rw', 'ament_prefix_path')
[2.604s] INFO:colcon.colcon_core.shell:Creating environment hook '/home/pi/ros_embedded/install/serial_rw/share/serial_rw/hook/ament_prefix_path.ps1'
[2.606s] INFO:colcon.colcon_core.shell:Creating environment descriptor '/home/pi/ros_embedded/install/serial_rw/share/serial_rw/hook/ament_prefix_path.dsv'
[2.608s] INFO:colcon.colcon_core.shell:Creating environment hook '/home/pi/ros_embedded/install/serial_rw/share/serial_rw/hook/ament_prefix_path.sh'
[2.615s] INFO:colcon.colcon_core.shell:Skip shell extension 'powershell' for command environment: Not usable outside of PowerShell
[2.616s] DEBUG:colcon.colcon_core.shell:Skip shell extension 'dsv' for command environment
[2.634s] INFO:colcon.colcon_ros.task.ament_python.build:Building ROS package in '/home/pi/ros_embedded/src/soil_monitor' with build type 'ament_python'
[2.635s] Level 1:colcon.colcon_core.shell:create_environment_hook('soil_monitor', 'ament_prefix_path')
[2.641s] INFO:colcon.colcon_core.shell:Creating environment hook '/home/pi/ros_embedded/install/soil_monitor/share/soil_monitor/hook/ament_prefix_path.ps1'
[2.644s] INFO:colcon.colcon_core.shell:Creating environment descriptor '/home/pi/ros_embedded/install/soil_monitor/share/soil_monitor/hook/ament_prefix_path.dsv'
[2.645s] INFO:colcon.colcon_core.shell:Creating environment hook '/home/pi/ros_embedded/install/soil_monitor/share/soil_monitor/hook/ament_prefix_path.sh'
[2.653s] INFO:colcon.colcon_core.shell:Skip shell extension 'powershell' for command environment: Not usable outside of PowerShell
[2.653s] DEBUG:colcon.colcon_core.shell:Skip shell extension 'dsv' for command environment
[2.672s] INFO:colcon.colcon_ros.task.ament_python.build:Building ROS package in '/home/pi/ros_embedded/src/web_server' with build type 'ament_python'
[2.673s] Level 1:colcon.colcon_core.shell:create_environment_hook('web_server', 'ament_prefix_path')
[2.681s] INFO:colcon.colcon_core.shell:Creating environment hook '/home/pi/ros_embedded/install/web_server/share/web_server/hook/ament_prefix_path.ps1'
[2.684s] INFO:colcon.colcon_core.shell:Creating environment descriptor '/home/pi/ros_embedded/install/web_server/share/web_server/hook/ament_prefix_path.dsv'
[2.686s] INFO:colcon.colcon_core.shell:Creating environment hook '/home/pi/ros_embedded/install/web_server/share/web_server/hook/ament_prefix_path.sh'
[2.694s] INFO:colcon.colcon_core.shell:Skip shell extension 'powershell' for command environment: Not usable outside of PowerShell
[2.694s] DEBUG:colcon.colcon_core.shell:Skip shell extension 'dsv' for command environment
[3.943s] INFO:colcon.colcon_core.task.python.build:Building Python package in '/home/pi/ros_embedded/src/database'
[3.948s] INFO:colcon.colcon_core.shell:Skip shell extension 'powershell' for command environment: Not usable outside of PowerShell
[3.949s] DEBUG:colcon.colcon_core.shell:Skip shell extension 'dsv' for command environment
[5.186s] INFO:colcon.colcon_core.task.python.build:Building Python package in '/home/pi/ros_embedded/src/serial_rw'
[5.192s] INFO:colcon.colcon_core.shell:Skip shell extension 'powershell' for command environment: Not usable outside of PowerShell
[5.193s] DEBUG:colcon.colcon_core.shell:Skip shell extension 'dsv' for command environment
[6.442s] INFO:colcon.colcon_core.task.python.build:Building Python package in '/home/pi/ros_embedded/src/soil_monitor'
[6.447s] INFO:colcon.colcon_core.shell:Skip shell extension 'powershell' for command environment: Not usable outside of PowerShell
[6.448s] DEBUG:colcon.colcon_core.shell:Skip shell extension 'dsv' for command environment
[7.660s] INFO:colcon.colcon_core.task.python.build:Building Python package in '/home/pi/ros_embedded/src/web_server'
[7.667s] INFO:colcon.colcon_core.shell:Skip shell extension 'powershell' for command environment: Not usable outside of PowerShell
[7.668s] DEBUG:colcon.colcon_core.shell:Skip shell extension 'dsv' for command environment
[9.948s] DEBUG:colcon.colcon_core.event_handler.log_command:Invoking command in '/home/pi/ros_embedded/src/database': PYTHONPATH=/home/pi/ros_embedded/build/database/prefix_override:/home/pi/ros_embedded/install/database/lib/python3.10/site-packages:${PYTHONPATH} /usr/bin/python3 setup.py egg_info --egg-base ../../build/database build --build-base /home/pi/ros_embedded/build/database/build install --record /home/pi/ros_embedded/build/database/install.log --single-version-externally-managed
[10.192s] DEBUG:colcon.colcon_core.event_handler.log_command:Invoking command in '/home/pi/ros_embedded/src/soil_monitor': PYTHONPATH=/home/pi/ros_embedded/build/soil_monitor/prefix_override:/home/pi/ros_embedded/install/soil_monitor/lib/python3.10/site-packages:${PYTHONPATH} /usr/bin/python3 setup.py egg_info --egg-base ../../build/soil_monitor build --build-base /home/pi/ros_embedded/build/soil_monitor/build install --record /home/pi/ros_embedded/build/soil_monitor/install.log --single-version-externally-managed
[10.327s] DEBUG:colcon.colcon_core.event_handler.log_command:Invoking command in '/home/pi/ros_embedded/src/web_server': PYTHONPATH=/home/pi/ros_embedded/build/web_server/prefix_override:/home/pi/ros_embedded/install/web_server/lib/python3.10/site-packages:${PYTHONPATH} /usr/bin/python3 setup.py egg_info --egg-base ../../build/web_server build --build-base /home/pi/ros_embedded/build/web_server/build install --record /home/pi/ros_embedded/build/web_server/install.log --single-version-externally-managed
[10.388s] DEBUG:colcon.colcon_core.event_handler.log_command:Invoking command in '/home/pi/ros_embedded/src/serial_rw': PYTHONPATH=/home/pi/ros_embedded/build/serial_rw/prefix_override:/home/pi/ros_embedded/install/serial_rw/lib/python3.10/site-packages:${PYTHONPATH} /usr/bin/python3 setup.py egg_info --egg-base ../../build/serial_rw build --build-base /home/pi/ros_embedded/build/serial_rw/build install --record /home/pi/ros_embedded/build/serial_rw/install.log --single-version-externally-managed
[12.195s] DEBUG:colcon.colcon_core.event_handler.log_command:Invoked command in '/home/pi/ros_embedded/src/database' returned '0': PYTHONPATH=/home/pi/ros_embedded/build/database/prefix_override:/home/pi/ros_embedded/install/database/lib/python3.10/site-packages:${PYTHONPATH} /usr/bin/python3 setup.py egg_info --egg-base ../../build/database build --build-base /home/pi/ros_embedded/build/database/build install --record /home/pi/ros_embedded/build/database/install.log --single-version-externally-managed
[12.251s] Level 1:colcon.colcon_core.environment:checking '/home/pi/ros_embedded/install/database' for CMake module files
[12.254s] Level 1:colcon.colcon_core.environment:checking '/home/pi/ros_embedded/install/database' for CMake config files
[12.266s] Level 1:colcon.colcon_core.environment:checking '/home/pi/ros_embedded/install/database/lib'
[12.267s] Level 1:colcon.colcon_core.environment:checking '/home/pi/ros_embedded/install/database/bin'
[12.268s] Level 1:colcon.colcon_core.environment:checking '/home/pi/ros_embedded/install/database/lib/pkgconfig/database.pc'
[12.269s] Level 1:colcon.colcon_core.environment:checking '/home/pi/ros_embedded/install/database/lib/python3.10/site-packages'
[12.270s] Level 1:colcon.colcon_core.shell:create_environment_hook('database', 'pythonpath')
[12.278s] INFO:colcon.colcon_core.shell:Creating environment hook '/home/pi/ros_embedded/install/database/share/database/hook/pythonpath.ps1'
[12.293s] INFO:colcon.colcon_core.shell:Creating environment descriptor '/home/pi/ros_embedded/install/database/share/database/hook/pythonpath.dsv'
[12.305s] INFO:colcon.colcon_core.shell:Creating environment hook '/home/pi/ros_embedded/install/database/share/database/hook/pythonpath.sh'
[12.313s] Level 1:colcon.colcon_core.environment:checking '/home/pi/ros_embedded/install/database/bin'
[12.313s] Level 1:colcon.colcon_core.environment:create_environment_scripts_only(database)
[12.335s] INFO:colcon.colcon_core.shell:Creating package script '/home/pi/ros_embedded/install/database/share/database/package.ps1'
[12.355s] INFO:colcon.colcon_core.shell:Creating package descriptor '/home/pi/ros_embedded/install/database/share/database/package.dsv'
[12.360s] INFO:colcon.colcon_core.shell:Creating package script '/home/pi/ros_embedded/install/database/share/database/package.sh'
[12.371s] INFO:colcon.colcon_core.shell:Creating package script '/home/pi/ros_embedded/install/database/share/database/package.bash'
[12.378s] INFO:colcon.colcon_core.shell:Creating package script '/home/pi/ros_embedded/install/database/share/database/package.zsh'
[12.385s] Level 1:colcon.colcon_core.environment:create_file_with_runtime_dependencies(/home/pi/ros_embedded/install/database/share/colcon-core/packages/database)
[12.562s] Level 1:colcon.colcon_core.environment:checking '/home/pi/ros_embedded/install/soil_monitor' for CMake module files
[12.564s] DEBUG:colcon.colcon_core.event_handler.log_command:Invoked command in '/home/pi/ros_embedded/src/soil_monitor' returned '0': PYTHONPATH=/home/pi/ros_embedded/build/soil_monitor/prefix_override:/home/pi/ros_embedded/install/soil_monitor/lib/python3.10/site-packages:${PYTHONPATH} /usr/bin/python3 setup.py egg_info --egg-base ../../build/soil_monitor build --build-base /home/pi/ros_embedded/build/soil_monitor/build install --record /home/pi/ros_embedded/build/soil_monitor/install.log --single-version-externally-managed
[12.568s] Level 1:colcon.colcon_core.environment:checking '/home/pi/ros_embedded/install/soil_monitor' for CMake config files
[12.577s] Level 1:colcon.colcon_core.environment:checking '/home/pi/ros_embedded/install/soil_monitor/lib'
[12.578s] Level 1:colcon.colcon_core.environment:checking '/home/pi/ros_embedded/install/soil_monitor/bin'
[12.579s] Level 1:colcon.colcon_core.environment:checking '/home/pi/ros_embedded/install/soil_monitor/lib/pkgconfig/soil_monitor.pc'
[12.581s] Level 1:colcon.colcon_core.environment:checking '/home/pi/ros_embedded/install/soil_monitor/lib/python3.10/site-packages'
[12.583s] Level 1:colcon.colcon_core.shell:create_environment_hook('soil_monitor', 'pythonpath')
[12.596s] INFO:colcon.colcon_core.shell:Creating environment hook '/home/pi/ros_embedded/install/soil_monitor/share/soil_monitor/hook/pythonpath.ps1'
[12.601s] INFO:colcon.colcon_core.shell:Creating environment descriptor '/home/pi/ros_embedded/install/soil_monitor/share/soil_monitor/hook/pythonpath.dsv'
[12.607s] INFO:colcon.colcon_core.shell:Creating environment hook '/home/pi/ros_embedded/install/soil_monitor/share/soil_monitor/hook/pythonpath.sh'
[12.615s] Level 1:colcon.colcon_core.environment:checking '/home/pi/ros_embedded/install/soil_monitor/bin'
[12.616s] Level 1:colcon.colcon_core.environment:create_environment_scripts_only(soil_monitor)
[12.630s] INFO:colcon.colcon_core.shell:Creating package script '/home/pi/ros_embedded/install/soil_monitor/share/soil_monitor/package.ps1'
[12.635s] INFO:colcon.colcon_core.shell:Creating package descriptor '/home/pi/ros_embedded/install/soil_monitor/share/soil_monitor/package.dsv'
[12.642s] INFO:colcon.colcon_core.shell:Creating package script '/home/pi/ros_embedded/install/soil_monitor/share/soil_monitor/package.sh'
[12.647s] INFO:colcon.colcon_core.shell:Creating package script '/home/pi/ros_embedded/install/soil_monitor/share/soil_monitor/package.bash'
[12.650s] INFO:colcon.colcon_core.shell:Creating package script '/home/pi/ros_embedded/install/soil_monitor/share/soil_monitor/package.zsh'
[12.653s] Level 1:colcon.colcon_core.environment:create_file_with_runtime_dependencies(/home/pi/ros_embedded/install/soil_monitor/share/colcon-core/packages/soil_monitor)
[12.673s] Level 1:colcon.colcon_core.environment:checking '/home/pi/ros_embedded/install/web_server' for CMake module files
[12.677s] DEBUG:colcon.colcon_core.event_handler.log_command:Invoked command in '/home/pi/ros_embedded/src/web_server' returned '0': PYTHONPATH=/home/pi/ros_embedded/build/web_server/prefix_override:/home/pi/ros_embedded/install/web_server/lib/python3.10/site-packages:${PYTHONPATH} /usr/bin/python3 setup.py egg_info --egg-base ../../build/web_server build --build-base /home/pi/ros_embedded/build/web_server/build install --record /home/pi/ros_embedded/build/web_server/install.log --single-version-externally-managed
[12.679s] Level 1:colcon.colcon_core.environment:checking '/home/pi/ros_embedded/install/web_server' for CMake config files
[12.687s] Level 1:colcon.colcon_core.environment:checking '/home/pi/ros_embedded/install/web_server/lib'
[12.689s] Level 1:colcon.colcon_core.environment:checking '/home/pi/ros_embedded/install/web_server/bin'
[12.690s] Level 1:colcon.colcon_core.shell:create_environment_hook('web_server', 'path')
[12.701s] INFO:colcon.colcon_core.shell:Creating environment hook '/home/pi/ros_embedded/install/web_server/share/web_server/hook/path.ps1'
[12.706s] INFO:colcon.colcon_core.shell:Creating environment descriptor '/home/pi/ros_embedded/install/web_server/share/web_server/hook/path.dsv'
[12.710s] INFO:colcon.colcon_core.shell:Creating environment hook '/home/pi/ros_embedded/install/web_server/share/web_server/hook/path.sh'
[12.713s] Level 1:colcon.colcon_core.environment:checking '/home/pi/ros_embedded/install/web_server/lib/pkgconfig/web_server.pc'
[12.715s] Level 1:colcon.colcon_core.environment:checking '/home/pi/ros_embedded/install/web_server/lib/python3.10/site-packages'
[12.715s] Level 1:colcon.colcon_core.shell:create_environment_hook('web_server', 'pythonpath')
[12.725s] INFO:colcon.colcon_core.shell:Creating environment hook '/home/pi/ros_embedded/install/web_server/share/web_server/hook/pythonpath.ps1'
[12.729s] INFO:colcon.colcon_core.shell:Creating environment descriptor '/home/pi/ros_embedded/install/web_server/share/web_server/hook/pythonpath.dsv'
[12.733s] INFO:colcon.colcon_core.shell:Creating environment hook '/home/pi/ros_embedded/install/web_server/share/web_server/hook/pythonpath.sh'
[12.737s] Level 1:colcon.colcon_core.environment:checking '/home/pi/ros_embedded/install/web_server/bin'
[12.738s] Level 1:colcon.colcon_core.shell:create_environment_hook('web_server', 'pythonscriptspath')
[12.745s] INFO:colcon.colcon_core.shell:Creating environment hook '/home/pi/ros_embedded/install/web_server/share/web_server/hook/pythonscriptspath.ps1'
[12.750s] INFO:colcon.colcon_core.shell:Creating environment descriptor '/home/pi/ros_embedded/install/web_server/share/web_server/hook/pythonscriptspath.dsv'
[12.752s] INFO:colcon.colcon_core.shell:Creating environment hook '/home/pi/ros_embedded/install/web_server/share/web_server/hook/pythonscriptspath.sh'
[12.754s] Level 1:colcon.colcon_core.environment:create_environment_scripts_only(web_server)
[12.761s] INFO:colcon.colcon_core.shell:Creating package script '/home/pi/ros_embedded/install/web_server/share/web_server/package.ps1'
[12.764s] INFO:colcon.colcon_core.shell:Creating package descriptor '/home/pi/ros_embedded/install/web_server/share/web_server/package.dsv'
[12.767s] INFO:colcon.colcon_core.shell:Creating package script '/home/pi/ros_embedded/install/web_server/share/web_server/package.sh'
[12.770s] INFO:colcon.colcon_core.shell:Creating package script '/home/pi/ros_embedded/install/web_server/share/web_server/package.bash'
[12.772s] INFO:colcon.colcon_core.shell:Creating package script '/home/pi/ros_embedded/install/web_server/share/web_server/package.zsh'
[12.774s] Level 1:colcon.colcon_core.environment:create_file_with_runtime_dependencies(/home/pi/ros_embedded/install/web_server/share/colcon-core/packages/web_server)
[12.793s] Level 1:colcon.colcon_core.environment:checking '/home/pi/ros_embedded/install/serial_rw' for CMake module files
[12.797s] DEBUG:colcon.colcon_core.event_handler.log_command:Invoked command in '/home/pi/ros_embedded/src/serial_rw' returned '0': PYTHONPATH=/home/pi/ros_embedded/build/serial_rw/prefix_override:/home/pi/ros_embedded/install/serial_rw/lib/python3.10/site-packages:${PYTHONPATH} /usr/bin/python3 setup.py egg_info --egg-base ../../build/serial_rw build --build-base /home/pi/ros_embedded/build/serial_rw/build install --record /home/pi/ros_embedded/build/serial_rw/install.log --single-version-externally-managed
[12.800s] Level 1:colcon.colcon_core.environment:checking '/home/pi/ros_embedded/install/serial_rw' for CMake config files
[12.805s] Level 1:colcon.colcon_core.environment:checking '/home/pi/ros_embedded/install/serial_rw/lib'
[12.805s] Level 1:colcon.colcon_core.environment:checking '/home/pi/ros_embedded/install/serial_rw/bin'
[12.806s] Level 1:colcon.colcon_core.environment:checking '/home/pi/ros_embedded/install/serial_rw/lib/pkgconfig/serial_rw.pc'
[12.807s] Level 1:colcon.colcon_core.environment:checking '/home/pi/ros_embedded/install/serial_rw/lib/python3.10/site-packages'
[12.808s] Level 1:colcon.colcon_core.shell:create_environment_hook('serial_rw', 'pythonpath')
[12.816s] INFO:colcon.colcon_core.shell:Creating environment hook '/home/pi/ros_embedded/install/serial_rw/share/serial_rw/hook/pythonpath.ps1'
[12.818s] INFO:colcon.colcon_core.shell:Creating environment descriptor '/home/pi/ros_embedded/install/serial_rw/share/serial_rw/hook/pythonpath.dsv'
[12.821s] INFO:colcon.colcon_core.shell:Creating environment hook '/home/pi/ros_embedded/install/serial_rw/share/serial_rw/hook/pythonpath.sh'
[12.825s] Level 1:colcon.colcon_core.environment:checking '/home/pi/ros_embedded/install/serial_rw/bin'
[12.825s] Level 1:colcon.colcon_core.environment:create_environment_scripts_only(serial_rw)
[12.833s] INFO:colcon.colcon_core.shell:Creating package script '/home/pi/ros_embedded/install/serial_rw/share/serial_rw/package.ps1'
[12.836s] INFO:colcon.colcon_core.shell:Creating package descriptor '/home/pi/ros_embedded/install/serial_rw/share/serial_rw/package.dsv'
[12.839s] INFO:colcon.colcon_core.shell:Creating package script '/home/pi/ros_embedded/install/serial_rw/share/serial_rw/package.sh'
[12.841s] INFO:colcon.colcon_core.shell:Creating package script '/home/pi/ros_embedded/install/serial_rw/share/serial_rw/package.bash'
[12.846s] INFO:colcon.colcon_core.shell:Creating package script '/home/pi/ros_embedded/install/serial_rw/share/serial_rw/package.zsh'
[12.851s] Level 1:colcon.colcon_core.environment:create_file_with_runtime_dependencies(/home/pi/ros_embedded/install/serial_rw/share/colcon-core/packages/serial_rw)
[12.853s] DEBUG:colcon.colcon_parallel_executor.executor.parallel:closing loop
[12.855s] DEBUG:colcon.colcon_parallel_executor.executor.parallel:loop closed
[12.856s] DEBUG:colcon.colcon_parallel_executor.executor.parallel:run_until_complete finished with '0'
[12.856s] DEBUG:colcon.colcon_core.event_reactor:joining thread
[12.880s] INFO:colcon.colcon_core.plugin_system:Skipping extension 'colcon_notification.desktop_notification.terminal_notifier': Not used on non-Darwin systems
[12.880s] INFO:colcon.colcon_core.plugin_system:Skipping extension 'colcon_notification.desktop_notification.win32': Not used on non-Windows systems
[12.881s] INFO:colcon.colcon_notification.desktop_notification:Sending desktop notification using 'notify2'
[12.885s] DEBUG:colcon.colcon_notification.desktop_notification.notify2:Failed to initialize notify2: org.freedesktop.DBus.Error.ServiceUnknown: The name org.freedesktop.Notifications was not provided by any .service files
[12.886s] DEBUG:colcon.colcon_core.event_reactor:joined thread
[12.893s] INFO:colcon.colcon_core.shell:Creating prefix script '/home/pi/ros_embedded/install/local_setup.ps1'
[12.897s] INFO:colcon.colcon_core.shell:Creating prefix util module '/home/pi/ros_embedded/install/_local_setup_util_ps1.py'
[12.904s] INFO:colcon.colcon_core.shell:Creating prefix chain script '/home/pi/ros_embedded/install/setup.ps1'
[12.909s] INFO:colcon.colcon_core.shell:Creating prefix script '/home/pi/ros_embedded/install/local_setup.sh'
[12.912s] INFO:colcon.colcon_core.shell:Creating prefix util module '/home/pi/ros_embedded/install/_local_setup_util_sh.py'
[12.914s] INFO:colcon.colcon_core.shell:Creating prefix chain script '/home/pi/ros_embedded/install/setup.sh'
[12.919s] INFO:colcon.colcon_core.shell:Creating prefix script '/home/pi/ros_embedded/install/local_setup.bash'
[12.922s] INFO:colcon.colcon_core.shell:Creating prefix chain script '/home/pi/ros_embedded/install/setup.bash'
[12.928s] INFO:colcon.colcon_core.shell:Creating prefix script '/home/pi/ros_embedded/install/local_setup.zsh'
[12.930s] INFO:colcon.colcon_core.shell:Creating prefix chain script '/home/pi/ros_embedded/install/setup.zsh'
