[5.482s] Invoking command in '/home/pi/ros_embedded/src/serial_rw': PYTHONPATH=/home/pi/ros_embedded/build/serial_rw/prefix_override:/home/pi/ros_embedded/install/serial_rw/lib/python3.10/site-packages:${PYTHONPATH} /usr/bin/python3 setup.py egg_info --egg-base ../../build/serial_rw build --build-base /home/pi/ros_embedded/build/serial_rw/build install --record /home/pi/ros_embedded/build/serial_rw/install.log --single-version-externally-managed
[6.844s] running egg_info
[6.849s] writing ../../build/serial_rw/serial_rw.egg-info/PKG-INFO
[6.851s] writing dependency_links to ../../build/serial_rw/serial_rw.egg-info/dependency_links.txt
[6.852s] writing entry points to ../../build/serial_rw/serial_rw.egg-info/entry_points.txt
[6.853s] writing requirements to ../../build/serial_rw/serial_rw.egg-info/requires.txt
[6.854s] writing top-level names to ../../build/serial_rw/serial_rw.egg-info/top_level.txt
[6.866s] reading manifest file '../../build/serial_rw/serial_rw.egg-info/SOURCES.txt'
[6.871s] writing manifest file '../../build/serial_rw/serial_rw.egg-info/SOURCES.txt'
[6.872s] running build
[6.873s] running build_py
[6.875s] running install
[6.876s] /usr/lib/python3/dist-packages/setuptools/command/install.py:34: SetuptoolsDeprecationWarning: setup.py install is deprecated. Use build and pip and other standards-based tools.
[6.877s]   warnings.warn(
[6.878s] running install_lib
[6.887s] running install_data
[6.890s] running install_egg_info
[6.899s] removing '/home/pi/ros_embedded/install/serial_rw/lib/python3.10/site-packages/serial_rw-0.0.0-py3.10.egg-info' (and everything under it)
[6.901s] Copying ../../build/serial_rw/serial_rw.egg-info to /home/pi/ros_embedded/install/serial_rw/lib/python3.10/site-packages/serial_rw-0.0.0-py3.10.egg-info
[6.908s] running install_scripts
[7.074s] Installing rw script to /home/pi/ros_embedded/install/serial_rw/lib/serial_rw
[7.079s] writing list of installed files to '/home/pi/ros_embedded/build/serial_rw/install.log'
[7.351s] Invoked command in '/home/pi/ros_embedded/src/serial_rw' returned '0': PYTHONPATH=/home/pi/ros_embedded/build/serial_rw/prefix_override:/home/pi/ros_embedded/install/serial_rw/lib/python3.10/site-packages:${PYTHONPATH} /usr/bin/python3 setup.py egg_info --egg-base ../../build/serial_rw build --build-base /home/pi/ros_embedded/build/serial_rw/build install --record /home/pi/ros_embedded/build/serial_rw/install.log --single-version-externally-managed
