[8.470s] Invoking command in '/home/pi/ros_embedded/src/database': PYTHONPATH=/home/pi/ros_embedded/build/database/prefix_override:/home/pi/ros_embedded/install/database/lib/python3.10/site-packages:${PYTHONPATH} /usr/bin/python3 setup.py egg_info --egg-base ../../build/database build --build-base /home/pi/ros_embedded/build/database/build install --record /home/pi/ros_embedded/build/database/install.log --single-version-externally-managed
[10.485s] running egg_info
[10.493s] writing ../../build/database/database.egg-info/PKG-INFO
[10.495s] writing dependency_links to ../../build/database/database.egg-info/dependency_links.txt
[10.498s] writing entry points to ../../build/database/database.egg-info/entry_points.txt
[10.500s] writing requirements to ../../build/database/database.egg-info/requires.txt
[10.503s] writing top-level names to ../../build/database/database.egg-info/top_level.txt
[10.518s] reading manifest file '../../build/database/database.egg-info/SOURCES.txt'
[10.525s] writing manifest file '../../build/database/database.egg-info/SOURCES.txt'
[10.526s] running build
[10.528s] running build_py
[10.533s] copying database/database_updater.py -> /home/pi/ros_embedded/build/database/build/lib/database
[10.535s] running install
[10.535s] running install_lib
[10.539s] /usr/lib/python3/dist-packages/setuptools/command/install.py:34: SetuptoolsDeprecationWarning: setup.py install is deprecated. Use build and pip and other standards-based tools.
[10.540s]   warnings.warn(
[10.553s] copying /home/pi/ros_embedded/build/database/build/lib/database/database_updater.py -> /home/pi/ros_embedded/install/database/lib/python3.10/site-packages/database
[10.561s] byte-compiling /home/pi/ros_embedded/install/database/lib/python3.10/site-packages/database/database_updater.py to database_updater.cpython-310.pyc
[10.565s] running install_data
[10.568s] running install_egg_info
[10.577s] removing '/home/pi/ros_embedded/install/database/lib/python3.10/site-packages/database-0.0.0-py3.10.egg-info' (and everything under it)
[10.579s] Copying ../../build/database/database.egg-info to /home/pi/ros_embedded/install/database/lib/python3.10/site-packages/database-0.0.0-py3.10.egg-info
[10.594s] running install_scripts
[10.709s] Installing database_updater script to /home/pi/ros_embedded/install/database/lib/database
[10.711s] writing list of installed files to '/home/pi/ros_embedded/build/database/install.log'
[10.919s] Invoked command in '/home/pi/ros_embedded/src/database' returned '0': PYTHONPATH=/home/pi/ros_embedded/build/database/prefix_override:/home/pi/ros_embedded/install/database/lib/python3.10/site-packages:${PYTHONPATH} /usr/bin/python3 setup.py egg_info --egg-base ../../build/database build --build-base /home/pi/ros_embedded/build/database/build install --record /home/pi/ros_embedded/build/database/install.log --single-version-externally-managed
