[3.794s] Invoking command in '/home/pi/ros_embedded/src/py_pubsub': PYTHONPATH=/home/pi/ros_embedded/build/py_pubsub/prefix_override:/home/pi/ros_embedded/install/py_pubsub/lib/python3.10/site-packages:${PYTHONPATH} /usr/bin/python3 setup.py egg_info --egg-base ../../build/py_pubsub build --build-base /home/pi/ros_embedded/build/py_pubsub/build install --record /home/pi/ros_embedded/build/py_pubsub/install.log --single-version-externally-managed
[4.891s] running egg_info
[4.893s] writing ../../build/py_pubsub/py_pubsub.egg-info/PKG-INFO
[4.895s] writing dependency_links to ../../build/py_pubsub/py_pubsub.egg-info/dependency_links.txt
[4.897s] writing entry points to ../../build/py_pubsub/py_pubsub.egg-info/entry_points.txt
[4.899s] writing requirements to ../../build/py_pubsub/py_pubsub.egg-info/requires.txt
[4.900s] writing top-level names to ../../build/py_pubsub/py_pubsub.egg-info/top_level.txt
[4.906s] reading manifest file '../../build/py_pubsub/py_pubsub.egg-info/SOURCES.txt'
[4.910s] writing manifest file '../../build/py_pubsub/py_pubsub.egg-info/SOURCES.txt'
[4.912s] running build
[4.913s] running build_py
[4.916s] running install
[4.917s] /usr/lib/python3/dist-packages/setuptools/command/install.py:34: SetuptoolsDeprecationWarning: setup.py install is deprecated. Use build and pip and other standards-based tools.
[4.917s]   warnings.warn(
[4.919s] running install_lib
[4.921s] running install_data
[4.923s] running install_egg_info
[4.932s] removing '/home/pi/ros_embedded/install/py_pubsub/lib/python3.10/site-packages/py_pubsub-0.0.0-py3.10.egg-info' (and everything under it)
[4.933s] Copying ../../build/py_pubsub/py_pubsub.egg-info to /home/pi/ros_embedded/install/py_pubsub/lib/python3.10/site-packages/py_pubsub-0.0.0-py3.10.egg-info
[4.939s] running install_scripts
[5.026s] Installing listener script to /home/pi/ros_embedded/install/py_pubsub/lib/py_pubsub
[5.027s] Installing talker script to /home/pi/ros_embedded/install/py_pubsub/lib/py_pubsub
[5.028s] writing list of installed files to '/home/pi/ros_embedded/build/py_pubsub/install.log'
[5.204s] Invoked command in '/home/pi/ros_embedded/src/py_pubsub' returned '0': PYTHONPATH=/home/pi/ros_embedded/build/py_pubsub/prefix_override:/home/pi/ros_embedded/install/py_pubsub/lib/python3.10/site-packages:${PYTHONPATH} /usr/bin/python3 setup.py egg_info --egg-base ../../build/py_pubsub build --build-base /home/pi/ros_embedded/build/py_pubsub/build install --record /home/pi/ros_embedded/build/py_pubsub/install.log --single-version-externally-managed
