[2.785s] Invoking command in '/home/pi/ros_embedded/src/serial_rw': PYTHONPATH=/home/pi/ros_embedded/build/serial_rw/prefix_override:/home/pi/ros_embedded/install/serial_rw/lib/python3.10/site-packages:${PYTHONPATH} /usr/bin/python3 setup.py egg_info --egg-base ../../build/serial_rw build --build-base /home/pi/ros_embedded/build/serial_rw/build install --record /home/pi/ros_embedded/build/serial_rw/install.log --single-version-externally-managed
[3.779s] running egg_info
[3.783s] writing ../../build/serial_rw/serial_rw.egg-info/PKG-INFO
[3.786s] writing dependency_links to ../../build/serial_rw/serial_rw.egg-info/dependency_links.txt
[3.787s] writing entry points to ../../build/serial_rw/serial_rw.egg-info/entry_points.txt
[3.788s] writing requirements to ../../build/serial_rw/serial_rw.egg-info/requires.txt
[3.788s] writing top-level names to ../../build/serial_rw/serial_rw.egg-info/top_level.txt
[3.798s] reading manifest file '../../build/serial_rw/serial_rw.egg-info/SOURCES.txt'
[3.802s] writing manifest file '../../build/serial_rw/serial_rw.egg-info/SOURCES.txt'
[3.803s] running build
[3.804s] running build_py
[3.807s] running install
[3.808s] /usr/lib/python3/dist-packages/setuptools/command/install.py:34: SetuptoolsDeprecationWarning: setup.py install is deprecated. Use build and pip and other standards-based tools.
[3.808s]   warnings.warn(
[3.809s] running install_lib
[3.816s] running install_data
[3.819s] running install_egg_info
[3.827s] removing '/home/pi/ros_embedded/install/serial_rw/lib/python3.10/site-packages/serial_rw-0.0.0-py3.10.egg-info' (and everything under it)
[3.828s] Copying ../../build/serial_rw/serial_rw.egg-info to /home/pi/ros_embedded/install/serial_rw/lib/python3.10/site-packages/serial_rw-0.0.0-py3.10.egg-info
[3.836s] running install_scripts
[3.915s] Installing rw script to /home/pi/ros_embedded/install/serial_rw/lib/serial_rw
[3.919s] writing list of installed files to '/home/pi/ros_embedded/build/serial_rw/install.log'
[4.033s] Invoked command in '/home/pi/ros_embedded/src/serial_rw' returned '0': PYTHONPATH=/home/pi/ros_embedded/build/serial_rw/prefix_override:/home/pi/ros_embedded/install/serial_rw/lib/python3.10/site-packages:${PYTHONPATH} /usr/bin/python3 setup.py egg_info --egg-base ../../build/serial_rw build --build-base /home/pi/ros_embedded/build/serial_rw/build install --record /home/pi/ros_embedded/build/serial_rw/install.log --single-version-externally-managed
