[3.963s] Invoking command in '/home/pi/ros_embedded/src/serial_rw': PYTHONPATH=/home/pi/ros_embedded/build/serial_rw/prefix_override:/home/pi/ros_embedded/install/serial_rw/lib/python3.10/site-packages:${PYTHONPATH} /usr/bin/python3 setup.py egg_info --egg-base ../../build/serial_rw build --build-base /home/pi/ros_embedded/build/serial_rw/build install --record /home/pi/ros_embedded/build/serial_rw/install.log --single-version-externally-managed
[5.099s] running egg_info
[5.103s] writing ../../build/serial_rw/serial_rw.egg-info/PKG-INFO
[5.104s] writing dependency_links to ../../build/serial_rw/serial_rw.egg-info/dependency_links.txt
[5.105s] writing entry points to ../../build/serial_rw/serial_rw.egg-info/entry_points.txt
[5.106s] writing requirements to ../../build/serial_rw/serial_rw.egg-info/requires.txt
[5.107s] writing top-level names to ../../build/serial_rw/serial_rw.egg-info/top_level.txt
[5.115s] reading manifest file '../../build/serial_rw/serial_rw.egg-info/SOURCES.txt'
[5.119s] writing manifest file '../../build/serial_rw/serial_rw.egg-info/SOURCES.txt'
[5.119s] running build
[5.121s] running build_py
[5.121s] copying serial_rw/serial_rw.py -> /home/pi/ros_embedded/build/serial_rw/build/lib/serial_rw
[5.123s] running install
[5.123s] /usr/lib/python3/dist-packages/setuptools/command/install.py:34: SetuptoolsDeprecationWarning: setup.py install is deprecated. Use build and pip and other standards-based tools.
[5.124s]   warnings.warn(
[5.124s] running install_lib
[5.128s] copying /home/pi/ros_embedded/build/serial_rw/build/lib/serial_rw/serial_rw.py -> /home/pi/ros_embedded/install/serial_rw/lib/python3.10/site-packages/serial_rw
[5.132s] byte-compiling /home/pi/ros_embedded/install/serial_rw/lib/python3.10/site-packages/serial_rw/serial_rw.py to serial_rw.cpython-310.pyc
[5.134s] running install_data
[5.137s] running install_egg_info
[5.144s] removing '/home/pi/ros_embedded/install/serial_rw/lib/python3.10/site-packages/serial_rw-0.0.0-py3.10.egg-info' (and everything under it)
[5.146s] Copying ../../build/serial_rw/serial_rw.egg-info to /home/pi/ros_embedded/install/serial_rw/lib/python3.10/site-packages/serial_rw-0.0.0-py3.10.egg-info
[5.152s] running install_scripts
[5.247s] Installing rw script to /home/pi/ros_embedded/install/serial_rw/lib/serial_rw
[5.250s] writing list of installed files to '/home/pi/ros_embedded/build/serial_rw/install.log'
[5.490s] Invoked command in '/home/pi/ros_embedded/src/serial_rw' returned '0': PYTHONPATH=/home/pi/ros_embedded/build/serial_rw/prefix_override:/home/pi/ros_embedded/install/serial_rw/lib/python3.10/site-packages:${PYTHONPATH} /usr/bin/python3 setup.py egg_info --egg-base ../../build/serial_rw build --build-base /home/pi/ros_embedded/build/serial_rw/build install --record /home/pi/ros_embedded/build/serial_rw/install.log --single-version-externally-managed
