[6.987s] Invoking command in '/home/pi/ros_embedded/src/database': PYTHONPATH=/home/pi/ros_embedded/build/database/prefix_override:/home/pi/ros_embedded/install/database/lib/python3.10/site-packages:${PYTHONPATH} /usr/bin/python3 setup.py egg_info --egg-base ../../build/database build --build-base /home/pi/ros_embedded/build/database/build install --record /home/pi/ros_embedded/build/database/install.log --single-version-externally-managed
[8.572s] running egg_info
[8.578s] writing ../../build/database/database.egg-info/PKG-INFO
[8.580s] writing dependency_links to ../../build/database/database.egg-info/dependency_links.txt
[8.581s] writing entry points to ../../build/database/database.egg-info/entry_points.txt
[8.584s] writing requirements to ../../build/database/database.egg-info/requires.txt
[8.585s] writing top-level names to ../../build/database/database.egg-info/top_level.txt
[8.592s] reading manifest file '../../build/database/database.egg-info/SOURCES.txt'
[8.597s] writing manifest file '../../build/database/database.egg-info/SOURCES.txt'
[8.598s] running build
[8.601s] running build_py
[8.602s] copying database/database_updater.py -> /home/pi/ros_embedded/build/database/build/lib/database
[8.602s] running install
[8.604s] /usr/lib/python3/dist-packages/setuptools/command/install.py:34: SetuptoolsDeprecationWarning: setup.py install is deprecated. Use build and pip and other standards-based tools.
[8.604s]   warnings.warn(
[8.605s] running install_lib
[8.610s] copying /home/pi/ros_embedded/build/database/build/lib/database/database_updater.py -> /home/pi/ros_embedded/install/database/lib/python3.10/site-packages/database
[8.611s] byte-compiling /home/pi/ros_embedded/install/database/lib/python3.10/site-packages/database/database_updater.py to database_updater.cpython-310.pyc
[8.615s] running install_data
[8.618s] running install_egg_info
[8.627s] removing '/home/pi/ros_embedded/install/database/lib/python3.10/site-packages/database-0.0.0-py3.10.egg-info' (and everything under it)
[8.632s] Copying ../../build/database/database.egg-info to /home/pi/ros_embedded/install/database/lib/python3.10/site-packages/database-0.0.0-py3.10.egg-info
[8.640s] running install_scripts
[8.763s] Installing database_updater script to /home/pi/ros_embedded/install/database/lib/database
[8.766s] writing list of installed files to '/home/pi/ros_embedded/build/database/install.log'
[9.099s] Invoked command in '/home/pi/ros_embedded/src/database' returned '0': PYTHONPATH=/home/pi/ros_embedded/build/database/prefix_override:/home/pi/ros_embedded/install/database/lib/python3.10/site-packages:${PYTHONPATH} /usr/bin/python3 setup.py egg_info --egg-base ../../build/database build --build-base /home/pi/ros_embedded/build/database/build install --record /home/pi/ros_embedded/build/database/install.log --single-version-externally-managed
