[5.633s] Invoking command in '/home/pi/ros_embedded/src/serial_rw': PYTHONPATH=/home/pi/ros_embedded/build/serial_rw/prefix_override:/home/pi/ros_embedded/install/serial_rw/lib/python3.10/site-packages:${PYTHONPATH} /usr/bin/python3 setup.py egg_info --egg-base ../../build/serial_rw build --build-base /home/pi/ros_embedded/build/serial_rw/build install --record /home/pi/ros_embedded/build/serial_rw/install.log --single-version-externally-managed
[7.034s] running egg_info
[7.041s] writing ../../build/serial_rw/serial_rw.egg-info/PKG-INFO
[7.042s] writing dependency_links to ../../build/serial_rw/serial_rw.egg-info/dependency_links.txt
[7.043s] writing entry points to ../../build/serial_rw/serial_rw.egg-info/entry_points.txt
[7.044s] writing requirements to ../../build/serial_rw/serial_rw.egg-info/requires.txt
[7.044s] writing top-level names to ../../build/serial_rw/serial_rw.egg-info/top_level.txt
[7.054s] reading manifest file '../../build/serial_rw/serial_rw.egg-info/SOURCES.txt'
[7.059s] writing manifest file '../../build/serial_rw/serial_rw.egg-info/SOURCES.txt'
[7.060s] running build
[7.061s] running build_py
[7.062s] running install
[7.063s] /usr/lib/python3/dist-packages/setuptools/command/install.py:34: SetuptoolsDeprecationWarning: setup.py install is deprecated. Use build and pip and other standards-based tools.
[7.064s]   warnings.warn(
[7.065s] running install_lib
[7.072s] running install_data
[7.075s] running install_egg_info
[7.085s] removing '/home/pi/ros_embedded/install/serial_rw/lib/python3.10/site-packages/serial_rw-0.0.0-py3.10.egg-info' (and everything under it)
[7.087s] Copying ../../build/serial_rw/serial_rw.egg-info to /home/pi/ros_embedded/install/serial_rw/lib/python3.10/site-packages/serial_rw-0.0.0-py3.10.egg-info
[7.095s] running install_scripts
[7.248s] Installing rw script to /home/pi/ros_embedded/install/serial_rw/lib/serial_rw
[7.253s] writing list of installed files to '/home/pi/ros_embedded/build/serial_rw/install.log'
[7.549s] Invoked command in '/home/pi/ros_embedded/src/serial_rw' returned '0': PYTHONPATH=/home/pi/ros_embedded/build/serial_rw/prefix_override:/home/pi/ros_embedded/install/serial_rw/lib/python3.10/site-packages:${PYTHONPATH} /usr/bin/python3 setup.py egg_info --egg-base ../../build/serial_rw build --build-base /home/pi/ros_embedded/build/serial_rw/build install --record /home/pi/ros_embedded/build/serial_rw/install.log --single-version-externally-managed
