[1.368s] DEBUG:colcon:Command line arguments: ['/usr/bin/colcon', 'build']
[1.369s] DEBUG:colcon:Parsed command line arguments: Namespace(log_base=None, log_level=None, verb_name='build', build_base='build', install_base='install', merge_install=False, symlink_install=False, test_result_base=None, continue_on_error=False, executor='parallel', parallel_workers=4, event_handlers=None, ignore_user_meta=False, metas=['./colcon.meta'], base_paths=['.'], packages_ignore=None, packages_ignore_regex=None, paths=None, packages_up_to=None, packages_up_to_regex=None, packages_above=None, packages_above_and_dependencies=None, packages_above_depth=None, packages_select_by_dep=None, packages_skip_by_dep=None, packages_skip_up_to=None, packages_select_build_failed=False, packages_skip_build_finished=False, packages_select_test_failures=False, packages_skip_test_passed=False, packages_select=None, packages_skip=None, packages_select_regex=None, packages_skip_regex=None, packages_start=None, packages_end=None, allow_overriding=[], cmake_args=None, cmake_target=None, cmake_target_skip_unavailable=False, cmake_clean_cache=False, cmake_clean_first=False, cmake_force_configure=False, ament_cmake_args=None, catkin_cmake_args=None, catkin_skip_building_tests=False, verb_parser=<colcon_defaults.argument_parser.defaults.DefaultArgumentsDecorator object at 0xffff88d233d0>, verb_extension=<colcon_core.verb.build.BuildVerb object at 0xffff895cdb40>, main=<bound method BuildVerb.main of <colcon_core.verb.build.BuildVerb object at 0xffff895cdb40>>)
[1.503s] Level 1:colcon.colcon_core.package_discovery:discover_packages(colcon_meta) check parameters
[1.504s] Level 1:colcon.colcon_core.package_discovery:discover_packages(recursive) check parameters
[1.504s] Level 1:colcon.colcon_core.package_discovery:discover_packages(ignore) check parameters
[1.504s] Level 1:colcon.colcon_core.package_discovery:discover_packages(path) check parameters
[1.504s] Level 1:colcon.colcon_core.package_discovery:discover_packages(colcon_meta) discover
[1.504s] Level 1:colcon.colcon_core.package_discovery:discover_packages(recursive) discover
[1.505s] INFO:colcon.colcon_core.package_discovery:Crawling recursively for packages in '/home/pi/ros_embedded'
[1.505s] Level 1:colcon.colcon_core.package_identification:_identify(.) by extensions ['ignore', 'ignore_ament_install']
[1.506s] Level 1:colcon.colcon_core.package_identification:_identify(.) by extension 'ignore'
[1.506s] Level 1:colcon.colcon_core.package_identification:_identify(.) by extension 'ignore_ament_install'
[1.506s] Level 1:colcon.colcon_core.package_identification:_identify(.) by extensions ['colcon_pkg']
[1.506s] Level 1:colcon.colcon_core.package_identification:_identify(.) by extension 'colcon_pkg'
[1.507s] Level 1:colcon.colcon_core.package_identification:_identify(.) by extensions ['colcon_meta']
[1.507s] Level 1:colcon.colcon_core.package_identification:_identify(.) by extension 'colcon_meta'
[1.507s] Level 1:colcon.colcon_core.package_identification:_identify(.) by extensions ['ros']
[1.507s] Level 1:colcon.colcon_core.package_identification:_identify(.) by extension 'ros'
[1.562s] Level 1:colcon.colcon_core.package_identification:_identify(.) by extensions ['cmake', 'python']
[1.563s] Level 1:colcon.colcon_core.package_identification:_identify(.) by extension 'cmake'
[1.563s] Level 1:colcon.colcon_core.package_identification:_identify(.) by extension 'python'
[1.563s] Level 1:colcon.colcon_core.package_identification:_identify(.) by extensions ['python_setup_py']
[1.563s] Level 1:colcon.colcon_core.package_identification:_identify(.) by extension 'python_setup_py'
[1.564s] Level 1:colcon.colcon_core.package_identification:_identify(build) by extensions ['ignore', 'ignore_ament_install']
[1.564s] Level 1:colcon.colcon_core.package_identification:_identify(build) by extension 'ignore'
[1.564s] Level 1:colcon.colcon_core.package_identification:_identify(build) ignored
[1.565s] Level 1:colcon.colcon_core.package_identification:_identify(install) by extensions ['ignore', 'ignore_ament_install']
[1.565s] Level 1:colcon.colcon_core.package_identification:_identify(install) by extension 'ignore'
[1.565s] Level 1:colcon.colcon_core.package_identification:_identify(install) ignored
[1.566s] Level 1:colcon.colcon_core.package_identification:_identify(launch) by extensions ['ignore', 'ignore_ament_install']
[1.566s] Level 1:colcon.colcon_core.package_identification:_identify(launch) by extension 'ignore'
[1.566s] Level 1:colcon.colcon_core.package_identification:_identify(launch) by extension 'ignore_ament_install'
[1.566s] Level 1:colcon.colcon_core.package_identification:_identify(launch) by extensions ['colcon_pkg']
[1.566s] Level 1:colcon.colcon_core.package_identification:_identify(launch) by extension 'colcon_pkg'
[1.567s] Level 1:colcon.colcon_core.package_identification:_identify(launch) by extensions ['colcon_meta']
[1.567s] Level 1:colcon.colcon_core.package_identification:_identify(launch) by extension 'colcon_meta'
[1.567s] Level 1:colcon.colcon_core.package_identification:_identify(launch) by extensions ['ros']
[1.567s] Level 1:colcon.colcon_core.package_identification:_identify(launch) by extension 'ros'
[1.567s] Level 1:colcon.colcon_core.package_identification:_identify(launch) by extensions ['cmake', 'python']
[1.567s] Level 1:colcon.colcon_core.package_identification:_identify(launch) by extension 'cmake'
[1.568s] Level 1:colcon.colcon_core.package_identification:_identify(launch) by extension 'python'
[1.568s] Level 1:colcon.colcon_core.package_identification:_identify(launch) by extensions ['python_setup_py']
[1.568s] Level 1:colcon.colcon_core.package_identification:_identify(launch) by extension 'python_setup_py'
[1.568s] Level 1:colcon.colcon_core.package_identification:_identify(launch/__pycache__) by extensions ['ignore', 'ignore_ament_install']
[1.569s] Level 1:colcon.colcon_core.package_identification:_identify(launch/__pycache__) by extension 'ignore'
[1.569s] Level 1:colcon.colcon_core.package_identification:_identify(launch/__pycache__) by extension 'ignore_ament_install'
[1.569s] Level 1:colcon.colcon_core.package_identification:_identify(launch/__pycache__) by extensions ['colcon_pkg']
[1.569s] Level 1:colcon.colcon_core.package_identification:_identify(launch/__pycache__) by extension 'colcon_pkg'
[1.569s] Level 1:colcon.colcon_core.package_identification:_identify(launch/__pycache__) by extensions ['colcon_meta']
[1.569s] Level 1:colcon.colcon_core.package_identification:_identify(launch/__pycache__) by extension 'colcon_meta'
[1.569s] Level 1:colcon.colcon_core.package_identification:_identify(launch/__pycache__) by extensions ['ros']
[1.570s] Level 1:colcon.colcon_core.package_identification:_identify(launch/__pycache__) by extension 'ros'
[1.570s] Level 1:colcon.colcon_core.package_identification:_identify(launch/__pycache__) by extensions ['cmake', 'python']
[1.570s] Level 1:colcon.colcon_core.package_identification:_identify(launch/__pycache__) by extension 'cmake'
[1.570s] Level 1:colcon.colcon_core.package_identification:_identify(launch/__pycache__) by extension 'python'
[1.570s] Level 1:colcon.colcon_core.package_identification:_identify(launch/__pycache__) by extensions ['python_setup_py']
[1.570s] Level 1:colcon.colcon_core.package_identification:_identify(launch/__pycache__) by extension 'python_setup_py'
[1.573s] Level 1:colcon.colcon_core.package_identification:_identify(log) by extensions ['ignore', 'ignore_ament_install']
[1.574s] Level 1:colcon.colcon_core.package_identification:_identify(log) by extension 'ignore'
[1.574s] Level 1:colcon.colcon_core.package_identification:_identify(log) ignored
[1.574s] Level 1:colcon.colcon_core.package_identification:_identify(src) by extensions ['ignore', 'ignore_ament_install']
[1.574s] Level 1:colcon.colcon_core.package_identification:_identify(src) by extension 'ignore'
[1.575s] Level 1:colcon.colcon_core.package_identification:_identify(src) by extension 'ignore_ament_install'
[1.575s] Level 1:colcon.colcon_core.package_identification:_identify(src) by extensions ['colcon_pkg']
[1.575s] Level 1:colcon.colcon_core.package_identification:_identify(src) by extension 'colcon_pkg'
[1.575s] Level 1:colcon.colcon_core.package_identification:_identify(src) by extensions ['colcon_meta']
[1.575s] Level 1:colcon.colcon_core.package_identification:_identify(src) by extension 'colcon_meta'
[1.576s] Level 1:colcon.colcon_core.package_identification:_identify(src) by extensions ['ros']
[1.576s] Level 1:colcon.colcon_core.package_identification:_identify(src) by extension 'ros'
[1.576s] Level 1:colcon.colcon_core.package_identification:_identify(src) by extensions ['cmake', 'python']
[1.576s] Level 1:colcon.colcon_core.package_identification:_identify(src) by extension 'cmake'
[1.576s] Level 1:colcon.colcon_core.package_identification:_identify(src) by extension 'python'
[1.576s] Level 1:colcon.colcon_core.package_identification:_identify(src) by extensions ['python_setup_py']
[1.576s] Level 1:colcon.colcon_core.package_identification:_identify(src) by extension 'python_setup_py'
[1.577s] Level 1:colcon.colcon_core.package_identification:_identify(src/database) by extensions ['ignore', 'ignore_ament_install']
[1.577s] Level 1:colcon.colcon_core.package_identification:_identify(src/database) by extension 'ignore'
[1.577s] Level 1:colcon.colcon_core.package_identification:_identify(src/database) by extension 'ignore_ament_install'
[1.578s] Level 1:colcon.colcon_core.package_identification:_identify(src/database) by extensions ['colcon_pkg']
[1.578s] Level 1:colcon.colcon_core.package_identification:_identify(src/database) by extension 'colcon_pkg'
[1.578s] Level 1:colcon.colcon_core.package_identification:_identify(src/database) by extensions ['colcon_meta']
[1.578s] Level 1:colcon.colcon_core.package_identification:_identify(src/database) by extension 'colcon_meta'
[1.578s] Level 1:colcon.colcon_core.package_identification:_identify(src/database) by extensions ['ros']
[1.578s] Level 1:colcon.colcon_core.package_identification:_identify(src/database) by extension 'ros'
[1.586s] DEBUG:colcon.colcon_core.package_identification:Package 'src/database' with type 'ros.ament_python' and name 'database'
[1.587s] Level 1:colcon.colcon_core.package_identification:_identify(src/serial_rw) by extensions ['ignore', 'ignore_ament_install']
[1.587s] Level 1:colcon.colcon_core.package_identification:_identify(src/serial_rw) by extension 'ignore'
[1.587s] Level 1:colcon.colcon_core.package_identification:_identify(src/serial_rw) by extension 'ignore_ament_install'
[1.587s] Level 1:colcon.colcon_core.package_identification:_identify(src/serial_rw) by extensions ['colcon_pkg']
[1.587s] Level 1:colcon.colcon_core.package_identification:_identify(src/serial_rw) by extension 'colcon_pkg'
[1.588s] Level 1:colcon.colcon_core.package_identification:_identify(src/serial_rw) by extensions ['colcon_meta']
[1.588s] Level 1:colcon.colcon_core.package_identification:_identify(src/serial_rw) by extension 'colcon_meta'
[1.588s] Level 1:colcon.colcon_core.package_identification:_identify(src/serial_rw) by extensions ['ros']
[1.588s] Level 1:colcon.colcon_core.package_identification:_identify(src/serial_rw) by extension 'ros'
[1.590s] DEBUG:colcon.colcon_core.package_identification:Package 'src/serial_rw' with type 'ros.ament_python' and name 'serial_rw'
[1.591s] Level 1:colcon.colcon_core.package_identification:_identify(src/soil_monitor) by extensions ['ignore', 'ignore_ament_install']
[1.591s] Level 1:colcon.colcon_core.package_identification:_identify(src/soil_monitor) by extension 'ignore'
[1.592s] Level 1:colcon.colcon_core.package_identification:_identify(src/soil_monitor) by extension 'ignore_ament_install'
[1.592s] Level 1:colcon.colcon_core.package_identification:_identify(src/soil_monitor) by extensions ['colcon_pkg']
[1.592s] Level 1:colcon.colcon_core.package_identification:_identify(src/soil_monitor) by extension 'colcon_pkg'
[1.592s] Level 1:colcon.colcon_core.package_identification:_identify(src/soil_monitor) by extensions ['colcon_meta']
[1.592s] Level 1:colcon.colcon_core.package_identification:_identify(src/soil_monitor) by extension 'colcon_meta'
[1.592s] Level 1:colcon.colcon_core.package_identification:_identify(src/soil_monitor) by extensions ['ros']
[1.593s] Level 1:colcon.colcon_core.package_identification:_identify(src/soil_monitor) by extension 'ros'
[1.594s] DEBUG:colcon.colcon_core.package_identification:Package 'src/soil_monitor' with type 'ros.ament_python' and name 'soil_monitor'
[1.595s] Level 1:colcon.colcon_core.package_identification:_identify(src/web_server) by extensions ['ignore', 'ignore_ament_install']
[1.595s] Level 1:colcon.colcon_core.package_identification:_identify(src/web_server) by extension 'ignore'
[1.595s] Level 1:colcon.colcon_core.package_identification:_identify(src/web_server) by extension 'ignore_ament_install'
[1.596s] Level 1:colcon.colcon_core.package_identification:_identify(src/web_server) by extensions ['colcon_pkg']
[1.596s] Level 1:colcon.colcon_core.package_identification:_identify(src/web_server) by extension 'colcon_pkg'
[1.596s] Level 1:colcon.colcon_core.package_identification:_identify(src/web_server) by extensions ['colcon_meta']
[1.596s] Level 1:colcon.colcon_core.package_identification:_identify(src/web_server) by extension 'colcon_meta'
[1.596s] Level 1:colcon.colcon_core.package_identification:_identify(src/web_server) by extensions ['ros']
[1.596s] Level 1:colcon.colcon_core.package_identification:_identify(src/web_server) by extension 'ros'
[1.598s] DEBUG:colcon.colcon_core.package_identification:Package 'src/web_server' with type 'ros.ament_python' and name 'web_server'
[1.598s] Level 1:colcon.colcon_core.package_discovery:discover_packages(recursive) using defaults
[1.598s] Level 1:colcon.colcon_core.package_discovery:discover_packages(ignore) discover
[1.599s] Level 1:colcon.colcon_core.package_discovery:discover_packages(ignore) using defaults
[1.599s] Level 1:colcon.colcon_core.package_discovery:discover_packages(path) discover
[1.599s] Level 1:colcon.colcon_core.package_discovery:discover_packages(path) using defaults
[1.693s] Level 1:colcon.colcon_core.package_discovery:discover_packages(prefix_path) check parameters
[1.693s] Level 1:colcon.colcon_core.package_discovery:discover_packages(prefix_path) discover
[1.706s] DEBUG:colcon.colcon_installed_package_information.package_discovery:Found 4 installed packages in /home/pi/ros_embedded/install
[1.717s] DEBUG:colcon.colcon_installed_package_information.package_discovery:Found 270 installed packages in /opt/ros/humble
[1.723s] Level 1:colcon.colcon_core.package_discovery:discover_packages(prefix_path) using defaults
[1.974s] Level 5:colcon.colcon_core.verb:set package 'database' build argument 'cmake_args' from command line to 'None'
[1.974s] Level 5:colcon.colcon_core.verb:set package 'database' build argument 'cmake_target' from command line to 'None'
[1.974s] Level 5:colcon.colcon_core.verb:set package 'database' build argument 'cmake_target_skip_unavailable' from command line to 'False'
[1.974s] Level 5:colcon.colcon_core.verb:set package 'database' build argument 'cmake_clean_cache' from command line to 'False'
[1.974s] Level 5:colcon.colcon_core.verb:set package 'database' build argument 'cmake_clean_first' from command line to 'False'
[1.974s] Level 5:colcon.colcon_core.verb:set package 'database' build argument 'cmake_force_configure' from command line to 'False'
[1.974s] Level 5:colcon.colcon_core.verb:set package 'database' build argument 'ament_cmake_args' from command line to 'None'
[1.974s] Level 5:colcon.colcon_core.verb:set package 'database' build argument 'catkin_cmake_args' from command line to 'None'
[1.974s] Level 5:colcon.colcon_core.verb:set package 'database' build argument 'catkin_skip_building_tests' from command line to 'False'
[1.975s] DEBUG:colcon.colcon_core.verb:Building package 'database' with the following arguments: {'ament_cmake_args': None, 'build_base': '/home/pi/ros_embedded/build/database', 'catkin_cmake_args': None, 'catkin_skip_building_tests': False, 'cmake_args': None, 'cmake_clean_cache': False, 'cmake_clean_first': False, 'cmake_force_configure': False, 'cmake_target': None, 'cmake_target_skip_unavailable': False, 'install_base': '/home/pi/ros_embedded/install/database', 'merge_install': False, 'path': '/home/pi/ros_embedded/src/database', 'symlink_install': False, 'test_result_base': None}
[1.979s] Level 5:colcon.colcon_core.verb:set package 'serial_rw' build argument 'cmake_args' from command line to 'None'
[1.979s] Level 5:colcon.colcon_core.verb:set package 'serial_rw' build argument 'cmake_target' from command line to 'None'
[1.979s] Level 5:colcon.colcon_core.verb:set package 'serial_rw' build argument 'cmake_target_skip_unavailable' from command line to 'False'
[1.979s] Level 5:colcon.colcon_core.verb:set package 'serial_rw' build argument 'cmake_clean_cache' from command line to 'False'
[1.979s] Level 5:colcon.colcon_core.verb:set package 'serial_rw' build argument 'cmake_clean_first' from command line to 'False'
[1.979s] Level 5:colcon.colcon_core.verb:set package 'serial_rw' build argument 'cmake_force_configure' from command line to 'False'
[1.979s] Level 5:colcon.colcon_core.verb:set package 'serial_rw' build argument 'ament_cmake_args' from command line to 'None'
[1.979s] Level 5:colcon.colcon_core.verb:set package 'serial_rw' build argument 'catkin_cmake_args' from command line to 'None'
[1.980s] Level 5:colcon.colcon_core.verb:set package 'serial_rw' build argument 'catkin_skip_building_tests' from command line to 'False'
[1.980s] DEBUG:colcon.colcon_core.verb:Building package 'serial_rw' with the following arguments: {'ament_cmake_args': None, 'build_base': '/home/pi/ros_embedded/build/serial_rw', 'catkin_cmake_args': None, 'catkin_skip_building_tests': False, 'cmake_args': None, 'cmake_clean_cache': False, 'cmake_clean_first': False, 'cmake_force_configure': False, 'cmake_target': None, 'cmake_target_skip_unavailable': False, 'install_base': '/home/pi/ros_embedded/install/serial_rw', 'merge_install': False, 'path': '/home/pi/ros_embedded/src/serial_rw', 'symlink_install': False, 'test_result_base': None}
[1.984s] Level 5:colcon.colcon_core.verb:set package 'soil_monitor' build argument 'cmake_args' from command line to 'None'
[1.984s] Level 5:colcon.colcon_core.verb:set package 'soil_monitor' build argument 'cmake_target' from command line to 'None'
[1.984s] Level 5:colcon.colcon_core.verb:set package 'soil_monitor' build argument 'cmake_target_skip_unavailable' from command line to 'False'
[1.984s] Level 5:colcon.colcon_core.verb:set package 'soil_monitor' build argument 'cmake_clean_cache' from command line to 'False'
[1.984s] Level 5:colcon.colcon_core.verb:set package 'soil_monitor' build argument 'cmake_clean_first' from command line to 'False'
[1.984s] Level 5:colcon.colcon_core.verb:set package 'soil_monitor' build argument 'cmake_force_configure' from command line to 'False'
[1.984s] Level 5:colcon.colcon_core.verb:set package 'soil_monitor' build argument 'ament_cmake_args' from command line to 'None'
[1.984s] Level 5:colcon.colcon_core.verb:set package 'soil_monitor' build argument 'catkin_cmake_args' from command line to 'None'
[1.984s] Level 5:colcon.colcon_core.verb:set package 'soil_monitor' build argument 'catkin_skip_building_tests' from command line to 'False'
[1.985s] DEBUG:colcon.colcon_core.verb:Building package 'soil_monitor' with the following arguments: {'ament_cmake_args': None, 'build_base': '/home/pi/ros_embedded/build/soil_monitor', 'catkin_cmake_args': None, 'catkin_skip_building_tests': False, 'cmake_args': None, 'cmake_clean_cache': False, 'cmake_clean_first': False, 'cmake_force_configure': False, 'cmake_target': None, 'cmake_target_skip_unavailable': False, 'install_base': '/home/pi/ros_embedded/install/soil_monitor', 'merge_install': False, 'path': '/home/pi/ros_embedded/src/soil_monitor', 'symlink_install': False, 'test_result_base': None}
[1.988s] Level 5:colcon.colcon_core.verb:set package 'web_server' build argument 'cmake_args' from command line to 'None'
[1.989s] Level 5:colcon.colcon_core.verb:set package 'web_server' build argument 'cmake_target' from command line to 'None'
[1.989s] Level 5:colcon.colcon_core.verb:set package 'web_server' build argument 'cmake_target_skip_unavailable' from command line to 'False'
[1.989s] Level 5:colcon.colcon_core.verb:set package 'web_server' build argument 'cmake_clean_cache' from command line to 'False'
[1.989s] Level 5:colcon.colcon_core.verb:set package 'web_server' build argument 'cmake_clean_first' from command line to 'False'
[1.989s] Level 5:colcon.colcon_core.verb:set package 'web_server' build argument 'cmake_force_configure' from command line to 'False'
[1.989s] Level 5:colcon.colcon_core.verb:set package 'web_server' build argument 'ament_cmake_args' from command line to 'None'
[1.989s] Level 5:colcon.colcon_core.verb:set package 'web_server' build argument 'catkin_cmake_args' from command line to 'None'
[1.989s] Level 5:colcon.colcon_core.verb:set package 'web_server' build argument 'catkin_skip_building_tests' from command line to 'False'
[1.989s] DEBUG:colcon.colcon_core.verb:Building package 'web_server' with the following arguments: {'ament_cmake_args': None, 'build_base': '/home/pi/ros_embedded/build/web_server', 'catkin_cmake_args': None, 'catkin_skip_building_tests': False, 'cmake_args': None, 'cmake_clean_cache': False, 'cmake_clean_first': False, 'cmake_force_configure': False, 'cmake_target': None, 'cmake_target_skip_unavailable': False, 'install_base': '/home/pi/ros_embedded/install/web_server', 'merge_install': False, 'path': '/home/pi/ros_embedded/src/web_server', 'symlink_install': False, 'test_result_base': None}
[1.992s] INFO:colcon.colcon_core.executor:Executing jobs using 'parallel' executor
[2.004s] DEBUG:colcon.colcon_parallel_executor.executor.parallel:run_until_complete
[2.005s] INFO:colcon.colcon_ros.task.ament_python.build:Building ROS package in '/home/pi/ros_embedded/src/database' with build type 'ament_python'
[2.005s] Level 1:colcon.colcon_core.shell:create_environment_hook('database', 'ament_prefix_path')
[2.023s] INFO:colcon.colcon_core.plugin_system:Skipping extension 'colcon_core.shell.bat': Not used on non-Windows systems
[2.024s] INFO:colcon.colcon_core.shell:Creating environment hook '/home/pi/ros_embedded/install/database/share/database/hook/ament_prefix_path.ps1'
[2.027s] INFO:colcon.colcon_core.shell:Creating environment descriptor '/home/pi/ros_embedded/install/database/share/database/hook/ament_prefix_path.dsv'
[2.029s] INFO:colcon.colcon_core.shell:Creating environment hook '/home/pi/ros_embedded/install/database/share/database/hook/ament_prefix_path.sh'
[2.037s] INFO:colcon.colcon_core.shell:Skip shell extension 'powershell' for command environment: Not usable outside of PowerShell
[2.037s] DEBUG:colcon.colcon_core.shell:Skip shell extension 'dsv' for command environment
[2.060s] INFO:colcon.colcon_ros.task.ament_python.build:Building ROS package in '/home/pi/ros_embedded/src/serial_rw' with build type 'ament_python'
[2.060s] Level 1:colcon.colcon_core.shell:create_environment_hook('serial_rw', 'ament_prefix_path')
[2.066s] INFO:colcon.colcon_core.shell:Creating environment hook '/home/pi/ros_embedded/install/serial_rw/share/serial_rw/hook/ament_prefix_path.ps1'
[2.068s] INFO:colcon.colcon_core.shell:Creating environment descriptor '/home/pi/ros_embedded/install/serial_rw/share/serial_rw/hook/ament_prefix_path.dsv'
[2.070s] INFO:colcon.colcon_core.shell:Creating environment hook '/home/pi/ros_embedded/install/serial_rw/share/serial_rw/hook/ament_prefix_path.sh'
[2.077s] INFO:colcon.colcon_core.shell:Skip shell extension 'powershell' for command environment: Not usable outside of PowerShell
[2.077s] DEBUG:colcon.colcon_core.shell:Skip shell extension 'dsv' for command environment
[2.099s] INFO:colcon.colcon_ros.task.ament_python.build:Building ROS package in '/home/pi/ros_embedded/src/soil_monitor' with build type 'ament_python'
[2.100s] Level 1:colcon.colcon_core.shell:create_environment_hook('soil_monitor', 'ament_prefix_path')
[2.106s] INFO:colcon.colcon_core.shell:Creating environment hook '/home/pi/ros_embedded/install/soil_monitor/share/soil_monitor/hook/ament_prefix_path.ps1'
[2.109s] INFO:colcon.colcon_core.shell:Creating environment descriptor '/home/pi/ros_embedded/install/soil_monitor/share/soil_monitor/hook/ament_prefix_path.dsv'
[2.110s] INFO:colcon.colcon_core.shell:Creating environment hook '/home/pi/ros_embedded/install/soil_monitor/share/soil_monitor/hook/ament_prefix_path.sh'
[2.117s] INFO:colcon.colcon_core.shell:Skip shell extension 'powershell' for command environment: Not usable outside of PowerShell
[2.118s] DEBUG:colcon.colcon_core.shell:Skip shell extension 'dsv' for command environment
[2.140s] INFO:colcon.colcon_ros.task.ament_python.build:Building ROS package in '/home/pi/ros_embedded/src/web_server' with build type 'ament_python'
[2.141s] Level 1:colcon.colcon_core.shell:create_environment_hook('web_server', 'ament_prefix_path')
[2.146s] INFO:colcon.colcon_core.shell:Creating environment hook '/home/pi/ros_embedded/install/web_server/share/web_server/hook/ament_prefix_path.ps1'
[2.149s] INFO:colcon.colcon_core.shell:Creating environment descriptor '/home/pi/ros_embedded/install/web_server/share/web_server/hook/ament_prefix_path.dsv'
[2.150s] INFO:colcon.colcon_core.shell:Creating environment hook '/home/pi/ros_embedded/install/web_server/share/web_server/hook/ament_prefix_path.sh'
[2.157s] INFO:colcon.colcon_core.shell:Skip shell extension 'powershell' for command environment: Not usable outside of PowerShell
[2.158s] DEBUG:colcon.colcon_core.shell:Skip shell extension 'dsv' for command environment
[3.295s] INFO:colcon.colcon_core.task.python.build:Building Python package in '/home/pi/ros_embedded/src/database'
[3.300s] INFO:colcon.colcon_core.shell:Skip shell extension 'powershell' for command environment: Not usable outside of PowerShell
[3.300s] DEBUG:colcon.colcon_core.shell:Skip shell extension 'dsv' for command environment
[4.436s] INFO:colcon.colcon_core.task.python.build:Building Python package in '/home/pi/ros_embedded/src/serial_rw'
[4.441s] INFO:colcon.colcon_core.shell:Skip shell extension 'powershell' for command environment: Not usable outside of PowerShell
[4.441s] DEBUG:colcon.colcon_core.shell:Skip shell extension 'dsv' for command environment
[5.574s] INFO:colcon.colcon_core.task.python.build:Building Python package in '/home/pi/ros_embedded/src/soil_monitor'
[5.580s] INFO:colcon.colcon_core.shell:Skip shell extension 'powershell' for command environment: Not usable outside of PowerShell
[5.580s] DEBUG:colcon.colcon_core.shell:Skip shell extension 'dsv' for command environment
[6.726s] INFO:colcon.colcon_core.task.python.build:Building Python package in '/home/pi/ros_embedded/src/web_server'
[6.731s] INFO:colcon.colcon_core.shell:Skip shell extension 'powershell' for command environment: Not usable outside of PowerShell
[6.731s] DEBUG:colcon.colcon_core.shell:Skip shell extension 'dsv' for command environment
[9.037s] DEBUG:colcon.colcon_core.event_handler.log_command:Invoking command in '/home/pi/ros_embedded/src/database': PYTHONPATH=/home/pi/ros_embedded/build/database/prefix_override:/home/pi/ros_embedded/install/database/lib/python3.10/site-packages:${PYTHONPATH} /usr/bin/python3 setup.py egg_info --egg-base ../../build/database build --build-base /home/pi/ros_embedded/build/database/build install --record /home/pi/ros_embedded/build/database/install.log --single-version-externally-managed
[9.063s] DEBUG:colcon.colcon_core.event_handler.log_command:Invoking command in '/home/pi/ros_embedded/src/soil_monitor': PYTHONPATH=/home/pi/ros_embedded/build/soil_monitor/prefix_override:/home/pi/ros_embedded/install/soil_monitor/lib/python3.10/site-packages:${PYTHONPATH} /usr/bin/python3 setup.py egg_info --egg-base ../../build/soil_monitor build --build-base /home/pi/ros_embedded/build/soil_monitor/build install --record /home/pi/ros_embedded/build/soil_monitor/install.log --single-version-externally-managed
[9.088s] DEBUG:colcon.colcon_core.event_handler.log_command:Invoking command in '/home/pi/ros_embedded/src/serial_rw': PYTHONPATH=/home/pi/ros_embedded/build/serial_rw/prefix_override:/home/pi/ros_embedded/install/serial_rw/lib/python3.10/site-packages:${PYTHONPATH} /usr/bin/python3 setup.py egg_info --egg-base ../../build/serial_rw build --build-base /home/pi/ros_embedded/build/serial_rw/build install --record /home/pi/ros_embedded/build/serial_rw/install.log --single-version-externally-managed
[9.121s] DEBUG:colcon.colcon_core.event_handler.log_command:Invoking command in '/home/pi/ros_embedded/src/web_server': PYTHONPATH=/home/pi/ros_embedded/build/web_server/prefix_override:/home/pi/ros_embedded/install/web_server/lib/python3.10/site-packages:${PYTHONPATH} /usr/bin/python3 setup.py egg_info --egg-base ../../build/web_server build --build-base /home/pi/ros_embedded/build/web_server/build install --record /home/pi/ros_embedded/build/web_server/install.log --single-version-externally-managed
[11.025s] DEBUG:colcon.colcon_core.event_handler.log_command:Invoked command in '/home/pi/ros_embedded/src/database' returned '0': PYTHONPATH=/home/pi/ros_embedded/build/database/prefix_override:/home/pi/ros_embedded/install/database/lib/python3.10/site-packages:${PYTHONPATH} /usr/bin/python3 setup.py egg_info --egg-base ../../build/database build --build-base /home/pi/ros_embedded/build/database/build install --record /home/pi/ros_embedded/build/database/install.log --single-version-externally-managed
[11.105s] Level 1:colcon.colcon_core.environment:checking '/home/pi/ros_embedded/install/database' for CMake module files
[11.110s] Level 1:colcon.colcon_core.environment:checking '/home/pi/ros_embedded/install/database' for CMake config files
[11.122s] Level 1:colcon.colcon_core.environment:checking '/home/pi/ros_embedded/install/database/lib'
[11.126s] Level 1:colcon.colcon_core.environment:checking '/home/pi/ros_embedded/install/database/bin'
[11.127s] Level 1:colcon.colcon_core.environment:checking '/home/pi/ros_embedded/install/database/lib/pkgconfig/database.pc'
[11.131s] Level 1:colcon.colcon_core.environment:checking '/home/pi/ros_embedded/install/database/lib/python3.10/site-packages'
[11.133s] Level 1:colcon.colcon_core.shell:create_environment_hook('database', 'pythonpath')
[11.153s] INFO:colcon.colcon_core.shell:Creating environment hook '/home/pi/ros_embedded/install/database/share/database/hook/pythonpath.ps1'
[11.160s] INFO:colcon.colcon_core.shell:Creating environment descriptor '/home/pi/ros_embedded/install/database/share/database/hook/pythonpath.dsv'
[11.166s] INFO:colcon.colcon_core.shell:Creating environment hook '/home/pi/ros_embedded/install/database/share/database/hook/pythonpath.sh'
[11.169s] Level 1:colcon.colcon_core.environment:checking '/home/pi/ros_embedded/install/database/bin'
[11.170s] Level 1:colcon.colcon_core.environment:create_environment_scripts_only(database)
[11.178s] INFO:colcon.colcon_core.shell:Creating package script '/home/pi/ros_embedded/install/database/share/database/package.ps1'
[11.183s] INFO:colcon.colcon_core.shell:Creating package descriptor '/home/pi/ros_embedded/install/database/share/database/package.dsv'
[11.187s] INFO:colcon.colcon_core.shell:Creating package script '/home/pi/ros_embedded/install/database/share/database/package.sh'
[11.191s] INFO:colcon.colcon_core.shell:Creating package script '/home/pi/ros_embedded/install/database/share/database/package.bash'
[11.196s] INFO:colcon.colcon_core.shell:Creating package script '/home/pi/ros_embedded/install/database/share/database/package.zsh'
[11.198s] Level 1:colcon.colcon_core.environment:create_file_with_runtime_dependencies(/home/pi/ros_embedded/install/database/share/colcon-core/packages/database)
[11.212s] Level 1:colcon.colcon_core.environment:checking '/home/pi/ros_embedded/install/web_server' for CMake module files
[11.214s] DEBUG:colcon.colcon_core.event_handler.log_command:Invoked command in '/home/pi/ros_embedded/src/web_server' returned '0': PYTHONPATH=/home/pi/ros_embedded/build/web_server/prefix_override:/home/pi/ros_embedded/install/web_server/lib/python3.10/site-packages:${PYTHONPATH} /usr/bin/python3 setup.py egg_info --egg-base ../../build/web_server build --build-base /home/pi/ros_embedded/build/web_server/build install --record /home/pi/ros_embedded/build/web_server/install.log --single-version-externally-managed
[11.216s] Level 1:colcon.colcon_core.environment:checking '/home/pi/ros_embedded/install/web_server' for CMake config files
[11.219s] Level 1:colcon.colcon_core.environment:checking '/home/pi/ros_embedded/install/web_server/lib'
[11.220s] Level 1:colcon.colcon_core.environment:checking '/home/pi/ros_embedded/install/web_server/bin'
[11.220s] Level 1:colcon.colcon_core.shell:create_environment_hook('web_server', 'path')
[11.225s] INFO:colcon.colcon_core.shell:Creating environment hook '/home/pi/ros_embedded/install/web_server/share/web_server/hook/path.ps1'
[11.227s] INFO:colcon.colcon_core.shell:Creating environment descriptor '/home/pi/ros_embedded/install/web_server/share/web_server/hook/path.dsv'
[11.228s] INFO:colcon.colcon_core.shell:Creating environment hook '/home/pi/ros_embedded/install/web_server/share/web_server/hook/path.sh'
[11.230s] Level 1:colcon.colcon_core.environment:checking '/home/pi/ros_embedded/install/web_server/lib/pkgconfig/web_server.pc'
[11.231s] Level 1:colcon.colcon_core.environment:checking '/home/pi/ros_embedded/install/web_server/lib/python3.10/site-packages'
[11.232s] Level 1:colcon.colcon_core.shell:create_environment_hook('web_server', 'pythonpath')
[11.237s] INFO:colcon.colcon_core.shell:Creating environment hook '/home/pi/ros_embedded/install/web_server/share/web_server/hook/pythonpath.ps1'
[11.239s] INFO:colcon.colcon_core.shell:Creating environment descriptor '/home/pi/ros_embedded/install/web_server/share/web_server/hook/pythonpath.dsv'
[11.240s] INFO:colcon.colcon_core.shell:Creating environment hook '/home/pi/ros_embedded/install/web_server/share/web_server/hook/pythonpath.sh'
[11.243s] Level 1:colcon.colcon_core.environment:checking '/home/pi/ros_embedded/install/web_server/bin'
[11.243s] Level 1:colcon.colcon_core.shell:create_environment_hook('web_server', 'pythonscriptspath')
[11.248s] INFO:colcon.colcon_core.shell:Creating environment hook '/home/pi/ros_embedded/install/web_server/share/web_server/hook/pythonscriptspath.ps1'
[11.250s] INFO:colcon.colcon_core.shell:Creating environment descriptor '/home/pi/ros_embedded/install/web_server/share/web_server/hook/pythonscriptspath.dsv'
[11.251s] INFO:colcon.colcon_core.shell:Creating environment hook '/home/pi/ros_embedded/install/web_server/share/web_server/hook/pythonscriptspath.sh'
[11.253s] Level 1:colcon.colcon_core.environment:create_environment_scripts_only(web_server)
[11.259s] INFO:colcon.colcon_core.shell:Creating package script '/home/pi/ros_embedded/install/web_server/share/web_server/package.ps1'
[11.261s] INFO:colcon.colcon_core.shell:Creating package descriptor '/home/pi/ros_embedded/install/web_server/share/web_server/package.dsv'
[11.264s] INFO:colcon.colcon_core.shell:Creating package script '/home/pi/ros_embedded/install/web_server/share/web_server/package.sh'
[11.266s] INFO:colcon.colcon_core.shell:Creating package script '/home/pi/ros_embedded/install/web_server/share/web_server/package.bash'
[11.267s] INFO:colcon.colcon_core.shell:Creating package script '/home/pi/ros_embedded/install/web_server/share/web_server/package.zsh'
[11.269s] Level 1:colcon.colcon_core.environment:create_file_with_runtime_dependencies(/home/pi/ros_embedded/install/web_server/share/colcon-core/packages/web_server)
[11.277s] Level 1:colcon.colcon_core.environment:checking '/home/pi/ros_embedded/install/soil_monitor' for CMake module files
[11.281s] DEBUG:colcon.colcon_core.event_handler.log_command:Invoked command in '/home/pi/ros_embedded/src/soil_monitor' returned '0': PYTHONPATH=/home/pi/ros_embedded/build/soil_monitor/prefix_override:/home/pi/ros_embedded/install/soil_monitor/lib/python3.10/site-packages:${PYTHONPATH} /usr/bin/python3 setup.py egg_info --egg-base ../../build/soil_monitor build --build-base /home/pi/ros_embedded/build/soil_monitor/build install --record /home/pi/ros_embedded/build/soil_monitor/install.log --single-version-externally-managed
[11.282s] Level 1:colcon.colcon_core.environment:checking '/home/pi/ros_embedded/install/soil_monitor' for CMake config files
[11.285s] Level 1:colcon.colcon_core.environment:checking '/home/pi/ros_embedded/install/soil_monitor/lib'
[11.285s] Level 1:colcon.colcon_core.environment:checking '/home/pi/ros_embedded/install/soil_monitor/bin'
[11.286s] Level 1:colcon.colcon_core.environment:checking '/home/pi/ros_embedded/install/soil_monitor/lib/pkgconfig/soil_monitor.pc'
[11.287s] Level 1:colcon.colcon_core.environment:checking '/home/pi/ros_embedded/install/soil_monitor/lib/python3.10/site-packages'
[11.287s] Level 1:colcon.colcon_core.shell:create_environment_hook('soil_monitor', 'pythonpath')
[11.292s] INFO:colcon.colcon_core.shell:Creating environment hook '/home/pi/ros_embedded/install/soil_monitor/share/soil_monitor/hook/pythonpath.ps1'
[11.294s] INFO:colcon.colcon_core.shell:Creating environment descriptor '/home/pi/ros_embedded/install/soil_monitor/share/soil_monitor/hook/pythonpath.dsv'
[11.296s] INFO:colcon.colcon_core.shell:Creating environment hook '/home/pi/ros_embedded/install/soil_monitor/share/soil_monitor/hook/pythonpath.sh'
[11.299s] Level 1:colcon.colcon_core.environment:checking '/home/pi/ros_embedded/install/soil_monitor/bin'
[11.299s] Level 1:colcon.colcon_core.environment:create_environment_scripts_only(soil_monitor)
[11.304s] INFO:colcon.colcon_core.shell:Creating package script '/home/pi/ros_embedded/install/soil_monitor/share/soil_monitor/package.ps1'
[11.307s] INFO:colcon.colcon_core.shell:Creating package descriptor '/home/pi/ros_embedded/install/soil_monitor/share/soil_monitor/package.dsv'
[11.309s] INFO:colcon.colcon_core.shell:Creating package script '/home/pi/ros_embedded/install/soil_monitor/share/soil_monitor/package.sh'
[11.311s] INFO:colcon.colcon_core.shell:Creating package script '/home/pi/ros_embedded/install/soil_monitor/share/soil_monitor/package.bash'
[11.312s] INFO:colcon.colcon_core.shell:Creating package script '/home/pi/ros_embedded/install/soil_monitor/share/soil_monitor/package.zsh'
[11.314s] Level 1:colcon.colcon_core.environment:create_file_with_runtime_dependencies(/home/pi/ros_embedded/install/soil_monitor/share/colcon-core/packages/soil_monitor)
[11.322s] Level 1:colcon.colcon_core.environment:checking '/home/pi/ros_embedded/install/serial_rw' for CMake module files
[11.326s] DEBUG:colcon.colcon_core.event_handler.log_command:Invoked command in '/home/pi/ros_embedded/src/serial_rw' returned '0': PYTHONPATH=/home/pi/ros_embedded/build/serial_rw/prefix_override:/home/pi/ros_embedded/install/serial_rw/lib/python3.10/site-packages:${PYTHONPATH} /usr/bin/python3 setup.py egg_info --egg-base ../../build/serial_rw build --build-base /home/pi/ros_embedded/build/serial_rw/build install --record /home/pi/ros_embedded/build/serial_rw/install.log --single-version-externally-managed
[11.326s] Level 1:colcon.colcon_core.environment:checking '/home/pi/ros_embedded/install/serial_rw' for CMake config files
[11.330s] Level 1:colcon.colcon_core.environment:checking '/home/pi/ros_embedded/install/serial_rw/lib'
[11.330s] Level 1:colcon.colcon_core.environment:checking '/home/pi/ros_embedded/install/serial_rw/bin'
[11.330s] Level 1:colcon.colcon_core.environment:checking '/home/pi/ros_embedded/install/serial_rw/lib/pkgconfig/serial_rw.pc'
[11.331s] Level 1:colcon.colcon_core.environment:checking '/home/pi/ros_embedded/install/serial_rw/lib/python3.10/site-packages'
[11.331s] Level 1:colcon.colcon_core.shell:create_environment_hook('serial_rw', 'pythonpath')
[11.337s] INFO:colcon.colcon_core.shell:Creating environment hook '/home/pi/ros_embedded/install/serial_rw/share/serial_rw/hook/pythonpath.ps1'
[11.338s] INFO:colcon.colcon_core.shell:Creating environment descriptor '/home/pi/ros_embedded/install/serial_rw/share/serial_rw/hook/pythonpath.dsv'
[11.340s] INFO:colcon.colcon_core.shell:Creating environment hook '/home/pi/ros_embedded/install/serial_rw/share/serial_rw/hook/pythonpath.sh'
[11.343s] Level 1:colcon.colcon_core.environment:checking '/home/pi/ros_embedded/install/serial_rw/bin'
[11.343s] Level 1:colcon.colcon_core.environment:create_environment_scripts_only(serial_rw)
[11.348s] INFO:colcon.colcon_core.shell:Creating package script '/home/pi/ros_embedded/install/serial_rw/share/serial_rw/package.ps1'
[11.350s] INFO:colcon.colcon_core.shell:Creating package descriptor '/home/pi/ros_embedded/install/serial_rw/share/serial_rw/package.dsv'
[11.352s] INFO:colcon.colcon_core.shell:Creating package script '/home/pi/ros_embedded/install/serial_rw/share/serial_rw/package.sh'
[11.354s] INFO:colcon.colcon_core.shell:Creating package script '/home/pi/ros_embedded/install/serial_rw/share/serial_rw/package.bash'
[11.356s] INFO:colcon.colcon_core.shell:Creating package script '/home/pi/ros_embedded/install/serial_rw/share/serial_rw/package.zsh'
[11.357s] Level 1:colcon.colcon_core.environment:create_file_with_runtime_dependencies(/home/pi/ros_embedded/install/serial_rw/share/colcon-core/packages/serial_rw)
[11.358s] DEBUG:colcon.colcon_parallel_executor.executor.parallel:closing loop
[11.359s] DEBUG:colcon.colcon_parallel_executor.executor.parallel:loop closed
[11.360s] DEBUG:colcon.colcon_parallel_executor.executor.parallel:run_until_complete finished with '0'
[11.360s] DEBUG:colcon.colcon_core.event_reactor:joining thread
[11.382s] INFO:colcon.colcon_core.plugin_system:Skipping extension 'colcon_notification.desktop_notification.terminal_notifier': Not used on non-Darwin systems
[11.382s] INFO:colcon.colcon_core.plugin_system:Skipping extension 'colcon_notification.desktop_notification.win32': Not used on non-Windows systems
[11.383s] INFO:colcon.colcon_notification.desktop_notification:Sending desktop notification using 'notify2'
[11.388s] DEBUG:colcon.colcon_notification.desktop_notification.notify2:Failed to initialize notify2: org.freedesktop.DBus.Error.ServiceUnknown: The name org.freedesktop.Notifications was not provided by any .service files
[11.388s] DEBUG:colcon.colcon_core.event_reactor:joined thread
[11.393s] INFO:colcon.colcon_core.shell:Creating prefix script '/home/pi/ros_embedded/install/local_setup.ps1'
[11.396s] INFO:colcon.colcon_core.shell:Creating prefix util module '/home/pi/ros_embedded/install/_local_setup_util_ps1.py'
[11.403s] INFO:colcon.colcon_core.shell:Creating prefix chain script '/home/pi/ros_embedded/install/setup.ps1'
[11.410s] INFO:colcon.colcon_core.shell:Creating prefix script '/home/pi/ros_embedded/install/local_setup.sh'
[11.413s] INFO:colcon.colcon_core.shell:Creating prefix util module '/home/pi/ros_embedded/install/_local_setup_util_sh.py'
[11.415s] INFO:colcon.colcon_core.shell:Creating prefix chain script '/home/pi/ros_embedded/install/setup.sh'
[11.421s] INFO:colcon.colcon_core.shell:Creating prefix script '/home/pi/ros_embedded/install/local_setup.bash'
[11.423s] INFO:colcon.colcon_core.shell:Creating prefix chain script '/home/pi/ros_embedded/install/setup.bash'
[11.429s] INFO:colcon.colcon_core.shell:Creating prefix script '/home/pi/ros_embedded/install/local_setup.zsh'
[11.432s] INFO:colcon.colcon_core.shell:Creating prefix chain script '/home/pi/ros_embedded/install/setup.zsh'
