[5.498s] Invoking command in '/home/pi/ros_embedded/src/database': PYTHONPATH=/home/pi/ros_embedded/build/database/prefix_override:/home/pi/ros_embedded/install/database/lib/python3.10/site-packages:${PYTHONPATH} /usr/bin/python3 setup.py egg_info --egg-base ../../build/database build --build-base /home/pi/ros_embedded/build/database/build install --record /home/pi/ros_embedded/build/database/install.log --single-version-externally-managed
[6.818s] running egg_info
[6.822s] writing ../../build/database/database.egg-info/PKG-INFO
[6.823s] writing dependency_links to ../../build/database/database.egg-info/dependency_links.txt
[6.824s] writing entry points to ../../build/database/database.egg-info/entry_points.txt
[6.826s] writing requirements to ../../build/database/database.egg-info/requires.txt
[6.827s] writing top-level names to ../../build/database/database.egg-info/top_level.txt
[6.837s] reading manifest file '../../build/database/database.egg-info/SOURCES.txt'
[6.840s] writing manifest file '../../build/database/database.egg-info/SOURCES.txt'
[6.841s] running build
[6.842s] running build_py
[6.844s] running install
[6.846s] /usr/lib/python3/dist-packages/setuptools/command/install.py:34: SetuptoolsDeprecationWarning: setup.py install is deprecated. Use build and pip and other standards-based tools.
[6.846s]   warnings.warn(
[6.847s] running install_lib
[6.852s] running install_data
[6.855s] running install_egg_info
[6.863s] removing '/home/pi/ros_embedded/install/database/lib/python3.10/site-packages/database-0.0.0-py3.10.egg-info' (and everything under it)
[6.865s] Copying ../../build/database/database.egg-info to /home/pi/ros_embedded/install/database/lib/python3.10/site-packages/database-0.0.0-py3.10.egg-info
[6.873s] running install_scripts
[6.980s] Installing database_updater script to /home/pi/ros_embedded/install/database/lib/database
[6.985s] writing list of installed files to '/home/pi/ros_embedded/build/database/install.log'
[7.376s] Invoked command in '/home/pi/ros_embedded/src/database' returned '0': PYTHONPATH=/home/pi/ros_embedded/build/database/prefix_override:/home/pi/ros_embedded/install/database/lib/python3.10/site-packages:${PYTHONPATH} /usr/bin/python3 setup.py egg_info --egg-base ../../build/database build --build-base /home/pi/ros_embedded/build/database/build install --record /home/pi/ros_embedded/build/database/install.log --single-version-externally-managed
