[6.926s] Invoking command in '/home/pi/ros_embedded/src/soil_monitor': PYTHONPATH=/home/pi/ros_embedded/build/soil_monitor/prefix_override:/home/pi/ros_embedded/install/soil_monitor/lib/python3.10/site-packages:${PYTHONPATH} /usr/bin/python3 setup.py egg_info --egg-base ../../build/soil_monitor build --build-base /home/pi/ros_embedded/build/soil_monitor/build install --record /home/pi/ros_embedded/build/soil_monitor/install.log --single-version-externally-managed
[8.536s] running egg_info
[8.553s] creating ../../build/soil_monitor/soil_monitor.egg-info
[8.563s] writing ../../build/soil_monitor/soil_monitor.egg-info/PKG-INFO
[8.566s] writing dependency_links to ../../build/soil_monitor/soil_monitor.egg-info/dependency_links.txt
[8.570s] writing entry points to ../../build/soil_monitor/soil_monitor.egg-info/entry_points.txt
[8.575s] writing requirements to ../../build/soil_monitor/soil_monitor.egg-info/requires.txt
[8.582s] writing top-level names to ../../build/soil_monitor/soil_monitor.egg-info/top_level.txt
[8.588s] writing manifest file '../../build/soil_monitor/soil_monitor.egg-info/SOURCES.txt'
[8.602s] reading manifest file '../../build/soil_monitor/soil_monitor.egg-info/SOURCES.txt'
[8.611s] writing manifest file '../../build/soil_monitor/soil_monitor.egg-info/SOURCES.txt'
[8.613s] running build
[8.614s] running build_py
[8.617s] creating /home/pi/ros_embedded/build/soil_monitor/build
[8.619s] creating /home/pi/ros_embedded/build/soil_monitor/build/lib
[8.621s] creating /home/pi/ros_embedded/build/soil_monitor/build/lib/soil_monitor
[8.623s] copying soil_monitor/__init__.py -> /home/pi/ros_embedded/build/soil_monitor/build/lib/soil_monitor
[8.626s] running install
[8.630s] /usr/lib/python3/dist-packages/setuptools/command/install.py:34: SetuptoolsDeprecationWarning: setup.py install is deprecated. Use build and pip and other standards-based tools.
[8.630s]   warnings.warn(
[8.632s] running install_lib
[8.637s] creating /home/pi/ros_embedded/install/soil_monitor/lib/python3.10/site-packages/soil_monitor
[8.639s] copying /home/pi/ros_embedded/build/soil_monitor/build/lib/soil_monitor/__init__.py -> /home/pi/ros_embedded/install/soil_monitor/lib/python3.10/site-packages/soil_monitor
[8.645s] byte-compiling /home/pi/ros_embedded/install/soil_monitor/lib/python3.10/site-packages/soil_monitor/__init__.py to __init__.cpython-310.pyc
[8.649s] running install_data
[8.655s] creating /home/pi/ros_embedded/install/soil_monitor/share/ament_index
[8.658s] creating /home/pi/ros_embedded/install/soil_monitor/share/ament_index/resource_index
[8.662s] creating /home/pi/ros_embedded/install/soil_monitor/share/ament_index/resource_index/packages
[8.665s] copying resource/soil_monitor -> /home/pi/ros_embedded/install/soil_monitor/share/ament_index/resource_index/packages
[8.669s] copying package.xml -> /home/pi/ros_embedded/install/soil_monitor/share/soil_monitor
[8.673s] running install_egg_info
[8.690s] Copying ../../build/soil_monitor/soil_monitor.egg-info to /home/pi/ros_embedded/install/soil_monitor/lib/python3.10/site-packages/soil_monitor-0.0.0-py3.10.egg-info
[8.709s] running install_scripts
[8.934s] writing list of installed files to '/home/pi/ros_embedded/build/soil_monitor/install.log'
[9.172s] Invoked command in '/home/pi/ros_embedded/src/soil_monitor' returned '0': PYTHONPATH=/home/pi/ros_embedded/build/soil_monitor/prefix_override:/home/pi/ros_embedded/install/soil_monitor/lib/python3.10/site-packages:${PYTHONPATH} /usr/bin/python3 setup.py egg_info --egg-base ../../build/soil_monitor build --build-base /home/pi/ros_embedded/build/soil_monitor/build install --record /home/pi/ros_embedded/build/soil_monitor/install.log --single-version-externally-managed
