[5.424s] Invoking command in '/home/pi/ros_embedded/src/web_server': PYTHONPATH=/home/pi/ros_embedded/build/web_server/prefix_override:/home/pi/ros_embedded/install/web_server/lib/python3.10/site-packages:${PYTHONPATH} /usr/bin/python3 setup.py egg_info --egg-base ../../build/web_server build --build-base /home/pi/ros_embedded/build/web_server/build install --record /home/pi/ros_embedded/build/web_server/install.log --single-version-externally-managed
[6.761s] running egg_info
[6.765s] writing ../../build/web_server/web_server.egg-info/PKG-INFO
[6.766s] writing dependency_links to ../../build/web_server/web_server.egg-info/dependency_links.txt
[6.767s] writing entry points to ../../build/web_server/web_server.egg-info/entry_points.txt
[6.769s] writing requirements to ../../build/web_server/web_server.egg-info/requires.txt
[6.770s] writing top-level names to ../../build/web_server/web_server.egg-info/top_level.txt
[6.779s] reading manifest file '../../build/web_server/web_server.egg-info/SOURCES.txt'
[6.783s] writing manifest file '../../build/web_server/web_server.egg-info/SOURCES.txt'
[6.784s] running build
[6.786s] running build_py
[6.787s] copying web_server/web_server.py -> /home/pi/ros_embedded/build/web_server/build/lib/web_server
[6.788s] running install
[6.791s] /usr/lib/python3/dist-packages/setuptools/command/install.py:34: SetuptoolsDeprecationWarning: setup.py install is deprecated. Use build and pip and other standards-based tools.
[6.792s]   warnings.warn(
[6.793s] running install_lib
[6.794s] copying /home/pi/ros_embedded/build/web_server/build/lib/web_server/web_server.py -> /home/pi/ros_embedded/install/web_server/lib/python3.10/site-packages/web_server
[6.798s] byte-compiling /home/pi/ros_embedded/install/web_server/lib/python3.10/site-packages/web_server/web_server.py to web_server.cpython-310.pyc
[6.804s] running install_data
[6.807s] running install_egg_info
[6.817s] removing '/home/pi/ros_embedded/install/web_server/lib/python3.10/site-packages/web_server-0.0.0-py3.10.egg-info' (and everything under it)
[6.819s] Copying ../../build/web_server/web_server.egg-info to /home/pi/ros_embedded/install/web_server/lib/python3.10/site-packages/web_server-0.0.0-py3.10.egg-info
[6.827s] running install_scripts
[6.973s] Installing web_server script to /home/pi/ros_embedded/install/web_server/lib/web_server
[6.978s] writing list of installed files to '/home/pi/ros_embedded/build/web_server/install.log'
[7.215s] Invoked command in '/home/pi/ros_embedded/src/web_server' returned '0': PYTHONPATH=/home/pi/ros_embedded/build/web_server/prefix_override:/home/pi/ros_embedded/install/web_server/lib/python3.10/site-packages:${PYTHONPATH} /usr/bin/python3 setup.py egg_info --egg-base ../../build/web_server build --build-base /home/pi/ros_embedded/build/web_server/build install --record /home/pi/ros_embedded/build/web_server/install.log --single-version-externally-managed
