[10.041s] Invoking command in '/home/pi/ros_embedded/src/soil_monitor': PYTHONPATH=/home/pi/ros_embedded/build/soil_monitor/prefix_override:/home/pi/ros_embedded/install/soil_monitor/lib/python3.10/site-packages:${PYTHONPATH} /usr/bin/python3 setup.py egg_info --egg-base ../../build/soil_monitor build --build-base /home/pi/ros_embedded/build/soil_monitor/build install --record /home/pi/ros_embedded/build/soil_monitor/install.log --single-version-externally-managed
[12.544s] running egg_info
[12.546s] writing ../../build/soil_monitor/soil_monitor.egg-info/PKG-INFO
[12.547s] writing dependency_links to ../../build/soil_monitor/soil_monitor.egg-info/dependency_links.txt
[12.548s] writing entry points to ../../build/soil_monitor/soil_monitor.egg-info/entry_points.txt
[12.549s] writing requirements to ../../build/soil_monitor/soil_monitor.egg-info/requires.txt
[12.550s] writing top-level names to ../../build/soil_monitor/soil_monitor.egg-info/top_level.txt
[12.562s] reading manifest file '../../build/soil_monitor/soil_monitor.egg-info/SOURCES.txt'
[12.567s] writing manifest file '../../build/soil_monitor/soil_monitor.egg-info/SOURCES.txt'
[12.568s] running build
[12.568s] running build_py
[12.569s] running install
[12.570s] /usr/lib/python3/dist-packages/setuptools/command/install.py:34: SetuptoolsDeprecationWarning: setup.py install is deprecated. Use build and pip and other standards-based tools.
[12.571s]   warnings.warn(
[12.572s] running install_lib
[12.579s] running install_data
[12.582s] running install_egg_info
[12.591s] removing '/home/pi/ros_embedded/install/soil_monitor/lib/python3.10/site-packages/soil_monitor-0.0.0-py3.10.egg-info' (and everything under it)
[12.593s] Copying ../../build/soil_monitor/soil_monitor.egg-info to /home/pi/ros_embedded/install/soil_monitor/lib/python3.10/site-packages/soil_monitor-0.0.0-py3.10.egg-info
[12.601s] running install_scripts
[12.726s] Installing soil_monitor script to /home/pi/ros_embedded/install/soil_monitor/lib/soil_monitor
[12.728s] writing list of installed files to '/home/pi/ros_embedded/build/soil_monitor/install.log'
[12.941s] Invoked command in '/home/pi/ros_embedded/src/soil_monitor' returned '0': PYTHONPATH=/home/pi/ros_embedded/build/soil_monitor/prefix_override:/home/pi/ros_embedded/install/soil_monitor/lib/python3.10/site-packages:${PYTHONPATH} /usr/bin/python3 setup.py egg_info --egg-base ../../build/soil_monitor build --build-base /home/pi/ros_embedded/build/soil_monitor/build install --record /home/pi/ros_embedded/build/soil_monitor/install.log --single-version-externally-managed
