[7.087s] Invoking command in '/home/pi/ros_embedded/src/database': PYTHONPATH=/home/pi/ros_embedded/build/database/prefix_override:/home/pi/ros_embedded/install/database/lib/python3.10/site-packages:${PYTHONPATH} /usr/bin/python3 setup.py egg_info --egg-base ../../build/database build --build-base /home/pi/ros_embedded/build/database/build install --record /home/pi/ros_embedded/build/database/install.log --single-version-externally-managed
[8.649s] running egg_info
[8.655s] writing ../../build/database/database.egg-info/PKG-INFO
[8.660s] writing dependency_links to ../../build/database/database.egg-info/dependency_links.txt
[8.671s] writing entry points to ../../build/database/database.egg-info/entry_points.txt
[8.672s] writing requirements to ../../build/database/database.egg-info/requires.txt
[8.673s] writing top-level names to ../../build/database/database.egg-info/top_level.txt
[8.696s] reading manifest file '../../build/database/database.egg-info/SOURCES.txt'
[8.709s] writing manifest file '../../build/database/database.egg-info/SOURCES.txt'
[8.716s] running build
[8.717s] running build_py
[8.717s] /usr/lib/python3/dist-packages/setuptools/command/install.py:34: SetuptoolsDeprecationWarning: setup.py install is deprecated. Use build and pip and other standards-based tools.
[8.718s]   warnings.warn(
[8.719s] running install
[8.720s] running install_lib
[8.740s] running install_data
[8.741s] running install_egg_info
[8.754s] removing '/home/pi/ros_embedded/install/database/lib/python3.10/site-packages/database-0.0.0-py3.10.egg-info' (and everything under it)
[8.757s] Copying ../../build/database/database.egg-info to /home/pi/ros_embedded/install/database/lib/python3.10/site-packages/database-0.0.0-py3.10.egg-info
[8.774s] running install_scripts
[8.934s] Installing database_updater script to /home/pi/ros_embedded/install/database/lib/database
[8.941s] writing list of installed files to '/home/pi/ros_embedded/build/database/install.log'
[9.381s] Invoked command in '/home/pi/ros_embedded/src/database' returned '0': PYTHONPATH=/home/pi/ros_embedded/build/database/prefix_override:/home/pi/ros_embedded/install/database/lib/python3.10/site-packages:${PYTHONPATH} /usr/bin/python3 setup.py egg_info --egg-base ../../build/database build --build-base /home/pi/ros_embedded/build/database/build install --record /home/pi/ros_embedded/build/database/install.log --single-version-externally-managed
