[5.419s] Invoking command in '/home/pi/ros_embedded/src/serial_rw': PYTHONPATH=/home/pi/ros_embedded/build/serial_rw/prefix_override:/home/pi/ros_embedded/install/serial_rw/lib/python3.10/site-packages:${PYTHONPATH} /usr/bin/python3 setup.py egg_info --egg-base ../../build/serial_rw build --build-base /home/pi/ros_embedded/build/serial_rw/build install --record /home/pi/ros_embedded/build/serial_rw/install.log --single-version-externally-managed
[6.749s] running egg_info
[6.753s] writing ../../build/serial_rw/serial_rw.egg-info/PKG-INFO
[6.755s] writing dependency_links to ../../build/serial_rw/serial_rw.egg-info/dependency_links.txt
[6.756s] writing entry points to ../../build/serial_rw/serial_rw.egg-info/entry_points.txt
[6.757s] writing requirements to ../../build/serial_rw/serial_rw.egg-info/requires.txt
[6.758s] writing top-level names to ../../build/serial_rw/serial_rw.egg-info/top_level.txt
[6.767s] reading manifest file '../../build/serial_rw/serial_rw.egg-info/SOURCES.txt'
[6.771s] writing manifest file '../../build/serial_rw/serial_rw.egg-info/SOURCES.txt'
[6.772s] running build
[6.773s] running build_py
[6.774s] copying serial_rw/serial_rw.py -> /home/pi/ros_embedded/build/serial_rw/build/lib/serial_rw
[6.777s] running install
[6.778s] /usr/lib/python3/dist-packages/setuptools/command/install.py:34: SetuptoolsDeprecationWarning: setup.py install is deprecated. Use build and pip and other standards-based tools.
[6.778s]   warnings.warn(
[6.779s] running install_lib
[6.783s] copying /home/pi/ros_embedded/build/serial_rw/build/lib/serial_rw/serial_rw.py -> /home/pi/ros_embedded/install/serial_rw/lib/python3.10/site-packages/serial_rw
[6.787s] byte-compiling /home/pi/ros_embedded/install/serial_rw/lib/python3.10/site-packages/serial_rw/serial_rw.py to serial_rw.cpython-310.pyc
[6.790s] running install_data
[6.793s] running install_egg_info
[6.802s] removing '/home/pi/ros_embedded/install/serial_rw/lib/python3.10/site-packages/serial_rw-0.0.0-py3.10.egg-info' (and everything under it)
[6.804s] Copying ../../build/serial_rw/serial_rw.egg-info to /home/pi/ros_embedded/install/serial_rw/lib/python3.10/site-packages/serial_rw-0.0.0-py3.10.egg-info
[6.811s] running install_scripts
[6.912s] Installing rw script to /home/pi/ros_embedded/install/serial_rw/lib/serial_rw
[6.915s] writing list of installed files to '/home/pi/ros_embedded/build/serial_rw/install.log'
[7.153s] Invoked command in '/home/pi/ros_embedded/src/serial_rw' returned '0': PYTHONPATH=/home/pi/ros_embedded/build/serial_rw/prefix_override:/home/pi/ros_embedded/install/serial_rw/lib/python3.10/site-packages:${PYTHONPATH} /usr/bin/python3 setup.py egg_info --egg-base ../../build/serial_rw build --build-base /home/pi/ros_embedded/build/serial_rw/build install --record /home/pi/ros_embedded/build/serial_rw/install.log --single-version-externally-managed
