[3.946s] Invoking command in '/home/pi/ros_embedded/src/serial_rw': PYTHONPATH=/home/pi/ros_embedded/build/serial_rw/prefix_override:/home/pi/ros_embedded/install/serial_rw/lib/python3.10/site-packages:${PYTHONPATH} /usr/bin/python3 setup.py egg_info --egg-base ../../build/serial_rw build --build-base /home/pi/ros_embedded/build/serial_rw/build install --record /home/pi/ros_embedded/build/serial_rw/install.log --single-version-externally-managed
[5.088s] running egg_info
[5.092s] writing ../../build/serial_rw/serial_rw.egg-info/PKG-INFO
[5.093s] writing dependency_links to ../../build/serial_rw/serial_rw.egg-info/dependency_links.txt
[5.094s] writing entry points to ../../build/serial_rw/serial_rw.egg-info/entry_points.txt
[5.095s] writing requirements to ../../build/serial_rw/serial_rw.egg-info/requires.txt
[5.095s] writing top-level names to ../../build/serial_rw/serial_rw.egg-info/top_level.txt
[5.105s] reading manifest file '../../build/serial_rw/serial_rw.egg-info/SOURCES.txt'
[5.108s] writing manifest file '../../build/serial_rw/serial_rw.egg-info/SOURCES.txt'
[5.109s] running build
[5.110s] running build_py
[5.111s] running install
[5.112s] /usr/lib/python3/dist-packages/setuptools/command/install.py:34: SetuptoolsDeprecationWarning: setup.py install is deprecated. Use build and pip and other standards-based tools.
[5.113s]   warnings.warn(
[5.114s] running install_lib
[5.119s] byte-compiling /home/pi/ros_embedded/install/serial_rw/lib/python3.10/site-packages/serial_rw/serial_rw.py to serial_rw.cpython-310.pyc
[5.123s]   File "/home/pi/ros_embedded/install/serial_rw/lib/python3.10/site-packages/serial_rw/serial_rw.py", line 85
[5.124s]     if pump_alarm =! '1' && water_alarm =! '1' &
[5.124s]                   ^
[5.124s] SyntaxError: invalid syntax
[5.125s] 
[5.125s] running install_data
[5.126s] running install_egg_info
[5.133s] removing '/home/pi/ros_embedded/install/serial_rw/lib/python3.10/site-packages/serial_rw-0.0.0-py3.10.egg-info' (and everything under it)
[5.135s] Copying ../../build/serial_rw/serial_rw.egg-info to /home/pi/ros_embedded/install/serial_rw/lib/python3.10/site-packages/serial_rw-0.0.0-py3.10.egg-info
[5.141s] running install_scripts
[5.228s] Installing rw script to /home/pi/ros_embedded/install/serial_rw/lib/serial_rw
[5.230s] writing list of installed files to '/home/pi/ros_embedded/build/serial_rw/install.log'
[5.407s] Invoked command in '/home/pi/ros_embedded/src/serial_rw' returned '0': PYTHONPATH=/home/pi/ros_embedded/build/serial_rw/prefix_override:/home/pi/ros_embedded/install/serial_rw/lib/python3.10/site-packages:${PYTHONPATH} /usr/bin/python3 setup.py egg_info --egg-base ../../build/serial_rw build --build-base /home/pi/ros_embedded/build/serial_rw/build install --record /home/pi/ros_embedded/build/serial_rw/install.log --single-version-externally-managed
