[10.063s] Invoking command in '/home/pi/ros_embedded/src/web_server': PYTHONPATH=/home/pi/ros_embedded/build/web_server/prefix_override:/home/pi/ros_embedded/install/web_server/lib/python3.10/site-packages:${PYTHONPATH} /usr/bin/python3 setup.py egg_info --egg-base ../../build/web_server build --build-base /home/pi/ros_embedded/build/web_server/build install --record /home/pi/ros_embedded/build/web_server/install.log --single-version-externally-managed
[13.106s] running egg_info
[13.115s] writing ../../build/web_server/web_server.egg-info/PKG-INFO
[13.128s] writing dependency_links to ../../build/web_server/web_server.egg-info/dependency_links.txt
[13.130s] writing entry points to ../../build/web_server/web_server.egg-info/entry_points.txt
[13.131s] writing requirements to ../../build/web_server/web_server.egg-info/requires.txt
[13.131s] writing top-level names to ../../build/web_server/web_server.egg-info/top_level.txt
[13.158s] reading manifest file '../../build/web_server/web_server.egg-info/SOURCES.txt'
[13.159s] writing manifest file '../../build/web_server/web_server.egg-info/SOURCES.txt'
[13.160s] running build
[13.161s] running build_py
[13.162s] running install
[13.163s] /usr/lib/python3/dist-packages/setuptools/command/install.py:34: SetuptoolsDeprecationWarning: setup.py install is deprecated. Use build and pip and other standards-based tools.
[13.164s]   warnings.warn(
[13.168s] running install_lib
[13.172s] running install_data
[13.175s] running install_egg_info
[13.197s] removing '/home/pi/ros_embedded/install/web_server/lib/python3.10/site-packages/web_server-0.0.0-py3.10.egg-info' (and everything under it)
[13.198s] Copying ../../build/web_server/web_server.egg-info to /home/pi/ros_embedded/install/web_server/lib/python3.10/site-packages/web_server-0.0.0-py3.10.egg-info
[13.214s] running install_scripts
[13.378s] Installing web_server script to /home/pi/ros_embedded/install/web_server/lib/web_server
[13.381s] writing list of installed files to '/home/pi/ros_embedded/build/web_server/install.log'
[13.613s] Invoked command in '/home/pi/ros_embedded/src/web_server' returned '0': PYTHONPATH=/home/pi/ros_embedded/build/web_server/prefix_override:/home/pi/ros_embedded/install/web_server/lib/python3.10/site-packages:${PYTHONPATH} /usr/bin/python3 setup.py egg_info --egg-base ../../build/web_server build --build-base /home/pi/ros_embedded/build/web_server/build install --record /home/pi/ros_embedded/build/web_server/install.log --single-version-externally-managed
