[6.962s] Invoking command in '/home/pi/ros_embedded/src/web_server': PYTHONPATH=/home/pi/ros_embedded/build/web_server/prefix_override:/home/pi/ros_embedded/install/web_server/lib/python3.10/site-packages:${PYTHONPATH} /usr/bin/python3 setup.py egg_info --egg-base ../../build/web_server build --build-base /home/pi/ros_embedded/build/web_server/build install --record /home/pi/ros_embedded/build/web_server/install.log --single-version-externally-managed
[8.492s] running egg_info
[8.497s] writing ../../build/web_server/web_server.egg-info/PKG-INFO
[8.499s] writing dependency_links to ../../build/web_server/web_server.egg-info/dependency_links.txt
[8.500s] writing entry points to ../../build/web_server/web_server.egg-info/entry_points.txt
[8.502s] writing requirements to ../../build/web_server/web_server.egg-info/requires.txt
[8.503s] writing top-level names to ../../build/web_server/web_server.egg-info/top_level.txt
[8.516s] reading manifest file '../../build/web_server/web_server.egg-info/SOURCES.txt'
[8.526s] writing manifest file '../../build/web_server/web_server.egg-info/SOURCES.txt'
[8.527s] running build
[8.528s] running build_py
[8.529s] running install
[8.534s] /usr/lib/python3/dist-packages/setuptools/command/install.py:34: SetuptoolsDeprecationWarning: setup.py install is deprecated. Use build and pip and other standards-based tools.
[8.535s]   warnings.warn(
[8.535s] running install_lib
[8.543s] running install_data
[8.551s] running install_egg_info
[8.565s] removing '/home/pi/ros_embedded/install/web_server/lib/python3.10/site-packages/web_server-0.0.0-py3.10.egg-info' (and everything under it)
[8.566s] Copying ../../build/web_server/web_server.egg-info to /home/pi/ros_embedded/install/web_server/lib/python3.10/site-packages/web_server-0.0.0-py3.10.egg-info
[8.572s] running install_scripts
[8.721s] Installing web_server script to /home/pi/ros_embedded/install/web_server/lib/web_server
[8.730s] writing list of installed files to '/home/pi/ros_embedded/build/web_server/install.log'
[9.146s] Invoked command in '/home/pi/ros_embedded/src/web_server' returned '0': PYTHONPATH=/home/pi/ros_embedded/build/web_server/prefix_override:/home/pi/ros_embedded/install/web_server/lib/python3.10/site-packages:${PYTHONPATH} /usr/bin/python3 setup.py egg_info --egg-base ../../build/web_server build --build-base /home/pi/ros_embedded/build/web_server/build install --record /home/pi/ros_embedded/build/web_server/install.log --single-version-externally-managed
