[1.408s] DEBUG:colcon:Command line arguments: ['/usr/bin/colcon', 'build']
[1.408s] DEBUG:colcon:Parsed command line arguments: Namespace(log_base=None, log_level=None, verb_name='build', build_base='build', install_base='install', merge_install=False, symlink_install=False, test_result_base=None, continue_on_error=False, executor='parallel', parallel_workers=4, event_handlers=None, ignore_user_meta=False, metas=['./colcon.meta'], base_paths=['.'], packages_ignore=None, packages_ignore_regex=None, paths=None, packages_up_to=None, packages_up_to_regex=None, packages_above=None, packages_above_and_dependencies=None, packages_above_depth=None, packages_select_by_dep=None, packages_skip_by_dep=None, packages_skip_up_to=None, packages_select_build_failed=False, packages_skip_build_finished=False, packages_select_test_failures=False, packages_skip_test_passed=False, packages_select=None, packages_skip=None, packages_select_regex=None, packages_skip_regex=None, packages_start=None, packages_end=None, allow_overriding=[], cmake_args=None, cmake_target=None, cmake_target_skip_unavailable=False, cmake_clean_cache=False, cmake_clean_first=False, cmake_force_configure=False, ament_cmake_args=None, catkin_cmake_args=None, catkin_skip_building_tests=False, verb_parser=<colcon_defaults.argument_parser.defaults.DefaultArgumentsDecorator object at 0xffffa4ecae30>, verb_extension=<colcon_core.verb.build.BuildVerb object at 0xffffa576c160>, main=<bound method BuildVerb.main of <colcon_core.verb.build.BuildVerb object at 0xffffa576c160>>)
[1.545s] Level 1:colcon.colcon_core.package_discovery:discover_packages(colcon_meta) check parameters
[1.546s] Level 1:colcon.colcon_core.package_discovery:discover_packages(recursive) check parameters
[1.546s] Level 1:colcon.colcon_core.package_discovery:discover_packages(ignore) check parameters
[1.546s] Level 1:colcon.colcon_core.package_discovery:discover_packages(path) check parameters
[1.546s] Level 1:colcon.colcon_core.package_discovery:discover_packages(colcon_meta) discover
[1.546s] Level 1:colcon.colcon_core.package_discovery:discover_packages(recursive) discover
[1.546s] INFO:colcon.colcon_core.package_discovery:Crawling recursively for packages in '/home/pi/ros_embedded'
[1.547s] Level 1:colcon.colcon_core.package_identification:_identify(.) by extensions ['ignore', 'ignore_ament_install']
[1.547s] Level 1:colcon.colcon_core.package_identification:_identify(.) by extension 'ignore'
[1.547s] Level 1:colcon.colcon_core.package_identification:_identify(.) by extension 'ignore_ament_install'
[1.548s] Level 1:colcon.colcon_core.package_identification:_identify(.) by extensions ['colcon_pkg']
[1.548s] Level 1:colcon.colcon_core.package_identification:_identify(.) by extension 'colcon_pkg'
[1.548s] Level 1:colcon.colcon_core.package_identification:_identify(.) by extensions ['colcon_meta']
[1.548s] Level 1:colcon.colcon_core.package_identification:_identify(.) by extension 'colcon_meta'
[1.548s] Level 1:colcon.colcon_core.package_identification:_identify(.) by extensions ['ros']
[1.548s] Level 1:colcon.colcon_core.package_identification:_identify(.) by extension 'ros'
[1.595s] Level 1:colcon.colcon_core.package_identification:_identify(.) by extensions ['cmake', 'python']
[1.595s] Level 1:colcon.colcon_core.package_identification:_identify(.) by extension 'cmake'
[1.596s] Level 1:colcon.colcon_core.package_identification:_identify(.) by extension 'python'
[1.596s] Level 1:colcon.colcon_core.package_identification:_identify(.) by extensions ['python_setup_py']
[1.596s] Level 1:colcon.colcon_core.package_identification:_identify(.) by extension 'python_setup_py'
[1.596s] Level 1:colcon.colcon_core.package_identification:_identify(build) by extensions ['ignore', 'ignore_ament_install']
[1.597s] Level 1:colcon.colcon_core.package_identification:_identify(build) by extension 'ignore'
[1.597s] Level 1:colcon.colcon_core.package_identification:_identify(build) ignored
[1.597s] Level 1:colcon.colcon_core.package_identification:_identify(install) by extensions ['ignore', 'ignore_ament_install']
[1.598s] Level 1:colcon.colcon_core.package_identification:_identify(install) by extension 'ignore'
[1.598s] Level 1:colcon.colcon_core.package_identification:_identify(install) ignored
[1.598s] Level 1:colcon.colcon_core.package_identification:_identify(launch) by extensions ['ignore', 'ignore_ament_install']
[1.599s] Level 1:colcon.colcon_core.package_identification:_identify(launch) by extension 'ignore'
[1.599s] Level 1:colcon.colcon_core.package_identification:_identify(launch) by extension 'ignore_ament_install'
[1.599s] Level 1:colcon.colcon_core.package_identification:_identify(launch) by extensions ['colcon_pkg']
[1.599s] Level 1:colcon.colcon_core.package_identification:_identify(launch) by extension 'colcon_pkg'
[1.599s] Level 1:colcon.colcon_core.package_identification:_identify(launch) by extensions ['colcon_meta']
[1.599s] Level 1:colcon.colcon_core.package_identification:_identify(launch) by extension 'colcon_meta'
[1.600s] Level 1:colcon.colcon_core.package_identification:_identify(launch) by extensions ['ros']
[1.600s] Level 1:colcon.colcon_core.package_identification:_identify(launch) by extension 'ros'
[1.600s] Level 1:colcon.colcon_core.package_identification:_identify(launch) by extensions ['cmake', 'python']
[1.600s] Level 1:colcon.colcon_core.package_identification:_identify(launch) by extension 'cmake'
[1.600s] Level 1:colcon.colcon_core.package_identification:_identify(launch) by extension 'python'
[1.601s] Level 1:colcon.colcon_core.package_identification:_identify(launch) by extensions ['python_setup_py']
[1.601s] Level 1:colcon.colcon_core.package_identification:_identify(launch) by extension 'python_setup_py'
[1.601s] Level 1:colcon.colcon_core.package_identification:_identify(launch/__pycache__) by extensions ['ignore', 'ignore_ament_install']
[1.601s] Level 1:colcon.colcon_core.package_identification:_identify(launch/__pycache__) by extension 'ignore'
[1.602s] Level 1:colcon.colcon_core.package_identification:_identify(launch/__pycache__) by extension 'ignore_ament_install'
[1.602s] Level 1:colcon.colcon_core.package_identification:_identify(launch/__pycache__) by extensions ['colcon_pkg']
[1.602s] Level 1:colcon.colcon_core.package_identification:_identify(launch/__pycache__) by extension 'colcon_pkg'
[1.602s] Level 1:colcon.colcon_core.package_identification:_identify(launch/__pycache__) by extensions ['colcon_meta']
[1.602s] Level 1:colcon.colcon_core.package_identification:_identify(launch/__pycache__) by extension 'colcon_meta'
[1.602s] Level 1:colcon.colcon_core.package_identification:_identify(launch/__pycache__) by extensions ['ros']
[1.602s] Level 1:colcon.colcon_core.package_identification:_identify(launch/__pycache__) by extension 'ros'
[1.603s] Level 1:colcon.colcon_core.package_identification:_identify(launch/__pycache__) by extensions ['cmake', 'python']
[1.603s] Level 1:colcon.colcon_core.package_identification:_identify(launch/__pycache__) by extension 'cmake'
[1.603s] Level 1:colcon.colcon_core.package_identification:_identify(launch/__pycache__) by extension 'python'
[1.603s] Level 1:colcon.colcon_core.package_identification:_identify(launch/__pycache__) by extensions ['python_setup_py']
[1.603s] Level 1:colcon.colcon_core.package_identification:_identify(launch/__pycache__) by extension 'python_setup_py'
[1.606s] Level 1:colcon.colcon_core.package_identification:_identify(log) by extensions ['ignore', 'ignore_ament_install']
[1.606s] Level 1:colcon.colcon_core.package_identification:_identify(log) by extension 'ignore'
[1.606s] Level 1:colcon.colcon_core.package_identification:_identify(log) ignored
[1.607s] Level 1:colcon.colcon_core.package_identification:_identify(src) by extensions ['ignore', 'ignore_ament_install']
[1.607s] Level 1:colcon.colcon_core.package_identification:_identify(src) by extension 'ignore'
[1.607s] Level 1:colcon.colcon_core.package_identification:_identify(src) by extension 'ignore_ament_install'
[1.607s] Level 1:colcon.colcon_core.package_identification:_identify(src) by extensions ['colcon_pkg']
[1.608s] Level 1:colcon.colcon_core.package_identification:_identify(src) by extension 'colcon_pkg'
[1.608s] Level 1:colcon.colcon_core.package_identification:_identify(src) by extensions ['colcon_meta']
[1.608s] Level 1:colcon.colcon_core.package_identification:_identify(src) by extension 'colcon_meta'
[1.608s] Level 1:colcon.colcon_core.package_identification:_identify(src) by extensions ['ros']
[1.608s] Level 1:colcon.colcon_core.package_identification:_identify(src) by extension 'ros'
[1.608s] Level 1:colcon.colcon_core.package_identification:_identify(src) by extensions ['cmake', 'python']
[1.609s] Level 1:colcon.colcon_core.package_identification:_identify(src) by extension 'cmake'
[1.609s] Level 1:colcon.colcon_core.package_identification:_identify(src) by extension 'python'
[1.609s] Level 1:colcon.colcon_core.package_identification:_identify(src) by extensions ['python_setup_py']
[1.609s] Level 1:colcon.colcon_core.package_identification:_identify(src) by extension 'python_setup_py'
[1.609s] Level 1:colcon.colcon_core.package_identification:_identify(src/database) by extensions ['ignore', 'ignore_ament_install']
[1.610s] Level 1:colcon.colcon_core.package_identification:_identify(src/database) by extension 'ignore'
[1.610s] Level 1:colcon.colcon_core.package_identification:_identify(src/database) by extension 'ignore_ament_install'
[1.610s] Level 1:colcon.colcon_core.package_identification:_identify(src/database) by extensions ['colcon_pkg']
[1.610s] Level 1:colcon.colcon_core.package_identification:_identify(src/database) by extension 'colcon_pkg'
[1.610s] Level 1:colcon.colcon_core.package_identification:_identify(src/database) by extensions ['colcon_meta']
[1.610s] Level 1:colcon.colcon_core.package_identification:_identify(src/database) by extension 'colcon_meta'
[1.611s] Level 1:colcon.colcon_core.package_identification:_identify(src/database) by extensions ['ros']
[1.611s] Level 1:colcon.colcon_core.package_identification:_identify(src/database) by extension 'ros'
[1.618s] DEBUG:colcon.colcon_core.package_identification:Package 'src/database' with type 'ros.ament_python' and name 'database'
[1.619s] Level 1:colcon.colcon_core.package_identification:_identify(src/serial_rw) by extensions ['ignore', 'ignore_ament_install']
[1.619s] Level 1:colcon.colcon_core.package_identification:_identify(src/serial_rw) by extension 'ignore'
[1.620s] Level 1:colcon.colcon_core.package_identification:_identify(src/serial_rw) by extension 'ignore_ament_install'
[1.620s] Level 1:colcon.colcon_core.package_identification:_identify(src/serial_rw) by extensions ['colcon_pkg']
[1.620s] Level 1:colcon.colcon_core.package_identification:_identify(src/serial_rw) by extension 'colcon_pkg'
[1.620s] Level 1:colcon.colcon_core.package_identification:_identify(src/serial_rw) by extensions ['colcon_meta']
[1.620s] Level 1:colcon.colcon_core.package_identification:_identify(src/serial_rw) by extension 'colcon_meta'
[1.621s] Level 1:colcon.colcon_core.package_identification:_identify(src/serial_rw) by extensions ['ros']
[1.621s] Level 1:colcon.colcon_core.package_identification:_identify(src/serial_rw) by extension 'ros'
[1.623s] DEBUG:colcon.colcon_core.package_identification:Package 'src/serial_rw' with type 'ros.ament_python' and name 'serial_rw'
[1.624s] Level 1:colcon.colcon_core.package_identification:_identify(src/web_server) by extensions ['ignore', 'ignore_ament_install']
[1.624s] Level 1:colcon.colcon_core.package_identification:_identify(src/web_server) by extension 'ignore'
[1.624s] Level 1:colcon.colcon_core.package_identification:_identify(src/web_server) by extension 'ignore_ament_install'
[1.624s] Level 1:colcon.colcon_core.package_identification:_identify(src/web_server) by extensions ['colcon_pkg']
[1.625s] Level 1:colcon.colcon_core.package_identification:_identify(src/web_server) by extension 'colcon_pkg'
[1.625s] Level 1:colcon.colcon_core.package_identification:_identify(src/web_server) by extensions ['colcon_meta']
[1.625s] Level 1:colcon.colcon_core.package_identification:_identify(src/web_server) by extension 'colcon_meta'
[1.625s] Level 1:colcon.colcon_core.package_identification:_identify(src/web_server) by extensions ['ros']
[1.625s] Level 1:colcon.colcon_core.package_identification:_identify(src/web_server) by extension 'ros'
[1.627s] DEBUG:colcon.colcon_core.package_identification:Package 'src/web_server' with type 'ros.ament_python' and name 'web_server'
[1.627s] Level 1:colcon.colcon_core.package_discovery:discover_packages(recursive) using defaults
[1.627s] Level 1:colcon.colcon_core.package_discovery:discover_packages(ignore) discover
[1.627s] Level 1:colcon.colcon_core.package_discovery:discover_packages(ignore) using defaults
[1.628s] Level 1:colcon.colcon_core.package_discovery:discover_packages(path) discover
[1.628s] Level 1:colcon.colcon_core.package_discovery:discover_packages(path) using defaults
[1.723s] Level 1:colcon.colcon_core.package_discovery:discover_packages(prefix_path) check parameters
[1.723s] Level 1:colcon.colcon_core.package_discovery:discover_packages(prefix_path) discover
[1.735s] DEBUG:colcon.colcon_installed_package_information.package_discovery:Found 3 installed packages in /home/pi/ros_embedded/install
[1.746s] DEBUG:colcon.colcon_installed_package_information.package_discovery:Found 270 installed packages in /opt/ros/humble
[1.752s] Level 1:colcon.colcon_core.package_discovery:discover_packages(prefix_path) using defaults
[2.009s] Level 5:colcon.colcon_core.verb:set package 'database' build argument 'cmake_args' from command line to 'None'
[2.009s] Level 5:colcon.colcon_core.verb:set package 'database' build argument 'cmake_target' from command line to 'None'
[2.009s] Level 5:colcon.colcon_core.verb:set package 'database' build argument 'cmake_target_skip_unavailable' from command line to 'False'
[2.009s] Level 5:colcon.colcon_core.verb:set package 'database' build argument 'cmake_clean_cache' from command line to 'False'
[2.009s] Level 5:colcon.colcon_core.verb:set package 'database' build argument 'cmake_clean_first' from command line to 'False'
[2.010s] Level 5:colcon.colcon_core.verb:set package 'database' build argument 'cmake_force_configure' from command line to 'False'
[2.010s] Level 5:colcon.colcon_core.verb:set package 'database' build argument 'ament_cmake_args' from command line to 'None'
[2.010s] Level 5:colcon.colcon_core.verb:set package 'database' build argument 'catkin_cmake_args' from command line to 'None'
[2.010s] Level 5:colcon.colcon_core.verb:set package 'database' build argument 'catkin_skip_building_tests' from command line to 'False'
[2.010s] DEBUG:colcon.colcon_core.verb:Building package 'database' with the following arguments: {'ament_cmake_args': None, 'build_base': '/home/pi/ros_embedded/build/database', 'catkin_cmake_args': None, 'catkin_skip_building_tests': False, 'cmake_args': None, 'cmake_clean_cache': False, 'cmake_clean_first': False, 'cmake_force_configure': False, 'cmake_target': None, 'cmake_target_skip_unavailable': False, 'install_base': '/home/pi/ros_embedded/install/database', 'merge_install': False, 'path': '/home/pi/ros_embedded/src/database', 'symlink_install': False, 'test_result_base': None}
[2.014s] Level 5:colcon.colcon_core.verb:set package 'serial_rw' build argument 'cmake_args' from command line to 'None'
[2.014s] Level 5:colcon.colcon_core.verb:set package 'serial_rw' build argument 'cmake_target' from command line to 'None'
[2.014s] Level 5:colcon.colcon_core.verb:set package 'serial_rw' build argument 'cmake_target_skip_unavailable' from command line to 'False'
[2.015s] Level 5:colcon.colcon_core.verb:set package 'serial_rw' build argument 'cmake_clean_cache' from command line to 'False'
[2.015s] Level 5:colcon.colcon_core.verb:set package 'serial_rw' build argument 'cmake_clean_first' from command line to 'False'
[2.015s] Level 5:colcon.colcon_core.verb:set package 'serial_rw' build argument 'cmake_force_configure' from command line to 'False'
[2.015s] Level 5:colcon.colcon_core.verb:set package 'serial_rw' build argument 'ament_cmake_args' from command line to 'None'
[2.015s] Level 5:colcon.colcon_core.verb:set package 'serial_rw' build argument 'catkin_cmake_args' from command line to 'None'
[2.015s] Level 5:colcon.colcon_core.verb:set package 'serial_rw' build argument 'catkin_skip_building_tests' from command line to 'False'
[2.015s] DEBUG:colcon.colcon_core.verb:Building package 'serial_rw' with the following arguments: {'ament_cmake_args': None, 'build_base': '/home/pi/ros_embedded/build/serial_rw', 'catkin_cmake_args': None, 'catkin_skip_building_tests': False, 'cmake_args': None, 'cmake_clean_cache': False, 'cmake_clean_first': False, 'cmake_force_configure': False, 'cmake_target': None, 'cmake_target_skip_unavailable': False, 'install_base': '/home/pi/ros_embedded/install/serial_rw', 'merge_install': False, 'path': '/home/pi/ros_embedded/src/serial_rw', 'symlink_install': False, 'test_result_base': None}
[2.019s] Level 5:colcon.colcon_core.verb:set package 'web_server' build argument 'cmake_args' from command line to 'None'
[2.019s] Level 5:colcon.colcon_core.verb:set package 'web_server' build argument 'cmake_target' from command line to 'None'
[2.019s] Level 5:colcon.colcon_core.verb:set package 'web_server' build argument 'cmake_target_skip_unavailable' from command line to 'False'
[2.020s] Level 5:colcon.colcon_core.verb:set package 'web_server' build argument 'cmake_clean_cache' from command line to 'False'
[2.020s] Level 5:colcon.colcon_core.verb:set package 'web_server' build argument 'cmake_clean_first' from command line to 'False'
[2.020s] Level 5:colcon.colcon_core.verb:set package 'web_server' build argument 'cmake_force_configure' from command line to 'False'
[2.020s] Level 5:colcon.colcon_core.verb:set package 'web_server' build argument 'ament_cmake_args' from command line to 'None'
[2.020s] Level 5:colcon.colcon_core.verb:set package 'web_server' build argument 'catkin_cmake_args' from command line to 'None'
[2.020s] Level 5:colcon.colcon_core.verb:set package 'web_server' build argument 'catkin_skip_building_tests' from command line to 'False'
[2.020s] DEBUG:colcon.colcon_core.verb:Building package 'web_server' with the following arguments: {'ament_cmake_args': None, 'build_base': '/home/pi/ros_embedded/build/web_server', 'catkin_cmake_args': None, 'catkin_skip_building_tests': False, 'cmake_args': None, 'cmake_clean_cache': False, 'cmake_clean_first': False, 'cmake_force_configure': False, 'cmake_target': None, 'cmake_target_skip_unavailable': False, 'install_base': '/home/pi/ros_embedded/install/web_server', 'merge_install': False, 'path': '/home/pi/ros_embedded/src/web_server', 'symlink_install': False, 'test_result_base': None}
[2.023s] INFO:colcon.colcon_core.executor:Executing jobs using 'parallel' executor
[2.035s] DEBUG:colcon.colcon_parallel_executor.executor.parallel:run_until_complete
[2.036s] INFO:colcon.colcon_ros.task.ament_python.build:Building ROS package in '/home/pi/ros_embedded/src/database' with build type 'ament_python'
[2.037s] Level 1:colcon.colcon_core.shell:create_environment_hook('database', 'ament_prefix_path')
[2.054s] INFO:colcon.colcon_core.plugin_system:Skipping extension 'colcon_core.shell.bat': Not used on non-Windows systems
[2.055s] INFO:colcon.colcon_core.shell:Creating environment hook '/home/pi/ros_embedded/install/database/share/database/hook/ament_prefix_path.ps1'
[2.058s] INFO:colcon.colcon_core.shell:Creating environment descriptor '/home/pi/ros_embedded/install/database/share/database/hook/ament_prefix_path.dsv'
[2.060s] INFO:colcon.colcon_core.shell:Creating environment hook '/home/pi/ros_embedded/install/database/share/database/hook/ament_prefix_path.sh'
[2.067s] INFO:colcon.colcon_core.shell:Skip shell extension 'powershell' for command environment: Not usable outside of PowerShell
[2.067s] DEBUG:colcon.colcon_core.shell:Skip shell extension 'dsv' for command environment
[2.090s] INFO:colcon.colcon_ros.task.ament_python.build:Building ROS package in '/home/pi/ros_embedded/src/serial_rw' with build type 'ament_python'
[2.091s] Level 1:colcon.colcon_core.shell:create_environment_hook('serial_rw', 'ament_prefix_path')
[2.097s] INFO:colcon.colcon_core.shell:Creating environment hook '/home/pi/ros_embedded/install/serial_rw/share/serial_rw/hook/ament_prefix_path.ps1'
[2.100s] INFO:colcon.colcon_core.shell:Creating environment descriptor '/home/pi/ros_embedded/install/serial_rw/share/serial_rw/hook/ament_prefix_path.dsv'
[2.101s] INFO:colcon.colcon_core.shell:Creating environment hook '/home/pi/ros_embedded/install/serial_rw/share/serial_rw/hook/ament_prefix_path.sh'
[2.108s] INFO:colcon.colcon_core.shell:Skip shell extension 'powershell' for command environment: Not usable outside of PowerShell
[2.108s] DEBUG:colcon.colcon_core.shell:Skip shell extension 'dsv' for command environment
[2.130s] INFO:colcon.colcon_ros.task.ament_python.build:Building ROS package in '/home/pi/ros_embedded/src/web_server' with build type 'ament_python'
[2.130s] Level 1:colcon.colcon_core.shell:create_environment_hook('web_server', 'ament_prefix_path')
[2.137s] INFO:colcon.colcon_core.shell:Creating environment hook '/home/pi/ros_embedded/install/web_server/share/web_server/hook/ament_prefix_path.ps1'
[2.140s] INFO:colcon.colcon_core.shell:Creating environment descriptor '/home/pi/ros_embedded/install/web_server/share/web_server/hook/ament_prefix_path.dsv'
[2.141s] INFO:colcon.colcon_core.shell:Creating environment hook '/home/pi/ros_embedded/install/web_server/share/web_server/hook/ament_prefix_path.sh'
[2.148s] INFO:colcon.colcon_core.shell:Skip shell extension 'powershell' for command environment: Not usable outside of PowerShell
[2.148s] DEBUG:colcon.colcon_core.shell:Skip shell extension 'dsv' for command environment
[3.303s] INFO:colcon.colcon_core.task.python.build:Building Python package in '/home/pi/ros_embedded/src/database'
[3.308s] INFO:colcon.colcon_core.shell:Skip shell extension 'powershell' for command environment: Not usable outside of PowerShell
[3.308s] DEBUG:colcon.colcon_core.shell:Skip shell extension 'dsv' for command environment
[4.459s] INFO:colcon.colcon_core.task.python.build:Building Python package in '/home/pi/ros_embedded/src/serial_rw'
[4.464s] INFO:colcon.colcon_core.shell:Skip shell extension 'powershell' for command environment: Not usable outside of PowerShell
[4.464s] DEBUG:colcon.colcon_core.shell:Skip shell extension 'dsv' for command environment
[5.616s] INFO:colcon.colcon_core.task.python.build:Building Python package in '/home/pi/ros_embedded/src/web_server'
[5.621s] INFO:colcon.colcon_core.shell:Skip shell extension 'powershell' for command environment: Not usable outside of PowerShell
[5.622s] DEBUG:colcon.colcon_core.shell:Skip shell extension 'dsv' for command environment
[7.598s] DEBUG:colcon.colcon_core.event_handler.log_command:Invoking command in '/home/pi/ros_embedded/src/database': PYTHONPATH=/home/pi/ros_embedded/build/database/prefix_override:/home/pi/ros_embedded/install/database/lib/python3.10/site-packages:${PYTHONPATH} /usr/bin/python3 setup.py egg_info --egg-base ../../build/database build --build-base /home/pi/ros_embedded/build/database/build install --record /home/pi/ros_embedded/build/database/install.log --single-version-externally-managed
[7.676s] DEBUG:colcon.colcon_core.event_handler.log_command:Invoking command in '/home/pi/ros_embedded/src/web_server': PYTHONPATH=/home/pi/ros_embedded/build/web_server/prefix_override:/home/pi/ros_embedded/install/web_server/lib/python3.10/site-packages:${PYTHONPATH} /usr/bin/python3 setup.py egg_info --egg-base ../../build/web_server build --build-base /home/pi/ros_embedded/build/web_server/build install --record /home/pi/ros_embedded/build/web_server/install.log --single-version-externally-managed
[7.713s] DEBUG:colcon.colcon_core.event_handler.log_command:Invoking command in '/home/pi/ros_embedded/src/serial_rw': PYTHONPATH=/home/pi/ros_embedded/build/serial_rw/prefix_override:/home/pi/ros_embedded/install/serial_rw/lib/python3.10/site-packages:${PYTHONPATH} /usr/bin/python3 setup.py egg_info --egg-base ../../build/serial_rw build --build-base /home/pi/ros_embedded/build/serial_rw/build install --record /home/pi/ros_embedded/build/serial_rw/install.log --single-version-externally-managed
[9.421s] DEBUG:colcon.colcon_core.event_handler.log_command:Invoked command in '/home/pi/ros_embedded/src/web_server' returned '0': PYTHONPATH=/home/pi/ros_embedded/build/web_server/prefix_override:/home/pi/ros_embedded/install/web_server/lib/python3.10/site-packages:${PYTHONPATH} /usr/bin/python3 setup.py egg_info --egg-base ../../build/web_server build --build-base /home/pi/ros_embedded/build/web_server/build install --record /home/pi/ros_embedded/build/web_server/install.log --single-version-externally-managed
[9.461s] Level 1:colcon.colcon_core.environment:checking '/home/pi/ros_embedded/install/web_server' for CMake module files
[9.464s] Level 1:colcon.colcon_core.environment:checking '/home/pi/ros_embedded/install/web_server' for CMake config files
[9.470s] Level 1:colcon.colcon_core.environment:checking '/home/pi/ros_embedded/install/web_server/lib'
[9.472s] Level 1:colcon.colcon_core.environment:checking '/home/pi/ros_embedded/install/web_server/bin'
[9.472s] Level 1:colcon.colcon_core.shell:create_environment_hook('web_server', 'path')
[9.481s] INFO:colcon.colcon_core.shell:Creating environment hook '/home/pi/ros_embedded/install/web_server/share/web_server/hook/path.ps1'
[9.485s] INFO:colcon.colcon_core.shell:Creating environment descriptor '/home/pi/ros_embedded/install/web_server/share/web_server/hook/path.dsv'
[9.488s] INFO:colcon.colcon_core.shell:Creating environment hook '/home/pi/ros_embedded/install/web_server/share/web_server/hook/path.sh'
[9.493s] Level 1:colcon.colcon_core.environment:checking '/home/pi/ros_embedded/install/web_server/lib/pkgconfig/web_server.pc'
[9.494s] Level 1:colcon.colcon_core.environment:checking '/home/pi/ros_embedded/install/web_server/lib/python3.10/site-packages'
[9.495s] Level 1:colcon.colcon_core.shell:create_environment_hook('web_server', 'pythonpath')
[9.503s] INFO:colcon.colcon_core.shell:Creating environment hook '/home/pi/ros_embedded/install/web_server/share/web_server/hook/pythonpath.ps1'
[9.506s] INFO:colcon.colcon_core.shell:Creating environment descriptor '/home/pi/ros_embedded/install/web_server/share/web_server/hook/pythonpath.dsv'
[9.509s] INFO:colcon.colcon_core.shell:Creating environment hook '/home/pi/ros_embedded/install/web_server/share/web_server/hook/pythonpath.sh'
[9.513s] Level 1:colcon.colcon_core.environment:checking '/home/pi/ros_embedded/install/web_server/bin'
[9.515s] Level 1:colcon.colcon_core.shell:create_environment_hook('web_server', 'pythonscriptspath')
[9.522s] INFO:colcon.colcon_core.shell:Creating environment hook '/home/pi/ros_embedded/install/web_server/share/web_server/hook/pythonscriptspath.ps1'
[9.525s] INFO:colcon.colcon_core.shell:Creating environment descriptor '/home/pi/ros_embedded/install/web_server/share/web_server/hook/pythonscriptspath.dsv'
[9.527s] INFO:colcon.colcon_core.shell:Creating environment hook '/home/pi/ros_embedded/install/web_server/share/web_server/hook/pythonscriptspath.sh'
[9.529s] Level 1:colcon.colcon_core.environment:create_environment_scripts_only(web_server)
[9.535s] INFO:colcon.colcon_core.shell:Creating package script '/home/pi/ros_embedded/install/web_server/share/web_server/package.ps1'
[9.540s] INFO:colcon.colcon_core.shell:Creating package descriptor '/home/pi/ros_embedded/install/web_server/share/web_server/package.dsv'
[9.543s] INFO:colcon.colcon_core.shell:Creating package script '/home/pi/ros_embedded/install/web_server/share/web_server/package.sh'
[9.547s] INFO:colcon.colcon_core.shell:Creating package script '/home/pi/ros_embedded/install/web_server/share/web_server/package.bash'
[9.551s] INFO:colcon.colcon_core.shell:Creating package script '/home/pi/ros_embedded/install/web_server/share/web_server/package.zsh'
[9.553s] Level 1:colcon.colcon_core.environment:create_file_with_runtime_dependencies(/home/pi/ros_embedded/install/web_server/share/colcon-core/packages/web_server)
[9.565s] Level 1:colcon.colcon_core.environment:checking '/home/pi/ros_embedded/install/database' for CMake module files
[9.568s] DEBUG:colcon.colcon_core.event_handler.log_command:Invoked command in '/home/pi/ros_embedded/src/database' returned '0': PYTHONPATH=/home/pi/ros_embedded/build/database/prefix_override:/home/pi/ros_embedded/install/database/lib/python3.10/site-packages:${PYTHONPATH} /usr/bin/python3 setup.py egg_info --egg-base ../../build/database build --build-base /home/pi/ros_embedded/build/database/build install --record /home/pi/ros_embedded/build/database/install.log --single-version-externally-managed
[9.569s] Level 1:colcon.colcon_core.environment:checking '/home/pi/ros_embedded/install/database' for CMake config files
[9.573s] Level 1:colcon.colcon_core.environment:checking '/home/pi/ros_embedded/install/database/lib'
[9.573s] Level 1:colcon.colcon_core.environment:checking '/home/pi/ros_embedded/install/database/bin'
[9.574s] Level 1:colcon.colcon_core.environment:checking '/home/pi/ros_embedded/install/database/lib/pkgconfig/database.pc'
[9.575s] Level 1:colcon.colcon_core.environment:checking '/home/pi/ros_embedded/install/database/lib/python3.10/site-packages'
[9.575s] Level 1:colcon.colcon_core.shell:create_environment_hook('database', 'pythonpath')
[9.580s] INFO:colcon.colcon_core.shell:Creating environment hook '/home/pi/ros_embedded/install/database/share/database/hook/pythonpath.ps1'
[9.582s] INFO:colcon.colcon_core.shell:Creating environment descriptor '/home/pi/ros_embedded/install/database/share/database/hook/pythonpath.dsv'
[9.583s] INFO:colcon.colcon_core.shell:Creating environment hook '/home/pi/ros_embedded/install/database/share/database/hook/pythonpath.sh'
[9.586s] Level 1:colcon.colcon_core.environment:checking '/home/pi/ros_embedded/install/database/bin'
[9.586s] Level 1:colcon.colcon_core.environment:create_environment_scripts_only(database)
[9.591s] INFO:colcon.colcon_core.shell:Creating package script '/home/pi/ros_embedded/install/database/share/database/package.ps1'
[9.594s] INFO:colcon.colcon_core.shell:Creating package descriptor '/home/pi/ros_embedded/install/database/share/database/package.dsv'
[9.596s] INFO:colcon.colcon_core.shell:Creating package script '/home/pi/ros_embedded/install/database/share/database/package.sh'
[9.597s] INFO:colcon.colcon_core.shell:Creating package script '/home/pi/ros_embedded/install/database/share/database/package.bash'
[9.599s] INFO:colcon.colcon_core.shell:Creating package script '/home/pi/ros_embedded/install/database/share/database/package.zsh'
[9.601s] Level 1:colcon.colcon_core.environment:create_file_with_runtime_dependencies(/home/pi/ros_embedded/install/database/share/colcon-core/packages/database)
[9.609s] Level 1:colcon.colcon_core.environment:checking '/home/pi/ros_embedded/install/serial_rw' for CMake module files
[9.612s] DEBUG:colcon.colcon_core.event_handler.log_command:Invoked command in '/home/pi/ros_embedded/src/serial_rw' returned '0': PYTHONPATH=/home/pi/ros_embedded/build/serial_rw/prefix_override:/home/pi/ros_embedded/install/serial_rw/lib/python3.10/site-packages:${PYTHONPATH} /usr/bin/python3 setup.py egg_info --egg-base ../../build/serial_rw build --build-base /home/pi/ros_embedded/build/serial_rw/build install --record /home/pi/ros_embedded/build/serial_rw/install.log --single-version-externally-managed
[9.613s] Level 1:colcon.colcon_core.environment:checking '/home/pi/ros_embedded/install/serial_rw' for CMake config files
[9.616s] Level 1:colcon.colcon_core.environment:checking '/home/pi/ros_embedded/install/serial_rw/lib'
[9.617s] Level 1:colcon.colcon_core.environment:checking '/home/pi/ros_embedded/install/serial_rw/bin'
[9.617s] Level 1:colcon.colcon_core.environment:checking '/home/pi/ros_embedded/install/serial_rw/lib/pkgconfig/serial_rw.pc'
[9.618s] Level 1:colcon.colcon_core.environment:checking '/home/pi/ros_embedded/install/serial_rw/lib/python3.10/site-packages'
[9.618s] Level 1:colcon.colcon_core.shell:create_environment_hook('serial_rw', 'pythonpath')
[9.623s] INFO:colcon.colcon_core.shell:Creating environment hook '/home/pi/ros_embedded/install/serial_rw/share/serial_rw/hook/pythonpath.ps1'
[9.625s] INFO:colcon.colcon_core.shell:Creating environment descriptor '/home/pi/ros_embedded/install/serial_rw/share/serial_rw/hook/pythonpath.dsv'
[9.627s] INFO:colcon.colcon_core.shell:Creating environment hook '/home/pi/ros_embedded/install/serial_rw/share/serial_rw/hook/pythonpath.sh'
[9.630s] Level 1:colcon.colcon_core.environment:checking '/home/pi/ros_embedded/install/serial_rw/bin'
[9.630s] Level 1:colcon.colcon_core.environment:create_environment_scripts_only(serial_rw)
[9.635s] INFO:colcon.colcon_core.shell:Creating package script '/home/pi/ros_embedded/install/serial_rw/share/serial_rw/package.ps1'
[9.638s] INFO:colcon.colcon_core.shell:Creating package descriptor '/home/pi/ros_embedded/install/serial_rw/share/serial_rw/package.dsv'
[9.640s] INFO:colcon.colcon_core.shell:Creating package script '/home/pi/ros_embedded/install/serial_rw/share/serial_rw/package.sh'
[9.643s] INFO:colcon.colcon_core.shell:Creating package script '/home/pi/ros_embedded/install/serial_rw/share/serial_rw/package.bash'
[9.644s] INFO:colcon.colcon_core.shell:Creating package script '/home/pi/ros_embedded/install/serial_rw/share/serial_rw/package.zsh'
[9.646s] Level 1:colcon.colcon_core.environment:create_file_with_runtime_dependencies(/home/pi/ros_embedded/install/serial_rw/share/colcon-core/packages/serial_rw)
[9.647s] DEBUG:colcon.colcon_parallel_executor.executor.parallel:closing loop
[9.648s] DEBUG:colcon.colcon_parallel_executor.executor.parallel:loop closed
[9.649s] DEBUG:colcon.colcon_parallel_executor.executor.parallel:run_until_complete finished with '0'
[9.650s] DEBUG:colcon.colcon_core.event_reactor:joining thread
[9.672s] INFO:colcon.colcon_core.plugin_system:Skipping extension 'colcon_notification.desktop_notification.terminal_notifier': Not used on non-Darwin systems
[9.672s] INFO:colcon.colcon_core.plugin_system:Skipping extension 'colcon_notification.desktop_notification.win32': Not used on non-Windows systems
[9.672s] INFO:colcon.colcon_notification.desktop_notification:Sending desktop notification using 'notify2'
[9.677s] DEBUG:colcon.colcon_notification.desktop_notification.notify2:Failed to initialize notify2: org.freedesktop.DBus.Error.ServiceUnknown: The name org.freedesktop.Notifications was not provided by any .service files
[9.677s] DEBUG:colcon.colcon_core.event_reactor:joined thread
[9.682s] INFO:colcon.colcon_core.shell:Creating prefix script '/home/pi/ros_embedded/install/local_setup.ps1'
[9.687s] INFO:colcon.colcon_core.shell:Creating prefix util module '/home/pi/ros_embedded/install/_local_setup_util_ps1.py'
[9.694s] INFO:colcon.colcon_core.shell:Creating prefix chain script '/home/pi/ros_embedded/install/setup.ps1'
[9.701s] INFO:colcon.colcon_core.shell:Creating prefix script '/home/pi/ros_embedded/install/local_setup.sh'
[9.703s] INFO:colcon.colcon_core.shell:Creating prefix util module '/home/pi/ros_embedded/install/_local_setup_util_sh.py'
[9.705s] INFO:colcon.colcon_core.shell:Creating prefix chain script '/home/pi/ros_embedded/install/setup.sh'
[9.712s] INFO:colcon.colcon_core.shell:Creating prefix script '/home/pi/ros_embedded/install/local_setup.bash'
[9.714s] INFO:colcon.colcon_core.shell:Creating prefix chain script '/home/pi/ros_embedded/install/setup.bash'
[9.720s] INFO:colcon.colcon_core.shell:Creating prefix script '/home/pi/ros_embedded/install/local_setup.zsh'
[9.722s] INFO:colcon.colcon_core.shell:Creating prefix chain script '/home/pi/ros_embedded/install/setup.zsh'
