[7.911s] Invoking command in '/home/pi/ros_embedded/src/web_server': PYTHONPATH=/home/pi/ros_embedded/build/web_server/prefix_override:/home/pi/ros_embedded/install/web_server/lib/python3.10/site-packages:${PYTHONPATH} /usr/bin/python3 setup.py egg_info --egg-base ../../build/web_server build --build-base /home/pi/ros_embedded/build/web_server/build install --record /home/pi/ros_embedded/build/web_server/install.log --single-version-externally-managed
[10.076s] running egg_info
[10.080s] writing ../../build/web_server/web_server.egg-info/PKG-INFO
[10.081s] writing dependency_links to ../../build/web_server/web_server.egg-info/dependency_links.txt
[10.082s] writing entry points to ../../build/web_server/web_server.egg-info/entry_points.txt
[10.086s] writing requirements to ../../build/web_server/web_server.egg-info/requires.txt
[10.088s] writing top-level names to ../../build/web_server/web_server.egg-info/top_level.txt
[10.104s] reading manifest file '../../build/web_server/web_server.egg-info/SOURCES.txt'
[10.110s] writing manifest file '../../build/web_server/web_server.egg-info/SOURCES.txt'
[10.112s] running build
[10.115s] running build_py
[10.117s] running install
[10.123s] /usr/lib/python3/dist-packages/setuptools/command/install.py:34: SetuptoolsDeprecationWarning: setup.py install is deprecated. Use build and pip and other standards-based tools.
[10.131s]   warnings.warn(
[10.131s] running install_lib
[10.145s] running install_data
[10.150s] running install_egg_info
[10.177s] removing '/home/pi/ros_embedded/install/web_server/lib/python3.10/site-packages/web_server-0.0.0-py3.10.egg-info' (and everything under it)
[10.180s] Copying ../../build/web_server/web_server.egg-info to /home/pi/ros_embedded/install/web_server/lib/python3.10/site-packages/web_server-0.0.0-py3.10.egg-info
[10.195s] running install_scripts
[10.365s] Installing web_server script to /home/pi/ros_embedded/install/web_server/lib/web_server
[10.366s] writing list of installed files to '/home/pi/ros_embedded/build/web_server/install.log'
[10.606s] Invoked command in '/home/pi/ros_embedded/src/web_server' returned '0': PYTHONPATH=/home/pi/ros_embedded/build/web_server/prefix_override:/home/pi/ros_embedded/install/web_server/lib/python3.10/site-packages:${PYTHONPATH} /usr/bin/python3 setup.py egg_info --egg-base ../../build/web_server build --build-base /home/pi/ros_embedded/build/web_server/build install --record /home/pi/ros_embedded/build/web_server/install.log --single-version-externally-managed
