[3.925s] Invoking command in '/home/pi/ros_embedded/src/web_server': PYTHONPATH=/home/pi/ros_embedded/build/web_server/prefix_override:/home/pi/ros_embedded/install/web_server/lib/python3.10/site-packages:${PYTHONPATH} /usr/bin/python3 setup.py egg_info --egg-base ../../build/web_server build --build-base /home/pi/ros_embedded/build/web_server/build install --record /home/pi/ros_embedded/build/web_server/install.log --single-version-externally-managed
[5.060s] running egg_info
[5.063s] writing ../../build/web_server/web_server.egg-info/PKG-INFO
[5.064s] writing dependency_links to ../../build/web_server/web_server.egg-info/dependency_links.txt
[5.065s] writing entry points to ../../build/web_server/web_server.egg-info/entry_points.txt
[5.066s] writing requirements to ../../build/web_server/web_server.egg-info/requires.txt
[5.066s] writing top-level names to ../../build/web_server/web_server.egg-info/top_level.txt
[5.075s] reading manifest file '../../build/web_server/web_server.egg-info/SOURCES.txt'
[5.079s] writing manifest file '../../build/web_server/web_server.egg-info/SOURCES.txt'
[5.080s] running build
[5.080s] running build_py
[5.081s] copying web_server/web_server.py -> /home/pi/ros_embedded/build/web_server/build/lib/web_server
[5.082s] running install
[5.083s] /usr/lib/python3/dist-packages/setuptools/command/install.py:34: SetuptoolsDeprecationWarning: setup.py install is deprecated. Use build and pip and other standards-based tools.
[5.083s]   warnings.warn(
[5.084s] running install_lib
[5.088s] copying /home/pi/ros_embedded/build/web_server/build/lib/web_server/web_server.py -> /home/pi/ros_embedded/install/web_server/lib/python3.10/site-packages/web_server
[5.091s] byte-compiling /home/pi/ros_embedded/install/web_server/lib/python3.10/site-packages/web_server/web_server.py to web_server.cpython-310.pyc
[5.095s] running install_data
[5.097s] running install_egg_info
[5.104s] removing '/home/pi/ros_embedded/install/web_server/lib/python3.10/site-packages/web_server-0.0.0-py3.10.egg-info' (and everything under it)
[5.106s] Copying ../../build/web_server/web_server.egg-info to /home/pi/ros_embedded/install/web_server/lib/python3.10/site-packages/web_server-0.0.0-py3.10.egg-info
[5.114s] running install_scripts
[5.218s] Installing web_server script to /home/pi/ros_embedded/install/web_server/lib/web_server
[5.221s] writing list of installed files to '/home/pi/ros_embedded/build/web_server/install.log'
[5.424s] Invoked command in '/home/pi/ros_embedded/src/web_server' returned '0': PYTHONPATH=/home/pi/ros_embedded/build/web_server/prefix_override:/home/pi/ros_embedded/install/web_server/lib/python3.10/site-packages:${PYTHONPATH} /usr/bin/python3 setup.py egg_info --egg-base ../../build/web_server build --build-base /home/pi/ros_embedded/build/web_server/build install --record /home/pi/ros_embedded/build/web_server/install.log --single-version-externally-managed
