running egg_info
creating ../../build/serial_rw/serial_rw.egg-info
writing ../../build/serial_rw/serial_rw.egg-info/PKG-INFO
writing dependency_links to ../../build/serial_rw/serial_rw.egg-info/dependency_links.txt
writing entry points to ../../build/serial_rw/serial_rw.egg-info/entry_points.txt
writing requirements to ../../build/serial_rw/serial_rw.egg-info/requires.txt
writing top-level names to ../../build/serial_rw/serial_rw.egg-info/top_level.txt
writing manifest file '../../build/serial_rw/serial_rw.egg-info/SOURCES.txt'
reading manifest file '../../build/serial_rw/serial_rw.egg-info/SOURCES.txt'
writing manifest file '../../build/serial_rw/serial_rw.egg-info/SOURCES.txt'
running build
running build_py
creating /home/pi/ros_embedded/build/serial_rw/build
creating /home/pi/ros_embedded/build/serial_rw/build/lib
creating /home/pi/ros_embedded/build/serial_rw/build/lib/serial_rw
copying serial_rw/serial_rw.py -> /home/pi/ros_embedded/build/serial_rw/build/lib/serial_rw
copying serial_rw/__init__.py -> /home/pi/ros_embedded/build/serial_rw/build/lib/serial_rw
running install
/usr/lib/python3/dist-packages/setuptools/command/install.py:34: SetuptoolsDeprecationWarning: setup.py install is deprecated. Use build and pip and other standards-based tools.
  warnings.warn(
running install_lib
creating /home/pi/ros_embedded/install/serial_rw/lib/python3.10/site-packages/serial_rw
copying /home/pi/ros_embedded/build/serial_rw/build/lib/serial_rw/serial_rw.py -> /home/pi/ros_embedded/install/serial_rw/lib/python3.10/site-packages/serial_rw
copying /home/pi/ros_embedded/build/serial_rw/build/lib/serial_rw/__init__.py -> /home/pi/ros_embedded/install/serial_rw/lib/python3.10/site-packages/serial_rw
byte-compiling /home/pi/ros_embedded/install/serial_rw/lib/python3.10/site-packages/serial_rw/serial_rw.py to serial_rw.cpython-310.pyc
byte-compiling /home/pi/ros_embedded/install/serial_rw/lib/python3.10/site-packages/serial_rw/__init__.py to __init__.cpython-310.pyc
running install_data
creating /home/pi/ros_embedded/install/serial_rw/share/ament_index
creating /home/pi/ros_embedded/install/serial_rw/share/ament_index/resource_index
creating /home/pi/ros_embedded/install/serial_rw/share/ament_index/resource_index/packages
copying resource/serial_rw -> /home/pi/ros_embedded/install/serial_rw/share/ament_index/resource_index/packages
copying package.xml -> /home/pi/ros_embedded/install/serial_rw/share/serial_rw
running install_egg_info
Copying ../../build/serial_rw/serial_rw.egg-info to /home/pi/ros_embedded/install/serial_rw/lib/python3.10/site-packages/serial_rw-0.0.0-py3.10.egg-info
running install_scripts
Installing talker script to /home/pi/ros_embedded/install/serial_rw/lib/serial_rw
writing list of installed files to '/home/pi/ros_embedded/build/serial_rw/install.log'
