[2.502s] Invoking command in '/home/pi/ros_embedded/src/serial_rw': PYTHONPATH=/home/pi/ros_embedded/build/serial_rw/prefix_override:/home/pi/ros_embedded/install/serial_rw/lib/python3.10/site-packages:${PYTHONPATH} /usr/bin/python3 setup.py egg_info --egg-base ../../build/serial_rw build --build-base /home/pi/ros_embedded/build/serial_rw/build install --record /home/pi/ros_embedded/build/serial_rw/install.log --single-version-externally-managed
[3.489s] running egg_info
[3.492s] creating ../../build/serial_rw/serial_rw.egg-info
[3.492s] writing ../../build/serial_rw/serial_rw.egg-info/PKG-INFO
[3.493s] writing dependency_links to ../../build/serial_rw/serial_rw.egg-info/dependency_links.txt
[3.495s] writing entry points to ../../build/serial_rw/serial_rw.egg-info/entry_points.txt
[3.495s] writing requirements to ../../build/serial_rw/serial_rw.egg-info/requires.txt
[3.496s] writing top-level names to ../../build/serial_rw/serial_rw.egg-info/top_level.txt
[3.496s] writing manifest file '../../build/serial_rw/serial_rw.egg-info/SOURCES.txt'
[3.503s] reading manifest file '../../build/serial_rw/serial_rw.egg-info/SOURCES.txt'
[3.506s] writing manifest file '../../build/serial_rw/serial_rw.egg-info/SOURCES.txt'
[3.507s] running build
[3.507s] running build_py
[3.507s] creating /home/pi/ros_embedded/build/serial_rw/build
[3.508s] creating /home/pi/ros_embedded/build/serial_rw/build/lib
[3.508s] creating /home/pi/ros_embedded/build/serial_rw/build/lib/serial_rw
[3.509s] copying serial_rw/serial_rw.py -> /home/pi/ros_embedded/build/serial_rw/build/lib/serial_rw
[3.509s] copying serial_rw/__init__.py -> /home/pi/ros_embedded/build/serial_rw/build/lib/serial_rw
[3.510s] running install
[3.510s] /usr/lib/python3/dist-packages/setuptools/command/install.py:34: SetuptoolsDeprecationWarning: setup.py install is deprecated. Use build and pip and other standards-based tools.
[3.511s]   warnings.warn(
[3.512s] running install_lib
[3.514s] creating /home/pi/ros_embedded/install/serial_rw/lib/python3.10/site-packages/serial_rw
[3.515s] copying /home/pi/ros_embedded/build/serial_rw/build/lib/serial_rw/serial_rw.py -> /home/pi/ros_embedded/install/serial_rw/lib/python3.10/site-packages/serial_rw
[3.516s] copying /home/pi/ros_embedded/build/serial_rw/build/lib/serial_rw/__init__.py -> /home/pi/ros_embedded/install/serial_rw/lib/python3.10/site-packages/serial_rw
[3.518s] byte-compiling /home/pi/ros_embedded/install/serial_rw/lib/python3.10/site-packages/serial_rw/serial_rw.py to serial_rw.cpython-310.pyc
[3.521s] byte-compiling /home/pi/ros_embedded/install/serial_rw/lib/python3.10/site-packages/serial_rw/__init__.py to __init__.cpython-310.pyc
[3.521s] running install_data
[3.524s] creating /home/pi/ros_embedded/install/serial_rw/share/ament_index
[3.524s] creating /home/pi/ros_embedded/install/serial_rw/share/ament_index/resource_index
[3.525s] creating /home/pi/ros_embedded/install/serial_rw/share/ament_index/resource_index/packages
[3.525s] copying resource/serial_rw -> /home/pi/ros_embedded/install/serial_rw/share/ament_index/resource_index/packages
[3.525s] copying package.xml -> /home/pi/ros_embedded/install/serial_rw/share/serial_rw
[3.526s] running install_egg_info
[3.532s] Copying ../../build/serial_rw/serial_rw.egg-info to /home/pi/ros_embedded/install/serial_rw/lib/python3.10/site-packages/serial_rw-0.0.0-py3.10.egg-info
[3.537s] running install_scripts
[3.613s] Installing talker script to /home/pi/ros_embedded/install/serial_rw/lib/serial_rw
[3.614s] writing list of installed files to '/home/pi/ros_embedded/build/serial_rw/install.log'
[3.730s] Invoked command in '/home/pi/ros_embedded/src/serial_rw' returned '0': PYTHONPATH=/home/pi/ros_embedded/build/serial_rw/prefix_override:/home/pi/ros_embedded/install/serial_rw/lib/python3.10/site-packages:${PYTHONPATH} /usr/bin/python3 setup.py egg_info --egg-base ../../build/serial_rw build --build-base /home/pi/ros_embedded/build/serial_rw/build install --record /home/pi/ros_embedded/build/serial_rw/install.log --single-version-externally-managed
