[7.557s] Invoking command in '/home/pi/ros_embedded/src/web_server': PYTHONPATH=/home/pi/ros_embedded/build/web_server/prefix_override:/home/pi/ros_embedded/install/web_server/lib/python3.10/site-packages:${PYTHONPATH} /usr/bin/python3 setup.py egg_info --egg-base ../../build/web_server build --build-base /home/pi/ros_embedded/build/web_server/build install --record /home/pi/ros_embedded/build/web_server/install.log --single-version-externally-managed
[9.345s] running egg_info
[9.349s] writing ../../build/web_server/web_server.egg-info/PKG-INFO
[9.350s] writing dependency_links to ../../build/web_server/web_server.egg-info/dependency_links.txt
[9.351s] writing entry points to ../../build/web_server/web_server.egg-info/entry_points.txt
[9.352s] writing requirements to ../../build/web_server/web_server.egg-info/requires.txt
[9.353s] writing top-level names to ../../build/web_server/web_server.egg-info/top_level.txt
[9.363s] reading manifest file '../../build/web_server/web_server.egg-info/SOURCES.txt'
[9.367s] writing manifest file '../../build/web_server/web_server.egg-info/SOURCES.txt'
[9.368s] running build
[9.369s] running build_py
[9.370s] running install
[9.371s] /usr/lib/python3/dist-packages/setuptools/command/install.py:34: SetuptoolsDeprecationWarning: setup.py install is deprecated. Use build and pip and other standards-based tools.
[9.372s]   warnings.warn(
[9.372s] running install_lib
[9.379s] running install_data
[9.382s] running install_egg_info
[9.391s] removing '/home/pi/ros_embedded/install/web_server/lib/python3.10/site-packages/web_server-0.0.0-py3.10.egg-info' (and everything under it)
[9.393s] Copying ../../build/web_server/web_server.egg-info to /home/pi/ros_embedded/install/web_server/lib/python3.10/site-packages/web_server-0.0.0-py3.10.egg-info
[9.402s] running install_scripts
[9.504s] Installing web_server script to /home/pi/ros_embedded/install/web_server/lib/web_server
[9.506s] writing list of installed files to '/home/pi/ros_embedded/build/web_server/install.log'
[9.689s] Invoked command in '/home/pi/ros_embedded/src/web_server' returned '0': PYTHONPATH=/home/pi/ros_embedded/build/web_server/prefix_override:/home/pi/ros_embedded/install/web_server/lib/python3.10/site-packages:${PYTHONPATH} /usr/bin/python3 setup.py egg_info --egg-base ../../build/web_server build --build-base /home/pi/ros_embedded/build/web_server/build install --record /home/pi/ros_embedded/build/web_server/install.log --single-version-externally-managed
