[3.883s] Invoking command in '/home/pi/ros_embedded/src/serial_rw': PYTHONPATH=/home/pi/ros_embedded/build/serial_rw/prefix_override:/home/pi/ros_embedded/install/serial_rw/lib/python3.10/site-packages:${PYTHONPATH} /usr/bin/python3 setup.py egg_info --egg-base ../../build/serial_rw build --build-base /home/pi/ros_embedded/build/serial_rw/build install --record /home/pi/ros_embedded/build/serial_rw/install.log --single-version-externally-managed
[5.013s] running egg_info
[5.017s] writing ../../build/serial_rw/serial_rw.egg-info/PKG-INFO
[5.019s] writing dependency_links to ../../build/serial_rw/serial_rw.egg-info/dependency_links.txt
[5.019s] writing entry points to ../../build/serial_rw/serial_rw.egg-info/entry_points.txt
[5.020s] writing requirements to ../../build/serial_rw/serial_rw.egg-info/requires.txt
[5.021s] writing top-level names to ../../build/serial_rw/serial_rw.egg-info/top_level.txt
[5.028s] reading manifest file '../../build/serial_rw/serial_rw.egg-info/SOURCES.txt'
[5.032s] writing manifest file '../../build/serial_rw/serial_rw.egg-info/SOURCES.txt'
[5.033s] running build
[5.034s] running build_py
[5.036s] running install
[5.038s] /usr/lib/python3/dist-packages/setuptools/command/install.py:34: SetuptoolsDeprecationWarning: setup.py install is deprecated. Use build and pip and other standards-based tools.
[5.038s]   warnings.warn(
[5.038s] running install_lib
[5.043s] running install_data
[5.046s] running install_egg_info
[5.053s] removing '/home/pi/ros_embedded/install/serial_rw/lib/python3.10/site-packages/serial_rw-0.0.0-py3.10.egg-info' (and everything under it)
[5.054s] Copying ../../build/serial_rw/serial_rw.egg-info to /home/pi/ros_embedded/install/serial_rw/lib/python3.10/site-packages/serial_rw-0.0.0-py3.10.egg-info
[5.060s] running install_scripts
[5.146s] Installing rw script to /home/pi/ros_embedded/install/serial_rw/lib/serial_rw
[5.148s] writing list of installed files to '/home/pi/ros_embedded/build/serial_rw/install.log'
[5.314s] Invoked command in '/home/pi/ros_embedded/src/serial_rw' returned '0': PYTHONPATH=/home/pi/ros_embedded/build/serial_rw/prefix_override:/home/pi/ros_embedded/install/serial_rw/lib/python3.10/site-packages:${PYTHONPATH} /usr/bin/python3 setup.py egg_info --egg-base ../../build/serial_rw build --build-base /home/pi/ros_embedded/build/serial_rw/build install --record /home/pi/ros_embedded/build/serial_rw/install.log --single-version-externally-managed
