[5.532s] Invoking command in '/home/pi/ros_embedded/src/database': PYTHONPATH=/home/pi/ros_embedded/build/database/prefix_override:/home/pi/ros_embedded/install/database/lib/python3.10/site-packages:${PYTHONPATH} /usr/bin/python3 setup.py egg_info --egg-base ../../build/database build --build-base /home/pi/ros_embedded/build/database/build install --record /home/pi/ros_embedded/build/database/install.log --single-version-externally-managed
[6.862s] running egg_info
[6.869s] writing ../../build/database/database.egg-info/PKG-INFO
[6.870s] writing dependency_links to ../../build/database/database.egg-info/dependency_links.txt
[6.870s] writing entry points to ../../build/database/database.egg-info/entry_points.txt
[6.871s] writing requirements to ../../build/database/database.egg-info/requires.txt
[6.872s] writing top-level names to ../../build/database/database.egg-info/top_level.txt
[6.880s] reading manifest file '../../build/database/database.egg-info/SOURCES.txt'
[6.884s] writing manifest file '../../build/database/database.egg-info/SOURCES.txt'
[6.885s] running build
[6.886s] running build_py
[6.887s] copying database/database_updater.py -> /home/pi/ros_embedded/build/database/build/lib/database
[6.888s] running install
[6.889s] /usr/lib/python3/dist-packages/setuptools/command/install.py:34: SetuptoolsDeprecationWarning: setup.py install is deprecated. Use build and pip and other standards-based tools.
[6.890s]   warnings.warn(
[6.893s] running install_lib
[6.895s] copying /home/pi/ros_embedded/build/database/build/lib/database/database_updater.py -> /home/pi/ros_embedded/install/database/lib/python3.10/site-packages/database
[6.899s] byte-compiling /home/pi/ros_embedded/install/database/lib/python3.10/site-packages/database/database_updater.py to database_updater.cpython-310.pyc
[6.902s] running install_data
[6.905s] running install_egg_info
[6.914s] removing '/home/pi/ros_embedded/install/database/lib/python3.10/site-packages/database-0.0.0-py3.10.egg-info' (and everything under it)
[6.916s] Copying ../../build/database/database.egg-info to /home/pi/ros_embedded/install/database/lib/python3.10/site-packages/database-0.0.0-py3.10.egg-info
[6.925s] running install_scripts
[7.050s] Installing database_updater script to /home/pi/ros_embedded/install/database/lib/database
[7.055s] writing list of installed files to '/home/pi/ros_embedded/build/database/install.log'
[7.406s] Invoked command in '/home/pi/ros_embedded/src/database' returned '0': PYTHONPATH=/home/pi/ros_embedded/build/database/prefix_override:/home/pi/ros_embedded/install/database/lib/python3.10/site-packages:${PYTHONPATH} /usr/bin/python3 setup.py egg_info --egg-base ../../build/database build --build-base /home/pi/ros_embedded/build/database/build install --record /home/pi/ros_embedded/build/database/install.log --single-version-externally-managed
