[4.285s] Invoking command in '/home/pi/ros_embedded/src/serial_rw': PYTHONPATH=/home/pi/ros_embedded/build/serial_rw/prefix_override:/home/pi/ros_embedded/install/serial_rw/lib/python3.10/site-packages:${PYTHONPATH} /usr/bin/python3 setup.py egg_info --egg-base ../../build/serial_rw build --build-base /home/pi/ros_embedded/build/serial_rw/build install --record /home/pi/ros_embedded/build/serial_rw/install.log --single-version-externally-managed
[5.534s] running egg_info
[5.538s] writing ../../build/serial_rw/serial_rw.egg-info/PKG-INFO
[5.539s] writing dependency_links to ../../build/serial_rw/serial_rw.egg-info/dependency_links.txt
[5.540s] writing entry points to ../../build/serial_rw/serial_rw.egg-info/entry_points.txt
[5.541s] writing requirements to ../../build/serial_rw/serial_rw.egg-info/requires.txt
[5.541s] writing top-level names to ../../build/serial_rw/serial_rw.egg-info/top_level.txt
[5.549s] reading manifest file '../../build/serial_rw/serial_rw.egg-info/SOURCES.txt'
[5.553s] writing manifest file '../../build/serial_rw/serial_rw.egg-info/SOURCES.txt'
[5.553s] running build
[5.554s] running build_py
[5.554s] copying serial_rw/serial_rw.py -> /home/pi/ros_embedded/build/serial_rw/build/lib/serial_rw
[5.556s] running install
[5.556s] /usr/lib/python3/dist-packages/setuptools/command/install.py:34: SetuptoolsDeprecationWarning: setup.py install is deprecated. Use build and pip and other standards-based tools.
[5.557s]   warnings.warn(
[5.557s] running install_lib
[5.561s] copying /home/pi/ros_embedded/build/serial_rw/build/lib/serial_rw/serial_rw.py -> /home/pi/ros_embedded/install/serial_rw/lib/python3.10/site-packages/serial_rw
[5.563s] byte-compiling /home/pi/ros_embedded/install/serial_rw/lib/python3.10/site-packages/serial_rw/serial_rw.py to serial_rw.cpython-310.pyc
[5.566s] running install_data
[5.568s] running install_egg_info
[5.575s] removing '/home/pi/ros_embedded/install/serial_rw/lib/python3.10/site-packages/serial_rw-0.0.0-py3.10.egg-info' (and everything under it)
[5.577s] Copying ../../build/serial_rw/serial_rw.egg-info to /home/pi/ros_embedded/install/serial_rw/lib/python3.10/site-packages/serial_rw-0.0.0-py3.10.egg-info
[5.582s] running install_scripts
[5.667s] Installing rw script to /home/pi/ros_embedded/install/serial_rw/lib/serial_rw
[5.669s] writing list of installed files to '/home/pi/ros_embedded/build/serial_rw/install.log'
[5.799s] Invoked command in '/home/pi/ros_embedded/src/serial_rw' returned '0': PYTHONPATH=/home/pi/ros_embedded/build/serial_rw/prefix_override:/home/pi/ros_embedded/install/serial_rw/lib/python3.10/site-packages:${PYTHONPATH} /usr/bin/python3 setup.py egg_info --egg-base ../../build/serial_rw build --build-base /home/pi/ros_embedded/build/serial_rw/build install --record /home/pi/ros_embedded/build/serial_rw/install.log --single-version-externally-managed
