running egg_info
writing ../../build/serial_rw/serial_rw.egg-info/PKG-INFO
writing dependency_links to ../../build/serial_rw/serial_rw.egg-info/dependency_links.txt
writing entry points to ../../build/serial_rw/serial_rw.egg-info/entry_points.txt
writing requirements to ../../build/serial_rw/serial_rw.egg-info/requires.txt
writing top-level names to ../../build/serial_rw/serial_rw.egg-info/top_level.txt
reading manifest file '../../build/serial_rw/serial_rw.egg-info/SOURCES.txt'
writing manifest file '../../build/serial_rw/serial_rw.egg-info/SOURCES.txt'
running build
running build_py
running install
/usr/lib/python3/dist-packages/setuptools/command/install.py:34: SetuptoolsDeprecationWarning: setup.py install is deprecated. Use build and pip and other standards-based tools.
  warnings.warn(
running install_lib
byte-compiling /home/pi/ros_embedded/install/serial_rw/lib/python3.10/site-packages/serial_rw/serial_rw.py to serial_rw.cpython-310.pyc
Sorry: IndentationError: expected an indented block after function definition on line 29 (serial_rw.py, line 30)
running install_data
running install_egg_info
removing '/home/pi/ros_embedded/install/serial_rw/lib/python3.10/site-packages/serial_rw-0.0.0-py3.10.egg-info' (and everything under it)
Copying ../../build/serial_rw/serial_rw.egg-info to /home/pi/ros_embedded/install/serial_rw/lib/python3.10/site-packages/serial_rw-0.0.0-py3.10.egg-info
running install_scripts
Installing rw script to /home/pi/ros_embedded/install/serial_rw/lib/serial_rw
writing list of installed files to '/home/pi/ros_embedded/build/serial_rw/install.log'
