[5.723s] Invoking command in '/home/pi/ros_embedded/src/database': PYTHONPATH=/home/pi/ros_embedded/build/database/prefix_override:/home/pi/ros_embedded/install/database/lib/python3.10/site-packages:${PYTHONPATH} /usr/bin/python3 setup.py egg_info --egg-base ../../build/database build --build-base /home/pi/ros_embedded/build/database/build install --record /home/pi/ros_embedded/build/database/install.log --single-version-externally-managed
[7.155s] running egg_info
[7.159s] writing ../../build/database/database.egg-info/PKG-INFO
[7.160s] writing dependency_links to ../../build/database/database.egg-info/dependency_links.txt
[7.161s] writing entry points to ../../build/database/database.egg-info/entry_points.txt
[7.163s] writing requirements to ../../build/database/database.egg-info/requires.txt
[7.166s] writing top-level names to ../../build/database/database.egg-info/top_level.txt
[7.176s] reading manifest file '../../build/database/database.egg-info/SOURCES.txt'
[7.180s] writing manifest file '../../build/database/database.egg-info/SOURCES.txt'
[7.181s] running build
[7.182s] running build_py
[7.183s] copying database/database_updater.py -> /home/pi/ros_embedded/build/database/build/lib/database
[7.184s] running install
[7.185s] /usr/lib/python3/dist-packages/setuptools/command/install.py:34: SetuptoolsDeprecationWarning: setup.py install is deprecated. Use build and pip and other standards-based tools.
[7.186s]   warnings.warn(
[7.187s] running install_lib
[7.189s] copying /home/pi/ros_embedded/build/database/build/lib/database/database_updater.py -> /home/pi/ros_embedded/install/database/lib/python3.10/site-packages/database
[7.192s] byte-compiling /home/pi/ros_embedded/install/database/lib/python3.10/site-packages/database/database_updater.py to database_updater.cpython-310.pyc
[7.194s] running install_data
[7.197s] running install_egg_info
[7.207s] removing '/home/pi/ros_embedded/install/database/lib/python3.10/site-packages/database-0.0.0-py3.10.egg-info' (and everything under it)
[7.208s] Copying ../../build/database/database.egg-info to /home/pi/ros_embedded/install/database/lib/python3.10/site-packages/database-0.0.0-py3.10.egg-info
[7.216s] running install_scripts
[7.328s] Installing database_updater script to /home/pi/ros_embedded/install/database/lib/database
[7.332s] writing list of installed files to '/home/pi/ros_embedded/build/database/install.log'
[7.683s] Invoked command in '/home/pi/ros_embedded/src/database' returned '0': PYTHONPATH=/home/pi/ros_embedded/build/database/prefix_override:/home/pi/ros_embedded/install/database/lib/python3.10/site-packages:${PYTHONPATH} /usr/bin/python3 setup.py egg_info --egg-base ../../build/database build --build-base /home/pi/ros_embedded/build/database/build install --record /home/pi/ros_embedded/build/database/install.log --single-version-externally-managed
