[5.720s] Invoking command in '/home/pi/ros_embedded/src/serial_rw': PYTHONPATH=/home/pi/ros_embedded/build/serial_rw/prefix_override:/home/pi/ros_embedded/install/serial_rw/lib/python3.10/site-packages:${PYTHONPATH} /usr/bin/python3 setup.py egg_info --egg-base ../../build/serial_rw build --build-base /home/pi/ros_embedded/build/serial_rw/build install --record /home/pi/ros_embedded/build/serial_rw/install.log --single-version-externally-managed
[7.166s] running egg_info
[7.171s] writing ../../build/serial_rw/serial_rw.egg-info/PKG-INFO
[7.172s] writing dependency_links to ../../build/serial_rw/serial_rw.egg-info/dependency_links.txt
[7.173s] writing entry points to ../../build/serial_rw/serial_rw.egg-info/entry_points.txt
[7.174s] writing requirements to ../../build/serial_rw/serial_rw.egg-info/requires.txt
[7.175s] writing top-level names to ../../build/serial_rw/serial_rw.egg-info/top_level.txt
[7.186s] reading manifest file '../../build/serial_rw/serial_rw.egg-info/SOURCES.txt'
[7.189s] writing manifest file '../../build/serial_rw/serial_rw.egg-info/SOURCES.txt'
[7.190s] running build
[7.191s] running build_py
[7.191s] copying serial_rw/serial_rw.py -> /home/pi/ros_embedded/build/serial_rw/build/lib/serial_rw
[7.193s] running install
[7.194s] /usr/lib/python3/dist-packages/setuptools/command/install.py:34: SetuptoolsDeprecationWarning: setup.py install is deprecated. Use build and pip and other standards-based tools.
[7.195s]   warnings.warn(
[7.196s] running install_lib
[7.200s] copying /home/pi/ros_embedded/build/serial_rw/build/lib/serial_rw/serial_rw.py -> /home/pi/ros_embedded/install/serial_rw/lib/python3.10/site-packages/serial_rw
[7.205s] byte-compiling /home/pi/ros_embedded/install/serial_rw/lib/python3.10/site-packages/serial_rw/serial_rw.py to serial_rw.cpython-310.pyc
[7.207s] running install_data
[7.210s] running install_egg_info
[7.219s] removing '/home/pi/ros_embedded/install/serial_rw/lib/python3.10/site-packages/serial_rw-0.0.0-py3.10.egg-info' (and everything under it)
[7.221s] Copying ../../build/serial_rw/serial_rw.egg-info to /home/pi/ros_embedded/install/serial_rw/lib/python3.10/site-packages/serial_rw-0.0.0-py3.10.egg-info
[7.227s] running install_scripts
[7.328s] Installing rw script to /home/pi/ros_embedded/install/serial_rw/lib/serial_rw
[7.331s] writing list of installed files to '/home/pi/ros_embedded/build/serial_rw/install.log'
[7.566s] Invoked command in '/home/pi/ros_embedded/src/serial_rw' returned '0': PYTHONPATH=/home/pi/ros_embedded/build/serial_rw/prefix_override:/home/pi/ros_embedded/install/serial_rw/lib/python3.10/site-packages:${PYTHONPATH} /usr/bin/python3 setup.py egg_info --egg-base ../../build/serial_rw build --build-base /home/pi/ros_embedded/build/serial_rw/build install --record /home/pi/ros_embedded/build/serial_rw/install.log --single-version-externally-managed
