[3.854s] Invoking command in '/home/pi/ros_embedded/src/web_server': PYTHONPATH=/home/pi/ros_embedded/build/web_server/prefix_override:/home/pi/ros_embedded/install/web_server/lib/python3.10/site-packages:${PYTHONPATH} /usr/bin/python3 setup.py egg_info --egg-base ../../build/web_server build --build-base /home/pi/ros_embedded/build/web_server/build install --record /home/pi/ros_embedded/build/web_server/install.log --single-version-externally-managed
[4.982s] running egg_info
[4.986s] writing ../../build/web_server/web_server.egg-info/PKG-INFO
[4.989s] writing dependency_links to ../../build/web_server/web_server.egg-info/dependency_links.txt
[4.990s] writing entry points to ../../build/web_server/web_server.egg-info/entry_points.txt
[4.991s] writing requirements to ../../build/web_server/web_server.egg-info/requires.txt
[4.991s] writing top-level names to ../../build/web_server/web_server.egg-info/top_level.txt
[4.998s] reading manifest file '../../build/web_server/web_server.egg-info/SOURCES.txt'
[5.002s] writing manifest file '../../build/web_server/web_server.egg-info/SOURCES.txt'
[5.003s] running build
[5.003s] running build_py
[5.004s] copying web_server/web_server.py -> /home/pi/ros_embedded/build/web_server/build/lib/web_server
[5.006s] running install
[5.006s] /usr/lib/python3/dist-packages/setuptools/command/install.py:34: SetuptoolsDeprecationWarning: setup.py install is deprecated. Use build and pip and other standards-based tools.
[5.006s]   warnings.warn(
[5.007s] running install_lib
[5.010s] copying /home/pi/ros_embedded/build/web_server/build/lib/web_server/web_server.py -> /home/pi/ros_embedded/install/web_server/lib/python3.10/site-packages/web_server
[5.014s] byte-compiling /home/pi/ros_embedded/install/web_server/lib/python3.10/site-packages/web_server/web_server.py to web_server.cpython-310.pyc
[5.016s] running install_data
[5.019s] error: can't copy 'resource/web_server': doesn't exist or not a regular file
[5.126s] Invoked command in '/home/pi/ros_embedded/src/web_server' returned '1': PYTHONPATH=/home/pi/ros_embedded/build/web_server/prefix_override:/home/pi/ros_embedded/install/web_server/lib/python3.10/site-packages:${PYTHONPATH} /usr/bin/python3 setup.py egg_info --egg-base ../../build/web_server build --build-base /home/pi/ros_embedded/build/web_server/build install --record /home/pi/ros_embedded/build/web_server/install.log --single-version-externally-managed
