[3.969s] Invoking command in '/home/pi/ros_embedded/src/serial_rw': PYTHONPATH=/home/pi/ros_embedded/build/serial_rw/prefix_override:/home/pi/ros_embedded/install/serial_rw/lib/python3.10/site-packages:${PYTHONPATH} /usr/bin/python3 setup.py egg_info --egg-base ../../build/serial_rw build --build-base /home/pi/ros_embedded/build/serial_rw/build install --record /home/pi/ros_embedded/build/serial_rw/install.log --single-version-externally-managed
[5.131s] running egg_info
[5.134s] writing ../../build/serial_rw/serial_rw.egg-info/PKG-INFO
[5.135s] writing dependency_links to ../../build/serial_rw/serial_rw.egg-info/dependency_links.txt
[5.136s] writing entry points to ../../build/serial_rw/serial_rw.egg-info/entry_points.txt
[5.138s] writing requirements to ../../build/serial_rw/serial_rw.egg-info/requires.txt
[5.139s] writing top-level names to ../../build/serial_rw/serial_rw.egg-info/top_level.txt
[5.146s] reading manifest file '../../build/serial_rw/serial_rw.egg-info/SOURCES.txt'
[5.150s] writing manifest file '../../build/serial_rw/serial_rw.egg-info/SOURCES.txt'
[5.152s] running build
[5.153s] running build_py
[5.154s] running install
[5.156s] /usr/lib/python3/dist-packages/setuptools/command/install.py:34: SetuptoolsDeprecationWarning: setup.py install is deprecated. Use build and pip and other standards-based tools.
[5.156s]   warnings.warn(
[5.157s] running install_lib
[5.160s] running install_data
[5.163s] running install_egg_info
[5.170s] removing '/home/pi/ros_embedded/install/serial_rw/lib/python3.10/site-packages/serial_rw-0.0.0-py3.10.egg-info' (and everything under it)
[5.172s] Copying ../../build/serial_rw/serial_rw.egg-info to /home/pi/ros_embedded/install/serial_rw/lib/python3.10/site-packages/serial_rw-0.0.0-py3.10.egg-info
[5.177s] running install_scripts
[5.265s] Installing rw script to /home/pi/ros_embedded/install/serial_rw/lib/serial_rw
[5.268s] writing list of installed files to '/home/pi/ros_embedded/build/serial_rw/install.log'
[5.538s] Invoked command in '/home/pi/ros_embedded/src/serial_rw' returned '0': PYTHONPATH=/home/pi/ros_embedded/build/serial_rw/prefix_override:/home/pi/ros_embedded/install/serial_rw/lib/python3.10/site-packages:${PYTHONPATH} /usr/bin/python3 setup.py egg_info --egg-base ../../build/serial_rw build --build-base /home/pi/ros_embedded/build/serial_rw/build install --record /home/pi/ros_embedded/build/serial_rw/install.log --single-version-externally-managed
