[7.796s] Invoking command in '/home/pi/ros_embedded/src/database': PYTHONPATH=/home/pi/ros_embedded/build/database/prefix_override:/home/pi/ros_embedded/install/database/lib/python3.10/site-packages:${PYTHONPATH} /usr/bin/python3 setup.py egg_info --egg-base ../../build/database build --build-base /home/pi/ros_embedded/build/database/build install --record /home/pi/ros_embedded/build/database/install.log --single-version-externally-managed
[9.947s] running egg_info
[9.952s] writing ../../build/database/database.egg-info/PKG-INFO
[9.954s] writing dependency_links to ../../build/database/database.egg-info/dependency_links.txt
[9.965s] writing entry points to ../../build/database/database.egg-info/entry_points.txt
[9.967s] writing requirements to ../../build/database/database.egg-info/requires.txt
[9.969s] writing top-level names to ../../build/database/database.egg-info/top_level.txt
[9.984s] reading manifest file '../../build/database/database.egg-info/SOURCES.txt'
[9.990s] writing manifest file '../../build/database/database.egg-info/SOURCES.txt'
[9.992s] running build
[9.994s] running build_py
[9.996s] copying database/database_updater.py -> /home/pi/ros_embedded/build/database/build/lib/database
[9.999s] running install
[10.001s] /usr/lib/python3/dist-packages/setuptools/command/install.py:34: SetuptoolsDeprecationWarning: setup.py install is deprecated. Use build and pip and other standards-based tools.
[10.002s]   warnings.warn(
[10.003s] running install_lib
[10.007s] copying /home/pi/ros_embedded/build/database/build/lib/database/database_updater.py -> /home/pi/ros_embedded/install/database/lib/python3.10/site-packages/database
[10.010s] byte-compiling /home/pi/ros_embedded/install/database/lib/python3.10/site-packages/database/database_updater.py to database_updater.cpython-310.pyc
[10.015s] running install_data
[10.018s] running install_egg_info
[10.028s] removing '/home/pi/ros_embedded/install/database/lib/python3.10/site-packages/database-0.0.0-py3.10.egg-info' (and everything under it)
[10.030s] Copying ../../build/database/database.egg-info to /home/pi/ros_embedded/install/database/lib/python3.10/site-packages/database-0.0.0-py3.10.egg-info
[10.039s] running install_scripts
[10.218s] Installing database_updater script to /home/pi/ros_embedded/install/database/lib/database
[10.223s] writing list of installed files to '/home/pi/ros_embedded/build/database/install.log'
[10.550s] Invoked command in '/home/pi/ros_embedded/src/database' returned '0': PYTHONPATH=/home/pi/ros_embedded/build/database/prefix_override:/home/pi/ros_embedded/install/database/lib/python3.10/site-packages:${PYTHONPATH} /usr/bin/python3 setup.py egg_info --egg-base ../../build/database build --build-base /home/pi/ros_embedded/build/database/build install --record /home/pi/ros_embedded/build/database/install.log --single-version-externally-managed
