[5.615s] Invoking command in '/home/pi/ros_embedded/src/web_server': PYTHONPATH=/home/pi/ros_embedded/build/web_server/prefix_override:/home/pi/ros_embedded/install/web_server/lib/python3.10/site-packages:${PYTHONPATH} /usr/bin/python3 setup.py egg_info --egg-base ../../build/web_server build --build-base /home/pi/ros_embedded/build/web_server/build install --record /home/pi/ros_embedded/build/web_server/install.log --single-version-externally-managed
[7.029s] running egg_info
[7.034s] writing ../../build/web_server/web_server.egg-info/PKG-INFO
[7.035s] writing dependency_links to ../../build/web_server/web_server.egg-info/dependency_links.txt
[7.037s] writing entry points to ../../build/web_server/web_server.egg-info/entry_points.txt
[7.038s] writing requirements to ../../build/web_server/web_server.egg-info/requires.txt
[7.039s] writing top-level names to ../../build/web_server/web_server.egg-info/top_level.txt
[7.048s] reading manifest file '../../build/web_server/web_server.egg-info/SOURCES.txt'
[7.053s] writing manifest file '../../build/web_server/web_server.egg-info/SOURCES.txt'
[7.054s] running build
[7.054s] running build_py
[7.057s] running install
[7.057s] /usr/lib/python3/dist-packages/setuptools/command/install.py:34: SetuptoolsDeprecationWarning: setup.py install is deprecated. Use build and pip and other standards-based tools.
[7.058s]   warnings.warn(
[7.059s] running install_lib
[7.067s] running install_data
[7.076s] running install_egg_info
[7.079s] removing '/home/pi/ros_embedded/install/web_server/lib/python3.10/site-packages/web_server-0.0.0-py3.10.egg-info' (and everything under it)
[7.087s] Copying ../../build/web_server/web_server.egg-info to /home/pi/ros_embedded/install/web_server/lib/python3.10/site-packages/web_server-0.0.0-py3.10.egg-info
[7.090s] running install_scripts
[7.267s] Installing web_server script to /home/pi/ros_embedded/install/web_server/lib/web_server
[7.271s] writing list of installed files to '/home/pi/ros_embedded/build/web_server/install.log'
[7.517s] Invoked command in '/home/pi/ros_embedded/src/web_server' returned '0': PYTHONPATH=/home/pi/ros_embedded/build/web_server/prefix_override:/home/pi/ros_embedded/install/web_server/lib/python3.10/site-packages:${PYTHONPATH} /usr/bin/python3 setup.py egg_info --egg-base ../../build/web_server build --build-base /home/pi/ros_embedded/build/web_server/build install --record /home/pi/ros_embedded/build/web_server/install.log --single-version-externally-managed
