[7.030s] Invoking command in '/home/pi/ros_embedded/src/serial_rw': PYTHONPATH=/home/pi/ros_embedded/build/serial_rw/prefix_override:/home/pi/ros_embedded/install/serial_rw/lib/python3.10/site-packages:${PYTHONPATH} /usr/bin/python3 setup.py egg_info --egg-base ../../build/serial_rw build --build-base /home/pi/ros_embedded/build/serial_rw/build install --record /home/pi/ros_embedded/build/serial_rw/install.log --single-version-externally-managed
[8.622s] running egg_info
[8.626s] writing ../../build/serial_rw/serial_rw.egg-info/PKG-INFO
[8.629s] writing dependency_links to ../../build/serial_rw/serial_rw.egg-info/dependency_links.txt
[8.630s] writing entry points to ../../build/serial_rw/serial_rw.egg-info/entry_points.txt
[8.631s] writing requirements to ../../build/serial_rw/serial_rw.egg-info/requires.txt
[8.631s] writing top-level names to ../../build/serial_rw/serial_rw.egg-info/top_level.txt
[8.641s] reading manifest file '../../build/serial_rw/serial_rw.egg-info/SOURCES.txt'
[8.646s] writing manifest file '../../build/serial_rw/serial_rw.egg-info/SOURCES.txt'
[8.647s] running build
[8.648s] running build_py
[8.649s] running install
[8.651s] /usr/lib/python3/dist-packages/setuptools/command/install.py:34: SetuptoolsDeprecationWarning: setup.py install is deprecated. Use build and pip and other standards-based tools.
[8.652s]   warnings.warn(
[8.652s] running install_lib
[8.659s] running install_data
[8.662s] running install_egg_info
[8.672s] removing '/home/pi/ros_embedded/install/serial_rw/lib/python3.10/site-packages/serial_rw-0.0.0-py3.10.egg-info' (and everything under it)
[8.674s] Copying ../../build/serial_rw/serial_rw.egg-info to /home/pi/ros_embedded/install/serial_rw/lib/python3.10/site-packages/serial_rw-0.0.0-py3.10.egg-info
[8.683s] running install_scripts
[8.797s] Installing rw script to /home/pi/ros_embedded/install/serial_rw/lib/serial_rw
[8.800s] writing list of installed files to '/home/pi/ros_embedded/build/serial_rw/install.log'
[9.051s] Invoked command in '/home/pi/ros_embedded/src/serial_rw' returned '0': PYTHONPATH=/home/pi/ros_embedded/build/serial_rw/prefix_override:/home/pi/ros_embedded/install/serial_rw/lib/python3.10/site-packages:${PYTHONPATH} /usr/bin/python3 setup.py egg_info --egg-base ../../build/serial_rw build --build-base /home/pi/ros_embedded/build/serial_rw/build install --record /home/pi/ros_embedded/build/serial_rw/install.log --single-version-externally-managed
