[3.924s] Invoking command in '/home/pi/ros_embedded/src/web_server': PYTHONPATH=/home/pi/ros_embedded/build/web_server/prefix_override:/home/pi/ros_embedded/install/web_server/lib/python3.10/site-packages:${PYTHONPATH} /usr/bin/python3 setup.py egg_info --egg-base ../../build/web_server build --build-base /home/pi/ros_embedded/build/web_server/build install --record /home/pi/ros_embedded/build/web_server/install.log --single-version-externally-managed
[5.057s] running egg_info
[5.061s] writing ../../build/web_server/web_server.egg-info/PKG-INFO
[5.062s] writing dependency_links to ../../build/web_server/web_server.egg-info/dependency_links.txt
[5.076s] writing entry points to ../../build/web_server/web_server.egg-info/entry_points.txt
[5.077s] writing requirements to ../../build/web_server/web_server.egg-info/requires.txt
[5.078s] writing top-level names to ../../build/web_server/web_server.egg-info/top_level.txt
[5.079s] reading manifest file '../../build/web_server/web_server.egg-info/SOURCES.txt'
[5.085s] writing manifest file '../../build/web_server/web_server.egg-info/SOURCES.txt'
[5.086s] running build
[5.087s] running build_py
[5.089s] copying web_server/web_server.py -> /home/pi/ros_embedded/build/web_server/build/lib/web_server
[5.089s] running install
[5.090s] /usr/lib/python3/dist-packages/setuptools/command/install.py:34: SetuptoolsDeprecationWarning: setup.py install is deprecated. Use build and pip and other standards-based tools.
[5.091s]   warnings.warn(
[5.091s] running install_lib
[5.092s] copying /home/pi/ros_embedded/build/web_server/build/lib/web_server/web_server.py -> /home/pi/ros_embedded/install/web_server/lib/python3.10/site-packages/web_server
[5.093s] byte-compiling /home/pi/ros_embedded/install/web_server/lib/python3.10/site-packages/web_server/web_server.py to web_server.cpython-310.pyc
[5.097s] running install_data
[5.100s] running install_egg_info
[5.106s] removing '/home/pi/ros_embedded/install/web_server/lib/python3.10/site-packages/web_server-0.0.0-py3.10.egg-info' (and everything under it)
[5.108s] Copying ../../build/web_server/web_server.egg-info to /home/pi/ros_embedded/install/web_server/lib/python3.10/site-packages/web_server-0.0.0-py3.10.egg-info
[5.114s] running install_scripts
[5.208s] Installing web_server script to /home/pi/ros_embedded/install/web_server/lib/web_server
[5.211s] writing list of installed files to '/home/pi/ros_embedded/build/web_server/install.log'
[5.447s] Invoked command in '/home/pi/ros_embedded/src/web_server' returned '0': PYTHONPATH=/home/pi/ros_embedded/build/web_server/prefix_override:/home/pi/ros_embedded/install/web_server/lib/python3.10/site-packages:${PYTHONPATH} /usr/bin/python3 setup.py egg_info --egg-base ../../build/web_server build --build-base /home/pi/ros_embedded/build/web_server/build install --record /home/pi/ros_embedded/build/web_server/install.log --single-version-externally-managed
