[6.150s] Invoking command in '/home/pi/ros_embedded/src/serial_rw': PYTHONPATH=/home/pi/ros_embedded/build/serial_rw/prefix_override:/home/pi/ros_embedded/install/serial_rw/lib/python3.10/site-packages:${PYTHONPATH} /usr/bin/python3 setup.py egg_info --egg-base ../../build/serial_rw build --build-base /home/pi/ros_embedded/build/serial_rw/build install --record /home/pi/ros_embedded/build/serial_rw/install.log --single-version-externally-managed
[7.682s] running egg_info
[7.687s] writing ../../build/serial_rw/serial_rw.egg-info/PKG-INFO
[7.689s] writing dependency_links to ../../build/serial_rw/serial_rw.egg-info/dependency_links.txt
[7.690s] writing entry points to ../../build/serial_rw/serial_rw.egg-info/entry_points.txt
[7.691s] writing requirements to ../../build/serial_rw/serial_rw.egg-info/requires.txt
[7.693s] writing top-level names to ../../build/serial_rw/serial_rw.egg-info/top_level.txt
[7.704s] reading manifest file '../../build/serial_rw/serial_rw.egg-info/SOURCES.txt'
[7.709s] writing manifest file '../../build/serial_rw/serial_rw.egg-info/SOURCES.txt'
[7.711s] running build
[7.711s] running build_py
[7.712s] copying serial_rw/serial_rw.py -> /home/pi/ros_embedded/build/serial_rw/build/lib/serial_rw
[7.713s] running install
[7.714s] /usr/lib/python3/dist-packages/setuptools/command/install.py:34: SetuptoolsDeprecationWarning: setup.py install is deprecated. Use build and pip and other standards-based tools.
[7.714s]   warnings.warn(
[7.715s] running install_lib
[7.719s] copying /home/pi/ros_embedded/build/serial_rw/build/lib/serial_rw/serial_rw.py -> /home/pi/ros_embedded/install/serial_rw/lib/python3.10/site-packages/serial_rw
[7.723s] byte-compiling /home/pi/ros_embedded/install/serial_rw/lib/python3.10/site-packages/serial_rw/serial_rw.py to serial_rw.cpython-310.pyc
[7.728s] running install_data
[7.731s] running install_egg_info
[7.740s] removing '/home/pi/ros_embedded/install/serial_rw/lib/python3.10/site-packages/serial_rw-0.0.0-py3.10.egg-info' (and everything under it)
[7.742s] Copying ../../build/serial_rw/serial_rw.egg-info to /home/pi/ros_embedded/install/serial_rw/lib/python3.10/site-packages/serial_rw-0.0.0-py3.10.egg-info
[7.751s] running install_scripts
[7.901s] Installing rw script to /home/pi/ros_embedded/install/serial_rw/lib/serial_rw
[7.905s] writing list of installed files to '/home/pi/ros_embedded/build/serial_rw/install.log'
[8.255s] Invoked command in '/home/pi/ros_embedded/src/serial_rw' returned '0': PYTHONPATH=/home/pi/ros_embedded/build/serial_rw/prefix_override:/home/pi/ros_embedded/install/serial_rw/lib/python3.10/site-packages:${PYTHONPATH} /usr/bin/python3 setup.py egg_info --egg-base ../../build/serial_rw build --build-base /home/pi/ros_embedded/build/serial_rw/build install --record /home/pi/ros_embedded/build/serial_rw/install.log --single-version-externally-managed
