[3.950s] Invoking command in '/home/pi/ros_embedded/src/web_server': PYTHONPATH=/home/pi/ros_embedded/build/web_server/prefix_override:/home/pi/ros_embedded/install/web_server/lib/python3.10/site-packages:${PYTHONPATH} /usr/bin/python3 setup.py egg_info --egg-base ../../build/web_server build --build-base /home/pi/ros_embedded/build/web_server/build install --record /home/pi/ros_embedded/build/web_server/install.log --single-version-externally-managed
[5.121s] running egg_info
[5.125s] writing ../../build/web_server/web_server.egg-info/PKG-INFO
[5.127s] writing dependency_links to ../../build/web_server/web_server.egg-info/dependency_links.txt
[5.127s] writing entry points to ../../build/web_server/web_server.egg-info/entry_points.txt
[5.130s] writing requirements to ../../build/web_server/web_server.egg-info/requires.txt
[5.130s] writing top-level names to ../../build/web_server/web_server.egg-info/top_level.txt
[5.138s] reading manifest file '../../build/web_server/web_server.egg-info/SOURCES.txt'
[5.142s] writing manifest file '../../build/web_server/web_server.egg-info/SOURCES.txt'
[5.142s] running build
[5.143s] running build_py
[5.144s] running install
[5.145s] /usr/lib/python3/dist-packages/setuptools/command/install.py:34: SetuptoolsDeprecationWarning: setup.py install is deprecated. Use build and pip and other standards-based tools.
[5.146s]   warnings.warn(
[5.146s] running install_lib
[5.152s] running install_data
[5.154s] running install_egg_info
[5.161s] removing '/home/pi/ros_embedded/install/web_server/lib/python3.10/site-packages/web_server-0.0.0-py3.10.egg-info' (and everything under it)
[5.163s] Copying ../../build/web_server/web_server.egg-info to /home/pi/ros_embedded/install/web_server/lib/python3.10/site-packages/web_server-0.0.0-py3.10.egg-info
[5.169s] running install_scripts
[5.266s] Installing web_server script to /home/pi/ros_embedded/install/web_server/lib/web_server
[5.269s] writing list of installed files to '/home/pi/ros_embedded/build/web_server/install.log'
[5.497s] Invoked command in '/home/pi/ros_embedded/src/web_server' returned '0': PYTHONPATH=/home/pi/ros_embedded/build/web_server/prefix_override:/home/pi/ros_embedded/install/web_server/lib/python3.10/site-packages:${PYTHONPATH} /usr/bin/python3 setup.py egg_info --egg-base ../../build/web_server build --build-base /home/pi/ros_embedded/build/web_server/build install --record /home/pi/ros_embedded/build/web_server/install.log --single-version-externally-managed
