[0.000000] (-) TimerEvent: {}
[0.001676] (database) JobQueued: {'identifier': 'database', 'dependencies': OrderedDict()}
[0.001807] (serial_rw) JobQueued: {'identifier': 'serial_rw', 'dependencies': OrderedDict()}
[0.002520] (web_server) JobQueued: {'identifier': 'web_server', 'dependencies': OrderedDict()}
[0.004595] (database) JobStarted: {'identifier': 'database'}
[0.058372] (serial_rw) JobStarted: {'identifier': 'serial_rw'}
[0.097233] (web_server) JobStarted: {'identifier': 'web_server'}
[0.103169] (-) TimerEvent: {}
[0.204636] (-) TimerEvent: {}
[0.305383] (-) TimerEvent: {}
[0.406071] (-) TimerEvent: {}
[0.506752] (-) TimerEvent: {}
[0.607389] (-) TimerEvent: {}
[0.708115] (-) TimerEvent: {}
[0.808772] (-) TimerEvent: {}
[0.909435] (-) TimerEvent: {}
[1.010241] (-) TimerEvent: {}
[1.110886] (-) TimerEvent: {}
[1.211670] (-) TimerEvent: {}
[1.313447] (-) TimerEvent: {}
[1.414842] (-) TimerEvent: {}
[1.515521] (-) TimerEvent: {}
[1.616228] (-) TimerEvent: {}
[1.716916] (-) TimerEvent: {}
[1.817588] (-) TimerEvent: {}
[1.851748] (serial_rw) JobEnded: {'identifier': 'serial_rw', 'rc': 0}
[1.855769] (database) JobEnded: {'identifier': 'database', 'rc': 'SIGINT'}
[1.858540] (web_server) JobEnded: {'identifier': 'web_server', 'rc': 'SIGINT'}
[1.869069] (-) EventReactorShutdown: {}
