[6.220s] Invoking command in '/home/pi/ros_embedded/src/web_server': PYTHONPATH=/home/pi/ros_embedded/build/web_server/prefix_override:/home/pi/ros_embedded/install/web_server/lib/python3.10/site-packages:${PYTHONPATH} /usr/bin/python3 setup.py egg_info --egg-base ../../build/web_server build --build-base /home/pi/ros_embedded/build/web_server/build install --record /home/pi/ros_embedded/build/web_server/install.log --single-version-externally-managed
[7.759s] running egg_info
[7.773s] writing ../../build/web_server/web_server.egg-info/PKG-INFO
[7.778s] writing dependency_links to ../../build/web_server/web_server.egg-info/dependency_links.txt
[7.781s] writing entry points to ../../build/web_server/web_server.egg-info/entry_points.txt
[7.784s] writing requirements to ../../build/web_server/web_server.egg-info/requires.txt
[7.787s] writing top-level names to ../../build/web_server/web_server.egg-info/top_level.txt
[7.801s] reading manifest file '../../build/web_server/web_server.egg-info/SOURCES.txt'
[7.807s] writing manifest file '../../build/web_server/web_server.egg-info/SOURCES.txt'
[7.809s] running build
[7.810s] running build_py
[7.816s] running install
[7.818s] /usr/lib/python3/dist-packages/setuptools/command/install.py:34: SetuptoolsDeprecationWarning: setup.py install is deprecated. Use build and pip and other standards-based tools.
[7.819s]   warnings.warn(
[7.821s] running install_lib
[7.830s] running install_data
[7.836s] running install_egg_info
[7.847s] removing '/home/pi/ros_embedded/install/web_server/lib/python3.10/site-packages/web_server-0.0.0-py3.10.egg-info' (and everything under it)
[7.850s] Copying ../../build/web_server/web_server.egg-info to /home/pi/ros_embedded/install/web_server/lib/python3.10/site-packages/web_server-0.0.0-py3.10.egg-info
[7.860s] running install_scripts
[8.042s] Installing web_server script to /home/pi/ros_embedded/install/web_server/lib/web_server
[8.050s] writing list of installed files to '/home/pi/ros_embedded/build/web_server/install.log'
[8.331s] Invoked command in '/home/pi/ros_embedded/src/web_server' returned '0': PYTHONPATH=/home/pi/ros_embedded/build/web_server/prefix_override:/home/pi/ros_embedded/install/web_server/lib/python3.10/site-packages:${PYTHONPATH} /usr/bin/python3 setup.py egg_info --egg-base ../../build/web_server build --build-base /home/pi/ros_embedded/build/web_server/build install --record /home/pi/ros_embedded/build/web_server/install.log --single-version-externally-managed
