[5.456s] Invoking command in '/home/pi/ros_embedded/src/database': PYTHONPATH=/home/pi/ros_embedded/build/database/prefix_override:/home/pi/ros_embedded/install/database/lib/python3.10/site-packages:${PYTHONPATH} /usr/bin/python3 setup.py egg_info --egg-base ../../build/database build --build-base /home/pi/ros_embedded/build/database/build install --record /home/pi/ros_embedded/build/database/install.log --single-version-externally-managed
[6.776s] running egg_info
[6.781s] writing ../../build/database/database.egg-info/PKG-INFO
[6.783s] writing dependency_links to ../../build/database/database.egg-info/dependency_links.txt
[6.786s] writing entry points to ../../build/database/database.egg-info/entry_points.txt
[6.788s] writing requirements to ../../build/database/database.egg-info/requires.txt
[6.788s] writing top-level names to ../../build/database/database.egg-info/top_level.txt
[6.796s] reading manifest file '../../build/database/database.egg-info/SOURCES.txt'
[6.800s] writing manifest file '../../build/database/database.egg-info/SOURCES.txt'
[6.801s] running build
[6.802s] running build_py
[6.804s] running install
[6.805s] /usr/lib/python3/dist-packages/setuptools/command/install.py:34: SetuptoolsDeprecationWarning: setup.py install is deprecated. Use build and pip and other standards-based tools.
[6.806s]   warnings.warn(
[6.807s] running install_lib
[6.812s] running install_data
[6.816s] running install_egg_info
[6.823s] removing '/home/pi/ros_embedded/install/database/lib/python3.10/site-packages/database-0.0.0-py3.10.egg-info' (and everything under it)
[6.826s] Copying ../../build/database/database.egg-info to /home/pi/ros_embedded/install/database/lib/python3.10/site-packages/database-0.0.0-py3.10.egg-info
[6.834s] running install_scripts
[6.946s] Installing database_updater script to /home/pi/ros_embedded/install/database/lib/database
[6.949s] writing list of installed files to '/home/pi/ros_embedded/build/database/install.log'
[7.260s] Invoked command in '/home/pi/ros_embedded/src/database' returned '0': PYTHONPATH=/home/pi/ros_embedded/build/database/prefix_override:/home/pi/ros_embedded/install/database/lib/python3.10/site-packages:${PYTHONPATH} /usr/bin/python3 setup.py egg_info --egg-base ../../build/database build --build-base /home/pi/ros_embedded/build/database/build install --record /home/pi/ros_embedded/build/database/install.log --single-version-externally-managed
