[7.471s] Invoking command in '/home/pi/ros_embedded/src/database': PYTHONPATH=/home/pi/ros_embedded/build/database/prefix_override:/home/pi/ros_embedded/install/database/lib/python3.10/site-packages:${PYTHONPATH} /usr/bin/python3 setup.py egg_info --egg-base ../../build/database build --build-base /home/pi/ros_embedded/build/database/build install --record /home/pi/ros_embedded/build/database/install.log --single-version-externally-managed
[9.698s] running egg_info
[9.704s] writing ../../build/database/database.egg-info/PKG-INFO
[9.706s] writing dependency_links to ../../build/database/database.egg-info/dependency_links.txt
[9.709s] writing entry points to ../../build/database/database.egg-info/entry_points.txt
[9.712s] writing requirements to ../../build/database/database.egg-info/requires.txt
[9.715s] writing top-level names to ../../build/database/database.egg-info/top_level.txt
[9.730s] reading manifest file '../../build/database/database.egg-info/SOURCES.txt'
[9.738s] writing manifest file '../../build/database/database.egg-info/SOURCES.txt'
[9.740s] running build
[9.741s] running build_py
[9.743s] copying database/database_updater.py -> /home/pi/ros_embedded/build/database/build/lib/database
[9.749s] running install
[9.751s] /usr/lib/python3/dist-packages/setuptools/command/install.py:34: SetuptoolsDeprecationWarning: setup.py install is deprecated. Use build and pip and other standards-based tools.
[9.753s]   warnings.warn(
[9.764s] running install_lib
[9.783s] copying /home/pi/ros_embedded/build/database/build/lib/database/database_updater.py -> /home/pi/ros_embedded/install/database/lib/python3.10/site-packages/database
[9.793s] byte-compiling /home/pi/ros_embedded/install/database/lib/python3.10/site-packages/database/database_updater.py to database_updater.cpython-310.pyc
[9.798s] running install_data
[9.800s] running install_egg_info
[9.821s] removing '/home/pi/ros_embedded/install/database/lib/python3.10/site-packages/database-0.0.0-py3.10.egg-info' (and everything under it)
[9.823s] Copying ../../build/database/database.egg-info to /home/pi/ros_embedded/install/database/lib/python3.10/site-packages/database-0.0.0-py3.10.egg-info
[9.843s] running install_scripts
[10.035s] Installing database_updater script to /home/pi/ros_embedded/install/database/lib/database
[10.039s] writing list of installed files to '/home/pi/ros_embedded/build/database/install.log'
[10.381s] Invoked command in '/home/pi/ros_embedded/src/database' returned '0': PYTHONPATH=/home/pi/ros_embedded/build/database/prefix_override:/home/pi/ros_embedded/install/database/lib/python3.10/site-packages:${PYTHONPATH} /usr/bin/python3 setup.py egg_info --egg-base ../../build/database build --build-base /home/pi/ros_embedded/build/database/build install --record /home/pi/ros_embedded/build/database/install.log --single-version-externally-managed
