[5.398s] Invoking command in '/home/pi/ros_embedded/src/web_server': PYTHONPATH=/home/pi/ros_embedded/build/web_server/prefix_override:/home/pi/ros_embedded/install/web_server/lib/python3.10/site-packages:${PYTHONPATH} /usr/bin/python3 setup.py egg_info --egg-base ../../build/web_server build --build-base /home/pi/ros_embedded/build/web_server/build install --record /home/pi/ros_embedded/build/web_server/install.log --single-version-externally-managed
[6.732s] running egg_info
[6.738s] writing ../../build/web_server/web_server.egg-info/PKG-INFO
[6.739s] writing dependency_links to ../../build/web_server/web_server.egg-info/dependency_links.txt
[6.740s] writing entry points to ../../build/web_server/web_server.egg-info/entry_points.txt
[6.741s] writing requirements to ../../build/web_server/web_server.egg-info/requires.txt
[6.743s] writing top-level names to ../../build/web_server/web_server.egg-info/top_level.txt
[6.752s] reading manifest file '../../build/web_server/web_server.egg-info/SOURCES.txt'
[6.758s] writing manifest file '../../build/web_server/web_server.egg-info/SOURCES.txt'
[6.758s] running build
[6.759s] running build_py
[6.759s] copying web_server/web_server.py -> /home/pi/ros_embedded/build/web_server/build/lib/web_server
[6.761s] running install
[6.762s] /usr/lib/python3/dist-packages/setuptools/command/install.py:34: SetuptoolsDeprecationWarning: setup.py install is deprecated. Use build and pip and other standards-based tools.
[6.762s]   warnings.warn(
[6.763s] running install_lib
[6.767s] copying /home/pi/ros_embedded/build/web_server/build/lib/web_server/web_server.py -> /home/pi/ros_embedded/install/web_server/lib/python3.10/site-packages/web_server
[6.771s] byte-compiling /home/pi/ros_embedded/install/web_server/lib/python3.10/site-packages/web_server/web_server.py to web_server.cpython-310.pyc
[6.776s] running install_data
[6.779s] running install_egg_info
[6.787s] removing '/home/pi/ros_embedded/install/web_server/lib/python3.10/site-packages/web_server-0.0.0-py3.10.egg-info' (and everything under it)
[6.789s] Copying ../../build/web_server/web_server.egg-info to /home/pi/ros_embedded/install/web_server/lib/python3.10/site-packages/web_server-0.0.0-py3.10.egg-info
[6.799s] running install_scripts
[6.920s] Installing web_server script to /home/pi/ros_embedded/install/web_server/lib/web_server
[6.924s] writing list of installed files to '/home/pi/ros_embedded/build/web_server/install.log'
[7.210s] Invoked command in '/home/pi/ros_embedded/src/web_server' returned '0': PYTHONPATH=/home/pi/ros_embedded/build/web_server/prefix_override:/home/pi/ros_embedded/install/web_server/lib/python3.10/site-packages:${PYTHONPATH} /usr/bin/python3 setup.py egg_info --egg-base ../../build/web_server build --build-base /home/pi/ros_embedded/build/web_server/build install --record /home/pi/ros_embedded/build/web_server/install.log --single-version-externally-managed
