[6.519s] Invoking command in '/home/pi/ros_embedded/src/serial_rw': PYTHONPATH=/home/pi/ros_embedded/build/serial_rw/prefix_override:/home/pi/ros_embedded/install/serial_rw/lib/python3.10/site-packages:${PYTHONPATH} /usr/bin/python3 setup.py egg_info --egg-base ../../build/serial_rw build --build-base /home/pi/ros_embedded/build/serial_rw/build install --record /home/pi/ros_embedded/build/serial_rw/install.log --single-version-externally-managed
[8.051s] running egg_info
[8.063s] writing ../../build/serial_rw/serial_rw.egg-info/PKG-INFO
[8.066s] writing dependency_links to ../../build/serial_rw/serial_rw.egg-info/dependency_links.txt
[8.069s] writing entry points to ../../build/serial_rw/serial_rw.egg-info/entry_points.txt
[8.071s] writing requirements to ../../build/serial_rw/serial_rw.egg-info/requires.txt
[8.094s] writing top-level names to ../../build/serial_rw/serial_rw.egg-info/top_level.txt
[8.115s] reading manifest file '../../build/serial_rw/serial_rw.egg-info/SOURCES.txt'
[8.121s] writing manifest file '../../build/serial_rw/serial_rw.egg-info/SOURCES.txt'
[8.127s] running build
[8.127s] running build_py
[8.128s] copying serial_rw/serial_rw.py -> /home/pi/ros_embedded/build/serial_rw/build/lib/serial_rw
[8.131s] running install
[8.134s] /usr/lib/python3/dist-packages/setuptools/command/install.py:34: SetuptoolsDeprecationWarning: setup.py install is deprecated. Use build and pip and other standards-based tools.
[8.136s]   warnings.warn(
[8.143s] running install_lib
[8.145s] copying /home/pi/ros_embedded/build/serial_rw/build/lib/serial_rw/serial_rw.py -> /home/pi/ros_embedded/install/serial_rw/lib/python3.10/site-packages/serial_rw
[8.151s] byte-compiling /home/pi/ros_embedded/install/serial_rw/lib/python3.10/site-packages/serial_rw/serial_rw.py to serial_rw.cpython-310.pyc
[8.157s] running install_data
[8.162s] running install_egg_info
[8.174s] removing '/home/pi/ros_embedded/install/serial_rw/lib/python3.10/site-packages/serial_rw-0.0.0-py3.10.egg-info' (and everything under it)
[8.178s] Copying ../../build/serial_rw/serial_rw.egg-info to /home/pi/ros_embedded/install/serial_rw/lib/python3.10/site-packages/serial_rw-0.0.0-py3.10.egg-info
[8.187s] running install_scripts
[8.368s] Installing rw script to /home/pi/ros_embedded/install/serial_rw/lib/serial_rw
[8.376s] writing list of installed files to '/home/pi/ros_embedded/build/serial_rw/install.log'
[8.680s] Invoked command in '/home/pi/ros_embedded/src/serial_rw' returned '0': PYTHONPATH=/home/pi/ros_embedded/build/serial_rw/prefix_override:/home/pi/ros_embedded/install/serial_rw/lib/python3.10/site-packages:${PYTHONPATH} /usr/bin/python3 setup.py egg_info --egg-base ../../build/serial_rw build --build-base /home/pi/ros_embedded/build/serial_rw/build install --record /home/pi/ros_embedded/build/serial_rw/install.log --single-version-externally-managed
