[6.087s] Invoking command in '/home/pi/ros_embedded/src/web_server': PYTHONPATH=/home/pi/ros_embedded/build/web_server/prefix_override:/home/pi/ros_embedded/install/web_server/lib/python3.10/site-packages:${PYTHONPATH} /usr/bin/python3 setup.py egg_info --egg-base ../../build/web_server build --build-base /home/pi/ros_embedded/build/web_server/build install --record /home/pi/ros_embedded/build/web_server/install.log --single-version-externally-managed
[7.597s] running egg_info
[7.601s] writing ../../build/web_server/web_server.egg-info/PKG-INFO
[7.604s] writing dependency_links to ../../build/web_server/web_server.egg-info/dependency_links.txt
[7.606s] writing entry points to ../../build/web_server/web_server.egg-info/entry_points.txt
[7.609s] writing requirements to ../../build/web_server/web_server.egg-info/requires.txt
[7.612s] writing top-level names to ../../build/web_server/web_server.egg-info/top_level.txt
[7.623s] reading manifest file '../../build/web_server/web_server.egg-info/SOURCES.txt'
[7.629s] writing manifest file '../../build/web_server/web_server.egg-info/SOURCES.txt'
[7.631s] running build
[7.632s] running build_py
[7.637s] running install
[7.640s] /usr/lib/python3/dist-packages/setuptools/command/install.py:34: SetuptoolsDeprecationWarning: setup.py install is deprecated. Use build and pip and other standards-based tools.
[7.641s]   warnings.warn(
[7.643s] running install_lib
[7.654s] running install_data
[7.657s] running install_egg_info
[7.668s] removing '/home/pi/ros_embedded/install/web_server/lib/python3.10/site-packages/web_server-0.0.0-py3.10.egg-info' (and everything under it)
[7.672s] Copying ../../build/web_server/web_server.egg-info to /home/pi/ros_embedded/install/web_server/lib/python3.10/site-packages/web_server-0.0.0-py3.10.egg-info
[7.681s] running install_scripts
[7.821s] Installing web_server script to /home/pi/ros_embedded/install/web_server/lib/web_server
[7.827s] writing list of installed files to '/home/pi/ros_embedded/build/web_server/install.log'
[8.144s] Invoked command in '/home/pi/ros_embedded/src/web_server' returned '0': PYTHONPATH=/home/pi/ros_embedded/build/web_server/prefix_override:/home/pi/ros_embedded/install/web_server/lib/python3.10/site-packages:${PYTHONPATH} /usr/bin/python3 setup.py egg_info --egg-base ../../build/web_server build --build-base /home/pi/ros_embedded/build/web_server/build install --record /home/pi/ros_embedded/build/web_server/install.log --single-version-externally-managed
