[6.905s] Invoking command in '/home/pi/ros_embedded/src/serial_rw': PYTHONPATH=/home/pi/ros_embedded/build/serial_rw/prefix_override:/home/pi/ros_embedded/install/serial_rw/lib/python3.10/site-packages:${PYTHONPATH} /usr/bin/python3 setup.py egg_info --egg-base ../../build/serial_rw build --build-base /home/pi/ros_embedded/build/serial_rw/build install --record /home/pi/ros_embedded/build/serial_rw/install.log --single-version-externally-managed
[8.472s] running egg_info
[8.478s] writing ../../build/serial_rw/serial_rw.egg-info/PKG-INFO
[8.479s] writing dependency_links to ../../build/serial_rw/serial_rw.egg-info/dependency_links.txt
[8.481s] writing entry points to ../../build/serial_rw/serial_rw.egg-info/entry_points.txt
[8.482s] writing requirements to ../../build/serial_rw/serial_rw.egg-info/requires.txt
[8.483s] writing top-level names to ../../build/serial_rw/serial_rw.egg-info/top_level.txt
[8.495s] reading manifest file '../../build/serial_rw/serial_rw.egg-info/SOURCES.txt'
[8.500s] writing manifest file '../../build/serial_rw/serial_rw.egg-info/SOURCES.txt'
[8.501s] running build
[8.502s] running build_py
[8.502s] copying serial_rw/serial_rw.py -> /home/pi/ros_embedded/build/serial_rw/build/lib/serial_rw
[8.504s] running install
[8.504s] /usr/lib/python3/dist-packages/setuptools/command/install.py:34: SetuptoolsDeprecationWarning: setup.py install is deprecated. Use build and pip and other standards-based tools.
[8.505s]   warnings.warn(
[8.506s] running install_lib
[8.512s] copying /home/pi/ros_embedded/build/serial_rw/build/lib/serial_rw/serial_rw.py -> /home/pi/ros_embedded/install/serial_rw/lib/python3.10/site-packages/serial_rw
[8.514s] byte-compiling /home/pi/ros_embedded/install/serial_rw/lib/python3.10/site-packages/serial_rw/serial_rw.py to serial_rw.cpython-310.pyc
[8.518s] running install_data
[8.521s] running install_egg_info
[8.529s] removing '/home/pi/ros_embedded/install/serial_rw/lib/python3.10/site-packages/serial_rw-0.0.0-py3.10.egg-info' (and everything under it)
[8.531s] Copying ../../build/serial_rw/serial_rw.egg-info to /home/pi/ros_embedded/install/serial_rw/lib/python3.10/site-packages/serial_rw-0.0.0-py3.10.egg-info
[8.538s] running install_scripts
[8.648s] Installing rw script to /home/pi/ros_embedded/install/serial_rw/lib/serial_rw
[8.651s] writing list of installed files to '/home/pi/ros_embedded/build/serial_rw/install.log'
[8.877s] Invoked command in '/home/pi/ros_embedded/src/serial_rw' returned '0': PYTHONPATH=/home/pi/ros_embedded/build/serial_rw/prefix_override:/home/pi/ros_embedded/install/serial_rw/lib/python3.10/site-packages:${PYTHONPATH} /usr/bin/python3 setup.py egg_info --egg-base ../../build/serial_rw build --build-base /home/pi/ros_embedded/build/serial_rw/build install --record /home/pi/ros_embedded/build/serial_rw/install.log --single-version-externally-managed
