running egg_info
writing ../../build/soil_monitor/soil_monitor.egg-info/PKG-INFO
writing dependency_links to ../../build/soil_monitor/soil_monitor.egg-info/dependency_links.txt
writing entry points to ../../build/soil_monitor/soil_monitor.egg-info/entry_points.txt
writing requirements to ../../build/soil_monitor/soil_monitor.egg-info/requires.txt
writing top-level names to ../../build/soil_monitor/soil_monitor.egg-info/top_level.txt
reading manifest file '../../build/soil_monitor/soil_monitor.egg-info/SOURCES.txt'
writing manifest file '../../build/soil_monitor/soil_monitor.egg-info/SOURCES.txt'
running build
running build_py
copying soil_monitor/soil_monitor.py -> /home/pi/ros_embedded/build/soil_monitor/build/lib/soil_monitor
copying soil_monitor/__init__.py -> /home/pi/ros_embedded/build/soil_monitor/build/lib/soil_monitor
running install
running install_lib
copying /home/pi/ros_embedded/build/soil_monitor/build/lib/soil_monitor/soil_monitor.py -> /home/pi/ros_embedded/install/soil_monitor/lib/python3.10/site-packages/soil_monitor
copying /home/pi/ros_embedded/build/soil_monitor/build/lib/soil_monitor/__init__.py -> /home/pi/ros_embedded/install/soil_monitor/lib/python3.10/site-packages/soil_monitor
byte-compiling /home/pi/ros_embedded/install/soil_monitor/lib/python3.10/site-packages/soil_monitor/soil_monitor.py to soil_monitor.cpython-310.pyc
byte-compiling /home/pi/ros_embedded/install/soil_monitor/lib/python3.10/site-packages/soil_monitor/__init__.py to __init__.cpython-310.pyc
running install_data
copying resource/soil_monitor -> /home/pi/ros_embedded/install/soil_monitor/share/ament_index/resource_index/packages
copying package.xml -> /home/pi/ros_embedded/install/soil_monitor/share/soil_monitor
running install_egg_info
removing '/home/pi/ros_embedded/install/soil_monitor/lib/python3.10/site-packages/soil_monitor-0.0.0-py3.10.egg-info' (and everything under it)
Copying ../../build/soil_monitor/soil_monitor.egg-info to /home/pi/ros_embedded/install/soil_monitor/lib/python3.10/site-packages/soil_monitor-0.0.0-py3.10.egg-info
running install_scripts
Installing soil_monitor script to /home/pi/ros_embedded/install/soil_monitor/lib/soil_monitor
writing list of installed files to '/home/pi/ros_embedded/build/soil_monitor/install.log'
