[5.617s] Invoking command in '/home/pi/ros_embedded/src/serial_rw': PYTHONPATH=/home/pi/ros_embedded/build/serial_rw/prefix_override:/home/pi/ros_embedded/install/serial_rw/lib/python3.10/site-packages:${PYTHONPATH} /usr/bin/python3 setup.py egg_info --egg-base ../../build/serial_rw build --build-base /home/pi/ros_embedded/build/serial_rw/build install --record /home/pi/ros_embedded/build/serial_rw/install.log --single-version-externally-managed
[6.982s] running egg_info
[6.985s] writing ../../build/serial_rw/serial_rw.egg-info/PKG-INFO
[6.986s] writing dependency_links to ../../build/serial_rw/serial_rw.egg-info/dependency_links.txt
[6.987s] writing entry points to ../../build/serial_rw/serial_rw.egg-info/entry_points.txt
[6.989s] writing requirements to ../../build/serial_rw/serial_rw.egg-info/requires.txt
[6.990s] writing top-level names to ../../build/serial_rw/serial_rw.egg-info/top_level.txt
[6.999s] reading manifest file '../../build/serial_rw/serial_rw.egg-info/SOURCES.txt'
[7.004s] writing manifest file '../../build/serial_rw/serial_rw.egg-info/SOURCES.txt'
[7.011s] running build
[7.012s] running build_py
[7.012s] running install
[7.013s] /usr/lib/python3/dist-packages/setuptools/command/install.py:34: SetuptoolsDeprecationWarning: setup.py install is deprecated. Use build and pip and other standards-based tools.
[7.016s]   warnings.warn(
[7.017s] running install_lib
[7.019s] running install_data
[7.021s] running install_egg_info
[7.026s] removing '/home/pi/ros_embedded/install/serial_rw/lib/python3.10/site-packages/serial_rw-0.0.0-py3.10.egg-info' (and everything under it)
[7.028s] Copying ../../build/serial_rw/serial_rw.egg-info to /home/pi/ros_embedded/install/serial_rw/lib/python3.10/site-packages/serial_rw-0.0.0-py3.10.egg-info
[7.036s] running install_scripts
[7.144s] Installing rw script to /home/pi/ros_embedded/install/serial_rw/lib/serial_rw
[7.146s] writing list of installed files to '/home/pi/ros_embedded/build/serial_rw/install.log'
[7.383s] Invoked command in '/home/pi/ros_embedded/src/serial_rw' returned '0': PYTHONPATH=/home/pi/ros_embedded/build/serial_rw/prefix_override:/home/pi/ros_embedded/install/serial_rw/lib/python3.10/site-packages:${PYTHONPATH} /usr/bin/python3 setup.py egg_info --egg-base ../../build/serial_rw build --build-base /home/pi/ros_embedded/build/serial_rw/build install --record /home/pi/ros_embedded/build/serial_rw/install.log --single-version-externally-managed
