[5.540s] Invoking command in '/home/pi/ros_embedded/src/web_server': PYTHONPATH=/home/pi/ros_embedded/build/web_server/prefix_override:/home/pi/ros_embedded/install/web_server/lib/python3.10/site-packages:${PYTHONPATH} /usr/bin/python3 setup.py egg_info --egg-base ../../build/web_server build --build-base /home/pi/ros_embedded/build/web_server/build install --record /home/pi/ros_embedded/build/web_server/install.log --single-version-externally-managed
[6.987s] running egg_info
[6.995s] writing ../../build/web_server/web_server.egg-info/PKG-INFO
[6.996s] writing dependency_links to ../../build/web_server/web_server.egg-info/dependency_links.txt
[6.997s] writing entry points to ../../build/web_server/web_server.egg-info/entry_points.txt
[6.999s] writing requirements to ../../build/web_server/web_server.egg-info/requires.txt
[6.999s] writing top-level names to ../../build/web_server/web_server.egg-info/top_level.txt
[7.009s] reading manifest file '../../build/web_server/web_server.egg-info/SOURCES.txt'
[7.013s] writing manifest file '../../build/web_server/web_server.egg-info/SOURCES.txt'
[7.014s] running build
[7.014s] running build_py
[7.018s] running install
[7.018s] /usr/lib/python3/dist-packages/setuptools/command/install.py:34: SetuptoolsDeprecationWarning: setup.py install is deprecated. Use build and pip and other standards-based tools.
[7.019s]   warnings.warn(
[7.020s] running install_lib
[7.025s] running install_data
[7.028s] running install_egg_info
[7.039s] removing '/home/pi/ros_embedded/install/web_server/lib/python3.10/site-packages/web_server-0.0.0-py3.10.egg-info' (and everything under it)
[7.042s] Copying ../../build/web_server/web_server.egg-info to /home/pi/ros_embedded/install/web_server/lib/python3.10/site-packages/web_server-0.0.0-py3.10.egg-info
[7.049s] running install_scripts
[7.172s] Installing web_server script to /home/pi/ros_embedded/install/web_server/lib/web_server
[7.176s] writing list of installed files to '/home/pi/ros_embedded/build/web_server/install.log'
[7.477s] Invoked command in '/home/pi/ros_embedded/src/web_server' returned '0': PYTHONPATH=/home/pi/ros_embedded/build/web_server/prefix_override:/home/pi/ros_embedded/install/web_server/lib/python3.10/site-packages:${PYTHONPATH} /usr/bin/python3 setup.py egg_info --egg-base ../../build/web_server build --build-base /home/pi/ros_embedded/build/web_server/build install --record /home/pi/ros_embedded/build/web_server/install.log --single-version-externally-managed
