[5.676s] Invoking command in '/home/pi/ros_embedded/src/web_server': PYTHONPATH=/home/pi/ros_embedded/build/web_server/prefix_override:/home/pi/ros_embedded/install/web_server/lib/python3.10/site-packages:${PYTHONPATH} /usr/bin/python3 setup.py egg_info --egg-base ../../build/web_server build --build-base /home/pi/ros_embedded/build/web_server/build install --record /home/pi/ros_embedded/build/web_server/install.log --single-version-externally-managed
[7.124s] running egg_info
[7.129s] writing ../../build/web_server/web_server.egg-info/PKG-INFO
[7.132s] writing dependency_links to ../../build/web_server/web_server.egg-info/dependency_links.txt
[7.134s] writing entry points to ../../build/web_server/web_server.egg-info/entry_points.txt
[7.137s] writing requirements to ../../build/web_server/web_server.egg-info/requires.txt
[7.142s] writing top-level names to ../../build/web_server/web_server.egg-info/top_level.txt
[7.148s] reading manifest file '../../build/web_server/web_server.egg-info/SOURCES.txt'
[7.153s] writing manifest file '../../build/web_server/web_server.egg-info/SOURCES.txt'
[7.154s] running build
[7.155s] running build_py
[7.157s] running install
[7.159s] /usr/lib/python3/dist-packages/setuptools/command/install.py:34: SetuptoolsDeprecationWarning: setup.py install is deprecated. Use build and pip and other standards-based tools.
[7.159s]   warnings.warn(
[7.160s] running install_lib
[7.166s] running install_data
[7.169s] running install_egg_info
[7.178s] removing '/home/pi/ros_embedded/install/web_server/lib/python3.10/site-packages/web_server-0.0.0-py3.10.egg-info' (and everything under it)
[7.181s] Copying ../../build/web_server/web_server.egg-info to /home/pi/ros_embedded/install/web_server/lib/python3.10/site-packages/web_server-0.0.0-py3.10.egg-info
[7.192s] running install_scripts
[7.388s] Installing web_server script to /home/pi/ros_embedded/install/web_server/lib/web_server
[7.405s] writing list of installed files to '/home/pi/ros_embedded/build/web_server/install.log'
[7.585s] Invoked command in '/home/pi/ros_embedded/src/web_server' returned '0': PYTHONPATH=/home/pi/ros_embedded/build/web_server/prefix_override:/home/pi/ros_embedded/install/web_server/lib/python3.10/site-packages:${PYTHONPATH} /usr/bin/python3 setup.py egg_info --egg-base ../../build/web_server build --build-base /home/pi/ros_embedded/build/web_server/build install --record /home/pi/ros_embedded/build/web_server/install.log --single-version-externally-managed
