[5.535s] Invoking command in '/home/pi/ros_embedded/src/web_server': PYTHONPATH=/home/pi/ros_embedded/build/web_server/prefix_override:/home/pi/ros_embedded/install/web_server/lib/python3.10/site-packages:${PYTHONPATH} /usr/bin/python3 setup.py egg_info --egg-base ../../build/web_server build --build-base /home/pi/ros_embedded/build/web_server/build install --record /home/pi/ros_embedded/build/web_server/install.log --single-version-externally-managed
[6.951s] running egg_info
[6.956s] writing ../../build/web_server/web_server.egg-info/PKG-INFO
[6.957s] writing dependency_links to ../../build/web_server/web_server.egg-info/dependency_links.txt
[6.959s] writing entry points to ../../build/web_server/web_server.egg-info/entry_points.txt
[6.960s] writing requirements to ../../build/web_server/web_server.egg-info/requires.txt
[6.961s] writing top-level names to ../../build/web_server/web_server.egg-info/top_level.txt
[6.972s] reading manifest file '../../build/web_server/web_server.egg-info/SOURCES.txt'
[6.975s] writing manifest file '../../build/web_server/web_server.egg-info/SOURCES.txt'
[6.976s] running build
[6.977s] running build_py
[6.979s] running install
[6.981s] /usr/lib/python3/dist-packages/setuptools/command/install.py:34: SetuptoolsDeprecationWarning: setup.py install is deprecated. Use build and pip and other standards-based tools.
[6.982s]   warnings.warn(
[6.983s] running install_lib
[6.988s] running install_data
[6.990s] running install_egg_info
[7.000s] removing '/home/pi/ros_embedded/install/web_server/lib/python3.10/site-packages/web_server-0.0.0-py3.10.egg-info' (and everything under it)
[7.004s] Copying ../../build/web_server/web_server.egg-info to /home/pi/ros_embedded/install/web_server/lib/python3.10/site-packages/web_server-0.0.0-py3.10.egg-info
[7.011s] running install_scripts
[7.130s] Installing web_server script to /home/pi/ros_embedded/install/web_server/lib/web_server
[7.136s] writing list of installed files to '/home/pi/ros_embedded/build/web_server/install.log'
[7.444s] Invoked command in '/home/pi/ros_embedded/src/web_server' returned '0': PYTHONPATH=/home/pi/ros_embedded/build/web_server/prefix_override:/home/pi/ros_embedded/install/web_server/lib/python3.10/site-packages:${PYTHONPATH} /usr/bin/python3 setup.py egg_info --egg-base ../../build/web_server build --build-base /home/pi/ros_embedded/build/web_server/build install --record /home/pi/ros_embedded/build/web_server/install.log --single-version-externally-managed
