[5.284s] Invoking command in '/home/pi/ros_embedded/src/embedded': PYTHONPATH=/home/pi/ros_embedded/build/embedded/prefix_override:/home/pi/ros_embedded/install/embedded/lib/python3.10/site-packages:${PYTHONPATH} /usr/bin/python3 setup.py egg_info --egg-base ../../build/embedded build --build-base /home/pi/ros_embedded/build/embedded/build install --record /home/pi/ros_embedded/build/embedded/install.log --single-version-externally-managed
[6.581s] running egg_info
[6.585s] writing ../../build/embedded/embedded.egg-info/PKG-INFO
[6.586s] writing dependency_links to ../../build/embedded/embedded.egg-info/dependency_links.txt
[6.588s] writing entry points to ../../build/embedded/embedded.egg-info/entry_points.txt
[6.588s] writing requirements to ../../build/embedded/embedded.egg-info/requires.txt
[6.589s] writing top-level names to ../../build/embedded/embedded.egg-info/top_level.txt
[6.600s] reading manifest file '../../build/embedded/embedded.egg-info/SOURCES.txt'
[6.604s] writing manifest file '../../build/embedded/embedded.egg-info/SOURCES.txt'
[6.606s] running build
[6.608s] running build_py
[6.608s] running install
[6.610s] /usr/lib/python3/dist-packages/setuptools/command/install.py:34: SetuptoolsDeprecationWarning: setup.py install is deprecated. Use build and pip and other standards-based tools.
[6.610s]   warnings.warn(
[6.611s] running install_lib
[6.616s] running install_data
[6.620s] running install_egg_info
[6.629s] removing '/home/pi/ros_embedded/install/embedded/lib/python3.10/site-packages/embedded-0.0.0-py3.10.egg-info' (and everything under it)
[6.630s] Copying ../../build/embedded/embedded.egg-info to /home/pi/ros_embedded/install/embedded/lib/python3.10/site-packages/embedded-0.0.0-py3.10.egg-info
[6.636s] running install_scripts
[6.734s] Installing talker script to /home/pi/ros_embedded/install/embedded/lib/embedded
[6.736s] writing list of installed files to '/home/pi/ros_embedded/build/embedded/install.log'
[6.961s] Invoked command in '/home/pi/ros_embedded/src/embedded' returned '0': PYTHONPATH=/home/pi/ros_embedded/build/embedded/prefix_override:/home/pi/ros_embedded/install/embedded/lib/python3.10/site-packages:${PYTHONPATH} /usr/bin/python3 setup.py egg_info --egg-base ../../build/embedded build --build-base /home/pi/ros_embedded/build/embedded/build install --record /home/pi/ros_embedded/build/embedded/install.log --single-version-externally-managed
