[6.661s] Invoking command in '/home/pi/ros_embedded/src/soil_monitor': PYTHONPATH=/home/pi/ros_embedded/build/soil_monitor/prefix_override:/home/pi/ros_embedded/install/soil_monitor/lib/python3.10/site-packages:${PYTHONPATH} /usr/bin/python3 setup.py egg_info --egg-base ../../build/soil_monitor build --build-base /home/pi/ros_embedded/build/soil_monitor/build install --record /home/pi/ros_embedded/build/soil_monitor/install.log --single-version-externally-managed
[8.170s] running egg_info
[8.178s] writing ../../build/soil_monitor/soil_monitor.egg-info/PKG-INFO
[8.185s] writing dependency_links to ../../build/soil_monitor/soil_monitor.egg-info/dependency_links.txt
[8.186s] writing entry points to ../../build/soil_monitor/soil_monitor.egg-info/entry_points.txt
[8.189s] writing requirements to ../../build/soil_monitor/soil_monitor.egg-info/requires.txt
[8.191s] writing top-level names to ../../build/soil_monitor/soil_monitor.egg-info/top_level.txt
[8.208s] reading manifest file '../../build/soil_monitor/soil_monitor.egg-info/SOURCES.txt'
[8.210s] writing manifest file '../../build/soil_monitor/soil_monitor.egg-info/SOURCES.txt'
[8.210s] running build
[8.211s] running build_py
[8.212s] running install
[8.213s] /usr/lib/python3/dist-packages/setuptools/command/install.py:34: SetuptoolsDeprecationWarning: setup.py install is deprecated. Use build and pip and other standards-based tools.
[8.214s]   warnings.warn(
[8.219s] running install_lib
[8.219s] running install_data
[8.223s] running install_egg_info
[8.231s] removing '/home/pi/ros_embedded/install/soil_monitor/lib/python3.10/site-packages/soil_monitor-0.0.0-py3.10.egg-info' (and everything under it)
[8.232s] Copying ../../build/soil_monitor/soil_monitor.egg-info to /home/pi/ros_embedded/install/soil_monitor/lib/python3.10/site-packages/soil_monitor-0.0.0-py3.10.egg-info
[8.241s] running install_scripts
[8.390s] Installing soil_monitor script to /home/pi/ros_embedded/install/soil_monitor/lib/soil_monitor
[8.394s] writing list of installed files to '/home/pi/ros_embedded/build/soil_monitor/install.log'
[8.783s] Invoked command in '/home/pi/ros_embedded/src/soil_monitor' returned '0': PYTHONPATH=/home/pi/ros_embedded/build/soil_monitor/prefix_override:/home/pi/ros_embedded/install/soil_monitor/lib/python3.10/site-packages:${PYTHONPATH} /usr/bin/python3 setup.py egg_info --egg-base ../../build/soil_monitor build --build-base /home/pi/ros_embedded/build/soil_monitor/build install --record /home/pi/ros_embedded/build/soil_monitor/install.log --single-version-externally-managed
