[8.346s] Invoking command in '/home/pi/ros_embedded/src/database': PYTHONPATH=/home/pi/ros_embedded/build/database/prefix_override:/home/pi/ros_embedded/install/database/lib/python3.10/site-packages:${PYTHONPATH} /usr/bin/python3 setup.py egg_info --egg-base ../../build/database build --build-base /home/pi/ros_embedded/build/database/build install --record /home/pi/ros_embedded/build/database/install.log --single-version-externally-managed
[9.944s] running egg_info
[9.946s] writing ../../build/database/database.egg-info/PKG-INFO
[9.948s] writing dependency_links to ../../build/database/database.egg-info/dependency_links.txt
[9.949s] writing entry points to ../../build/database/database.egg-info/entry_points.txt
[9.950s] writing requirements to ../../build/database/database.egg-info/requires.txt
[9.951s] writing top-level names to ../../build/database/database.egg-info/top_level.txt
[9.961s] reading manifest file '../../build/database/database.egg-info/SOURCES.txt'
[9.965s] writing manifest file '../../build/database/database.egg-info/SOURCES.txt'
[9.966s] running build
[9.967s] running build_py
[9.968s] copying database/database_updater.py -> /home/pi/ros_embedded/build/database/build/lib/database
[9.972s] running install
[9.973s] /usr/lib/python3/dist-packages/setuptools/command/install.py:34: SetuptoolsDeprecationWarning: setup.py install is deprecated. Use build and pip and other standards-based tools.
[9.973s]   warnings.warn(
[9.974s] running install_lib
[9.978s] copying /home/pi/ros_embedded/build/database/build/lib/database/database_updater.py -> /home/pi/ros_embedded/install/database/lib/python3.10/site-packages/database
[9.982s] byte-compiling /home/pi/ros_embedded/install/database/lib/python3.10/site-packages/database/database_updater.py to database_updater.cpython-310.pyc
[9.986s] running install_data
[9.989s] running install_egg_info
[9.997s] removing '/home/pi/ros_embedded/install/database/lib/python3.10/site-packages/database-0.0.0-py3.10.egg-info' (and everything under it)
[9.999s] Copying ../../build/database/database.egg-info to /home/pi/ros_embedded/install/database/lib/python3.10/site-packages/database-0.0.0-py3.10.egg-info
[10.006s] running install_scripts
[10.128s] Installing database_updater script to /home/pi/ros_embedded/install/database/lib/database
[10.131s] writing list of installed files to '/home/pi/ros_embedded/build/database/install.log'
[10.321s] Invoked command in '/home/pi/ros_embedded/src/database' returned '0': PYTHONPATH=/home/pi/ros_embedded/build/database/prefix_override:/home/pi/ros_embedded/install/database/lib/python3.10/site-packages:${PYTHONPATH} /usr/bin/python3 setup.py egg_info --egg-base ../../build/database build --build-base /home/pi/ros_embedded/build/database/build install --record /home/pi/ros_embedded/build/database/install.log --single-version-externally-managed
