[7.044s] Invoking command in '/home/pi/ros_embedded/src/database': PYTHONPATH=/home/pi/ros_embedded/build/database/prefix_override:/home/pi/ros_embedded/install/database/lib/python3.10/site-packages:${PYTHONPATH} /usr/bin/python3 setup.py egg_info --egg-base ../../build/database build --build-base /home/pi/ros_embedded/build/database/build install --record /home/pi/ros_embedded/build/database/install.log --single-version-externally-managed
[8.636s] running egg_info
[8.644s] writing ../../build/database/database.egg-info/PKG-INFO
[8.647s] writing dependency_links to ../../build/database/database.egg-info/dependency_links.txt
[8.657s] writing entry points to ../../build/database/database.egg-info/entry_points.txt
[8.658s] writing requirements to ../../build/database/database.egg-info/requires.txt
[8.661s] writing top-level names to ../../build/database/database.egg-info/top_level.txt
[8.669s] reading manifest file '../../build/database/database.egg-info/SOURCES.txt'
[8.675s] writing manifest file '../../build/database/database.egg-info/SOURCES.txt'
[8.675s] running build
[8.676s] running build_py
[8.677s] running install
[8.680s] /usr/lib/python3/dist-packages/setuptools/command/install.py:34: SetuptoolsDeprecationWarning: setup.py install is deprecated. Use build and pip and other standards-based tools.
[8.680s]   warnings.warn(
[8.681s] running install_lib
[8.690s] running install_data
[8.694s] running install_egg_info
[8.703s] removing '/home/pi/ros_embedded/install/database/lib/python3.10/site-packages/database-0.0.0-py3.10.egg-info' (and everything under it)
[8.706s] Copying ../../build/database/database.egg-info to /home/pi/ros_embedded/install/database/lib/python3.10/site-packages/database-0.0.0-py3.10.egg-info
[8.715s] running install_scripts
[8.857s] Installing database_updater script to /home/pi/ros_embedded/install/database/lib/database
[8.861s] writing list of installed files to '/home/pi/ros_embedded/build/database/install.log'
[9.261s] Invoked command in '/home/pi/ros_embedded/src/database' returned '0': PYTHONPATH=/home/pi/ros_embedded/build/database/prefix_override:/home/pi/ros_embedded/install/database/lib/python3.10/site-packages:${PYTHONPATH} /usr/bin/python3 setup.py egg_info --egg-base ../../build/database build --build-base /home/pi/ros_embedded/build/database/build install --record /home/pi/ros_embedded/build/database/install.log --single-version-externally-managed
