[3.869s] Invoking command in '/home/pi/ros_embedded/src/web_server': PYTHONPATH=/home/pi/ros_embedded/build/web_server/prefix_override:/home/pi/ros_embedded/install/web_server/lib/python3.10/site-packages:${PYTHONPATH} /usr/bin/python3 setup.py egg_info --egg-base ../../build/web_server build --build-base /home/pi/ros_embedded/build/web_server/build install --record /home/pi/ros_embedded/build/web_server/install.log --single-version-externally-managed
[4.999s] running egg_info
[5.003s] writing ../../build/web_server/web_server.egg-info/PKG-INFO
[5.004s] writing dependency_links to ../../build/web_server/web_server.egg-info/dependency_links.txt
[5.005s] writing entry points to ../../build/web_server/web_server.egg-info/entry_points.txt
[5.006s] writing requirements to ../../build/web_server/web_server.egg-info/requires.txt
[5.007s] writing top-level names to ../../build/web_server/web_server.egg-info/top_level.txt
[5.015s] reading manifest file '../../build/web_server/web_server.egg-info/SOURCES.txt'
[5.018s] writing manifest file '../../build/web_server/web_server.egg-info/SOURCES.txt'
[5.019s] running build
[5.019s] running build_py
[5.021s] running install
[5.022s] /usr/lib/python3/dist-packages/setuptools/command/install.py:34: SetuptoolsDeprecationWarning: setup.py install is deprecated. Use build and pip and other standards-based tools.
[5.022s]   warnings.warn(
[5.023s] running install_lib
[5.028s] running install_data
[5.031s] running install_egg_info
[5.038s] removing '/home/pi/ros_embedded/install/web_server/lib/python3.10/site-packages/web_server-0.0.0-py3.10.egg-info' (and everything under it)
[5.039s] Copying ../../build/web_server/web_server.egg-info to /home/pi/ros_embedded/install/web_server/lib/python3.10/site-packages/web_server-0.0.0-py3.10.egg-info
[5.046s] running install_scripts
[5.138s] Installing web script to /home/pi/ros_embedded/install/web_server/lib/web_server
[5.141s] writing list of installed files to '/home/pi/ros_embedded/build/web_server/install.log'
[5.366s] Invoked command in '/home/pi/ros_embedded/src/web_server' returned '0': PYTHONPATH=/home/pi/ros_embedded/build/web_server/prefix_override:/home/pi/ros_embedded/install/web_server/lib/python3.10/site-packages:${PYTHONPATH} /usr/bin/python3 setup.py egg_info --egg-base ../../build/web_server build --build-base /home/pi/ros_embedded/build/web_server/build install --record /home/pi/ros_embedded/build/web_server/install.log --single-version-externally-managed
