[5.477s] Invoking command in '/home/pi/ros_embedded/src/database': PYTHONPATH=/home/pi/ros_embedded/build/database/prefix_override:/home/pi/ros_embedded/install/database/lib/python3.10/site-packages:${PYTHONPATH} /usr/bin/python3 setup.py egg_info --egg-base ../../build/database build --build-base /home/pi/ros_embedded/build/database/build install --record /home/pi/ros_embedded/build/database/install.log --single-version-externally-managed
[6.799s] running egg_info
[6.803s] writing ../../build/database/database.egg-info/PKG-INFO
[6.805s] writing dependency_links to ../../build/database/database.egg-info/dependency_links.txt
[6.808s] writing entry points to ../../build/database/database.egg-info/entry_points.txt
[6.809s] writing requirements to ../../build/database/database.egg-info/requires.txt
[6.810s] writing top-level names to ../../build/database/database.egg-info/top_level.txt
[6.817s] reading manifest file '../../build/database/database.egg-info/SOURCES.txt'
[6.822s] writing manifest file '../../build/database/database.egg-info/SOURCES.txt'
[6.824s] running build
[6.825s] running build_py
[6.826s] running install
[6.827s] /usr/lib/python3/dist-packages/setuptools/command/install.py:34: SetuptoolsDeprecationWarning: setup.py install is deprecated. Use build and pip and other standards-based tools.
[6.828s]   warnings.warn(
[6.829s] running install_lib
[6.834s] running install_data
[6.837s] running install_egg_info
[6.846s] removing '/home/pi/ros_embedded/install/database/lib/python3.10/site-packages/database-0.0.0-py3.10.egg-info' (and everything under it)
[6.850s] Copying ../../build/database/database.egg-info to /home/pi/ros_embedded/install/database/lib/python3.10/site-packages/database-0.0.0-py3.10.egg-info
[6.859s] running install_scripts
[7.000s] Installing database_updater script to /home/pi/ros_embedded/install/database/lib/database
[7.005s] writing list of installed files to '/home/pi/ros_embedded/build/database/install.log'
[7.325s] Invoked command in '/home/pi/ros_embedded/src/database' returned '0': PYTHONPATH=/home/pi/ros_embedded/build/database/prefix_override:/home/pi/ros_embedded/install/database/lib/python3.10/site-packages:${PYTHONPATH} /usr/bin/python3 setup.py egg_info --egg-base ../../build/database build --build-base /home/pi/ros_embedded/build/database/build install --record /home/pi/ros_embedded/build/database/install.log --single-version-externally-managed
