[7.870s] Invoking command in '/home/pi/ros_embedded/src/soil_monitor': PYTHONPATH=/home/pi/ros_embedded/build/soil_monitor/prefix_override:/home/pi/ros_embedded/install/soil_monitor/lib/python3.10/site-packages:${PYTHONPATH} /usr/bin/python3 setup.py egg_info --egg-base ../../build/soil_monitor build --build-base /home/pi/ros_embedded/build/soil_monitor/build install --record /home/pi/ros_embedded/build/soil_monitor/install.log --single-version-externally-managed
[9.654s] running egg_info
[9.659s] writing ../../build/soil_monitor/soil_monitor.egg-info/PKG-INFO
[9.661s] writing dependency_links to ../../build/soil_monitor/soil_monitor.egg-info/dependency_links.txt
[9.668s] writing entry points to ../../build/soil_monitor/soil_monitor.egg-info/entry_points.txt
[9.669s] writing requirements to ../../build/soil_monitor/soil_monitor.egg-info/requires.txt
[9.669s] writing top-level names to ../../build/soil_monitor/soil_monitor.egg-info/top_level.txt
[9.676s] reading manifest file '../../build/soil_monitor/soil_monitor.egg-info/SOURCES.txt'
[9.682s] writing manifest file '../../build/soil_monitor/soil_monitor.egg-info/SOURCES.txt'
[9.683s] running build
[9.684s] running build_py
[9.686s] running install
[9.687s] /usr/lib/python3/dist-packages/setuptools/command/install.py:34: SetuptoolsDeprecationWarning: setup.py install is deprecated. Use build and pip and other standards-based tools.
[9.688s]   warnings.warn(
[9.689s] running install_lib
[9.697s] running install_data
[9.705s] running install_egg_info
[9.720s] removing '/home/pi/ros_embedded/install/soil_monitor/lib/python3.10/site-packages/soil_monitor-0.0.0-py3.10.egg-info' (and everything under it)
[9.723s] Copying ../../build/soil_monitor/soil_monitor.egg-info to /home/pi/ros_embedded/install/soil_monitor/lib/python3.10/site-packages/soil_monitor-0.0.0-py3.10.egg-info
[9.731s] running install_scripts
[9.845s] Installing soil_monitor script to /home/pi/ros_embedded/install/soil_monitor/lib/soil_monitor
[9.848s] writing list of installed files to '/home/pi/ros_embedded/build/soil_monitor/install.log'
[10.070s] Invoked command in '/home/pi/ros_embedded/src/soil_monitor' returned '0': PYTHONPATH=/home/pi/ros_embedded/build/soil_monitor/prefix_override:/home/pi/ros_embedded/install/soil_monitor/lib/python3.10/site-packages:${PYTHONPATH} /usr/bin/python3 setup.py egg_info --egg-base ../../build/soil_monitor build --build-base /home/pi/ros_embedded/build/soil_monitor/build install --record /home/pi/ros_embedded/build/soil_monitor/install.log --single-version-externally-managed
