[1.572s] DEBUG:colcon:Command line arguments: ['/usr/bin/colcon', 'build']
[1.572s] DEBUG:colcon:Parsed command line arguments: Namespace(log_base=None, log_level=None, verb_name='build', build_base='build', install_base='install', merge_install=False, symlink_install=False, test_result_base=None, continue_on_error=False, executor='parallel', parallel_workers=4, event_handlers=None, ignore_user_meta=False, metas=['./colcon.meta'], base_paths=['.'], packages_ignore=None, packages_ignore_regex=None, paths=None, packages_up_to=None, packages_up_to_regex=None, packages_above=None, packages_above_and_dependencies=None, packages_above_depth=None, packages_select_by_dep=None, packages_skip_by_dep=None, packages_skip_up_to=None, packages_select_build_failed=False, packages_skip_build_finished=False, packages_select_test_failures=False, packages_skip_test_passed=False, packages_select=None, packages_skip=None, packages_select_regex=None, packages_skip_regex=None, packages_start=None, packages_end=None, allow_overriding=[], cmake_args=None, cmake_target=None, cmake_target_skip_unavailable=False, cmake_clean_cache=False, cmake_clean_first=False, cmake_force_configure=False, ament_cmake_args=None, catkin_cmake_args=None, catkin_skip_building_tests=False, verb_parser=<colcon_defaults.argument_parser.defaults.DefaultArgumentsDecorator object at 0xffffb7143460>, verb_extension=<colcon_core.verb.build.BuildVerb object at 0xffffb79e90f0>, main=<bound method BuildVerb.main of <colcon_core.verb.build.BuildVerb object at 0xffffb79e90f0>>)
[1.725s] Level 1:colcon.colcon_core.package_discovery:discover_packages(colcon_meta) check parameters
[1.725s] Level 1:colcon.colcon_core.package_discovery:discover_packages(recursive) check parameters
[1.725s] Level 1:colcon.colcon_core.package_discovery:discover_packages(ignore) check parameters
[1.725s] Level 1:colcon.colcon_core.package_discovery:discover_packages(path) check parameters
[1.726s] Level 1:colcon.colcon_core.package_discovery:discover_packages(colcon_meta) discover
[1.726s] Level 1:colcon.colcon_core.package_discovery:discover_packages(recursive) discover
[1.726s] INFO:colcon.colcon_core.package_discovery:Crawling recursively for packages in '/home/pi/ros_embedded'
[1.726s] Level 1:colcon.colcon_core.package_identification:_identify(.) by extensions ['ignore', 'ignore_ament_install']
[1.727s] Level 1:colcon.colcon_core.package_identification:_identify(.) by extension 'ignore'
[1.727s] Level 1:colcon.colcon_core.package_identification:_identify(.) by extension 'ignore_ament_install'
[1.727s] Level 1:colcon.colcon_core.package_identification:_identify(.) by extensions ['colcon_pkg']
[1.727s] Level 1:colcon.colcon_core.package_identification:_identify(.) by extension 'colcon_pkg'
[1.727s] Level 1:colcon.colcon_core.package_identification:_identify(.) by extensions ['colcon_meta']
[1.727s] Level 1:colcon.colcon_core.package_identification:_identify(.) by extension 'colcon_meta'
[1.728s] Level 1:colcon.colcon_core.package_identification:_identify(.) by extensions ['ros']
[1.728s] Level 1:colcon.colcon_core.package_identification:_identify(.) by extension 'ros'
[1.778s] Level 1:colcon.colcon_core.package_identification:_identify(.) by extensions ['cmake', 'python']
[1.779s] Level 1:colcon.colcon_core.package_identification:_identify(.) by extension 'cmake'
[1.779s] Level 1:colcon.colcon_core.package_identification:_identify(.) by extension 'python'
[1.779s] Level 1:colcon.colcon_core.package_identification:_identify(.) by extensions ['python_setup_py']
[1.779s] Level 1:colcon.colcon_core.package_identification:_identify(.) by extension 'python_setup_py'
[1.780s] Level 1:colcon.colcon_core.package_identification:_identify(build) by extensions ['ignore', 'ignore_ament_install']
[1.780s] Level 1:colcon.colcon_core.package_identification:_identify(build) by extension 'ignore'
[1.781s] Level 1:colcon.colcon_core.package_identification:_identify(build) ignored
[1.781s] Level 1:colcon.colcon_core.package_identification:_identify(install) by extensions ['ignore', 'ignore_ament_install']
[1.782s] Level 1:colcon.colcon_core.package_identification:_identify(install) by extension 'ignore'
[1.782s] Level 1:colcon.colcon_core.package_identification:_identify(install) ignored
[1.782s] Level 1:colcon.colcon_core.package_identification:_identify(launch) by extensions ['ignore', 'ignore_ament_install']
[1.783s] Level 1:colcon.colcon_core.package_identification:_identify(launch) by extension 'ignore'
[1.783s] Level 1:colcon.colcon_core.package_identification:_identify(launch) by extension 'ignore_ament_install'
[1.784s] Level 1:colcon.colcon_core.package_identification:_identify(launch) by extensions ['colcon_pkg']
[1.784s] Level 1:colcon.colcon_core.package_identification:_identify(launch) by extension 'colcon_pkg'
[1.784s] Level 1:colcon.colcon_core.package_identification:_identify(launch) by extensions ['colcon_meta']
[1.784s] Level 1:colcon.colcon_core.package_identification:_identify(launch) by extension 'colcon_meta'
[1.785s] Level 1:colcon.colcon_core.package_identification:_identify(launch) by extensions ['ros']
[1.785s] Level 1:colcon.colcon_core.package_identification:_identify(launch) by extension 'ros'
[1.785s] Level 1:colcon.colcon_core.package_identification:_identify(launch) by extensions ['cmake', 'python']
[1.785s] Level 1:colcon.colcon_core.package_identification:_identify(launch) by extension 'cmake'
[1.785s] Level 1:colcon.colcon_core.package_identification:_identify(launch) by extension 'python'
[1.786s] Level 1:colcon.colcon_core.package_identification:_identify(launch) by extensions ['python_setup_py']
[1.786s] Level 1:colcon.colcon_core.package_identification:_identify(launch) by extension 'python_setup_py'
[1.786s] Level 1:colcon.colcon_core.package_identification:_identify(launch/__pycache__) by extensions ['ignore', 'ignore_ament_install']
[1.787s] Level 1:colcon.colcon_core.package_identification:_identify(launch/__pycache__) by extension 'ignore'
[1.787s] Level 1:colcon.colcon_core.package_identification:_identify(launch/__pycache__) by extension 'ignore_ament_install'
[1.787s] Level 1:colcon.colcon_core.package_identification:_identify(launch/__pycache__) by extensions ['colcon_pkg']
[1.787s] Level 1:colcon.colcon_core.package_identification:_identify(launch/__pycache__) by extension 'colcon_pkg'
[1.787s] Level 1:colcon.colcon_core.package_identification:_identify(launch/__pycache__) by extensions ['colcon_meta']
[1.788s] Level 1:colcon.colcon_core.package_identification:_identify(launch/__pycache__) by extension 'colcon_meta'
[1.788s] Level 1:colcon.colcon_core.package_identification:_identify(launch/__pycache__) by extensions ['ros']
[1.788s] Level 1:colcon.colcon_core.package_identification:_identify(launch/__pycache__) by extension 'ros'
[1.788s] Level 1:colcon.colcon_core.package_identification:_identify(launch/__pycache__) by extensions ['cmake', 'python']
[1.789s] Level 1:colcon.colcon_core.package_identification:_identify(launch/__pycache__) by extension 'cmake'
[1.789s] Level 1:colcon.colcon_core.package_identification:_identify(launch/__pycache__) by extension 'python'
[1.789s] Level 1:colcon.colcon_core.package_identification:_identify(launch/__pycache__) by extensions ['python_setup_py']
[1.789s] Level 1:colcon.colcon_core.package_identification:_identify(launch/__pycache__) by extension 'python_setup_py'
[1.792s] Level 1:colcon.colcon_core.package_identification:_identify(log) by extensions ['ignore', 'ignore_ament_install']
[1.792s] Level 1:colcon.colcon_core.package_identification:_identify(log) by extension 'ignore'
[1.792s] Level 1:colcon.colcon_core.package_identification:_identify(log) ignored
[1.793s] Level 1:colcon.colcon_core.package_identification:_identify(src) by extensions ['ignore', 'ignore_ament_install']
[1.793s] Level 1:colcon.colcon_core.package_identification:_identify(src) by extension 'ignore'
[1.794s] Level 1:colcon.colcon_core.package_identification:_identify(src) by extension 'ignore_ament_install'
[1.794s] Level 1:colcon.colcon_core.package_identification:_identify(src) by extensions ['colcon_pkg']
[1.794s] Level 1:colcon.colcon_core.package_identification:_identify(src) by extension 'colcon_pkg'
[1.794s] Level 1:colcon.colcon_core.package_identification:_identify(src) by extensions ['colcon_meta']
[1.794s] Level 1:colcon.colcon_core.package_identification:_identify(src) by extension 'colcon_meta'
[1.795s] Level 1:colcon.colcon_core.package_identification:_identify(src) by extensions ['ros']
[1.795s] Level 1:colcon.colcon_core.package_identification:_identify(src) by extension 'ros'
[1.795s] Level 1:colcon.colcon_core.package_identification:_identify(src) by extensions ['cmake', 'python']
[1.795s] Level 1:colcon.colcon_core.package_identification:_identify(src) by extension 'cmake'
[1.795s] Level 1:colcon.colcon_core.package_identification:_identify(src) by extension 'python'
[1.796s] Level 1:colcon.colcon_core.package_identification:_identify(src) by extensions ['python_setup_py']
[1.796s] Level 1:colcon.colcon_core.package_identification:_identify(src) by extension 'python_setup_py'
[1.796s] Level 1:colcon.colcon_core.package_identification:_identify(src/database) by extensions ['ignore', 'ignore_ament_install']
[1.797s] Level 1:colcon.colcon_core.package_identification:_identify(src/database) by extension 'ignore'
[1.797s] Level 1:colcon.colcon_core.package_identification:_identify(src/database) by extension 'ignore_ament_install'
[1.797s] Level 1:colcon.colcon_core.package_identification:_identify(src/database) by extensions ['colcon_pkg']
[1.797s] Level 1:colcon.colcon_core.package_identification:_identify(src/database) by extension 'colcon_pkg'
[1.797s] Level 1:colcon.colcon_core.package_identification:_identify(src/database) by extensions ['colcon_meta']
[1.798s] Level 1:colcon.colcon_core.package_identification:_identify(src/database) by extension 'colcon_meta'
[1.798s] Level 1:colcon.colcon_core.package_identification:_identify(src/database) by extensions ['ros']
[1.798s] Level 1:colcon.colcon_core.package_identification:_identify(src/database) by extension 'ros'
[1.807s] DEBUG:colcon.colcon_core.package_identification:Package 'src/database' with type 'ros.ament_python' and name 'database'
[1.807s] Level 1:colcon.colcon_core.package_identification:_identify(src/serial_rw) by extensions ['ignore', 'ignore_ament_install']
[1.808s] Level 1:colcon.colcon_core.package_identification:_identify(src/serial_rw) by extension 'ignore'
[1.808s] Level 1:colcon.colcon_core.package_identification:_identify(src/serial_rw) by extension 'ignore_ament_install'
[1.808s] Level 1:colcon.colcon_core.package_identification:_identify(src/serial_rw) by extensions ['colcon_pkg']
[1.809s] Level 1:colcon.colcon_core.package_identification:_identify(src/serial_rw) by extension 'colcon_pkg'
[1.809s] Level 1:colcon.colcon_core.package_identification:_identify(src/serial_rw) by extensions ['colcon_meta']
[1.809s] Level 1:colcon.colcon_core.package_identification:_identify(src/serial_rw) by extension 'colcon_meta'
[1.809s] Level 1:colcon.colcon_core.package_identification:_identify(src/serial_rw) by extensions ['ros']
[1.809s] Level 1:colcon.colcon_core.package_identification:_identify(src/serial_rw) by extension 'ros'
[1.812s] DEBUG:colcon.colcon_core.package_identification:Package 'src/serial_rw' with type 'ros.ament_python' and name 'serial_rw'
[1.813s] Level 1:colcon.colcon_core.package_identification:_identify(src/web_server) by extensions ['ignore', 'ignore_ament_install']
[1.813s] Level 1:colcon.colcon_core.package_identification:_identify(src/web_server) by extension 'ignore'
[1.813s] Level 1:colcon.colcon_core.package_identification:_identify(src/web_server) by extension 'ignore_ament_install'
[1.813s] Level 1:colcon.colcon_core.package_identification:_identify(src/web_server) by extensions ['colcon_pkg']
[1.814s] Level 1:colcon.colcon_core.package_identification:_identify(src/web_server) by extension 'colcon_pkg'
[1.814s] Level 1:colcon.colcon_core.package_identification:_identify(src/web_server) by extensions ['colcon_meta']
[1.814s] Level 1:colcon.colcon_core.package_identification:_identify(src/web_server) by extension 'colcon_meta'
[1.814s] Level 1:colcon.colcon_core.package_identification:_identify(src/web_server) by extensions ['ros']
[1.814s] Level 1:colcon.colcon_core.package_identification:_identify(src/web_server) by extension 'ros'
[1.816s] DEBUG:colcon.colcon_core.package_identification:Package 'src/web_server' with type 'ros.ament_python' and name 'web_server'
[1.817s] Level 1:colcon.colcon_core.package_discovery:discover_packages(recursive) using defaults
[1.817s] Level 1:colcon.colcon_core.package_discovery:discover_packages(ignore) discover
[1.817s] Level 1:colcon.colcon_core.package_discovery:discover_packages(ignore) using defaults
[1.817s] Level 1:colcon.colcon_core.package_discovery:discover_packages(path) discover
[1.817s] Level 1:colcon.colcon_core.package_discovery:discover_packages(path) using defaults
[1.918s] Level 1:colcon.colcon_core.package_discovery:discover_packages(prefix_path) check parameters
[1.918s] Level 1:colcon.colcon_core.package_discovery:discover_packages(prefix_path) discover
[1.932s] DEBUG:colcon.colcon_installed_package_information.package_discovery:Found 3 installed packages in /home/pi/ros_embedded/install
[1.943s] DEBUG:colcon.colcon_installed_package_information.package_discovery:Found 270 installed packages in /opt/ros/humble
[1.950s] Level 1:colcon.colcon_core.package_discovery:discover_packages(prefix_path) using defaults
[2.234s] Level 5:colcon.colcon_core.verb:set package 'database' build argument 'cmake_args' from command line to 'None'
[2.235s] Level 5:colcon.colcon_core.verb:set package 'database' build argument 'cmake_target' from command line to 'None'
[2.235s] Level 5:colcon.colcon_core.verb:set package 'database' build argument 'cmake_target_skip_unavailable' from command line to 'False'
[2.235s] Level 5:colcon.colcon_core.verb:set package 'database' build argument 'cmake_clean_cache' from command line to 'False'
[2.235s] Level 5:colcon.colcon_core.verb:set package 'database' build argument 'cmake_clean_first' from command line to 'False'
[2.235s] Level 5:colcon.colcon_core.verb:set package 'database' build argument 'cmake_force_configure' from command line to 'False'
[2.235s] Level 5:colcon.colcon_core.verb:set package 'database' build argument 'ament_cmake_args' from command line to 'None'
[2.235s] Level 5:colcon.colcon_core.verb:set package 'database' build argument 'catkin_cmake_args' from command line to 'None'
[2.236s] Level 5:colcon.colcon_core.verb:set package 'database' build argument 'catkin_skip_building_tests' from command line to 'False'
[2.236s] DEBUG:colcon.colcon_core.verb:Building package 'database' with the following arguments: {'ament_cmake_args': None, 'build_base': '/home/pi/ros_embedded/build/database', 'catkin_cmake_args': None, 'catkin_skip_building_tests': False, 'cmake_args': None, 'cmake_clean_cache': False, 'cmake_clean_first': False, 'cmake_force_configure': False, 'cmake_target': None, 'cmake_target_skip_unavailable': False, 'install_base': '/home/pi/ros_embedded/install/database', 'merge_install': False, 'path': '/home/pi/ros_embedded/src/database', 'symlink_install': False, 'test_result_base': None}
[2.240s] Level 5:colcon.colcon_core.verb:set package 'serial_rw' build argument 'cmake_args' from command line to 'None'
[2.241s] Level 5:colcon.colcon_core.verb:set package 'serial_rw' build argument 'cmake_target' from command line to 'None'
[2.241s] Level 5:colcon.colcon_core.verb:set package 'serial_rw' build argument 'cmake_target_skip_unavailable' from command line to 'False'
[2.241s] Level 5:colcon.colcon_core.verb:set package 'serial_rw' build argument 'cmake_clean_cache' from command line to 'False'
[2.241s] Level 5:colcon.colcon_core.verb:set package 'serial_rw' build argument 'cmake_clean_first' from command line to 'False'
[2.241s] Level 5:colcon.colcon_core.verb:set package 'serial_rw' build argument 'cmake_force_configure' from command line to 'False'
[2.241s] Level 5:colcon.colcon_core.verb:set package 'serial_rw' build argument 'ament_cmake_args' from command line to 'None'
[2.241s] Level 5:colcon.colcon_core.verb:set package 'serial_rw' build argument 'catkin_cmake_args' from command line to 'None'
[2.241s] Level 5:colcon.colcon_core.verb:set package 'serial_rw' build argument 'catkin_skip_building_tests' from command line to 'False'
[2.241s] DEBUG:colcon.colcon_core.verb:Building package 'serial_rw' with the following arguments: {'ament_cmake_args': None, 'build_base': '/home/pi/ros_embedded/build/serial_rw', 'catkin_cmake_args': None, 'catkin_skip_building_tests': False, 'cmake_args': None, 'cmake_clean_cache': False, 'cmake_clean_first': False, 'cmake_force_configure': False, 'cmake_target': None, 'cmake_target_skip_unavailable': False, 'install_base': '/home/pi/ros_embedded/install/serial_rw', 'merge_install': False, 'path': '/home/pi/ros_embedded/src/serial_rw', 'symlink_install': False, 'test_result_base': None}
[2.246s] Level 5:colcon.colcon_core.verb:set package 'web_server' build argument 'cmake_args' from command line to 'None'
[2.246s] Level 5:colcon.colcon_core.verb:set package 'web_server' build argument 'cmake_target' from command line to 'None'
[2.246s] Level 5:colcon.colcon_core.verb:set package 'web_server' build argument 'cmake_target_skip_unavailable' from command line to 'False'
[2.246s] Level 5:colcon.colcon_core.verb:set package 'web_server' build argument 'cmake_clean_cache' from command line to 'False'
[2.246s] Level 5:colcon.colcon_core.verb:set package 'web_server' build argument 'cmake_clean_first' from command line to 'False'
[2.246s] Level 5:colcon.colcon_core.verb:set package 'web_server' build argument 'cmake_force_configure' from command line to 'False'
[2.247s] Level 5:colcon.colcon_core.verb:set package 'web_server' build argument 'ament_cmake_args' from command line to 'None'
[2.247s] Level 5:colcon.colcon_core.verb:set package 'web_server' build argument 'catkin_cmake_args' from command line to 'None'
[2.247s] Level 5:colcon.colcon_core.verb:set package 'web_server' build argument 'catkin_skip_building_tests' from command line to 'False'
[2.247s] DEBUG:colcon.colcon_core.verb:Building package 'web_server' with the following arguments: {'ament_cmake_args': None, 'build_base': '/home/pi/ros_embedded/build/web_server', 'catkin_cmake_args': None, 'catkin_skip_building_tests': False, 'cmake_args': None, 'cmake_clean_cache': False, 'cmake_clean_first': False, 'cmake_force_configure': False, 'cmake_target': None, 'cmake_target_skip_unavailable': False, 'install_base': '/home/pi/ros_embedded/install/web_server', 'merge_install': False, 'path': '/home/pi/ros_embedded/src/web_server', 'symlink_install': False, 'test_result_base': None}
[2.250s] INFO:colcon.colcon_core.executor:Executing jobs using 'parallel' executor
[2.262s] DEBUG:colcon.colcon_parallel_executor.executor.parallel:run_until_complete
[2.263s] INFO:colcon.colcon_ros.task.ament_python.build:Building ROS package in '/home/pi/ros_embedded/src/database' with build type 'ament_python'
[2.264s] Level 1:colcon.colcon_core.shell:create_environment_hook('database', 'ament_prefix_path')
[2.285s] INFO:colcon.colcon_core.plugin_system:Skipping extension 'colcon_core.shell.bat': Not used on non-Windows systems
[2.286s] INFO:colcon.colcon_core.shell:Creating environment hook '/home/pi/ros_embedded/install/database/share/database/hook/ament_prefix_path.ps1'
[2.289s] INFO:colcon.colcon_core.shell:Creating environment descriptor '/home/pi/ros_embedded/install/database/share/database/hook/ament_prefix_path.dsv'
[2.292s] INFO:colcon.colcon_core.shell:Creating environment hook '/home/pi/ros_embedded/install/database/share/database/hook/ament_prefix_path.sh'
[2.299s] INFO:colcon.colcon_core.shell:Skip shell extension 'powershell' for command environment: Not usable outside of PowerShell
[2.300s] DEBUG:colcon.colcon_core.shell:Skip shell extension 'dsv' for command environment
[2.322s] INFO:colcon.colcon_ros.task.ament_python.build:Building ROS package in '/home/pi/ros_embedded/src/serial_rw' with build type 'ament_python'
[2.323s] Level 1:colcon.colcon_core.shell:create_environment_hook('serial_rw', 'ament_prefix_path')
[2.329s] INFO:colcon.colcon_core.shell:Creating environment hook '/home/pi/ros_embedded/install/serial_rw/share/serial_rw/hook/ament_prefix_path.ps1'
[2.331s] INFO:colcon.colcon_core.shell:Creating environment descriptor '/home/pi/ros_embedded/install/serial_rw/share/serial_rw/hook/ament_prefix_path.dsv'
[2.333s] INFO:colcon.colcon_core.shell:Creating environment hook '/home/pi/ros_embedded/install/serial_rw/share/serial_rw/hook/ament_prefix_path.sh'
[2.340s] INFO:colcon.colcon_core.shell:Skip shell extension 'powershell' for command environment: Not usable outside of PowerShell
[2.340s] DEBUG:colcon.colcon_core.shell:Skip shell extension 'dsv' for command environment
[2.361s] INFO:colcon.colcon_ros.task.ament_python.build:Building ROS package in '/home/pi/ros_embedded/src/web_server' with build type 'ament_python'
[2.362s] Level 1:colcon.colcon_core.shell:create_environment_hook('web_server', 'ament_prefix_path')
[2.368s] INFO:colcon.colcon_core.shell:Creating environment hook '/home/pi/ros_embedded/install/web_server/share/web_server/hook/ament_prefix_path.ps1'
[2.370s] INFO:colcon.colcon_core.shell:Creating environment descriptor '/home/pi/ros_embedded/install/web_server/share/web_server/hook/ament_prefix_path.dsv'
[2.372s] INFO:colcon.colcon_core.shell:Creating environment hook '/home/pi/ros_embedded/install/web_server/share/web_server/hook/ament_prefix_path.sh'
[2.379s] INFO:colcon.colcon_core.shell:Skip shell extension 'powershell' for command environment: Not usable outside of PowerShell
[2.379s] DEBUG:colcon.colcon_core.shell:Skip shell extension 'dsv' for command environment
[3.514s] INFO:colcon.colcon_core.task.python.build:Building Python package in '/home/pi/ros_embedded/src/database'
[3.520s] INFO:colcon.colcon_core.shell:Skip shell extension 'powershell' for command environment: Not usable outside of PowerShell
[3.520s] DEBUG:colcon.colcon_core.shell:Skip shell extension 'dsv' for command environment
[4.786s] INFO:colcon.colcon_core.task.python.build:Building Python package in '/home/pi/ros_embedded/src/serial_rw'
[4.792s] INFO:colcon.colcon_core.shell:Skip shell extension 'powershell' for command environment: Not usable outside of PowerShell
[4.793s] DEBUG:colcon.colcon_core.shell:Skip shell extension 'dsv' for command environment
[5.936s] INFO:colcon.colcon_core.task.python.build:Building Python package in '/home/pi/ros_embedded/src/web_server'
[5.941s] INFO:colcon.colcon_core.shell:Skip shell extension 'powershell' for command environment: Not usable outside of PowerShell
[5.942s] DEBUG:colcon.colcon_core.shell:Skip shell extension 'dsv' for command environment
[8.191s] DEBUG:colcon.colcon_core.event_handler.log_command:Invoking command in '/home/pi/ros_embedded/src/serial_rw': PYTHONPATH=/home/pi/ros_embedded/build/serial_rw/prefix_override:/home/pi/ros_embedded/install/serial_rw/lib/python3.10/site-packages:${PYTHONPATH} /usr/bin/python3 setup.py egg_info --egg-base ../../build/serial_rw build --build-base /home/pi/ros_embedded/build/serial_rw/build install --record /home/pi/ros_embedded/build/serial_rw/install.log --single-version-externally-managed
[8.236s] DEBUG:colcon.colcon_core.event_handler.log_command:Invoking command in '/home/pi/ros_embedded/src/database': PYTHONPATH=/home/pi/ros_embedded/build/database/prefix_override:/home/pi/ros_embedded/install/database/lib/python3.10/site-packages:${PYTHONPATH} /usr/bin/python3 setup.py egg_info --egg-base ../../build/database build --build-base /home/pi/ros_embedded/build/database/build install --record /home/pi/ros_embedded/build/database/install.log --single-version-externally-managed
[8.242s] DEBUG:colcon.colcon_core.event_handler.log_command:Invoking command in '/home/pi/ros_embedded/src/web_server': PYTHONPATH=/home/pi/ros_embedded/build/web_server/prefix_override:/home/pi/ros_embedded/install/web_server/lib/python3.10/site-packages:${PYTHONPATH} /usr/bin/python3 setup.py egg_info --egg-base ../../build/web_server build --build-base /home/pi/ros_embedded/build/web_server/build install --record /home/pi/ros_embedded/build/web_server/install.log --single-version-externally-managed
[10.025s] DEBUG:colcon.colcon_core.event_handler.log_command:Invoked command in '/home/pi/ros_embedded/src/serial_rw' returned '0': PYTHONPATH=/home/pi/ros_embedded/build/serial_rw/prefix_override:/home/pi/ros_embedded/install/serial_rw/lib/python3.10/site-packages:${PYTHONPATH} /usr/bin/python3 setup.py egg_info --egg-base ../../build/serial_rw build --build-base /home/pi/ros_embedded/build/serial_rw/build install --record /home/pi/ros_embedded/build/serial_rw/install.log --single-version-externally-managed
[10.052s] Level 1:colcon.colcon_core.environment:checking '/home/pi/ros_embedded/install/serial_rw' for CMake module files
[10.054s] Level 1:colcon.colcon_core.environment:checking '/home/pi/ros_embedded/install/serial_rw' for CMake config files
[10.059s] Level 1:colcon.colcon_core.environment:checking '/home/pi/ros_embedded/install/serial_rw/lib'
[10.060s] Level 1:colcon.colcon_core.environment:checking '/home/pi/ros_embedded/install/serial_rw/bin'
[10.060s] Level 1:colcon.colcon_core.environment:checking '/home/pi/ros_embedded/install/serial_rw/lib/pkgconfig/serial_rw.pc'
[10.061s] Level 1:colcon.colcon_core.environment:checking '/home/pi/ros_embedded/install/serial_rw/lib/python3.10/site-packages'
[10.061s] Level 1:colcon.colcon_core.shell:create_environment_hook('serial_rw', 'pythonpath')
[10.066s] INFO:colcon.colcon_core.shell:Creating environment hook '/home/pi/ros_embedded/install/serial_rw/share/serial_rw/hook/pythonpath.ps1'
[10.069s] INFO:colcon.colcon_core.shell:Creating environment descriptor '/home/pi/ros_embedded/install/serial_rw/share/serial_rw/hook/pythonpath.dsv'
[10.070s] INFO:colcon.colcon_core.shell:Creating environment hook '/home/pi/ros_embedded/install/serial_rw/share/serial_rw/hook/pythonpath.sh'
[10.073s] Level 1:colcon.colcon_core.environment:checking '/home/pi/ros_embedded/install/serial_rw/bin'
[10.073s] Level 1:colcon.colcon_core.environment:create_environment_scripts_only(serial_rw)
[10.078s] INFO:colcon.colcon_core.shell:Creating package script '/home/pi/ros_embedded/install/serial_rw/share/serial_rw/package.ps1'
[10.082s] INFO:colcon.colcon_core.shell:Creating package descriptor '/home/pi/ros_embedded/install/serial_rw/share/serial_rw/package.dsv'
[10.084s] INFO:colcon.colcon_core.shell:Creating package script '/home/pi/ros_embedded/install/serial_rw/share/serial_rw/package.sh'
[10.087s] INFO:colcon.colcon_core.shell:Creating package script '/home/pi/ros_embedded/install/serial_rw/share/serial_rw/package.bash'
[10.090s] INFO:colcon.colcon_core.shell:Creating package script '/home/pi/ros_embedded/install/serial_rw/share/serial_rw/package.zsh'
[10.093s] Level 1:colcon.colcon_core.environment:create_file_with_runtime_dependencies(/home/pi/ros_embedded/install/serial_rw/share/colcon-core/packages/serial_rw)
[10.105s] Level 1:colcon.colcon_core.environment:checking '/home/pi/ros_embedded/install/database' for CMake module files
[10.108s] DEBUG:colcon.colcon_core.event_handler.log_command:Invoked command in '/home/pi/ros_embedded/src/database' returned '0': PYTHONPATH=/home/pi/ros_embedded/build/database/prefix_override:/home/pi/ros_embedded/install/database/lib/python3.10/site-packages:${PYTHONPATH} /usr/bin/python3 setup.py egg_info --egg-base ../../build/database build --build-base /home/pi/ros_embedded/build/database/build install --record /home/pi/ros_embedded/build/database/install.log --single-version-externally-managed
[10.109s] Level 1:colcon.colcon_core.environment:checking '/home/pi/ros_embedded/install/database' for CMake config files
[10.114s] Level 1:colcon.colcon_core.environment:checking '/home/pi/ros_embedded/install/database/lib'
[10.114s] Level 1:colcon.colcon_core.environment:checking '/home/pi/ros_embedded/install/database/bin'
[10.114s] Level 1:colcon.colcon_core.environment:checking '/home/pi/ros_embedded/install/database/lib/pkgconfig/database.pc'
[10.115s] Level 1:colcon.colcon_core.environment:checking '/home/pi/ros_embedded/install/database/lib/python3.10/site-packages'
[10.116s] Level 1:colcon.colcon_core.shell:create_environment_hook('database', 'pythonpath')
[10.122s] INFO:colcon.colcon_core.shell:Creating environment hook '/home/pi/ros_embedded/install/database/share/database/hook/pythonpath.ps1'
[10.123s] INFO:colcon.colcon_core.shell:Creating environment descriptor '/home/pi/ros_embedded/install/database/share/database/hook/pythonpath.dsv'
[10.125s] INFO:colcon.colcon_core.shell:Creating environment hook '/home/pi/ros_embedded/install/database/share/database/hook/pythonpath.sh'
[10.128s] Level 1:colcon.colcon_core.environment:checking '/home/pi/ros_embedded/install/database/bin'
[10.128s] Level 1:colcon.colcon_core.environment:create_environment_scripts_only(database)
[10.133s] INFO:colcon.colcon_core.shell:Creating package script '/home/pi/ros_embedded/install/database/share/database/package.ps1'
[10.135s] INFO:colcon.colcon_core.shell:Creating package descriptor '/home/pi/ros_embedded/install/database/share/database/package.dsv'
[10.137s] INFO:colcon.colcon_core.shell:Creating package script '/home/pi/ros_embedded/install/database/share/database/package.sh'
[10.139s] INFO:colcon.colcon_core.shell:Creating package script '/home/pi/ros_embedded/install/database/share/database/package.bash'
[10.141s] INFO:colcon.colcon_core.shell:Creating package script '/home/pi/ros_embedded/install/database/share/database/package.zsh'
[10.142s] Level 1:colcon.colcon_core.environment:create_file_with_runtime_dependencies(/home/pi/ros_embedded/install/database/share/colcon-core/packages/database)
[10.150s] Level 1:colcon.colcon_core.environment:checking '/home/pi/ros_embedded/install/web_server' for CMake module files
[10.154s] DEBUG:colcon.colcon_core.event_handler.log_command:Invoked command in '/home/pi/ros_embedded/src/web_server' returned '0': PYTHONPATH=/home/pi/ros_embedded/build/web_server/prefix_override:/home/pi/ros_embedded/install/web_server/lib/python3.10/site-packages:${PYTHONPATH} /usr/bin/python3 setup.py egg_info --egg-base ../../build/web_server build --build-base /home/pi/ros_embedded/build/web_server/build install --record /home/pi/ros_embedded/build/web_server/install.log --single-version-externally-managed
[10.155s] Level 1:colcon.colcon_core.environment:checking '/home/pi/ros_embedded/install/web_server' for CMake config files
[10.158s] Level 1:colcon.colcon_core.environment:checking '/home/pi/ros_embedded/install/web_server/lib'
[10.158s] Level 1:colcon.colcon_core.environment:checking '/home/pi/ros_embedded/install/web_server/bin'
[10.159s] Level 1:colcon.colcon_core.shell:create_environment_hook('web_server', 'path')
[10.164s] INFO:colcon.colcon_core.shell:Creating environment hook '/home/pi/ros_embedded/install/web_server/share/web_server/hook/path.ps1'
[10.166s] INFO:colcon.colcon_core.shell:Creating environment descriptor '/home/pi/ros_embedded/install/web_server/share/web_server/hook/path.dsv'
[10.168s] INFO:colcon.colcon_core.shell:Creating environment hook '/home/pi/ros_embedded/install/web_server/share/web_server/hook/path.sh'
[10.170s] Level 1:colcon.colcon_core.environment:checking '/home/pi/ros_embedded/install/web_server/lib/pkgconfig/web_server.pc'
[10.171s] Level 1:colcon.colcon_core.environment:checking '/home/pi/ros_embedded/install/web_server/lib/python3.10/site-packages'
[10.171s] Level 1:colcon.colcon_core.shell:create_environment_hook('web_server', 'pythonpath')
[10.176s] INFO:colcon.colcon_core.shell:Creating environment hook '/home/pi/ros_embedded/install/web_server/share/web_server/hook/pythonpath.ps1'
[10.178s] INFO:colcon.colcon_core.shell:Creating environment descriptor '/home/pi/ros_embedded/install/web_server/share/web_server/hook/pythonpath.dsv'
[10.179s] INFO:colcon.colcon_core.shell:Creating environment hook '/home/pi/ros_embedded/install/web_server/share/web_server/hook/pythonpath.sh'
[10.182s] Level 1:colcon.colcon_core.environment:checking '/home/pi/ros_embedded/install/web_server/bin'
[10.183s] Level 1:colcon.colcon_core.shell:create_environment_hook('web_server', 'pythonscriptspath')
[10.187s] INFO:colcon.colcon_core.shell:Creating environment hook '/home/pi/ros_embedded/install/web_server/share/web_server/hook/pythonscriptspath.ps1'
[10.189s] INFO:colcon.colcon_core.shell:Creating environment descriptor '/home/pi/ros_embedded/install/web_server/share/web_server/hook/pythonscriptspath.dsv'
[10.191s] INFO:colcon.colcon_core.shell:Creating environment hook '/home/pi/ros_embedded/install/web_server/share/web_server/hook/pythonscriptspath.sh'
[10.192s] Level 1:colcon.colcon_core.environment:create_environment_scripts_only(web_server)
[10.198s] INFO:colcon.colcon_core.shell:Creating package script '/home/pi/ros_embedded/install/web_server/share/web_server/package.ps1'
[10.200s] INFO:colcon.colcon_core.shell:Creating package descriptor '/home/pi/ros_embedded/install/web_server/share/web_server/package.dsv'
[10.203s] INFO:colcon.colcon_core.shell:Creating package script '/home/pi/ros_embedded/install/web_server/share/web_server/package.sh'
[10.205s] INFO:colcon.colcon_core.shell:Creating package script '/home/pi/ros_embedded/install/web_server/share/web_server/package.bash'
[10.207s] INFO:colcon.colcon_core.shell:Creating package script '/home/pi/ros_embedded/install/web_server/share/web_server/package.zsh'
[10.208s] Level 1:colcon.colcon_core.environment:create_file_with_runtime_dependencies(/home/pi/ros_embedded/install/web_server/share/colcon-core/packages/web_server)
[10.209s] DEBUG:colcon.colcon_parallel_executor.executor.parallel:closing loop
[10.210s] DEBUG:colcon.colcon_parallel_executor.executor.parallel:loop closed
[10.211s] DEBUG:colcon.colcon_parallel_executor.executor.parallel:run_until_complete finished with '0'
[10.211s] DEBUG:colcon.colcon_core.event_reactor:joining thread
[10.232s] INFO:colcon.colcon_core.plugin_system:Skipping extension 'colcon_notification.desktop_notification.terminal_notifier': Not used on non-Darwin systems
[10.232s] INFO:colcon.colcon_core.plugin_system:Skipping extension 'colcon_notification.desktop_notification.win32': Not used on non-Windows systems
[10.232s] INFO:colcon.colcon_notification.desktop_notification:Sending desktop notification using 'notify2'
[10.237s] DEBUG:colcon.colcon_notification.desktop_notification.notify2:Failed to initialize notify2: org.freedesktop.DBus.Error.ServiceUnknown: The name org.freedesktop.Notifications was not provided by any .service files
[10.238s] DEBUG:colcon.colcon_core.event_reactor:joined thread
[10.243s] INFO:colcon.colcon_core.shell:Creating prefix script '/home/pi/ros_embedded/install/local_setup.ps1'
[10.247s] INFO:colcon.colcon_core.shell:Creating prefix util module '/home/pi/ros_embedded/install/_local_setup_util_ps1.py'
[10.253s] INFO:colcon.colcon_core.shell:Creating prefix chain script '/home/pi/ros_embedded/install/setup.ps1'
[10.260s] INFO:colcon.colcon_core.shell:Creating prefix script '/home/pi/ros_embedded/install/local_setup.sh'
[10.263s] INFO:colcon.colcon_core.shell:Creating prefix util module '/home/pi/ros_embedded/install/_local_setup_util_sh.py'
[10.265s] INFO:colcon.colcon_core.shell:Creating prefix chain script '/home/pi/ros_embedded/install/setup.sh'
[10.270s] INFO:colcon.colcon_core.shell:Creating prefix script '/home/pi/ros_embedded/install/local_setup.bash'
[10.273s] INFO:colcon.colcon_core.shell:Creating prefix chain script '/home/pi/ros_embedded/install/setup.bash'
[10.278s] INFO:colcon.colcon_core.shell:Creating prefix script '/home/pi/ros_embedded/install/local_setup.zsh'
[10.280s] INFO:colcon.colcon_core.shell:Creating prefix chain script '/home/pi/ros_embedded/install/setup.zsh'
