[4.041s] Invoking command in '/home/pi/ros_embedded/src/serial_rw': PYTHONPATH=/home/pi/ros_embedded/build/serial_rw/prefix_override:/home/pi/ros_embedded/install/serial_rw/lib/python3.10/site-packages:${PYTHONPATH} /usr/bin/python3 setup.py egg_info --egg-base ../../build/serial_rw build --build-base /home/pi/ros_embedded/build/serial_rw/build install --record /home/pi/ros_embedded/build/serial_rw/install.log --single-version-externally-managed
[5.191s] running egg_info
[5.195s] writing ../../build/serial_rw/serial_rw.egg-info/PKG-INFO
[5.196s] writing dependency_links to ../../build/serial_rw/serial_rw.egg-info/dependency_links.txt
[5.197s] writing entry points to ../../build/serial_rw/serial_rw.egg-info/entry_points.txt
[5.198s] writing requirements to ../../build/serial_rw/serial_rw.egg-info/requires.txt
[5.198s] writing top-level names to ../../build/serial_rw/serial_rw.egg-info/top_level.txt
[5.207s] reading manifest file '../../build/serial_rw/serial_rw.egg-info/SOURCES.txt'
[5.211s] writing manifest file '../../build/serial_rw/serial_rw.egg-info/SOURCES.txt'
[5.212s] running build
[5.212s] running build_py
[5.214s] copying serial_rw/serial_rw.py -> /home/pi/ros_embedded/build/serial_rw/build/lib/serial_rw
[5.214s] running install
[5.215s] /usr/lib/python3/dist-packages/setuptools/command/install.py:34: SetuptoolsDeprecationWarning: setup.py install is deprecated. Use build and pip and other standards-based tools.
[5.216s]   warnings.warn(
[5.218s] running install_lib
[5.221s] copying /home/pi/ros_embedded/build/serial_rw/build/lib/serial_rw/serial_rw.py -> /home/pi/ros_embedded/install/serial_rw/lib/python3.10/site-packages/serial_rw
[5.223s] byte-compiling /home/pi/ros_embedded/install/serial_rw/lib/python3.10/site-packages/serial_rw/serial_rw.py to serial_rw.cpython-310.pyc
[5.225s]   File "/home/pi/ros_embedded/install/serial_rw/lib/python3.10/site-packages/serial_rw/serial_rw.py", line 36
[5.225s]     publisher = node.create_publisher(String, node.get_namepace) + '/pico_readings', 10)
[5.226s]                                                                                        ^
[5.226s] SyntaxError: unmatched ')'
[5.226s] 
[5.227s] running install_data
[5.228s] running install_egg_info
[5.234s] removing '/home/pi/ros_embedded/install/serial_rw/lib/python3.10/site-packages/serial_rw-0.0.0-py3.10.egg-info' (and everything under it)
[5.237s] Copying ../../build/serial_rw/serial_rw.egg-info to /home/pi/ros_embedded/install/serial_rw/lib/python3.10/site-packages/serial_rw-0.0.0-py3.10.egg-info
[5.243s] running install_scripts
[5.331s] Installing rw script to /home/pi/ros_embedded/install/serial_rw/lib/serial_rw
[5.333s] writing list of installed files to '/home/pi/ros_embedded/build/serial_rw/install.log'
[5.495s] Invoked command in '/home/pi/ros_embedded/src/serial_rw' returned '0': PYTHONPATH=/home/pi/ros_embedded/build/serial_rw/prefix_override:/home/pi/ros_embedded/install/serial_rw/lib/python3.10/site-packages:${PYTHONPATH} /usr/bin/python3 setup.py egg_info --egg-base ../../build/serial_rw build --build-base /home/pi/ros_embedded/build/serial_rw/build install --record /home/pi/ros_embedded/build/serial_rw/install.log --single-version-externally-managed
