[3.908s] Invoking command in '/home/pi/ros_embedded/src/serial_rw': PYTHONPATH=/home/pi/ros_embedded/build/serial_rw/prefix_override:/home/pi/ros_embedded/install/serial_rw/lib/python3.10/site-packages:${PYTHONPATH} /usr/bin/python3 setup.py egg_info --egg-base ../../build/serial_rw build --build-base /home/pi/ros_embedded/build/serial_rw/build install --record /home/pi/ros_embedded/build/serial_rw/install.log --single-version-externally-managed
[5.029s] running egg_info
[5.032s] writing ../../build/serial_rw/serial_rw.egg-info/PKG-INFO
[5.033s] writing dependency_links to ../../build/serial_rw/serial_rw.egg-info/dependency_links.txt
[5.035s] writing entry points to ../../build/serial_rw/serial_rw.egg-info/entry_points.txt
[5.035s] writing requirements to ../../build/serial_rw/serial_rw.egg-info/requires.txt
[5.036s] writing top-level names to ../../build/serial_rw/serial_rw.egg-info/top_level.txt
[5.045s] reading manifest file '../../build/serial_rw/serial_rw.egg-info/SOURCES.txt'
[5.048s] writing manifest file '../../build/serial_rw/serial_rw.egg-info/SOURCES.txt'
[5.049s] running build
[5.050s] running build_py
[5.051s] running install
[5.052s] /usr/lib/python3/dist-packages/setuptools/command/install.py:34: SetuptoolsDeprecationWarning: setup.py install is deprecated. Use build and pip and other standards-based tools.
[5.052s]   warnings.warn(
[5.053s] running install_lib
[5.058s] running install_data
[5.061s] running install_egg_info
[5.068s] removing '/home/pi/ros_embedded/install/serial_rw/lib/python3.10/site-packages/serial_rw-0.0.0-py3.10.egg-info' (and everything under it)
[5.069s] Copying ../../build/serial_rw/serial_rw.egg-info to /home/pi/ros_embedded/install/serial_rw/lib/python3.10/site-packages/serial_rw-0.0.0-py3.10.egg-info
[5.076s] running install_scripts
[5.165s] Installing rw script to /home/pi/ros_embedded/install/serial_rw/lib/serial_rw
[5.169s] writing list of installed files to '/home/pi/ros_embedded/build/serial_rw/install.log'
[5.444s] Invoked command in '/home/pi/ros_embedded/src/serial_rw' returned '0': PYTHONPATH=/home/pi/ros_embedded/build/serial_rw/prefix_override:/home/pi/ros_embedded/install/serial_rw/lib/python3.10/site-packages:${PYTHONPATH} /usr/bin/python3 setup.py egg_info --egg-base ../../build/serial_rw build --build-base /home/pi/ros_embedded/build/serial_rw/build install --record /home/pi/ros_embedded/build/serial_rw/install.log --single-version-externally-managed
