[7.003s] Invoking command in '/home/pi/ros_embedded/src/database': PYTHONPATH=/home/pi/ros_embedded/build/database/prefix_override:/home/pi/ros_embedded/install/database/lib/python3.10/site-packages:${PYTHONPATH} /usr/bin/python3 setup.py egg_info --egg-base ../../build/database build --build-base /home/pi/ros_embedded/build/database/build install --record /home/pi/ros_embedded/build/database/install.log --single-version-externally-managed
[8.567s] running egg_info
[8.571s] writing ../../build/database/database.egg-info/PKG-INFO
[8.573s] writing dependency_links to ../../build/database/database.egg-info/dependency_links.txt
[8.575s] writing entry points to ../../build/database/database.egg-info/entry_points.txt
[8.576s] writing requirements to ../../build/database/database.egg-info/requires.txt
[8.577s] writing top-level names to ../../build/database/database.egg-info/top_level.txt
[8.588s] reading manifest file '../../build/database/database.egg-info/SOURCES.txt'
[8.592s] writing manifest file '../../build/database/database.egg-info/SOURCES.txt'
[8.593s] running build
[8.593s] running build_py
[8.595s] running install
[8.596s] /usr/lib/python3/dist-packages/setuptools/command/install.py:34: SetuptoolsDeprecationWarning: setup.py install is deprecated. Use build and pip and other standards-based tools.
[8.597s]   warnings.warn(
[8.597s] running install_lib
[8.604s] running install_data
[8.606s] running install_egg_info
[8.615s] removing '/home/pi/ros_embedded/install/database/lib/python3.10/site-packages/database-0.0.0-py3.10.egg-info' (and everything under it)
[8.617s] Copying ../../build/database/database.egg-info to /home/pi/ros_embedded/install/database/lib/python3.10/site-packages/database-0.0.0-py3.10.egg-info
[8.626s] running install_scripts
[8.787s] Installing database_updater script to /home/pi/ros_embedded/install/database/lib/database
[8.791s] writing list of installed files to '/home/pi/ros_embedded/build/database/install.log'
[9.216s] Invoked command in '/home/pi/ros_embedded/src/database' returned '0': PYTHONPATH=/home/pi/ros_embedded/build/database/prefix_override:/home/pi/ros_embedded/install/database/lib/python3.10/site-packages:${PYTHONPATH} /usr/bin/python3 setup.py egg_info --egg-base ../../build/database build --build-base /home/pi/ros_embedded/build/database/build install --record /home/pi/ros_embedded/build/database/install.log --single-version-externally-managed
