[8.384s] Invoking command in '/home/pi/ros_embedded/src/soil_monitor': PYTHONPATH=/home/pi/ros_embedded/build/soil_monitor/prefix_override:/home/pi/ros_embedded/install/soil_monitor/lib/python3.10/site-packages:${PYTHONPATH} /usr/bin/python3 setup.py egg_info --egg-base ../../build/soil_monitor build --build-base /home/pi/ros_embedded/build/soil_monitor/build install --record /home/pi/ros_embedded/build/soil_monitor/install.log --single-version-externally-managed
[9.994s] running egg_info
[10.000s] writing ../../build/soil_monitor/soil_monitor.egg-info/PKG-INFO
[10.002s] writing dependency_links to ../../build/soil_monitor/soil_monitor.egg-info/dependency_links.txt
[10.005s] writing entry points to ../../build/soil_monitor/soil_monitor.egg-info/entry_points.txt
[10.007s] writing requirements to ../../build/soil_monitor/soil_monitor.egg-info/requires.txt
[10.009s] writing top-level names to ../../build/soil_monitor/soil_monitor.egg-info/top_level.txt
[10.021s] reading manifest file '../../build/soil_monitor/soil_monitor.egg-info/SOURCES.txt'
[10.027s] writing manifest file '../../build/soil_monitor/soil_monitor.egg-info/SOURCES.txt'
[10.028s] running build
[10.029s] running build_py
[10.031s] running install
[10.032s] /usr/lib/python3/dist-packages/setuptools/command/install.py:34: SetuptoolsDeprecationWarning: setup.py install is deprecated. Use build and pip and other standards-based tools.
[10.033s]   warnings.warn(
[10.036s] running install_lib
[10.042s] running install_data
[10.046s] running install_egg_info
[10.065s] removing '/home/pi/ros_embedded/install/soil_monitor/lib/python3.10/site-packages/soil_monitor-0.0.0-py3.10.egg-info' (and everything under it)
[10.071s] Copying ../../build/soil_monitor/soil_monitor.egg-info to /home/pi/ros_embedded/install/soil_monitor/lib/python3.10/site-packages/soil_monitor-0.0.0-py3.10.egg-info
[10.088s] running install_scripts
[10.237s] Installing soil_monitor script to /home/pi/ros_embedded/install/soil_monitor/lib/soil_monitor
[10.238s] writing list of installed files to '/home/pi/ros_embedded/build/soil_monitor/install.log'
[10.352s] Invoked command in '/home/pi/ros_embedded/src/soil_monitor' returned '0': PYTHONPATH=/home/pi/ros_embedded/build/soil_monitor/prefix_override:/home/pi/ros_embedded/install/soil_monitor/lib/python3.10/site-packages:${PYTHONPATH} /usr/bin/python3 setup.py egg_info --egg-base ../../build/soil_monitor build --build-base /home/pi/ros_embedded/build/soil_monitor/build install --record /home/pi/ros_embedded/build/soil_monitor/install.log --single-version-externally-managed
