[5.522s] Invoking command in '/home/pi/ros_embedded/src/database': PYTHONPATH=/home/pi/ros_embedded/build/database/prefix_override:/home/pi/ros_embedded/install/database/lib/python3.10/site-packages:${PYTHONPATH} /usr/bin/python3 setup.py egg_info --egg-base ../../build/database build --build-base /home/pi/ros_embedded/build/database/build install --record /home/pi/ros_embedded/build/database/install.log --single-version-externally-managed
[6.868s] running egg_info
[6.875s] writing ../../build/database/database.egg-info/PKG-INFO
[6.876s] writing dependency_links to ../../build/database/database.egg-info/dependency_links.txt
[6.876s] writing entry points to ../../build/database/database.egg-info/entry_points.txt
[6.878s] writing requirements to ../../build/database/database.egg-info/requires.txt
[6.878s] writing top-level names to ../../build/database/database.egg-info/top_level.txt
[6.887s] reading manifest file '../../build/database/database.egg-info/SOURCES.txt'
[6.892s] writing manifest file '../../build/database/database.egg-info/SOURCES.txt'
[6.892s] running build
[6.893s] running build_py
[6.894s] copying database/database_updater.py -> /home/pi/ros_embedded/build/database/build/lib/database
[6.896s] running install
[6.896s] /usr/lib/python3/dist-packages/setuptools/command/install.py:34: SetuptoolsDeprecationWarning: setup.py install is deprecated. Use build and pip and other standards-based tools.
[6.897s]   warnings.warn(
[6.899s] running install_lib
[6.903s] copying /home/pi/ros_embedded/build/database/build/lib/database/database_updater.py -> /home/pi/ros_embedded/install/database/lib/python3.10/site-packages/database
[6.907s] byte-compiling /home/pi/ros_embedded/install/database/lib/python3.10/site-packages/database/database_updater.py to database_updater.cpython-310.pyc
[6.910s] running install_data
[6.913s] running install_egg_info
[6.923s] removing '/home/pi/ros_embedded/install/database/lib/python3.10/site-packages/database-0.0.0-py3.10.egg-info' (and everything under it)
[6.925s] Copying ../../build/database/database.egg-info to /home/pi/ros_embedded/install/database/lib/python3.10/site-packages/database-0.0.0-py3.10.egg-info
[6.935s] running install_scripts
[7.066s] Installing database_updater script to /home/pi/ros_embedded/install/database/lib/database
[7.071s] writing list of installed files to '/home/pi/ros_embedded/build/database/install.log'
[7.414s] Invoked command in '/home/pi/ros_embedded/src/database' returned '0': PYTHONPATH=/home/pi/ros_embedded/build/database/prefix_override:/home/pi/ros_embedded/install/database/lib/python3.10/site-packages:${PYTHONPATH} /usr/bin/python3 setup.py egg_info --egg-base ../../build/database build --build-base /home/pi/ros_embedded/build/database/build install --record /home/pi/ros_embedded/build/database/install.log --single-version-externally-managed
