[5.484s] Invoking command in '/home/pi/ros_embedded/src/database': PYTHONPATH=/home/pi/ros_embedded/build/database/prefix_override:/home/pi/ros_embedded/install/database/lib/python3.10/site-packages:${PYTHONPATH} /usr/bin/python3 setup.py egg_info --egg-base ../../build/database build --build-base /home/pi/ros_embedded/build/database/build install --record /home/pi/ros_embedded/build/database/install.log --single-version-externally-managed
[6.813s] running egg_info
[6.817s] writing ../../build/database/database.egg-info/PKG-INFO
[6.820s] writing dependency_links to ../../build/database/database.egg-info/dependency_links.txt
[6.822s] writing entry points to ../../build/database/database.egg-info/entry_points.txt
[6.822s] writing requirements to ../../build/database/database.egg-info/requires.txt
[6.824s] writing top-level names to ../../build/database/database.egg-info/top_level.txt
[6.830s] reading manifest file '../../build/database/database.egg-info/SOURCES.txt'
[6.834s] writing manifest file '../../build/database/database.egg-info/SOURCES.txt'
[6.835s] running build
[6.836s] running build_py
[6.838s] running install
[6.840s] /usr/lib/python3/dist-packages/setuptools/command/install.py:34: SetuptoolsDeprecationWarning: setup.py install is deprecated. Use build and pip and other standards-based tools.
[6.840s]   warnings.warn(
[6.842s] running install_lib
[6.847s] running install_data
[6.849s] running install_egg_info
[6.857s] removing '/home/pi/ros_embedded/install/database/lib/python3.10/site-packages/database-0.0.0-py3.10.egg-info' (and everything under it)
[6.859s] Copying ../../build/database/database.egg-info to /home/pi/ros_embedded/install/database/lib/python3.10/site-packages/database-0.0.0-py3.10.egg-info
[6.867s] running install_scripts
[6.981s] Installing database_updater script to /home/pi/ros_embedded/install/database/lib/database
[6.984s] writing list of installed files to '/home/pi/ros_embedded/build/database/install.log'
[7.293s] Invoked command in '/home/pi/ros_embedded/src/database' returned '0': PYTHONPATH=/home/pi/ros_embedded/build/database/prefix_override:/home/pi/ros_embedded/install/database/lib/python3.10/site-packages:${PYTHONPATH} /usr/bin/python3 setup.py egg_info --egg-base ../../build/database build --build-base /home/pi/ros_embedded/build/database/build install --record /home/pi/ros_embedded/build/database/install.log --single-version-externally-managed
