[6.981s] Invoking command in '/home/pi/ros_embedded/src/web_server': PYTHONPATH=/home/pi/ros_embedded/build/web_server/prefix_override:/home/pi/ros_embedded/install/web_server/lib/python3.10/site-packages:${PYTHONPATH} /usr/bin/python3 setup.py egg_info --egg-base ../../build/web_server build --build-base /home/pi/ros_embedded/build/web_server/build install --record /home/pi/ros_embedded/build/web_server/install.log --single-version-externally-managed
[8.595s] running egg_info
[8.601s] writing ../../build/web_server/web_server.egg-info/PKG-INFO
[8.604s] writing dependency_links to ../../build/web_server/web_server.egg-info/dependency_links.txt
[8.607s] writing entry points to ../../build/web_server/web_server.egg-info/entry_points.txt
[8.609s] writing requirements to ../../build/web_server/web_server.egg-info/requires.txt
[8.612s] writing top-level names to ../../build/web_server/web_server.egg-info/top_level.txt
[8.624s] reading manifest file '../../build/web_server/web_server.egg-info/SOURCES.txt'
[8.631s] writing manifest file '../../build/web_server/web_server.egg-info/SOURCES.txt'
[8.637s] running build
[8.639s] running build_py
[8.645s] running install
[8.654s] /usr/lib/python3/dist-packages/setuptools/command/install.py:34: SetuptoolsDeprecationWarning: setup.py install is deprecated. Use build and pip and other standards-based tools.
[8.657s]   warnings.warn(
[8.664s] running install_lib
[8.692s] running install_data
[8.703s] running install_egg_info
[8.729s] removing '/home/pi/ros_embedded/install/web_server/lib/python3.10/site-packages/web_server-0.0.0-py3.10.egg-info' (and everything under it)
[8.740s] Copying ../../build/web_server/web_server.egg-info to /home/pi/ros_embedded/install/web_server/lib/python3.10/site-packages/web_server-0.0.0-py3.10.egg-info
[8.772s] running install_scripts
[8.972s] Installing web_server script to /home/pi/ros_embedded/install/web_server/lib/web_server
[8.975s] writing list of installed files to '/home/pi/ros_embedded/build/web_server/install.log'
[9.158s] Invoked command in '/home/pi/ros_embedded/src/web_server' returned '0': PYTHONPATH=/home/pi/ros_embedded/build/web_server/prefix_override:/home/pi/ros_embedded/install/web_server/lib/python3.10/site-packages:${PYTHONPATH} /usr/bin/python3 setup.py egg_info --egg-base ../../build/web_server build --build-base /home/pi/ros_embedded/build/web_server/build install --record /home/pi/ros_embedded/build/web_server/install.log --single-version-externally-managed
