[7.018s] Invoking command in '/home/pi/ros_embedded/src/web_server': PYTHONPATH=/home/pi/ros_embedded/build/web_server/prefix_override:/home/pi/ros_embedded/install/web_server/lib/python3.10/site-packages:${PYTHONPATH} /usr/bin/python3 setup.py egg_info --egg-base ../../build/web_server build --build-base /home/pi/ros_embedded/build/web_server/build install --record /home/pi/ros_embedded/build/web_server/install.log --single-version-externally-managed
[8.636s] running egg_info
[8.643s] writing ../../build/web_server/web_server.egg-info/PKG-INFO
[8.646s] writing dependency_links to ../../build/web_server/web_server.egg-info/dependency_links.txt
[8.648s] writing entry points to ../../build/web_server/web_server.egg-info/entry_points.txt
[8.651s] writing requirements to ../../build/web_server/web_server.egg-info/requires.txt
[8.653s] writing top-level names to ../../build/web_server/web_server.egg-info/top_level.txt
[8.665s] reading manifest file '../../build/web_server/web_server.egg-info/SOURCES.txt'
[8.669s] writing manifest file '../../build/web_server/web_server.egg-info/SOURCES.txt'
[8.669s] running build
[8.670s] running build_py
[8.671s] running install
[8.672s] /usr/lib/python3/dist-packages/setuptools/command/install.py:34: SetuptoolsDeprecationWarning: setup.py install is deprecated. Use build and pip and other standards-based tools.
[8.674s]   warnings.warn(
[8.675s] running install_lib
[8.683s] running install_data
[8.686s] running install_egg_info
[8.705s] removing '/home/pi/ros_embedded/install/web_server/lib/python3.10/site-packages/web_server-0.0.0-py3.10.egg-info' (and everything under it)
[8.712s] Copying ../../build/web_server/web_server.egg-info to /home/pi/ros_embedded/install/web_server/lib/python3.10/site-packages/web_server-0.0.0-py3.10.egg-info
[8.732s] running install_scripts
[8.976s] Installing web_server script to /home/pi/ros_embedded/install/web_server/lib/web_server
[8.991s] writing list of installed files to '/home/pi/ros_embedded/build/web_server/install.log'
[9.203s] Invoked command in '/home/pi/ros_embedded/src/web_server' returned '0': PYTHONPATH=/home/pi/ros_embedded/build/web_server/prefix_override:/home/pi/ros_embedded/install/web_server/lib/python3.10/site-packages:${PYTHONPATH} /usr/bin/python3 setup.py egg_info --egg-base ../../build/web_server build --build-base /home/pi/ros_embedded/build/web_server/build install --record /home/pi/ros_embedded/build/web_server/install.log --single-version-externally-managed
