[7.010s] Invoking command in '/home/pi/ros_embedded/src/serial_rw': PYTHONPATH=/home/pi/ros_embedded/build/serial_rw/prefix_override:/home/pi/ros_embedded/install/serial_rw/lib/python3.10/site-packages:${PYTHONPATH} /usr/bin/python3 setup.py egg_info --egg-base ../../build/serial_rw build --build-base /home/pi/ros_embedded/build/serial_rw/build install --record /home/pi/ros_embedded/build/serial_rw/install.log --single-version-externally-managed
[8.593s] running egg_info
[8.599s] writing ../../build/serial_rw/serial_rw.egg-info/PKG-INFO
[8.600s] writing dependency_links to ../../build/serial_rw/serial_rw.egg-info/dependency_links.txt
[8.601s] writing entry points to ../../build/serial_rw/serial_rw.egg-info/entry_points.txt
[8.603s] writing requirements to ../../build/serial_rw/serial_rw.egg-info/requires.txt
[8.605s] writing top-level names to ../../build/serial_rw/serial_rw.egg-info/top_level.txt
[8.617s] reading manifest file '../../build/serial_rw/serial_rw.egg-info/SOURCES.txt'
[8.621s] writing manifest file '../../build/serial_rw/serial_rw.egg-info/SOURCES.txt'
[8.626s] running build
[8.626s] running build_py
[8.633s] running install
[8.637s] running install_lib
[8.638s] /usr/lib/python3/dist-packages/setuptools/command/install.py:34: SetuptoolsDeprecationWarning: setup.py install is deprecated. Use build and pip and other standards-based tools.
[8.638s]   warnings.warn(
[8.639s] running install_data
[8.639s] running install_egg_info
[8.645s] removing '/home/pi/ros_embedded/install/serial_rw/lib/python3.10/site-packages/serial_rw-0.0.0-py3.10.egg-info' (and everything under it)
[8.648s] Copying ../../build/serial_rw/serial_rw.egg-info to /home/pi/ros_embedded/install/serial_rw/lib/python3.10/site-packages/serial_rw-0.0.0-py3.10.egg-info
[8.658s] running install_scripts
[8.818s] Installing rw script to /home/pi/ros_embedded/install/serial_rw/lib/serial_rw
[8.823s] writing list of installed files to '/home/pi/ros_embedded/build/serial_rw/install.log'
[9.256s] Invoked command in '/home/pi/ros_embedded/src/serial_rw' returned '0': PYTHONPATH=/home/pi/ros_embedded/build/serial_rw/prefix_override:/home/pi/ros_embedded/install/serial_rw/lib/python3.10/site-packages:${PYTHONPATH} /usr/bin/python3 setup.py egg_info --egg-base ../../build/serial_rw build --build-base /home/pi/ros_embedded/build/serial_rw/build install --record /home/pi/ros_embedded/build/serial_rw/install.log --single-version-externally-managed
