[1.337s] DEBUG:colcon:Command line arguments: ['/usr/bin/colcon', 'build', '--packages-select', 'serial_rw']
[1.337s] DEBUG:colcon:Parsed command line arguments: Namespace(log_base=None, log_level=None, verb_name='build', build_base='build', install_base='install', merge_install=False, symlink_install=False, test_result_base=None, continue_on_error=False, executor='parallel', parallel_workers=4, event_handlers=None, ignore_user_meta=False, metas=['./colcon.meta'], base_paths=['.'], packages_ignore=None, packages_ignore_regex=None, paths=None, packages_up_to=None, packages_up_to_regex=None, packages_above=None, packages_above_and_dependencies=None, packages_above_depth=None, packages_select_by_dep=None, packages_skip_by_dep=None, packages_skip_up_to=None, packages_select_build_failed=False, packages_skip_build_finished=False, packages_select_test_failures=False, packages_skip_test_passed=False, packages_select=['serial_rw'], packages_skip=None, packages_select_regex=None, packages_skip_regex=None, packages_start=None, packages_end=None, allow_overriding=[], cmake_args=None, cmake_target=None, cmake_target_skip_unavailable=False, cmake_clean_cache=False, cmake_clean_first=False, cmake_force_configure=False, ament_cmake_args=None, catkin_cmake_args=None, catkin_skip_building_tests=False, verb_parser=<colcon_defaults.argument_parser.defaults.DefaultArgumentsDecorator object at 0xffffb72b6e30>, verb_extension=<colcon_core.verb.build.BuildVerb object at 0xffffb7b60e80>, main=<bound method BuildVerb.main of <colcon_core.verb.build.BuildVerb object at 0xffffb7b60e80>>)
[1.466s] Level 1:colcon.colcon_core.package_discovery:discover_packages(colcon_meta) check parameters
[1.467s] Level 1:colcon.colcon_core.package_discovery:discover_packages(recursive) check parameters
[1.475s] Level 1:colcon.colcon_core.package_discovery:discover_packages(ignore) check parameters
[1.475s] Level 1:colcon.colcon_core.package_discovery:discover_packages(path) check parameters
[1.476s] Level 1:colcon.colcon_core.package_discovery:discover_packages(colcon_meta) discover
[1.476s] Level 1:colcon.colcon_core.package_discovery:discover_packages(recursive) discover
[1.476s] INFO:colcon.colcon_core.package_discovery:Crawling recursively for packages in '/home/pi/ros_embedded'
[1.476s] Level 1:colcon.colcon_core.package_identification:_identify(.) by extensions ['ignore', 'ignore_ament_install']
[1.477s] Level 1:colcon.colcon_core.package_identification:_identify(.) by extension 'ignore'
[1.478s] Level 1:colcon.colcon_core.package_identification:_identify(.) by extension 'ignore_ament_install'
[1.478s] Level 1:colcon.colcon_core.package_identification:_identify(.) by extensions ['colcon_pkg']
[1.478s] Level 1:colcon.colcon_core.package_identification:_identify(.) by extension 'colcon_pkg'
[1.479s] Level 1:colcon.colcon_core.package_identification:_identify(.) by extensions ['colcon_meta']
[1.479s] Level 1:colcon.colcon_core.package_identification:_identify(.) by extension 'colcon_meta'
[1.479s] Level 1:colcon.colcon_core.package_identification:_identify(.) by extensions ['ros']
[1.479s] Level 1:colcon.colcon_core.package_identification:_identify(.) by extension 'ros'
[1.530s] Level 1:colcon.colcon_core.package_identification:_identify(.) by extensions ['cmake', 'python']
[1.530s] Level 1:colcon.colcon_core.package_identification:_identify(.) by extension 'cmake'
[1.530s] Level 1:colcon.colcon_core.package_identification:_identify(.) by extension 'python'
[1.531s] Level 1:colcon.colcon_core.package_identification:_identify(.) by extensions ['python_setup_py']
[1.531s] Level 1:colcon.colcon_core.package_identification:_identify(.) by extension 'python_setup_py'
[1.531s] Level 1:colcon.colcon_core.package_identification:_identify(build) by extensions ['ignore', 'ignore_ament_install']
[1.532s] Level 1:colcon.colcon_core.package_identification:_identify(build) by extension 'ignore'
[1.532s] Level 1:colcon.colcon_core.package_identification:_identify(build) ignored
[1.532s] Level 1:colcon.colcon_core.package_identification:_identify(install) by extensions ['ignore', 'ignore_ament_install']
[1.533s] Level 1:colcon.colcon_core.package_identification:_identify(install) by extension 'ignore'
[1.533s] Level 1:colcon.colcon_core.package_identification:_identify(install) ignored
[1.533s] Level 1:colcon.colcon_core.package_identification:_identify(log) by extensions ['ignore', 'ignore_ament_install']
[1.534s] Level 1:colcon.colcon_core.package_identification:_identify(log) by extension 'ignore'
[1.534s] Level 1:colcon.colcon_core.package_identification:_identify(log) ignored
[1.534s] Level 1:colcon.colcon_core.package_identification:_identify(src) by extensions ['ignore', 'ignore_ament_install']
[1.534s] Level 1:colcon.colcon_core.package_identification:_identify(src) by extension 'ignore'
[1.534s] Level 1:colcon.colcon_core.package_identification:_identify(src) by extension 'ignore_ament_install'
[1.535s] Level 1:colcon.colcon_core.package_identification:_identify(src) by extensions ['colcon_pkg']
[1.535s] Level 1:colcon.colcon_core.package_identification:_identify(src) by extension 'colcon_pkg'
[1.535s] Level 1:colcon.colcon_core.package_identification:_identify(src) by extensions ['colcon_meta']
[1.535s] Level 1:colcon.colcon_core.package_identification:_identify(src) by extension 'colcon_meta'
[1.535s] Level 1:colcon.colcon_core.package_identification:_identify(src) by extensions ['ros']
[1.535s] Level 1:colcon.colcon_core.package_identification:_identify(src) by extension 'ros'
[1.536s] Level 1:colcon.colcon_core.package_identification:_identify(src) by extensions ['cmake', 'python']
[1.536s] Level 1:colcon.colcon_core.package_identification:_identify(src) by extension 'cmake'
[1.536s] Level 1:colcon.colcon_core.package_identification:_identify(src) by extension 'python'
[1.536s] Level 1:colcon.colcon_core.package_identification:_identify(src) by extensions ['python_setup_py']
[1.536s] Level 1:colcon.colcon_core.package_identification:_identify(src) by extension 'python_setup_py'
[1.537s] Level 1:colcon.colcon_core.package_identification:_identify(src/embedded) by extensions ['ignore', 'ignore_ament_install']
[1.537s] Level 1:colcon.colcon_core.package_identification:_identify(src/embedded) by extension 'ignore'
[1.537s] Level 1:colcon.colcon_core.package_identification:_identify(src/embedded) by extension 'ignore_ament_install'
[1.537s] Level 1:colcon.colcon_core.package_identification:_identify(src/embedded) by extensions ['colcon_pkg']
[1.537s] Level 1:colcon.colcon_core.package_identification:_identify(src/embedded) by extension 'colcon_pkg'
[1.537s] Level 1:colcon.colcon_core.package_identification:_identify(src/embedded) by extensions ['colcon_meta']
[1.538s] Level 1:colcon.colcon_core.package_identification:_identify(src/embedded) by extension 'colcon_meta'
[1.538s] Level 1:colcon.colcon_core.package_identification:_identify(src/embedded) by extensions ['ros']
[1.538s] Level 1:colcon.colcon_core.package_identification:_identify(src/embedded) by extension 'ros'
[1.546s] DEBUG:colcon.colcon_core.package_identification:Package 'src/embedded' with type 'ros.ament_python' and name 'embedded'
[1.547s] Level 1:colcon.colcon_core.package_identification:_identify(src/pico_read_write) by extensions ['ignore', 'ignore_ament_install']
[1.547s] Level 1:colcon.colcon_core.package_identification:_identify(src/pico_read_write) by extension 'ignore'
[1.547s] Level 1:colcon.colcon_core.package_identification:_identify(src/pico_read_write) by extension 'ignore_ament_install'
[1.548s] Level 1:colcon.colcon_core.package_identification:_identify(src/pico_read_write) by extensions ['colcon_pkg']
[1.548s] Level 1:colcon.colcon_core.package_identification:_identify(src/pico_read_write) by extension 'colcon_pkg'
[1.548s] Level 1:colcon.colcon_core.package_identification:_identify(src/pico_read_write) by extensions ['colcon_meta']
[1.548s] Level 1:colcon.colcon_core.package_identification:_identify(src/pico_read_write) by extension 'colcon_meta'
[1.548s] Level 1:colcon.colcon_core.package_identification:_identify(src/pico_read_write) by extensions ['ros']
[1.548s] Level 1:colcon.colcon_core.package_identification:_identify(src/pico_read_write) by extension 'ros'
[1.550s] DEBUG:colcon.colcon_core.package_identification:Package 'src/pico_read_write' with type 'ros.ament_python' and name 'pico_read_write'
[1.551s] Level 1:colcon.colcon_core.package_identification:_identify(src/py_pubsub) by extensions ['ignore', 'ignore_ament_install']
[1.551s] Level 1:colcon.colcon_core.package_identification:_identify(src/py_pubsub) by extension 'ignore'
[1.551s] Level 1:colcon.colcon_core.package_identification:_identify(src/py_pubsub) by extension 'ignore_ament_install'
[1.552s] Level 1:colcon.colcon_core.package_identification:_identify(src/py_pubsub) by extensions ['colcon_pkg']
[1.552s] Level 1:colcon.colcon_core.package_identification:_identify(src/py_pubsub) by extension 'colcon_pkg'
[1.552s] Level 1:colcon.colcon_core.package_identification:_identify(src/py_pubsub) by extensions ['colcon_meta']
[1.552s] Level 1:colcon.colcon_core.package_identification:_identify(src/py_pubsub) by extension 'colcon_meta'
[1.552s] Level 1:colcon.colcon_core.package_identification:_identify(src/py_pubsub) by extensions ['ros']
[1.552s] Level 1:colcon.colcon_core.package_identification:_identify(src/py_pubsub) by extension 'ros'
[1.554s] DEBUG:colcon.colcon_core.package_identification:Package 'src/py_pubsub' with type 'ros.ament_python' and name 'py_pubsub'
[1.555s] Level 1:colcon.colcon_core.package_identification:_identify(src/serial_rw) by extensions ['ignore', 'ignore_ament_install']
[1.555s] Level 1:colcon.colcon_core.package_identification:_identify(src/serial_rw) by extension 'ignore'
[1.555s] Level 1:colcon.colcon_core.package_identification:_identify(src/serial_rw) by extension 'ignore_ament_install'
[1.555s] Level 1:colcon.colcon_core.package_identification:_identify(src/serial_rw) by extensions ['colcon_pkg']
[1.556s] Level 1:colcon.colcon_core.package_identification:_identify(src/serial_rw) by extension 'colcon_pkg'
[1.556s] Level 1:colcon.colcon_core.package_identification:_identify(src/serial_rw) by extensions ['colcon_meta']
[1.556s] Level 1:colcon.colcon_core.package_identification:_identify(src/serial_rw) by extension 'colcon_meta'
[1.556s] Level 1:colcon.colcon_core.package_identification:_identify(src/serial_rw) by extensions ['ros']
[1.556s] Level 1:colcon.colcon_core.package_identification:_identify(src/serial_rw) by extension 'ros'
[1.558s] DEBUG:colcon.colcon_core.package_identification:Package 'src/serial_rw' with type 'ros.ament_python' and name 'serial_rw'
[1.558s] Level 1:colcon.colcon_core.package_discovery:discover_packages(recursive) using defaults
[1.559s] Level 1:colcon.colcon_core.package_discovery:discover_packages(ignore) discover
[1.559s] Level 1:colcon.colcon_core.package_discovery:discover_packages(ignore) using defaults
[1.559s] Level 1:colcon.colcon_core.package_discovery:discover_packages(path) discover
[1.559s] Level 1:colcon.colcon_core.package_discovery:discover_packages(path) using defaults
[1.647s] INFO:colcon.colcon_core.package_selection:Skipping not selected package 'embedded' in 'src/embedded'
[1.648s] INFO:colcon.colcon_core.package_selection:Skipping not selected package 'pico_read_write' in 'src/pico_read_write'
[1.648s] INFO:colcon.colcon_core.package_selection:Skipping not selected package 'py_pubsub' in 'src/py_pubsub'
[1.651s] Level 1:colcon.colcon_core.package_discovery:discover_packages(prefix_path) check parameters
[1.651s] Level 1:colcon.colcon_core.package_discovery:discover_packages(prefix_path) discover
[1.668s] DEBUG:colcon.colcon_installed_package_information.package_discovery:Found 270 installed packages in /opt/ros/humble
[1.674s] Level 1:colcon.colcon_core.package_discovery:discover_packages(prefix_path) using defaults
[1.922s] Level 5:colcon.colcon_core.verb:set package 'serial_rw' build argument 'cmake_args' from command line to 'None'
[1.923s] Level 5:colcon.colcon_core.verb:set package 'serial_rw' build argument 'cmake_target' from command line to 'None'
[1.923s] Level 5:colcon.colcon_core.verb:set package 'serial_rw' build argument 'cmake_target_skip_unavailable' from command line to 'False'
[1.923s] Level 5:colcon.colcon_core.verb:set package 'serial_rw' build argument 'cmake_clean_cache' from command line to 'False'
[1.923s] Level 5:colcon.colcon_core.verb:set package 'serial_rw' build argument 'cmake_clean_first' from command line to 'False'
[1.923s] Level 5:colcon.colcon_core.verb:set package 'serial_rw' build argument 'cmake_force_configure' from command line to 'False'
[1.923s] Level 5:colcon.colcon_core.verb:set package 'serial_rw' build argument 'ament_cmake_args' from command line to 'None'
[1.923s] Level 5:colcon.colcon_core.verb:set package 'serial_rw' build argument 'catkin_cmake_args' from command line to 'None'
[1.923s] Level 5:colcon.colcon_core.verb:set package 'serial_rw' build argument 'catkin_skip_building_tests' from command line to 'False'
[1.924s] DEBUG:colcon.colcon_core.verb:Building package 'serial_rw' with the following arguments: {'ament_cmake_args': None, 'build_base': '/home/pi/ros_embedded/build/serial_rw', 'catkin_cmake_args': None, 'catkin_skip_building_tests': False, 'cmake_args': None, 'cmake_clean_cache': False, 'cmake_clean_first': False, 'cmake_force_configure': False, 'cmake_target': None, 'cmake_target_skip_unavailable': False, 'install_base': '/home/pi/ros_embedded/install/serial_rw', 'merge_install': False, 'path': '/home/pi/ros_embedded/src/serial_rw', 'symlink_install': False, 'test_result_base': None}
[1.926s] INFO:colcon.colcon_core.executor:Executing jobs using 'parallel' executor
[1.938s] DEBUG:colcon.colcon_parallel_executor.executor.parallel:run_until_complete
[1.939s] INFO:colcon.colcon_ros.task.ament_python.build:Building ROS package in '/home/pi/ros_embedded/src/serial_rw' with build type 'ament_python'
[1.940s] Level 1:colcon.colcon_core.shell:create_environment_hook('serial_rw', 'ament_prefix_path')
[1.958s] INFO:colcon.colcon_core.plugin_system:Skipping extension 'colcon_core.shell.bat': Not used on non-Windows systems
[1.958s] INFO:colcon.colcon_core.shell:Creating environment hook '/home/pi/ros_embedded/install/serial_rw/share/serial_rw/hook/ament_prefix_path.ps1'
[1.961s] INFO:colcon.colcon_core.shell:Creating environment descriptor '/home/pi/ros_embedded/install/serial_rw/share/serial_rw/hook/ament_prefix_path.dsv'
[1.963s] INFO:colcon.colcon_core.shell:Creating environment hook '/home/pi/ros_embedded/install/serial_rw/share/serial_rw/hook/ament_prefix_path.sh'
[1.970s] INFO:colcon.colcon_core.shell:Skip shell extension 'powershell' for command environment: Not usable outside of PowerShell
[1.970s] DEBUG:colcon.colcon_core.shell:Skip shell extension 'dsv' for command environment
[3.069s] INFO:colcon.colcon_core.task.python.build:Building Python package in '/home/pi/ros_embedded/src/serial_rw'
[3.075s] INFO:colcon.colcon_core.shell:Skip shell extension 'powershell' for command environment: Not usable outside of PowerShell
[3.075s] DEBUG:colcon.colcon_core.shell:Skip shell extension 'dsv' for command environment
[4.460s] DEBUG:colcon.colcon_core.event_handler.log_command:Invoking command in '/home/pi/ros_embedded/src/serial_rw': PYTHONPATH=/home/pi/ros_embedded/build/serial_rw/prefix_override:/home/pi/ros_embedded/install/serial_rw/lib/python3.10/site-packages:${PYTHONPATH} /usr/bin/python3 setup.py egg_info --egg-base ../../build/serial_rw build --build-base /home/pi/ros_embedded/build/serial_rw/build install --record /home/pi/ros_embedded/build/serial_rw/install.log --single-version-externally-managed
[5.686s] DEBUG:colcon.colcon_core.event_handler.log_command:Invoked command in '/home/pi/ros_embedded/src/serial_rw' returned '0': PYTHONPATH=/home/pi/ros_embedded/build/serial_rw/prefix_override:/home/pi/ros_embedded/install/serial_rw/lib/python3.10/site-packages:${PYTHONPATH} /usr/bin/python3 setup.py egg_info --egg-base ../../build/serial_rw build --build-base /home/pi/ros_embedded/build/serial_rw/build install --record /home/pi/ros_embedded/build/serial_rw/install.log --single-version-externally-managed
[5.705s] Level 1:colcon.colcon_core.environment:checking '/home/pi/ros_embedded/install/serial_rw' for CMake module files
[5.707s] Level 1:colcon.colcon_core.environment:checking '/home/pi/ros_embedded/install/serial_rw' for CMake config files
[5.711s] Level 1:colcon.colcon_core.environment:checking '/home/pi/ros_embedded/install/serial_rw/lib'
[5.711s] Level 1:colcon.colcon_core.environment:checking '/home/pi/ros_embedded/install/serial_rw/bin'
[5.712s] Level 1:colcon.colcon_core.environment:checking '/home/pi/ros_embedded/install/serial_rw/lib/pkgconfig/serial_rw.pc'
[5.713s] Level 1:colcon.colcon_core.environment:checking '/home/pi/ros_embedded/install/serial_rw/lib/python3.10/site-packages'
[5.713s] Level 1:colcon.colcon_core.shell:create_environment_hook('serial_rw', 'pythonpath')
[5.718s] INFO:colcon.colcon_core.shell:Creating environment hook '/home/pi/ros_embedded/install/serial_rw/share/serial_rw/hook/pythonpath.ps1'
[5.719s] INFO:colcon.colcon_core.shell:Creating environment descriptor '/home/pi/ros_embedded/install/serial_rw/share/serial_rw/hook/pythonpath.dsv'
[5.721s] INFO:colcon.colcon_core.shell:Creating environment hook '/home/pi/ros_embedded/install/serial_rw/share/serial_rw/hook/pythonpath.sh'
[5.723s] Level 1:colcon.colcon_core.environment:checking '/home/pi/ros_embedded/install/serial_rw/bin'
[5.724s] Level 1:colcon.colcon_core.environment:create_environment_scripts_only(serial_rw)
[5.729s] INFO:colcon.colcon_core.shell:Creating package script '/home/pi/ros_embedded/install/serial_rw/share/serial_rw/package.ps1'
[5.732s] INFO:colcon.colcon_core.shell:Creating package descriptor '/home/pi/ros_embedded/install/serial_rw/share/serial_rw/package.dsv'
[5.735s] INFO:colcon.colcon_core.shell:Creating package script '/home/pi/ros_embedded/install/serial_rw/share/serial_rw/package.sh'
[5.738s] INFO:colcon.colcon_core.shell:Creating package script '/home/pi/ros_embedded/install/serial_rw/share/serial_rw/package.bash'
[5.741s] INFO:colcon.colcon_core.shell:Creating package script '/home/pi/ros_embedded/install/serial_rw/share/serial_rw/package.zsh'
[5.744s] Level 1:colcon.colcon_core.environment:create_file_with_runtime_dependencies(/home/pi/ros_embedded/install/serial_rw/share/colcon-core/packages/serial_rw)
[5.745s] DEBUG:colcon.colcon_parallel_executor.executor.parallel:closing loop
[5.746s] DEBUG:colcon.colcon_parallel_executor.executor.parallel:loop closed
[5.747s] DEBUG:colcon.colcon_parallel_executor.executor.parallel:run_until_complete finished with '0'
[5.747s] DEBUG:colcon.colcon_core.event_reactor:joining thread
[5.768s] INFO:colcon.colcon_core.plugin_system:Skipping extension 'colcon_notification.desktop_notification.terminal_notifier': Not used on non-Darwin systems
[5.768s] INFO:colcon.colcon_core.plugin_system:Skipping extension 'colcon_notification.desktop_notification.win32': Not used on non-Windows systems
[5.768s] INFO:colcon.colcon_notification.desktop_notification:Sending desktop notification using 'notify2'
[5.773s] DEBUG:colcon.colcon_notification.desktop_notification.notify2:Failed to initialize notify2: org.freedesktop.DBus.Error.ServiceUnknown: The name org.freedesktop.Notifications was not provided by any .service files
[5.773s] DEBUG:colcon.colcon_core.event_reactor:joined thread
[5.778s] INFO:colcon.colcon_core.shell:Creating prefix script '/home/pi/ros_embedded/install/local_setup.ps1'
[5.782s] INFO:colcon.colcon_core.shell:Creating prefix util module '/home/pi/ros_embedded/install/_local_setup_util_ps1.py'
[5.788s] INFO:colcon.colcon_core.shell:Creating prefix chain script '/home/pi/ros_embedded/install/setup.ps1'
[5.794s] INFO:colcon.colcon_core.shell:Creating prefix script '/home/pi/ros_embedded/install/local_setup.sh'
[5.797s] INFO:colcon.colcon_core.shell:Creating prefix util module '/home/pi/ros_embedded/install/_local_setup_util_sh.py'
[5.799s] INFO:colcon.colcon_core.shell:Creating prefix chain script '/home/pi/ros_embedded/install/setup.sh'
[5.805s] INFO:colcon.colcon_core.shell:Creating prefix script '/home/pi/ros_embedded/install/local_setup.bash'
[5.807s] INFO:colcon.colcon_core.shell:Creating prefix chain script '/home/pi/ros_embedded/install/setup.bash'
[5.812s] INFO:colcon.colcon_core.shell:Creating prefix script '/home/pi/ros_embedded/install/local_setup.zsh'
[5.814s] INFO:colcon.colcon_core.shell:Creating prefix chain script '/home/pi/ros_embedded/install/setup.zsh'
