[3.921s] Invoking command in '/home/pi/ros_embedded/src/serial_rw': PYTHONPATH=/home/pi/ros_embedded/build/serial_rw/prefix_override:/home/pi/ros_embedded/install/serial_rw/lib/python3.10/site-packages:${PYTHONPATH} /usr/bin/python3 setup.py egg_info --egg-base ../../build/serial_rw build --build-base /home/pi/ros_embedded/build/serial_rw/build install --record /home/pi/ros_embedded/build/serial_rw/install.log --single-version-externally-managed
[5.068s] running egg_info
[5.072s] writing ../../build/serial_rw/serial_rw.egg-info/PKG-INFO
[5.073s] writing dependency_links to ../../build/serial_rw/serial_rw.egg-info/dependency_links.txt
[5.074s] writing entry points to ../../build/serial_rw/serial_rw.egg-info/entry_points.txt
[5.075s] writing requirements to ../../build/serial_rw/serial_rw.egg-info/requires.txt
[5.076s] writing top-level names to ../../build/serial_rw/serial_rw.egg-info/top_level.txt
[5.085s] reading manifest file '../../build/serial_rw/serial_rw.egg-info/SOURCES.txt'
[5.089s] writing manifest file '../../build/serial_rw/serial_rw.egg-info/SOURCES.txt'
[5.090s] running build
[5.090s] running build_py
[5.091s] copying serial_rw/serial_rw.py -> /home/pi/ros_embedded/build/serial_rw/build/lib/serial_rw
[5.094s] running install
[5.094s] /usr/lib/python3/dist-packages/setuptools/command/install.py:34: SetuptoolsDeprecationWarning: setup.py install is deprecated. Use build and pip and other standards-based tools.
[5.095s]   warnings.warn(
[5.096s] running install_lib
[5.098s] copying /home/pi/ros_embedded/build/serial_rw/build/lib/serial_rw/serial_rw.py -> /home/pi/ros_embedded/install/serial_rw/lib/python3.10/site-packages/serial_rw
[5.101s] byte-compiling /home/pi/ros_embedded/install/serial_rw/lib/python3.10/site-packages/serial_rw/serial_rw.py to serial_rw.cpython-310.pyc
[5.103s]   File "/home/pi/ros_embedded/install/serial_rw/lib/python3.10/site-packages/serial_rw/serial_rw.py", line 21
[5.103s]     print('reading: "%s"' % line.stdout.decode('UTF8').strip().split('/n')
[5.104s]          ^
[5.104s] SyntaxError: '(' was never closed
[5.105s] 
[5.105s] running install_data
[5.106s] running install_egg_info
[5.113s] removing '/home/pi/ros_embedded/install/serial_rw/lib/python3.10/site-packages/serial_rw-0.0.0-py3.10.egg-info' (and everything under it)
[5.115s] Copying ../../build/serial_rw/serial_rw.egg-info to /home/pi/ros_embedded/install/serial_rw/lib/python3.10/site-packages/serial_rw-0.0.0-py3.10.egg-info
[5.120s] running install_scripts
[5.208s] Installing rw script to /home/pi/ros_embedded/install/serial_rw/lib/serial_rw
[5.212s] writing list of installed files to '/home/pi/ros_embedded/build/serial_rw/install.log'
[5.468s] Invoked command in '/home/pi/ros_embedded/src/serial_rw' returned '0': PYTHONPATH=/home/pi/ros_embedded/build/serial_rw/prefix_override:/home/pi/ros_embedded/install/serial_rw/lib/python3.10/site-packages:${PYTHONPATH} /usr/bin/python3 setup.py egg_info --egg-base ../../build/serial_rw build --build-base /home/pi/ros_embedded/build/serial_rw/build install --record /home/pi/ros_embedded/build/serial_rw/install.log --single-version-externally-managed
