running egg_info
writing ../../build/pico_read_write/pico_read_write.egg-info/PKG-INFO
writing dependency_links to ../../build/pico_read_write/pico_read_write.egg-info/dependency_links.txt
writing entry points to ../../build/pico_read_write/pico_read_write.egg-info/entry_points.txt
writing requirements to ../../build/pico_read_write/pico_read_write.egg-info/requires.txt
writing top-level names to ../../build/pico_read_write/pico_read_write.egg-info/top_level.txt
reading manifest file '../../build/pico_read_write/pico_read_write.egg-info/SOURCES.txt'
writing manifest file '../../build/pico_read_write/pico_read_write.egg-info/SOURCES.txt'
running build
running build_py
copying pico_read_write/serial_read_write.py -> /home/pi/ros_embedded/build/pico_read_write/build/lib/pico_read_write
running install
/usr/lib/python3/dist-packages/setuptools/command/install.py:34: SetuptoolsDeprecationWarning: setup.py install is deprecated. Use build and pip and other standards-based tools.
  warnings.warn(
running install_lib
copying /home/pi/ros_embedded/build/pico_read_write/build/lib/pico_read_write/serial_read_write.py -> /home/pi/ros_embedded/install/pico_read_write/lib/python3.10/site-packages/pico_read_write
byte-compiling /home/pi/ros_embedded/install/pico_read_write/lib/python3.10/site-packages/pico_read_write/serial_read_write.py to serial_read_write.cpython-310.pyc
running install_data
running install_egg_info
removing '/home/pi/ros_embedded/install/pico_read_write/lib/python3.10/site-packages/pico_read_write-0.0.0-py3.10.egg-info' (and everything under it)
Copying ../../build/pico_read_write/pico_read_write.egg-info to /home/pi/ros_embedded/install/pico_read_write/lib/python3.10/site-packages/pico_read_write-0.0.0-py3.10.egg-info
running install_scripts
Installing talker script to /home/pi/ros_embedded/install/pico_read_write/lib/pico_read_write
writing list of installed files to '/home/pi/ros_embedded/build/pico_read_write/install.log'
