[5.257s] Invoking command in '/home/pi/ros_embedded/src/pico_read_write': PYTHONPATH=/home/pi/ros_embedded/build/pico_read_write/prefix_override:/home/pi/ros_embedded/install/pico_read_write/lib/python3.10/site-packages:${PYTHONPATH} /usr/bin/python3 setup.py egg_info --egg-base ../../build/pico_read_write build --build-base /home/pi/ros_embedded/build/pico_read_write/build install --record /home/pi/ros_embedded/build/pico_read_write/install.log --single-version-externally-managed
[6.546s] running egg_info
[6.551s] writing ../../build/pico_read_write/pico_read_write.egg-info/PKG-INFO
[6.552s] writing dependency_links to ../../build/pico_read_write/pico_read_write.egg-info/dependency_links.txt
[6.554s] writing entry points to ../../build/pico_read_write/pico_read_write.egg-info/entry_points.txt
[6.555s] writing requirements to ../../build/pico_read_write/pico_read_write.egg-info/requires.txt
[6.556s] writing top-level names to ../../build/pico_read_write/pico_read_write.egg-info/top_level.txt
[6.567s] reading manifest file '../../build/pico_read_write/pico_read_write.egg-info/SOURCES.txt'
[6.572s] writing manifest file '../../build/pico_read_write/pico_read_write.egg-info/SOURCES.txt'
[6.575s] running build
[6.576s] running build_py
[6.578s] copying pico_read_write/serial_read_write.py -> /home/pi/ros_embedded/build/pico_read_write/build/lib/pico_read_write
[6.579s] running install
[6.581s] /usr/lib/python3/dist-packages/setuptools/command/install.py:34: SetuptoolsDeprecationWarning: setup.py install is deprecated. Use build and pip and other standards-based tools.
[6.581s]   warnings.warn(
[6.582s] running install_lib
[6.583s] copying /home/pi/ros_embedded/build/pico_read_write/build/lib/pico_read_write/serial_read_write.py -> /home/pi/ros_embedded/install/pico_read_write/lib/python3.10/site-packages/pico_read_write
[6.586s] byte-compiling /home/pi/ros_embedded/install/pico_read_write/lib/python3.10/site-packages/pico_read_write/serial_read_write.py to serial_read_write.cpython-310.pyc
[6.588s] running install_data
[6.593s] running install_egg_info
[6.600s] removing '/home/pi/ros_embedded/install/pico_read_write/lib/python3.10/site-packages/pico_read_write-0.0.0-py3.10.egg-info' (and everything under it)
[6.602s] Copying ../../build/pico_read_write/pico_read_write.egg-info to /home/pi/ros_embedded/install/pico_read_write/lib/python3.10/site-packages/pico_read_write-0.0.0-py3.10.egg-info
[6.610s] running install_scripts
[6.741s] Installing talker script to /home/pi/ros_embedded/install/pico_read_write/lib/pico_read_write
[6.745s] writing list of installed files to '/home/pi/ros_embedded/build/pico_read_write/install.log'
[7.029s] Invoked command in '/home/pi/ros_embedded/src/pico_read_write' returned '0': PYTHONPATH=/home/pi/ros_embedded/build/pico_read_write/prefix_override:/home/pi/ros_embedded/install/pico_read_write/lib/python3.10/site-packages:${PYTHONPATH} /usr/bin/python3 setup.py egg_info --egg-base ../../build/pico_read_write build --build-base /home/pi/ros_embedded/build/pico_read_write/build install --record /home/pi/ros_embedded/build/pico_read_write/install.log --single-version-externally-managed
