[7.026s] Invoking command in '/home/pi/ros_embedded/src/web_server': PYTHONPATH=/home/pi/ros_embedded/build/web_server/prefix_override:/home/pi/ros_embedded/install/web_server/lib/python3.10/site-packages:${PYTHONPATH} /usr/bin/python3 setup.py egg_info --egg-base ../../build/web_server build --build-base /home/pi/ros_embedded/build/web_server/build install --record /home/pi/ros_embedded/build/web_server/install.log --single-version-externally-managed
[8.924s] running egg_info
[8.928s] writing ../../build/web_server/web_server.egg-info/PKG-INFO
[8.929s] writing dependency_links to ../../build/web_server/web_server.egg-info/dependency_links.txt
[8.930s] writing entry points to ../../build/web_server/web_server.egg-info/entry_points.txt
[8.931s] writing requirements to ../../build/web_server/web_server.egg-info/requires.txt
[8.933s] writing top-level names to ../../build/web_server/web_server.egg-info/top_level.txt
[8.940s] reading manifest file '../../build/web_server/web_server.egg-info/SOURCES.txt'
[8.944s] writing manifest file '../../build/web_server/web_server.egg-info/SOURCES.txt'
[8.945s] running build
[8.945s] running build_py
[8.947s] running install
[8.948s] /usr/lib/python3/dist-packages/setuptools/command/install.py:34: SetuptoolsDeprecationWarning: setup.py install is deprecated. Use build and pip and other standards-based tools.
[8.952s]   warnings.warn(
[8.962s] running install_lib
[8.968s] running install_data
[8.969s] running install_egg_info
[8.970s] removing '/home/pi/ros_embedded/install/web_server/lib/python3.10/site-packages/web_server-0.0.0-py3.10.egg-info' (and everything under it)
[8.970s] Copying ../../build/web_server/web_server.egg-info to /home/pi/ros_embedded/install/web_server/lib/python3.10/site-packages/web_server-0.0.0-py3.10.egg-info
[8.972s] running install_scripts
[9.061s] Installing web_server script to /home/pi/ros_embedded/install/web_server/lib/web_server
[9.063s] writing list of installed files to '/home/pi/ros_embedded/build/web_server/install.log'
[9.183s] Invoked command in '/home/pi/ros_embedded/src/web_server' returned '0': PYTHONPATH=/home/pi/ros_embedded/build/web_server/prefix_override:/home/pi/ros_embedded/install/web_server/lib/python3.10/site-packages:${PYTHONPATH} /usr/bin/python3 setup.py egg_info --egg-base ../../build/web_server build --build-base /home/pi/ros_embedded/build/web_server/build install --record /home/pi/ros_embedded/build/web_server/install.log --single-version-externally-managed
