[6.089s] Invoking command in '/home/pi/ros_embedded/src/serial_rw': PYTHONPATH=/home/pi/ros_embedded/build/serial_rw/prefix_override:/home/pi/ros_embedded/install/serial_rw/lib/python3.10/site-packages:${PYTHONPATH} /usr/bin/python3 setup.py egg_info --egg-base ../../build/serial_rw build --build-base /home/pi/ros_embedded/build/serial_rw/build install --record /home/pi/ros_embedded/build/serial_rw/install.log --single-version-externally-managed
[7.637s] running egg_info
[7.642s] writing ../../build/serial_rw/serial_rw.egg-info/PKG-INFO
[7.643s] writing dependency_links to ../../build/serial_rw/serial_rw.egg-info/dependency_links.txt
[7.644s] writing entry points to ../../build/serial_rw/serial_rw.egg-info/entry_points.txt
[7.645s] writing requirements to ../../build/serial_rw/serial_rw.egg-info/requires.txt
[7.646s] writing top-level names to ../../build/serial_rw/serial_rw.egg-info/top_level.txt
[7.657s] reading manifest file '../../build/serial_rw/serial_rw.egg-info/SOURCES.txt'
[7.662s] writing manifest file '../../build/serial_rw/serial_rw.egg-info/SOURCES.txt'
[7.663s] running build
[7.663s] running build_py
[7.664s] copying serial_rw/serial_rw.py -> /home/pi/ros_embedded/build/serial_rw/build/lib/serial_rw
[7.666s] running install
[7.667s] /usr/lib/python3/dist-packages/setuptools/command/install.py:34: SetuptoolsDeprecationWarning: setup.py install is deprecated. Use build and pip and other standards-based tools.
[7.668s]   warnings.warn(
[7.669s] running install_lib
[7.672s] copying /home/pi/ros_embedded/build/serial_rw/build/lib/serial_rw/serial_rw.py -> /home/pi/ros_embedded/install/serial_rw/lib/python3.10/site-packages/serial_rw
[7.676s] byte-compiling /home/pi/ros_embedded/install/serial_rw/lib/python3.10/site-packages/serial_rw/serial_rw.py to serial_rw.cpython-310.pyc
[7.682s] running install_data
[7.684s] running install_egg_info
[7.693s] removing '/home/pi/ros_embedded/install/serial_rw/lib/python3.10/site-packages/serial_rw-0.0.0-py3.10.egg-info' (and everything under it)
[7.695s] Copying ../../build/serial_rw/serial_rw.egg-info to /home/pi/ros_embedded/install/serial_rw/lib/python3.10/site-packages/serial_rw-0.0.0-py3.10.egg-info
[7.703s] running install_scripts
[7.814s] Installing rw script to /home/pi/ros_embedded/install/serial_rw/lib/serial_rw
[7.818s] writing list of installed files to '/home/pi/ros_embedded/build/serial_rw/install.log'
[8.056s] Invoked command in '/home/pi/ros_embedded/src/serial_rw' returned '0': PYTHONPATH=/home/pi/ros_embedded/build/serial_rw/prefix_override:/home/pi/ros_embedded/install/serial_rw/lib/python3.10/site-packages:${PYTHONPATH} /usr/bin/python3 setup.py egg_info --egg-base ../../build/serial_rw build --build-base /home/pi/ros_embedded/build/serial_rw/build install --record /home/pi/ros_embedded/build/serial_rw/install.log --single-version-externally-managed
