[7.042s] Invoking command in '/home/pi/ros_embedded/src/web_server': PYTHONPATH=/home/pi/ros_embedded/build/web_server/prefix_override:/home/pi/ros_embedded/install/web_server/lib/python3.10/site-packages:${PYTHONPATH} /usr/bin/python3 setup.py egg_info --egg-base ../../build/web_server build --build-base /home/pi/ros_embedded/build/web_server/build install --record /home/pi/ros_embedded/build/web_server/install.log --single-version-externally-managed
[8.594s] running egg_info
[8.599s] writing ../../build/web_server/web_server.egg-info/PKG-INFO
[8.601s] writing dependency_links to ../../build/web_server/web_server.egg-info/dependency_links.txt
[8.602s] writing entry points to ../../build/web_server/web_server.egg-info/entry_points.txt
[8.605s] writing requirements to ../../build/web_server/web_server.egg-info/requires.txt
[8.606s] writing top-level names to ../../build/web_server/web_server.egg-info/top_level.txt
[8.617s] reading manifest file '../../build/web_server/web_server.egg-info/SOURCES.txt'
[8.622s] writing manifest file '../../build/web_server/web_server.egg-info/SOURCES.txt'
[8.623s] running build
[8.624s] running build_py
[8.628s] running install
[8.628s] /usr/lib/python3/dist-packages/setuptools/command/install.py:34: SetuptoolsDeprecationWarning: setup.py install is deprecated. Use build and pip and other standards-based tools.
[8.629s]   warnings.warn(
[8.631s] running install_lib
[8.634s] running install_data
[8.637s] running install_egg_info
[8.647s] removing '/home/pi/ros_embedded/install/web_server/lib/python3.10/site-packages/web_server-0.0.0-py3.10.egg-info' (and everything under it)
[8.649s] Copying ../../build/web_server/web_server.egg-info to /home/pi/ros_embedded/install/web_server/lib/python3.10/site-packages/web_server-0.0.0-py3.10.egg-info
[8.658s] running install_scripts
[8.772s] Installing web_server script to /home/pi/ros_embedded/install/web_server/lib/web_server
[8.774s] writing list of installed files to '/home/pi/ros_embedded/build/web_server/install.log'
[9.074s] Invoked command in '/home/pi/ros_embedded/src/web_server' returned '0': PYTHONPATH=/home/pi/ros_embedded/build/web_server/prefix_override:/home/pi/ros_embedded/install/web_server/lib/python3.10/site-packages:${PYTHONPATH} /usr/bin/python3 setup.py egg_info --egg-base ../../build/web_server build --build-base /home/pi/ros_embedded/build/web_server/build install --record /home/pi/ros_embedded/build/web_server/install.log --single-version-externally-managed
