[3.887s] Invoking command in '/home/pi/ros_embedded/src/serial_rw': PYTHONPATH=/home/pi/ros_embedded/build/serial_rw/prefix_override:/home/pi/ros_embedded/install/serial_rw/lib/python3.10/site-packages:${PYTHONPATH} /usr/bin/python3 setup.py egg_info --egg-base ../../build/serial_rw build --build-base /home/pi/ros_embedded/build/serial_rw/build install --record /home/pi/ros_embedded/build/serial_rw/install.log --single-version-externally-managed
[5.016s] running egg_info
[5.020s] writing ../../build/serial_rw/serial_rw.egg-info/PKG-INFO
[5.021s] writing dependency_links to ../../build/serial_rw/serial_rw.egg-info/dependency_links.txt
[5.022s] writing entry points to ../../build/serial_rw/serial_rw.egg-info/entry_points.txt
[5.023s] writing requirements to ../../build/serial_rw/serial_rw.egg-info/requires.txt
[5.023s] writing top-level names to ../../build/serial_rw/serial_rw.egg-info/top_level.txt
[5.032s] reading manifest file '../../build/serial_rw/serial_rw.egg-info/SOURCES.txt'
[5.037s] writing manifest file '../../build/serial_rw/serial_rw.egg-info/SOURCES.txt'
[5.037s] running build
[5.038s] running build_py
[5.039s] running install
[5.040s] /usr/lib/python3/dist-packages/setuptools/command/install.py:34: SetuptoolsDeprecationWarning: setup.py install is deprecated. Use build and pip and other standards-based tools.
[5.041s]   warnings.warn(
[5.042s] running install_lib
[5.046s] running install_data
[5.049s] running install_egg_info
[5.057s] removing '/home/pi/ros_embedded/install/serial_rw/lib/python3.10/site-packages/serial_rw-0.0.0-py3.10.egg-info' (and everything under it)
[5.058s] Copying ../../build/serial_rw/serial_rw.egg-info to /home/pi/ros_embedded/install/serial_rw/lib/python3.10/site-packages/serial_rw-0.0.0-py3.10.egg-info
[5.064s] running install_scripts
[5.181s] Installing rw script to /home/pi/ros_embedded/install/serial_rw/lib/serial_rw
[5.183s] writing list of installed files to '/home/pi/ros_embedded/build/serial_rw/install.log'
