[6.964s] Invoking command in '/home/pi/ros_embedded/src/serial_rw': PYTHONPATH=/home/pi/ros_embedded/build/serial_rw/prefix_override:/home/pi/ros_embedded/install/serial_rw/lib/python3.10/site-packages:${PYTHONPATH} /usr/bin/python3 setup.py egg_info --egg-base ../../build/serial_rw build --build-base /home/pi/ros_embedded/build/serial_rw/build install --record /home/pi/ros_embedded/build/serial_rw/install.log --single-version-externally-managed
[8.542s] running egg_info
[8.547s] writing ../../build/serial_rw/serial_rw.egg-info/PKG-INFO
[8.548s] writing dependency_links to ../../build/serial_rw/serial_rw.egg-info/dependency_links.txt
[8.550s] writing entry points to ../../build/serial_rw/serial_rw.egg-info/entry_points.txt
[8.551s] writing requirements to ../../build/serial_rw/serial_rw.egg-info/requires.txt
[8.552s] writing top-level names to ../../build/serial_rw/serial_rw.egg-info/top_level.txt
[8.562s] reading manifest file '../../build/serial_rw/serial_rw.egg-info/SOURCES.txt'
[8.566s] writing manifest file '../../build/serial_rw/serial_rw.egg-info/SOURCES.txt'
[8.567s] running build
[8.568s] running build_py
[8.569s] copying serial_rw/serial_rw.py -> /home/pi/ros_embedded/build/serial_rw/build/lib/serial_rw
[8.572s] running install
[8.573s] /usr/lib/python3/dist-packages/setuptools/command/install.py:34: SetuptoolsDeprecationWarning: setup.py install is deprecated. Use build and pip and other standards-based tools.
[8.574s]   warnings.warn(
[8.574s] running install_lib
[8.578s] copying /home/pi/ros_embedded/build/serial_rw/build/lib/serial_rw/serial_rw.py -> /home/pi/ros_embedded/install/serial_rw/lib/python3.10/site-packages/serial_rw
[8.582s] byte-compiling /home/pi/ros_embedded/install/serial_rw/lib/python3.10/site-packages/serial_rw/serial_rw.py to serial_rw.cpython-310.pyc
[8.588s] running install_data
[8.592s] running install_egg_info
[8.600s] removing '/home/pi/ros_embedded/install/serial_rw/lib/python3.10/site-packages/serial_rw-0.0.0-py3.10.egg-info' (and everything under it)
[8.602s] Copying ../../build/serial_rw/serial_rw.egg-info to /home/pi/ros_embedded/install/serial_rw/lib/python3.10/site-packages/serial_rw-0.0.0-py3.10.egg-info
[8.611s] running install_scripts
[8.723s] Installing rw script to /home/pi/ros_embedded/install/serial_rw/lib/serial_rw
[8.725s] writing list of installed files to '/home/pi/ros_embedded/build/serial_rw/install.log'
[8.985s] Invoked command in '/home/pi/ros_embedded/src/serial_rw' returned '0': PYTHONPATH=/home/pi/ros_embedded/build/serial_rw/prefix_override:/home/pi/ros_embedded/install/serial_rw/lib/python3.10/site-packages:${PYTHONPATH} /usr/bin/python3 setup.py egg_info --egg-base ../../build/serial_rw build --build-base /home/pi/ros_embedded/build/serial_rw/build install --record /home/pi/ros_embedded/build/serial_rw/install.log --single-version-externally-managed
