[4.930s] Invoking command in '/home/pi/ros_embedded/src/web_server': PYTHONPATH=/home/pi/ros_embedded/build/web_server/prefix_override:/home/pi/ros_embedded/install/web_server/lib/python3.10/site-packages:${PYTHONPATH} /usr/bin/python3 setup.py egg_info --egg-base ../../build/web_server build --build-base /home/pi/ros_embedded/build/web_server/build install --record /home/pi/ros_embedded/build/web_server/install.log --single-version-externally-managed
[6.267s] running egg_info
[6.271s] writing ../../build/web_server/web_server.egg-info/PKG-INFO
[6.273s] writing dependency_links to ../../build/web_server/web_server.egg-info/dependency_links.txt
[6.274s] writing entry points to ../../build/web_server/web_server.egg-info/entry_points.txt
[6.275s] writing requirements to ../../build/web_server/web_server.egg-info/requires.txt
[6.276s] writing top-level names to ../../build/web_server/web_server.egg-info/top_level.txt
[6.286s] reading manifest file '../../build/web_server/web_server.egg-info/SOURCES.txt'
[6.290s] writing manifest file '../../build/web_server/web_server.egg-info/SOURCES.txt'
[6.291s] running build
[6.291s] running build_py
[6.292s] copying web_server/web_server.py -> /home/pi/ros_embedded/build/web_server/build/lib/web_server
[6.294s] running install
[6.294s] /usr/lib/python3/dist-packages/setuptools/command/install.py:34: SetuptoolsDeprecationWarning: setup.py install is deprecated. Use build and pip and other standards-based tools.
[6.295s]   warnings.warn(
[6.296s] running install_lib
[6.299s] copying /home/pi/ros_embedded/build/web_server/build/lib/web_server/web_server.py -> /home/pi/ros_embedded/install/web_server/lib/python3.10/site-packages/web_server
[6.302s] byte-compiling /home/pi/ros_embedded/install/web_server/lib/python3.10/site-packages/web_server/web_server.py to web_server.cpython-310.pyc
[6.306s] running install_data
[6.308s] running install_egg_info
[6.315s] removing '/home/pi/ros_embedded/install/web_server/lib/python3.10/site-packages/web_server-0.0.0-py3.10.egg-info' (and everything under it)
[6.317s] Copying ../../build/web_server/web_server.egg-info to /home/pi/ros_embedded/install/web_server/lib/python3.10/site-packages/web_server-0.0.0-py3.10.egg-info
[6.323s] running install_scripts
[6.442s] Installing web_server script to /home/pi/ros_embedded/install/web_server/lib/web_server
[6.444s] writing list of installed files to '/home/pi/ros_embedded/build/web_server/install.log'
[6.749s] Invoked command in '/home/pi/ros_embedded/src/web_server' returned '0': PYTHONPATH=/home/pi/ros_embedded/build/web_server/prefix_override:/home/pi/ros_embedded/install/web_server/lib/python3.10/site-packages:${PYTHONPATH} /usr/bin/python3 setup.py egg_info --egg-base ../../build/web_server build --build-base /home/pi/ros_embedded/build/web_server/build install --record /home/pi/ros_embedded/build/web_server/install.log --single-version-externally-managed
