[7.103s] Invoking command in '/home/pi/ros_embedded/src/web_server': PYTHONPATH=/home/pi/ros_embedded/build/web_server/prefix_override:/home/pi/ros_embedded/install/web_server/lib/python3.10/site-packages:${PYTHONPATH} /usr/bin/python3 setup.py egg_info --egg-base ../../build/web_server build --build-base /home/pi/ros_embedded/build/web_server/build install --record /home/pi/ros_embedded/build/web_server/install.log --single-version-externally-managed
[8.607s] running egg_info
[8.612s] writing ../../build/web_server/web_server.egg-info/PKG-INFO
[8.615s] writing dependency_links to ../../build/web_server/web_server.egg-info/dependency_links.txt
[8.616s] writing entry points to ../../build/web_server/web_server.egg-info/entry_points.txt
[8.617s] writing requirements to ../../build/web_server/web_server.egg-info/requires.txt
[8.618s] writing top-level names to ../../build/web_server/web_server.egg-info/top_level.txt
[8.631s] reading manifest file '../../build/web_server/web_server.egg-info/SOURCES.txt'
[8.640s] writing manifest file '../../build/web_server/web_server.egg-info/SOURCES.txt'
[8.641s] running build
[8.642s] running build_py
[8.656s] running install
[8.657s] /usr/lib/python3/dist-packages/setuptools/command/install.py:34: SetuptoolsDeprecationWarning: setup.py install is deprecated. Use build and pip and other standards-based tools.
[8.659s]   warnings.warn(
[8.659s] running install_lib
[8.665s] running install_data
[8.674s] running install_egg_info
[8.680s] removing '/home/pi/ros_embedded/install/web_server/lib/python3.10/site-packages/web_server-0.0.0-py3.10.egg-info' (and everything under it)
[8.680s] Copying ../../build/web_server/web_server.egg-info to /home/pi/ros_embedded/install/web_server/lib/python3.10/site-packages/web_server-0.0.0-py3.10.egg-info
[8.683s] running install_scripts
[8.796s] Installing web_server script to /home/pi/ros_embedded/install/web_server/lib/web_server
[8.799s] writing list of installed files to '/home/pi/ros_embedded/build/web_server/install.log'
[9.077s] Invoked command in '/home/pi/ros_embedded/src/web_server' returned '0': PYTHONPATH=/home/pi/ros_embedded/build/web_server/prefix_override:/home/pi/ros_embedded/install/web_server/lib/python3.10/site-packages:${PYTHONPATH} /usr/bin/python3 setup.py egg_info --egg-base ../../build/web_server build --build-base /home/pi/ros_embedded/build/web_server/build install --record /home/pi/ros_embedded/build/web_server/install.log --single-version-externally-managed
