[5.443s] Invoking command in '/home/pi/ros_embedded/src/serial_rw': PYTHONPATH=/home/pi/ros_embedded/build/serial_rw/prefix_override:/home/pi/ros_embedded/install/serial_rw/lib/python3.10/site-packages:${PYTHONPATH} /usr/bin/python3 setup.py egg_info --egg-base ../../build/serial_rw build --build-base /home/pi/ros_embedded/build/serial_rw/build install --record /home/pi/ros_embedded/build/serial_rw/install.log --single-version-externally-managed
[6.807s] running egg_info
[6.811s] writing ../../build/serial_rw/serial_rw.egg-info/PKG-INFO
[6.812s] writing dependency_links to ../../build/serial_rw/serial_rw.egg-info/dependency_links.txt
[6.813s] writing entry points to ../../build/serial_rw/serial_rw.egg-info/entry_points.txt
[6.814s] writing requirements to ../../build/serial_rw/serial_rw.egg-info/requires.txt
[6.815s] writing top-level names to ../../build/serial_rw/serial_rw.egg-info/top_level.txt
[6.825s] reading manifest file '../../build/serial_rw/serial_rw.egg-info/SOURCES.txt'
[6.832s] writing manifest file '../../build/serial_rw/serial_rw.egg-info/SOURCES.txt'
[6.834s] running build
[6.834s] running build_py
[6.837s] running install
[6.839s] /usr/lib/python3/dist-packages/setuptools/command/install.py:34: SetuptoolsDeprecationWarning: setup.py install is deprecated. Use build and pip and other standards-based tools.
[6.840s]   warnings.warn(
[6.840s] running install_lib
[6.843s] running install_data
[6.846s] running install_egg_info
[6.859s] removing '/home/pi/ros_embedded/install/serial_rw/lib/python3.10/site-packages/serial_rw-0.0.0-py3.10.egg-info' (and everything under it)
[6.860s] Copying ../../build/serial_rw/serial_rw.egg-info to /home/pi/ros_embedded/install/serial_rw/lib/python3.10/site-packages/serial_rw-0.0.0-py3.10.egg-info
[6.866s] running install_scripts
[6.969s] Installing rw script to /home/pi/ros_embedded/install/serial_rw/lib/serial_rw
[6.971s] writing list of installed files to '/home/pi/ros_embedded/build/serial_rw/install.log'
[7.236s] Invoked command in '/home/pi/ros_embedded/src/serial_rw' returned '0': PYTHONPATH=/home/pi/ros_embedded/build/serial_rw/prefix_override:/home/pi/ros_embedded/install/serial_rw/lib/python3.10/site-packages:${PYTHONPATH} /usr/bin/python3 setup.py egg_info --egg-base ../../build/serial_rw build --build-base /home/pi/ros_embedded/build/serial_rw/build install --record /home/pi/ros_embedded/build/serial_rw/install.log --single-version-externally-managed
